[2024-10-20T05:43:19.338+0000] {processor.py:186} INFO - Started process (PID=8413) to work on /usr/local/python/3.12.1/lib/python3.12/site-packages/airflow/example_dags/subdags/subdag.py
[2024-10-20T05:43:19.339+0000] {processor.py:914} INFO - Processing file /usr/local/python/3.12.1/lib/python3.12/site-packages/airflow/example_dags/subdags/subdag.py for tasks to queue
[2024-10-20T05:43:19.340+0000] {logging_mixin.py:190} INFO - [2024-10-20T05:43:19.340+0000] {dagbag.py:588} INFO - Filling up the DagBag from /usr/local/python/3.12.1/lib/python3.12/site-packages/airflow/example_dags/subdags/subdag.py
[2024-10-20T05:43:19.342+0000] {processor.py:927} WARNING - No viable dags retrieved from /usr/local/python/3.12.1/lib/python3.12/site-packages/airflow/example_dags/subdags/subdag.py
[2024-10-20T05:43:19.358+0000] {processor.py:208} INFO - Processing /usr/local/python/3.12.1/lib/python3.12/site-packages/airflow/example_dags/subdags/subdag.py took 0.024 seconds
[2024-10-20T05:45:02.748+0000] {processor.py:186} INFO - Started process (PID=9788) to work on /usr/local/python/3.12.1/lib/python3.12/site-packages/airflow/example_dags/subdags/subdag.py
[2024-10-20T05:45:02.749+0000] {processor.py:914} INFO - Processing file /usr/local/python/3.12.1/lib/python3.12/site-packages/airflow/example_dags/subdags/subdag.py for tasks to queue
[2024-10-20T05:45:02.750+0000] {logging_mixin.py:190} INFO - [2024-10-20T05:45:02.750+0000] {dagbag.py:588} INFO - Filling up the DagBag from /usr/local/python/3.12.1/lib/python3.12/site-packages/airflow/example_dags/subdags/subdag.py
[2024-10-20T05:45:02.752+0000] {processor.py:927} WARNING - No viable dags retrieved from /usr/local/python/3.12.1/lib/python3.12/site-packages/airflow/example_dags/subdags/subdag.py
[2024-10-20T05:45:02.760+0000] {processor.py:208} INFO - Processing /usr/local/python/3.12.1/lib/python3.12/site-packages/airflow/example_dags/subdags/subdag.py took 0.017 seconds
[2024-10-20T05:45:36.429+0000] {processor.py:186} INFO - Started process (PID=10649) to work on /usr/local/python/3.12.1/lib/python3.12/site-packages/airflow/example_dags/subdags/subdag.py
[2024-10-20T05:45:36.430+0000] {processor.py:914} INFO - Processing file /usr/local/python/3.12.1/lib/python3.12/site-packages/airflow/example_dags/subdags/subdag.py for tasks to queue
[2024-10-20T05:45:36.431+0000] {logging_mixin.py:190} INFO - [2024-10-20T05:45:36.431+0000] {dagbag.py:588} INFO - Filling up the DagBag from /usr/local/python/3.12.1/lib/python3.12/site-packages/airflow/example_dags/subdags/subdag.py
[2024-10-20T05:45:36.433+0000] {processor.py:927} WARNING - No viable dags retrieved from /usr/local/python/3.12.1/lib/python3.12/site-packages/airflow/example_dags/subdags/subdag.py
[2024-10-20T05:45:36.440+0000] {processor.py:208} INFO - Processing /usr/local/python/3.12.1/lib/python3.12/site-packages/airflow/example_dags/subdags/subdag.py took 0.014 seconds
[2024-10-20T05:46:23.260+0000] {processor.py:186} INFO - Started process (PID=11057) to work on /usr/local/python/3.12.1/lib/python3.12/site-packages/airflow/example_dags/subdags/subdag.py
[2024-10-20T05:46:23.261+0000] {processor.py:914} INFO - Processing file /usr/local/python/3.12.1/lib/python3.12/site-packages/airflow/example_dags/subdags/subdag.py for tasks to queue
[2024-10-20T05:46:23.262+0000] {logging_mixin.py:190} INFO - [2024-10-20T05:46:23.262+0000] {dagbag.py:588} INFO - Filling up the DagBag from /usr/local/python/3.12.1/lib/python3.12/site-packages/airflow/example_dags/subdags/subdag.py
[2024-10-20T05:46:23.264+0000] {processor.py:927} WARNING - No viable dags retrieved from /usr/local/python/3.12.1/lib/python3.12/site-packages/airflow/example_dags/subdags/subdag.py
[2024-10-20T05:46:23.271+0000] {processor.py:208} INFO - Processing /usr/local/python/3.12.1/lib/python3.12/site-packages/airflow/example_dags/subdags/subdag.py took 0.015 seconds
[2024-10-20T05:47:14.814+0000] {processor.py:186} INFO - Started process (PID=11409) to work on /usr/local/python/3.12.1/lib/python3.12/site-packages/airflow/example_dags/subdags/subdag.py
[2024-10-20T05:47:14.815+0000] {processor.py:914} INFO - Processing file /usr/local/python/3.12.1/lib/python3.12/site-packages/airflow/example_dags/subdags/subdag.py for tasks to queue
[2024-10-20T05:47:14.816+0000] {logging_mixin.py:190} INFO - [2024-10-20T05:47:14.816+0000] {dagbag.py:588} INFO - Filling up the DagBag from /usr/local/python/3.12.1/lib/python3.12/site-packages/airflow/example_dags/subdags/subdag.py
[2024-10-20T05:47:14.818+0000] {processor.py:927} WARNING - No viable dags retrieved from /usr/local/python/3.12.1/lib/python3.12/site-packages/airflow/example_dags/subdags/subdag.py
[2024-10-20T05:47:14.825+0000] {processor.py:208} INFO - Processing /usr/local/python/3.12.1/lib/python3.12/site-packages/airflow/example_dags/subdags/subdag.py took 0.015 seconds
[2024-10-20T05:48:07.864+0000] {processor.py:186} INFO - Started process (PID=11828) to work on /usr/local/python/3.12.1/lib/python3.12/site-packages/airflow/example_dags/subdags/subdag.py
[2024-10-20T05:48:07.865+0000] {processor.py:914} INFO - Processing file /usr/local/python/3.12.1/lib/python3.12/site-packages/airflow/example_dags/subdags/subdag.py for tasks to queue
[2024-10-20T05:48:07.866+0000] {logging_mixin.py:190} INFO - [2024-10-20T05:48:07.866+0000] {dagbag.py:588} INFO - Filling up the DagBag from /usr/local/python/3.12.1/lib/python3.12/site-packages/airflow/example_dags/subdags/subdag.py
[2024-10-20T05:48:07.868+0000] {processor.py:927} WARNING - No viable dags retrieved from /usr/local/python/3.12.1/lib/python3.12/site-packages/airflow/example_dags/subdags/subdag.py
[2024-10-20T05:48:07.875+0000] {processor.py:208} INFO - Processing /usr/local/python/3.12.1/lib/python3.12/site-packages/airflow/example_dags/subdags/subdag.py took 0.015 seconds
[2024-10-20T05:48:58.028+0000] {processor.py:186} INFO - Started process (PID=12330) to work on /usr/local/python/3.12.1/lib/python3.12/site-packages/airflow/example_dags/subdags/subdag.py
[2024-10-20T05:48:58.029+0000] {processor.py:914} INFO - Processing file /usr/local/python/3.12.1/lib/python3.12/site-packages/airflow/example_dags/subdags/subdag.py for tasks to queue
[2024-10-20T05:48:58.031+0000] {logging_mixin.py:190} INFO - [2024-10-20T05:48:58.030+0000] {dagbag.py:588} INFO - Filling up the DagBag from /usr/local/python/3.12.1/lib/python3.12/site-packages/airflow/example_dags/subdags/subdag.py
[2024-10-20T05:48:58.032+0000] {processor.py:927} WARNING - No viable dags retrieved from /usr/local/python/3.12.1/lib/python3.12/site-packages/airflow/example_dags/subdags/subdag.py
[2024-10-20T05:48:58.043+0000] {processor.py:208} INFO - Processing /usr/local/python/3.12.1/lib/python3.12/site-packages/airflow/example_dags/subdags/subdag.py took 0.019 seconds
[2024-10-20T05:49:54.793+0000] {processor.py:186} INFO - Started process (PID=12811) to work on /usr/local/python/3.12.1/lib/python3.12/site-packages/airflow/example_dags/subdags/subdag.py
[2024-10-20T05:49:54.794+0000] {processor.py:914} INFO - Processing file /usr/local/python/3.12.1/lib/python3.12/site-packages/airflow/example_dags/subdags/subdag.py for tasks to queue
[2024-10-20T05:49:54.796+0000] {logging_mixin.py:190} INFO - [2024-10-20T05:49:54.795+0000] {dagbag.py:588} INFO - Filling up the DagBag from /usr/local/python/3.12.1/lib/python3.12/site-packages/airflow/example_dags/subdags/subdag.py
[2024-10-20T05:49:54.797+0000] {processor.py:927} WARNING - No viable dags retrieved from /usr/local/python/3.12.1/lib/python3.12/site-packages/airflow/example_dags/subdags/subdag.py
[2024-10-20T05:49:54.805+0000] {processor.py:208} INFO - Processing /usr/local/python/3.12.1/lib/python3.12/site-packages/airflow/example_dags/subdags/subdag.py took 0.016 seconds
