[2024-10-20T05:44:46.505+0000] {processor.py:186} INFO - Started process (PID=9693) to work on /usr/local/python/3.12.1/lib/python3.12/site-packages/airflow/example_dags/example_dataset_alias_with_no_taskflow.py
[2024-10-20T05:44:46.506+0000] {processor.py:914} INFO - Processing file /usr/local/python/3.12.1/lib/python3.12/site-packages/airflow/example_dags/example_dataset_alias_with_no_taskflow.py for tasks to queue
[2024-10-20T05:44:46.508+0000] {logging_mixin.py:190} INFO - [2024-10-20T05:44:46.507+0000] {dagbag.py:588} INFO - Filling up the DagBag from /usr/local/python/3.12.1/lib/python3.12/site-packages/airflow/example_dags/example_dataset_alias_with_no_taskflow.py
[2024-10-20T05:44:46.521+0000] {processor.py:925} INFO - DAG(s) 'dataset_s3_bucket_consumer_with_no_taskflow', 'dataset_s3_bucket_producer_with_no_taskflow', 'dataset_alias_example_alias_consumer_with_no_taskflow', 'dataset_alias_example_alias_producer_with_no_taskflow' retrieved from /usr/local/python/3.12.1/lib/python3.12/site-packages/airflow/example_dags/example_dataset_alias_with_no_taskflow.py
[2024-10-20T05:44:46.637+0000] {logging_mixin.py:190} INFO - [2024-10-20T05:44:46.637+0000] {override.py:1900} INFO - Created Permission View: can delete on DAG:dataset_s3_bucket_consumer_with_no_taskflow
[2024-10-20T05:44:46.678+0000] {logging_mixin.py:190} INFO - [2024-10-20T05:44:46.678+0000] {override.py:1900} INFO - Created Permission View: can edit on DAG:dataset_s3_bucket_consumer_with_no_taskflow
[2024-10-20T05:44:46.707+0000] {logging_mixin.py:190} INFO - [2024-10-20T05:44:46.706+0000] {override.py:1900} INFO - Created Permission View: can read on DAG:dataset_s3_bucket_consumer_with_no_taskflow
[2024-10-20T05:44:46.756+0000] {logging_mixin.py:190} INFO - [2024-10-20T05:44:46.756+0000] {override.py:1900} INFO - Created Permission View: can delete on DAG Run:dataset_s3_bucket_consumer_with_no_taskflow
[2024-10-20T05:44:46.782+0000] {logging_mixin.py:190} INFO - [2024-10-20T05:44:46.781+0000] {override.py:1900} INFO - Created Permission View: can create on DAG Run:dataset_s3_bucket_consumer_with_no_taskflow
[2024-10-20T05:44:46.822+0000] {logging_mixin.py:190} INFO - [2024-10-20T05:44:46.820+0000] {override.py:1900} INFO - Created Permission View: menu access on DAG Run:dataset_s3_bucket_consumer_with_no_taskflow
[2024-10-20T05:44:46.850+0000] {logging_mixin.py:190} INFO - [2024-10-20T05:44:46.850+0000] {override.py:1900} INFO - Created Permission View: can read on DAG Run:dataset_s3_bucket_consumer_with_no_taskflow
[2024-10-20T05:44:46.907+0000] {logging_mixin.py:190} INFO - [2024-10-20T05:44:46.906+0000] {override.py:1900} INFO - Created Permission View: can delete on DAG:dataset_s3_bucket_producer_with_no_taskflow
[2024-10-20T05:44:46.938+0000] {logging_mixin.py:190} INFO - [2024-10-20T05:44:46.938+0000] {override.py:1900} INFO - Created Permission View: can edit on DAG:dataset_s3_bucket_producer_with_no_taskflow
[2024-10-20T05:44:46.963+0000] {logging_mixin.py:190} INFO - [2024-10-20T05:44:46.962+0000] {override.py:1900} INFO - Created Permission View: can read on DAG:dataset_s3_bucket_producer_with_no_taskflow
[2024-10-20T05:44:47.004+0000] {logging_mixin.py:190} INFO - [2024-10-20T05:44:47.004+0000] {override.py:1900} INFO - Created Permission View: can delete on DAG Run:dataset_s3_bucket_producer_with_no_taskflow
[2024-10-20T05:44:47.027+0000] {logging_mixin.py:190} INFO - [2024-10-20T05:44:47.024+0000] {override.py:1900} INFO - Created Permission View: can create on DAG Run:dataset_s3_bucket_producer_with_no_taskflow
[2024-10-20T05:44:47.053+0000] {logging_mixin.py:190} INFO - [2024-10-20T05:44:47.053+0000] {override.py:1900} INFO - Created Permission View: menu access on DAG Run:dataset_s3_bucket_producer_with_no_taskflow
[2024-10-20T05:44:47.072+0000] {logging_mixin.py:190} INFO - [2024-10-20T05:44:47.072+0000] {override.py:1900} INFO - Created Permission View: can read on DAG Run:dataset_s3_bucket_producer_with_no_taskflow
[2024-10-20T05:44:47.137+0000] {logging_mixin.py:190} INFO - [2024-10-20T05:44:47.137+0000] {override.py:1900} INFO - Created Permission View: can delete on DAG:dataset_alias_example_alias_consumer_with_no_taskflow
[2024-10-20T05:44:47.169+0000] {logging_mixin.py:190} INFO - [2024-10-20T05:44:47.169+0000] {override.py:1900} INFO - Created Permission View: can edit on DAG:dataset_alias_example_alias_consumer_with_no_taskflow
[2024-10-20T05:44:47.204+0000] {logging_mixin.py:190} INFO - [2024-10-20T05:44:47.203+0000] {override.py:1900} INFO - Created Permission View: can read on DAG:dataset_alias_example_alias_consumer_with_no_taskflow
[2024-10-20T05:44:47.247+0000] {logging_mixin.py:190} INFO - [2024-10-20T05:44:47.246+0000] {override.py:1900} INFO - Created Permission View: can delete on DAG Run:dataset_alias_example_alias_consumer_with_no_taskflow
[2024-10-20T05:44:47.292+0000] {logging_mixin.py:190} INFO - [2024-10-20T05:44:47.292+0000] {override.py:1900} INFO - Created Permission View: can create on DAG Run:dataset_alias_example_alias_consumer_with_no_taskflow
[2024-10-20T05:44:47.314+0000] {logging_mixin.py:190} INFO - [2024-10-20T05:44:47.313+0000] {override.py:1900} INFO - Created Permission View: menu access on DAG Run:dataset_alias_example_alias_consumer_with_no_taskflow
[2024-10-20T05:44:47.341+0000] {logging_mixin.py:190} INFO - [2024-10-20T05:44:47.341+0000] {override.py:1900} INFO - Created Permission View: can read on DAG Run:dataset_alias_example_alias_consumer_with_no_taskflow
[2024-10-20T05:44:47.397+0000] {logging_mixin.py:190} INFO - [2024-10-20T05:44:47.396+0000] {override.py:1900} INFO - Created Permission View: can delete on DAG:dataset_alias_example_alias_producer_with_no_taskflow
[2024-10-20T05:44:47.422+0000] {logging_mixin.py:190} INFO - [2024-10-20T05:44:47.421+0000] {override.py:1900} INFO - Created Permission View: can edit on DAG:dataset_alias_example_alias_producer_with_no_taskflow
[2024-10-20T05:44:47.451+0000] {logging_mixin.py:190} INFO - [2024-10-20T05:44:47.451+0000] {override.py:1900} INFO - Created Permission View: can read on DAG:dataset_alias_example_alias_producer_with_no_taskflow
[2024-10-20T05:44:47.507+0000] {logging_mixin.py:190} INFO - [2024-10-20T05:44:47.506+0000] {override.py:1900} INFO - Created Permission View: can delete on DAG Run:dataset_alias_example_alias_producer_with_no_taskflow
[2024-10-20T05:44:47.530+0000] {logging_mixin.py:190} INFO - [2024-10-20T05:44:47.530+0000] {override.py:1900} INFO - Created Permission View: can create on DAG Run:dataset_alias_example_alias_producer_with_no_taskflow
[2024-10-20T05:44:47.557+0000] {logging_mixin.py:190} INFO - [2024-10-20T05:44:47.557+0000] {override.py:1900} INFO - Created Permission View: menu access on DAG Run:dataset_alias_example_alias_producer_with_no_taskflow
[2024-10-20T05:44:47.578+0000] {logging_mixin.py:190} INFO - [2024-10-20T05:44:47.578+0000] {override.py:1900} INFO - Created Permission View: can read on DAG Run:dataset_alias_example_alias_producer_with_no_taskflow
[2024-10-20T05:44:47.578+0000] {logging_mixin.py:190} INFO - [2024-10-20T05:44:47.578+0000] {dag.py:3239} INFO - Sync 4 DAGs
[2024-10-20T05:44:47.589+0000] {logging_mixin.py:190} INFO - [2024-10-20T05:44:47.589+0000] {dag.py:3262} INFO - Creating ORM DAG for dataset_alias_example_alias_consumer_with_no_taskflow
[2024-10-20T05:44:47.589+0000] {logging_mixin.py:190} INFO - [2024-10-20T05:44:47.589+0000] {dag.py:3262} INFO - Creating ORM DAG for dataset_s3_bucket_producer_with_no_taskflow
[2024-10-20T05:44:47.590+0000] {logging_mixin.py:190} INFO - [2024-10-20T05:44:47.590+0000] {dag.py:3262} INFO - Creating ORM DAG for dataset_s3_bucket_consumer_with_no_taskflow
[2024-10-20T05:44:47.590+0000] {logging_mixin.py:190} INFO - [2024-10-20T05:44:47.590+0000] {dag.py:3262} INFO - Creating ORM DAG for dataset_alias_example_alias_producer_with_no_taskflow
[2024-10-20T05:44:47.597+0000] {logging_mixin.py:190} INFO - [2024-10-20T05:44:47.596+0000] {dag.py:4180} INFO - Setting next_dagrun for dataset_alias_example_alias_consumer_with_no_taskflow to None, run_after=None
[2024-10-20T05:44:47.597+0000] {logging_mixin.py:190} INFO - [2024-10-20T05:44:47.597+0000] {dag.py:4180} INFO - Setting next_dagrun for dataset_alias_example_alias_producer_with_no_taskflow to None, run_after=None
[2024-10-20T05:44:47.598+0000] {logging_mixin.py:190} INFO - [2024-10-20T05:44:47.598+0000] {dag.py:4180} INFO - Setting next_dagrun for dataset_s3_bucket_consumer_with_no_taskflow to None, run_after=None
[2024-10-20T05:44:47.598+0000] {logging_mixin.py:190} INFO - [2024-10-20T05:44:47.598+0000] {dag.py:4180} INFO - Setting next_dagrun for dataset_s3_bucket_producer_with_no_taskflow to None, run_after=None
[2024-10-20T05:44:47.652+0000] {processor.py:208} INFO - Processing /usr/local/python/3.12.1/lib/python3.12/site-packages/airflow/example_dags/example_dataset_alias_with_no_taskflow.py took 1.150 seconds
[2024-10-20T05:45:48.158+0000] {processor.py:186} INFO - Started process (PID=10763) to work on /usr/local/python/3.12.1/lib/python3.12/site-packages/airflow/example_dags/example_dataset_alias_with_no_taskflow.py
[2024-10-20T05:45:48.158+0000] {processor.py:914} INFO - Processing file /usr/local/python/3.12.1/lib/python3.12/site-packages/airflow/example_dags/example_dataset_alias_with_no_taskflow.py for tasks to queue
[2024-10-20T05:45:48.160+0000] {logging_mixin.py:190} INFO - [2024-10-20T05:45:48.160+0000] {dagbag.py:588} INFO - Filling up the DagBag from /usr/local/python/3.12.1/lib/python3.12/site-packages/airflow/example_dags/example_dataset_alias_with_no_taskflow.py
[2024-10-20T05:45:48.177+0000] {processor.py:925} INFO - DAG(s) 'dataset_alias_example_alias_consumer_with_no_taskflow', 'dataset_alias_example_alias_producer_with_no_taskflow', 'dataset_s3_bucket_consumer_with_no_taskflow', 'dataset_s3_bucket_producer_with_no_taskflow' retrieved from /usr/local/python/3.12.1/lib/python3.12/site-packages/airflow/example_dags/example_dataset_alias_with_no_taskflow.py
[2024-10-20T05:45:48.192+0000] {logging_mixin.py:190} INFO - [2024-10-20T05:45:48.192+0000] {dag.py:3239} INFO - Sync 4 DAGs
[2024-10-20T05:45:48.207+0000] {logging_mixin.py:190} INFO - [2024-10-20T05:45:48.207+0000] {dag.py:4180} INFO - Setting next_dagrun for dataset_alias_example_alias_consumer_with_no_taskflow to None, run_after=None
[2024-10-20T05:45:48.209+0000] {logging_mixin.py:190} INFO - [2024-10-20T05:45:48.209+0000] {dag.py:4180} INFO - Setting next_dagrun for dataset_alias_example_alias_producer_with_no_taskflow to None, run_after=None
[2024-10-20T05:45:48.210+0000] {logging_mixin.py:190} INFO - [2024-10-20T05:45:48.209+0000] {dag.py:4180} INFO - Setting next_dagrun for dataset_s3_bucket_consumer_with_no_taskflow to None, run_after=None
[2024-10-20T05:45:48.210+0000] {logging_mixin.py:190} INFO - [2024-10-20T05:45:48.210+0000] {dag.py:4180} INFO - Setting next_dagrun for dataset_s3_bucket_producer_with_no_taskflow to None, run_after=None
[2024-10-20T05:45:48.253+0000] {processor.py:208} INFO - Processing /usr/local/python/3.12.1/lib/python3.12/site-packages/airflow/example_dags/example_dataset_alias_with_no_taskflow.py took 0.100 seconds
[2024-10-20T05:46:43.854+0000] {processor.py:186} INFO - Started process (PID=11197) to work on /usr/local/python/3.12.1/lib/python3.12/site-packages/airflow/example_dags/example_dataset_alias_with_no_taskflow.py
[2024-10-20T05:46:43.855+0000] {processor.py:914} INFO - Processing file /usr/local/python/3.12.1/lib/python3.12/site-packages/airflow/example_dags/example_dataset_alias_with_no_taskflow.py for tasks to queue
[2024-10-20T05:46:43.856+0000] {logging_mixin.py:190} INFO - [2024-10-20T05:46:43.856+0000] {dagbag.py:588} INFO - Filling up the DagBag from /usr/local/python/3.12.1/lib/python3.12/site-packages/airflow/example_dags/example_dataset_alias_with_no_taskflow.py
[2024-10-20T05:46:43.873+0000] {processor.py:925} INFO - DAG(s) 'dataset_alias_example_alias_producer_with_no_taskflow', 'dataset_s3_bucket_consumer_with_no_taskflow', 'dataset_alias_example_alias_consumer_with_no_taskflow', 'dataset_s3_bucket_producer_with_no_taskflow' retrieved from /usr/local/python/3.12.1/lib/python3.12/site-packages/airflow/example_dags/example_dataset_alias_with_no_taskflow.py
[2024-10-20T05:46:43.891+0000] {logging_mixin.py:190} INFO - [2024-10-20T05:46:43.890+0000] {dag.py:3239} INFO - Sync 4 DAGs
[2024-10-20T05:46:43.909+0000] {logging_mixin.py:190} INFO - [2024-10-20T05:46:43.909+0000] {dag.py:4180} INFO - Setting next_dagrun for dataset_alias_example_alias_consumer_with_no_taskflow to None, run_after=None
[2024-10-20T05:46:43.911+0000] {logging_mixin.py:190} INFO - [2024-10-20T05:46:43.911+0000] {dag.py:4180} INFO - Setting next_dagrun for dataset_alias_example_alias_producer_with_no_taskflow to None, run_after=None
[2024-10-20T05:46:43.912+0000] {logging_mixin.py:190} INFO - [2024-10-20T05:46:43.912+0000] {dag.py:4180} INFO - Setting next_dagrun for dataset_s3_bucket_consumer_with_no_taskflow to None, run_after=None
[2024-10-20T05:46:43.913+0000] {logging_mixin.py:190} INFO - [2024-10-20T05:46:43.912+0000] {dag.py:4180} INFO - Setting next_dagrun for dataset_s3_bucket_producer_with_no_taskflow to None, run_after=None
[2024-10-20T05:46:43.940+0000] {processor.py:208} INFO - Processing /usr/local/python/3.12.1/lib/python3.12/site-packages/airflow/example_dags/example_dataset_alias_with_no_taskflow.py took 0.090 seconds
[2024-10-20T05:47:40.450+0000] {processor.py:186} INFO - Started process (PID=11650) to work on /usr/local/python/3.12.1/lib/python3.12/site-packages/airflow/example_dags/example_dataset_alias_with_no_taskflow.py
[2024-10-20T05:47:40.450+0000] {processor.py:914} INFO - Processing file /usr/local/python/3.12.1/lib/python3.12/site-packages/airflow/example_dags/example_dataset_alias_with_no_taskflow.py for tasks to queue
[2024-10-20T05:47:40.452+0000] {logging_mixin.py:190} INFO - [2024-10-20T05:47:40.451+0000] {dagbag.py:588} INFO - Filling up the DagBag from /usr/local/python/3.12.1/lib/python3.12/site-packages/airflow/example_dags/example_dataset_alias_with_no_taskflow.py
[2024-10-20T05:47:40.467+0000] {processor.py:925} INFO - DAG(s) 'dataset_s3_bucket_producer_with_no_taskflow', 'dataset_alias_example_alias_consumer_with_no_taskflow', 'dataset_s3_bucket_consumer_with_no_taskflow', 'dataset_alias_example_alias_producer_with_no_taskflow' retrieved from /usr/local/python/3.12.1/lib/python3.12/site-packages/airflow/example_dags/example_dataset_alias_with_no_taskflow.py
[2024-10-20T05:47:40.481+0000] {logging_mixin.py:190} INFO - [2024-10-20T05:47:40.481+0000] {dag.py:3239} INFO - Sync 4 DAGs
[2024-10-20T05:47:40.495+0000] {logging_mixin.py:190} INFO - [2024-10-20T05:47:40.495+0000] {dag.py:4180} INFO - Setting next_dagrun for dataset_alias_example_alias_consumer_with_no_taskflow to None, run_after=None
[2024-10-20T05:47:40.496+0000] {logging_mixin.py:190} INFO - [2024-10-20T05:47:40.496+0000] {dag.py:4180} INFO - Setting next_dagrun for dataset_alias_example_alias_producer_with_no_taskflow to None, run_after=None
[2024-10-20T05:47:40.497+0000] {logging_mixin.py:190} INFO - [2024-10-20T05:47:40.497+0000] {dag.py:4180} INFO - Setting next_dagrun for dataset_s3_bucket_consumer_with_no_taskflow to None, run_after=None
[2024-10-20T05:47:40.498+0000] {logging_mixin.py:190} INFO - [2024-10-20T05:47:40.497+0000] {dag.py:4180} INFO - Setting next_dagrun for dataset_s3_bucket_producer_with_no_taskflow to None, run_after=None
[2024-10-20T05:47:40.526+0000] {processor.py:208} INFO - Processing /usr/local/python/3.12.1/lib/python3.12/site-packages/airflow/example_dags/example_dataset_alias_with_no_taskflow.py took 0.080 seconds
[2024-10-20T05:48:54.426+0000] {processor.py:186} INFO - Started process (PID=12313) to work on /usr/local/python/3.12.1/lib/python3.12/site-packages/airflow/example_dags/example_dataset_alias_with_no_taskflow.py
[2024-10-20T05:48:54.426+0000] {processor.py:914} INFO - Processing file /usr/local/python/3.12.1/lib/python3.12/site-packages/airflow/example_dags/example_dataset_alias_with_no_taskflow.py for tasks to queue
[2024-10-20T05:48:54.428+0000] {logging_mixin.py:190} INFO - [2024-10-20T05:48:54.428+0000] {dagbag.py:588} INFO - Filling up the DagBag from /usr/local/python/3.12.1/lib/python3.12/site-packages/airflow/example_dags/example_dataset_alias_with_no_taskflow.py
[2024-10-20T05:48:54.445+0000] {processor.py:925} INFO - DAG(s) 'dataset_s3_bucket_producer_with_no_taskflow', 'dataset_alias_example_alias_consumer_with_no_taskflow', 'dataset_s3_bucket_consumer_with_no_taskflow', 'dataset_alias_example_alias_producer_with_no_taskflow' retrieved from /usr/local/python/3.12.1/lib/python3.12/site-packages/airflow/example_dags/example_dataset_alias_with_no_taskflow.py
[2024-10-20T05:48:54.460+0000] {logging_mixin.py:190} INFO - [2024-10-20T05:48:54.460+0000] {dag.py:3239} INFO - Sync 4 DAGs
[2024-10-20T05:48:54.475+0000] {logging_mixin.py:190} INFO - [2024-10-20T05:48:54.475+0000] {dag.py:4180} INFO - Setting next_dagrun for dataset_alias_example_alias_consumer_with_no_taskflow to None, run_after=None
[2024-10-20T05:48:54.477+0000] {logging_mixin.py:190} INFO - [2024-10-20T05:48:54.476+0000] {dag.py:4180} INFO - Setting next_dagrun for dataset_alias_example_alias_producer_with_no_taskflow to None, run_after=None
[2024-10-20T05:48:54.477+0000] {logging_mixin.py:190} INFO - [2024-10-20T05:48:54.477+0000] {dag.py:4180} INFO - Setting next_dagrun for dataset_s3_bucket_consumer_with_no_taskflow to None, run_after=None
[2024-10-20T05:48:54.478+0000] {logging_mixin.py:190} INFO - [2024-10-20T05:48:54.478+0000] {dag.py:4180} INFO - Setting next_dagrun for dataset_s3_bucket_producer_with_no_taskflow to None, run_after=None
[2024-10-20T05:48:54.528+0000] {processor.py:208} INFO - Processing /usr/local/python/3.12.1/lib/python3.12/site-packages/airflow/example_dags/example_dataset_alias_with_no_taskflow.py took 0.106 seconds
[2024-10-20T05:49:49.978+0000] {processor.py:186} INFO - Started process (PID=12762) to work on /usr/local/python/3.12.1/lib/python3.12/site-packages/airflow/example_dags/example_dataset_alias_with_no_taskflow.py
[2024-10-20T05:49:49.979+0000] {processor.py:914} INFO - Processing file /usr/local/python/3.12.1/lib/python3.12/site-packages/airflow/example_dags/example_dataset_alias_with_no_taskflow.py for tasks to queue
[2024-10-20T05:49:49.981+0000] {logging_mixin.py:190} INFO - [2024-10-20T05:49:49.980+0000] {dagbag.py:588} INFO - Filling up the DagBag from /usr/local/python/3.12.1/lib/python3.12/site-packages/airflow/example_dags/example_dataset_alias_with_no_taskflow.py
[2024-10-20T05:49:49.997+0000] {processor.py:925} INFO - DAG(s) 'dataset_s3_bucket_producer_with_no_taskflow', 'dataset_alias_example_alias_producer_with_no_taskflow', 'dataset_s3_bucket_consumer_with_no_taskflow', 'dataset_alias_example_alias_consumer_with_no_taskflow' retrieved from /usr/local/python/3.12.1/lib/python3.12/site-packages/airflow/example_dags/example_dataset_alias_with_no_taskflow.py
[2024-10-20T05:49:50.011+0000] {logging_mixin.py:190} INFO - [2024-10-20T05:49:50.011+0000] {dag.py:3239} INFO - Sync 4 DAGs
[2024-10-20T05:49:50.025+0000] {logging_mixin.py:190} INFO - [2024-10-20T05:49:50.025+0000] {dag.py:4180} INFO - Setting next_dagrun for dataset_alias_example_alias_consumer_with_no_taskflow to None, run_after=None
[2024-10-20T05:49:50.027+0000] {logging_mixin.py:190} INFO - [2024-10-20T05:49:50.027+0000] {dag.py:4180} INFO - Setting next_dagrun for dataset_alias_example_alias_producer_with_no_taskflow to None, run_after=None
[2024-10-20T05:49:50.027+0000] {logging_mixin.py:190} INFO - [2024-10-20T05:49:50.027+0000] {dag.py:4180} INFO - Setting next_dagrun for dataset_s3_bucket_consumer_with_no_taskflow to None, run_after=None
[2024-10-20T05:49:50.028+0000] {logging_mixin.py:190} INFO - [2024-10-20T05:49:50.028+0000] {dag.py:4180} INFO - Setting next_dagrun for dataset_s3_bucket_producer_with_no_taskflow to None, run_after=None
[2024-10-20T05:49:50.160+0000] {processor.py:208} INFO - Processing /usr/local/python/3.12.1/lib/python3.12/site-packages/airflow/example_dags/example_dataset_alias_with_no_taskflow.py took 0.185 seconds
