[2024-10-20T05:44:48.764+0000] {processor.py:186} INFO - Started process (PID=9701) to work on /usr/local/python/3.12.1/lib/python3.12/site-packages/airflow/example_dags/example_outlet_event_extra.py
[2024-10-20T05:44:48.765+0000] {processor.py:914} INFO - Processing file /usr/local/python/3.12.1/lib/python3.12/site-packages/airflow/example_dags/example_outlet_event_extra.py for tasks to queue
[2024-10-20T05:44:48.767+0000] {logging_mixin.py:190} INFO - [2024-10-20T05:44:48.766+0000] {dagbag.py:588} INFO - Filling up the DagBag from /usr/local/python/3.12.1/lib/python3.12/site-packages/airflow/example_dags/example_outlet_event_extra.py
[2024-10-20T05:44:48.780+0000] {processor.py:925} INFO - DAG(s) 'dataset_with_extra_by_context', 'dataset_with_extra_by_yield', 'dataset_with_extra_from_classic_operator' retrieved from /usr/local/python/3.12.1/lib/python3.12/site-packages/airflow/example_dags/example_outlet_event_extra.py
[2024-10-20T05:44:48.903+0000] {logging_mixin.py:190} INFO - [2024-10-20T05:44:48.902+0000] {override.py:1900} INFO - Created Permission View: can delete on DAG:dataset_with_extra_by_context
[2024-10-20T05:44:48.934+0000] {logging_mixin.py:190} INFO - [2024-10-20T05:44:48.933+0000] {override.py:1900} INFO - Created Permission View: can edit on DAG:dataset_with_extra_by_context
[2024-10-20T05:44:48.966+0000] {logging_mixin.py:190} INFO - [2024-10-20T05:44:48.965+0000] {override.py:1900} INFO - Created Permission View: can read on DAG:dataset_with_extra_by_context
[2024-10-20T05:44:49.013+0000] {logging_mixin.py:190} INFO - [2024-10-20T05:44:49.013+0000] {override.py:1900} INFO - Created Permission View: can delete on DAG Run:dataset_with_extra_by_context
[2024-10-20T05:44:49.040+0000] {logging_mixin.py:190} INFO - [2024-10-20T05:44:49.040+0000] {override.py:1900} INFO - Created Permission View: can create on DAG Run:dataset_with_extra_by_context
[2024-10-20T05:44:49.065+0000] {logging_mixin.py:190} INFO - [2024-10-20T05:44:49.065+0000] {override.py:1900} INFO - Created Permission View: menu access on DAG Run:dataset_with_extra_by_context
[2024-10-20T05:44:49.088+0000] {logging_mixin.py:190} INFO - [2024-10-20T05:44:49.088+0000] {override.py:1900} INFO - Created Permission View: can read on DAG Run:dataset_with_extra_by_context
[2024-10-20T05:44:49.138+0000] {logging_mixin.py:190} INFO - [2024-10-20T05:44:49.138+0000] {override.py:1900} INFO - Created Permission View: can delete on DAG:dataset_with_extra_by_yield
[2024-10-20T05:44:49.168+0000] {logging_mixin.py:190} INFO - [2024-10-20T05:44:49.168+0000] {override.py:1900} INFO - Created Permission View: can edit on DAG:dataset_with_extra_by_yield
[2024-10-20T05:44:49.203+0000] {logging_mixin.py:190} INFO - [2024-10-20T05:44:49.202+0000] {override.py:1900} INFO - Created Permission View: can read on DAG:dataset_with_extra_by_yield
[2024-10-20T05:44:49.259+0000] {logging_mixin.py:190} INFO - [2024-10-20T05:44:49.259+0000] {override.py:1900} INFO - Created Permission View: can delete on DAG Run:dataset_with_extra_by_yield
[2024-10-20T05:44:49.289+0000] {logging_mixin.py:190} INFO - [2024-10-20T05:44:49.288+0000] {override.py:1900} INFO - Created Permission View: can create on DAG Run:dataset_with_extra_by_yield
[2024-10-20T05:44:49.313+0000] {logging_mixin.py:190} INFO - [2024-10-20T05:44:49.312+0000] {override.py:1900} INFO - Created Permission View: menu access on DAG Run:dataset_with_extra_by_yield
[2024-10-20T05:44:49.340+0000] {logging_mixin.py:190} INFO - [2024-10-20T05:44:49.340+0000] {override.py:1900} INFO - Created Permission View: can read on DAG Run:dataset_with_extra_by_yield
[2024-10-20T05:44:49.420+0000] {logging_mixin.py:190} INFO - [2024-10-20T05:44:49.420+0000] {override.py:1900} INFO - Created Permission View: can delete on DAG:dataset_with_extra_from_classic_operator
[2024-10-20T05:44:49.444+0000] {logging_mixin.py:190} INFO - [2024-10-20T05:44:49.444+0000] {override.py:1900} INFO - Created Permission View: can edit on DAG:dataset_with_extra_from_classic_operator
[2024-10-20T05:44:49.466+0000] {logging_mixin.py:190} INFO - [2024-10-20T05:44:49.466+0000] {override.py:1900} INFO - Created Permission View: can read on DAG:dataset_with_extra_from_classic_operator
[2024-10-20T05:44:49.527+0000] {logging_mixin.py:190} INFO - [2024-10-20T05:44:49.526+0000] {override.py:1900} INFO - Created Permission View: can delete on DAG Run:dataset_with_extra_from_classic_operator
[2024-10-20T05:44:49.554+0000] {logging_mixin.py:190} INFO - [2024-10-20T05:44:49.553+0000] {override.py:1900} INFO - Created Permission View: can create on DAG Run:dataset_with_extra_from_classic_operator
[2024-10-20T05:44:49.574+0000] {logging_mixin.py:190} INFO - [2024-10-20T05:44:49.574+0000] {override.py:1900} INFO - Created Permission View: menu access on DAG Run:dataset_with_extra_from_classic_operator
[2024-10-20T05:44:49.598+0000] {logging_mixin.py:190} INFO - [2024-10-20T05:44:49.598+0000] {override.py:1900} INFO - Created Permission View: can read on DAG Run:dataset_with_extra_from_classic_operator
[2024-10-20T05:44:49.599+0000] {logging_mixin.py:190} INFO - [2024-10-20T05:44:49.599+0000] {dag.py:3239} INFO - Sync 3 DAGs
[2024-10-20T05:44:49.611+0000] {logging_mixin.py:190} INFO - [2024-10-20T05:44:49.611+0000] {dag.py:3262} INFO - Creating ORM DAG for dataset_with_extra_by_context
[2024-10-20T05:44:49.612+0000] {logging_mixin.py:190} INFO - [2024-10-20T05:44:49.612+0000] {dag.py:3262} INFO - Creating ORM DAG for dataset_with_extra_from_classic_operator
[2024-10-20T05:44:49.612+0000] {logging_mixin.py:190} INFO - [2024-10-20T05:44:49.612+0000] {dag.py:3262} INFO - Creating ORM DAG for dataset_with_extra_by_yield
[2024-10-20T05:44:49.620+0000] {logging_mixin.py:190} INFO - [2024-10-20T05:44:49.620+0000] {dag.py:4180} INFO - Setting next_dagrun for dataset_with_extra_by_context to 2024-10-19 00:00:00+00:00, run_after=2024-10-20 00:00:00+00:00
[2024-10-20T05:44:49.622+0000] {logging_mixin.py:190} INFO - [2024-10-20T05:44:49.621+0000] {dag.py:4180} INFO - Setting next_dagrun for dataset_with_extra_by_yield to 2024-10-19 00:00:00+00:00, run_after=2024-10-20 00:00:00+00:00
[2024-10-20T05:44:49.623+0000] {logging_mixin.py:190} INFO - [2024-10-20T05:44:49.623+0000] {dag.py:4180} INFO - Setting next_dagrun for dataset_with_extra_from_classic_operator to 2024-10-19 00:00:00+00:00, run_after=2024-10-20 00:00:00+00:00
[2024-10-20T05:44:49.664+0000] {processor.py:208} INFO - Processing /usr/local/python/3.12.1/lib/python3.12/site-packages/airflow/example_dags/example_outlet_event_extra.py took 0.903 seconds
[2024-10-20T05:45:50.498+0000] {processor.py:186} INFO - Started process (PID=10777) to work on /usr/local/python/3.12.1/lib/python3.12/site-packages/airflow/example_dags/example_outlet_event_extra.py
[2024-10-20T05:45:50.499+0000] {processor.py:914} INFO - Processing file /usr/local/python/3.12.1/lib/python3.12/site-packages/airflow/example_dags/example_outlet_event_extra.py for tasks to queue
[2024-10-20T05:45:50.501+0000] {logging_mixin.py:190} INFO - [2024-10-20T05:45:50.500+0000] {dagbag.py:588} INFO - Filling up the DagBag from /usr/local/python/3.12.1/lib/python3.12/site-packages/airflow/example_dags/example_outlet_event_extra.py
[2024-10-20T05:45:50.513+0000] {processor.py:925} INFO - DAG(s) 'dataset_with_extra_from_classic_operator', 'dataset_with_extra_by_yield', 'dataset_with_extra_by_context' retrieved from /usr/local/python/3.12.1/lib/python3.12/site-packages/airflow/example_dags/example_outlet_event_extra.py
[2024-10-20T05:45:50.528+0000] {logging_mixin.py:190} INFO - [2024-10-20T05:45:50.528+0000] {dag.py:3239} INFO - Sync 3 DAGs
[2024-10-20T05:45:50.545+0000] {logging_mixin.py:190} INFO - [2024-10-20T05:45:50.545+0000] {dag.py:4180} INFO - Setting next_dagrun for dataset_with_extra_by_context to 2024-10-19 00:00:00+00:00, run_after=2024-10-20 00:00:00+00:00
[2024-10-20T05:45:50.548+0000] {logging_mixin.py:190} INFO - [2024-10-20T05:45:50.548+0000] {dag.py:4180} INFO - Setting next_dagrun for dataset_with_extra_by_yield to 2024-10-19 00:00:00+00:00, run_after=2024-10-20 00:00:00+00:00
[2024-10-20T05:45:50.550+0000] {logging_mixin.py:190} INFO - [2024-10-20T05:45:50.550+0000] {dag.py:4180} INFO - Setting next_dagrun for dataset_with_extra_from_classic_operator to 2024-10-19 00:00:00+00:00, run_after=2024-10-20 00:00:00+00:00
[2024-10-20T05:45:50.585+0000] {processor.py:208} INFO - Processing /usr/local/python/3.12.1/lib/python3.12/site-packages/airflow/example_dags/example_outlet_event_extra.py took 0.091 seconds
[2024-10-20T05:46:46.253+0000] {processor.py:186} INFO - Started process (PID=11211) to work on /usr/local/python/3.12.1/lib/python3.12/site-packages/airflow/example_dags/example_outlet_event_extra.py
[2024-10-20T05:46:46.254+0000] {processor.py:914} INFO - Processing file /usr/local/python/3.12.1/lib/python3.12/site-packages/airflow/example_dags/example_outlet_event_extra.py for tasks to queue
[2024-10-20T05:46:46.255+0000] {logging_mixin.py:190} INFO - [2024-10-20T05:46:46.255+0000] {dagbag.py:588} INFO - Filling up the DagBag from /usr/local/python/3.12.1/lib/python3.12/site-packages/airflow/example_dags/example_outlet_event_extra.py
[2024-10-20T05:46:46.269+0000] {processor.py:925} INFO - DAG(s) 'dataset_with_extra_by_context', 'dataset_with_extra_by_yield', 'dataset_with_extra_from_classic_operator' retrieved from /usr/local/python/3.12.1/lib/python3.12/site-packages/airflow/example_dags/example_outlet_event_extra.py
[2024-10-20T05:46:46.287+0000] {logging_mixin.py:190} INFO - [2024-10-20T05:46:46.287+0000] {dag.py:3239} INFO - Sync 3 DAGs
[2024-10-20T05:46:46.306+0000] {logging_mixin.py:190} INFO - [2024-10-20T05:46:46.306+0000] {dag.py:4180} INFO - Setting next_dagrun for dataset_with_extra_by_context to 2024-10-19 00:00:00+00:00, run_after=2024-10-20 00:00:00+00:00
[2024-10-20T05:46:46.309+0000] {logging_mixin.py:190} INFO - [2024-10-20T05:46:46.309+0000] {dag.py:4180} INFO - Setting next_dagrun for dataset_with_extra_by_yield to 2024-10-19 00:00:00+00:00, run_after=2024-10-20 00:00:00+00:00
[2024-10-20T05:46:46.311+0000] {logging_mixin.py:190} INFO - [2024-10-20T05:46:46.311+0000] {dag.py:4180} INFO - Setting next_dagrun for dataset_with_extra_from_classic_operator to 2024-10-19 00:00:00+00:00, run_after=2024-10-20 00:00:00+00:00
[2024-10-20T05:46:46.347+0000] {processor.py:208} INFO - Processing /usr/local/python/3.12.1/lib/python3.12/site-packages/airflow/example_dags/example_outlet_event_extra.py took 0.098 seconds
[2024-10-20T05:48:01.520+0000] {processor.py:186} INFO - Started process (PID=11798) to work on /usr/local/python/3.12.1/lib/python3.12/site-packages/airflow/example_dags/example_outlet_event_extra.py
[2024-10-20T05:48:01.520+0000] {processor.py:914} INFO - Processing file /usr/local/python/3.12.1/lib/python3.12/site-packages/airflow/example_dags/example_outlet_event_extra.py for tasks to queue
[2024-10-20T05:48:01.522+0000] {logging_mixin.py:190} INFO - [2024-10-20T05:48:01.522+0000] {dagbag.py:588} INFO - Filling up the DagBag from /usr/local/python/3.12.1/lib/python3.12/site-packages/airflow/example_dags/example_outlet_event_extra.py
[2024-10-20T05:48:01.532+0000] {processor.py:925} INFO - DAG(s) 'dataset_with_extra_by_context', 'dataset_with_extra_from_classic_operator', 'dataset_with_extra_by_yield' retrieved from /usr/local/python/3.12.1/lib/python3.12/site-packages/airflow/example_dags/example_outlet_event_extra.py
[2024-10-20T05:48:01.547+0000] {logging_mixin.py:190} INFO - [2024-10-20T05:48:01.547+0000] {dag.py:3239} INFO - Sync 3 DAGs
[2024-10-20T05:48:01.564+0000] {logging_mixin.py:190} INFO - [2024-10-20T05:48:01.564+0000] {dag.py:4180} INFO - Setting next_dagrun for dataset_with_extra_by_context to 2024-10-19 00:00:00+00:00, run_after=2024-10-20 00:00:00+00:00
[2024-10-20T05:48:01.568+0000] {logging_mixin.py:190} INFO - [2024-10-20T05:48:01.567+0000] {dag.py:4180} INFO - Setting next_dagrun for dataset_with_extra_by_yield to 2024-10-19 00:00:00+00:00, run_after=2024-10-20 00:00:00+00:00
[2024-10-20T05:48:01.569+0000] {logging_mixin.py:190} INFO - [2024-10-20T05:48:01.569+0000] {dag.py:4180} INFO - Setting next_dagrun for dataset_with_extra_from_classic_operator to 2024-10-19 00:00:00+00:00, run_after=2024-10-20 00:00:00+00:00
[2024-10-20T05:48:01.606+0000] {processor.py:208} INFO - Processing /usr/local/python/3.12.1/lib/python3.12/site-packages/airflow/example_dags/example_outlet_event_extra.py took 0.090 seconds
[2024-10-20T05:48:56.892+0000] {processor.py:186} INFO - Started process (PID=12321) to work on /usr/local/python/3.12.1/lib/python3.12/site-packages/airflow/example_dags/example_outlet_event_extra.py
[2024-10-20T05:48:56.893+0000] {processor.py:914} INFO - Processing file /usr/local/python/3.12.1/lib/python3.12/site-packages/airflow/example_dags/example_outlet_event_extra.py for tasks to queue
[2024-10-20T05:48:56.894+0000] {logging_mixin.py:190} INFO - [2024-10-20T05:48:56.894+0000] {dagbag.py:588} INFO - Filling up the DagBag from /usr/local/python/3.12.1/lib/python3.12/site-packages/airflow/example_dags/example_outlet_event_extra.py
[2024-10-20T05:48:56.904+0000] {processor.py:925} INFO - DAG(s) 'dataset_with_extra_by_context', 'dataset_with_extra_by_yield', 'dataset_with_extra_from_classic_operator' retrieved from /usr/local/python/3.12.1/lib/python3.12/site-packages/airflow/example_dags/example_outlet_event_extra.py
[2024-10-20T05:48:56.919+0000] {logging_mixin.py:190} INFO - [2024-10-20T05:48:56.919+0000] {dag.py:3239} INFO - Sync 3 DAGs
[2024-10-20T05:48:56.935+0000] {logging_mixin.py:190} INFO - [2024-10-20T05:48:56.935+0000] {dag.py:4180} INFO - Setting next_dagrun for dataset_with_extra_by_context to 2024-10-19 00:00:00+00:00, run_after=2024-10-20 00:00:00+00:00
[2024-10-20T05:48:56.939+0000] {logging_mixin.py:190} INFO - [2024-10-20T05:48:56.939+0000] {dag.py:4180} INFO - Setting next_dagrun for dataset_with_extra_by_yield to 2024-10-19 00:00:00+00:00, run_after=2024-10-20 00:00:00+00:00
[2024-10-20T05:48:56.940+0000] {logging_mixin.py:190} INFO - [2024-10-20T05:48:56.940+0000] {dag.py:4180} INFO - Setting next_dagrun for dataset_with_extra_from_classic_operator to 2024-10-19 00:00:00+00:00, run_after=2024-10-20 00:00:00+00:00
[2024-10-20T05:48:56.976+0000] {processor.py:208} INFO - Processing /usr/local/python/3.12.1/lib/python3.12/site-packages/airflow/example_dags/example_outlet_event_extra.py took 0.089 seconds
[2024-10-20T05:50:18.094+0000] {processor.py:186} INFO - Started process (PID=13146) to work on /usr/local/python/3.12.1/lib/python3.12/site-packages/airflow/example_dags/example_outlet_event_extra.py
[2024-10-20T05:50:18.094+0000] {processor.py:914} INFO - Processing file /usr/local/python/3.12.1/lib/python3.12/site-packages/airflow/example_dags/example_outlet_event_extra.py for tasks to queue
[2024-10-20T05:50:18.096+0000] {logging_mixin.py:190} INFO - [2024-10-20T05:50:18.096+0000] {dagbag.py:588} INFO - Filling up the DagBag from /usr/local/python/3.12.1/lib/python3.12/site-packages/airflow/example_dags/example_outlet_event_extra.py
[2024-10-20T05:50:18.107+0000] {processor.py:925} INFO - DAG(s) 'dataset_with_extra_by_yield', 'dataset_with_extra_from_classic_operator', 'dataset_with_extra_by_context' retrieved from /usr/local/python/3.12.1/lib/python3.12/site-packages/airflow/example_dags/example_outlet_event_extra.py
[2024-10-20T05:50:18.122+0000] {logging_mixin.py:190} INFO - [2024-10-20T05:50:18.122+0000] {dag.py:3239} INFO - Sync 3 DAGs
[2024-10-20T05:50:18.141+0000] {logging_mixin.py:190} INFO - [2024-10-20T05:50:18.140+0000] {dag.py:4180} INFO - Setting next_dagrun for dataset_with_extra_by_context to 2024-10-19 00:00:00+00:00, run_after=2024-10-20 00:00:00+00:00
[2024-10-20T05:50:18.144+0000] {logging_mixin.py:190} INFO - [2024-10-20T05:50:18.144+0000] {dag.py:4180} INFO - Setting next_dagrun for dataset_with_extra_by_yield to 2024-10-19 00:00:00+00:00, run_after=2024-10-20 00:00:00+00:00
[2024-10-20T05:50:18.146+0000] {logging_mixin.py:190} INFO - [2024-10-20T05:50:18.146+0000] {dag.py:4180} INFO - Setting next_dagrun for dataset_with_extra_from_classic_operator to 2024-10-19 00:00:00+00:00, run_after=2024-10-20 00:00:00+00:00
[2024-10-20T05:50:18.184+0000] {processor.py:208} INFO - Processing /usr/local/python/3.12.1/lib/python3.12/site-packages/airflow/example_dags/example_outlet_event_extra.py took 0.094 seconds
