[2024-10-20T05:43:56.892+0000] {processor.py:186} INFO - Started process (PID=9031) to work on /usr/local/python/3.12.1/lib/python3.12/site-packages/airflow/example_dags/example_task_group_decorator.py
[2024-10-20T05:43:56.893+0000] {processor.py:914} INFO - Processing file /usr/local/python/3.12.1/lib/python3.12/site-packages/airflow/example_dags/example_task_group_decorator.py for tasks to queue
[2024-10-20T05:43:56.894+0000] {logging_mixin.py:190} INFO - [2024-10-20T05:43:56.894+0000] {dagbag.py:588} INFO - Filling up the DagBag from /usr/local/python/3.12.1/lib/python3.12/site-packages/airflow/example_dags/example_task_group_decorator.py
[2024-10-20T05:43:56.907+0000] {processor.py:925} INFO - DAG(s) 'example_task_group_decorator' retrieved from /usr/local/python/3.12.1/lib/python3.12/site-packages/airflow/example_dags/example_task_group_decorator.py
[2024-10-20T05:43:57.606+0000] {logging_mixin.py:190} INFO - [2024-10-20T05:43:57.605+0000] {override.py:1900} INFO - Created Permission View: can delete on DAG:example_task_group_decorator
[2024-10-20T05:43:57.801+0000] {logging_mixin.py:190} INFO - [2024-10-20T05:43:57.800+0000] {override.py:1900} INFO - Created Permission View: can edit on DAG:example_task_group_decorator
[2024-10-20T05:43:58.043+0000] {logging_mixin.py:190} INFO - [2024-10-20T05:43:58.043+0000] {override.py:1900} INFO - Created Permission View: can read on DAG:example_task_group_decorator
[2024-10-20T05:43:58.509+0000] {logging_mixin.py:190} INFO - [2024-10-20T05:43:58.508+0000] {override.py:1900} INFO - Created Permission View: can delete on DAG Run:example_task_group_decorator
[2024-10-20T05:43:58.744+0000] {logging_mixin.py:190} INFO - [2024-10-20T05:43:58.743+0000] {override.py:1900} INFO - Created Permission View: can create on DAG Run:example_task_group_decorator
[2024-10-20T05:43:59.053+0000] {logging_mixin.py:190} INFO - [2024-10-20T05:43:59.052+0000] {override.py:1900} INFO - Created Permission View: menu access on DAG Run:example_task_group_decorator
[2024-10-20T05:43:59.252+0000] {logging_mixin.py:190} INFO - [2024-10-20T05:43:59.252+0000] {override.py:1900} INFO - Created Permission View: can read on DAG Run:example_task_group_decorator
[2024-10-20T05:43:59.253+0000] {logging_mixin.py:190} INFO - [2024-10-20T05:43:59.253+0000] {dag.py:3239} INFO - Sync 1 DAGs
[2024-10-20T05:43:59.261+0000] {logging_mixin.py:190} INFO - [2024-10-20T05:43:59.261+0000] {dag.py:3262} INFO - Creating ORM DAG for example_task_group_decorator
[2024-10-20T05:43:59.262+0000] {logging_mixin.py:190} INFO - [2024-10-20T05:43:59.262+0000] {dag.py:4180} INFO - Setting next_dagrun for example_task_group_decorator to None, run_after=None
[2024-10-20T05:43:59.294+0000] {processor.py:208} INFO - Processing /usr/local/python/3.12.1/lib/python3.12/site-packages/airflow/example_dags/example_task_group_decorator.py took 2.406 seconds
[2024-10-20T05:45:13.259+0000] {processor.py:186} INFO - Started process (PID=9872) to work on /usr/local/python/3.12.1/lib/python3.12/site-packages/airflow/example_dags/example_task_group_decorator.py
[2024-10-20T05:45:13.259+0000] {processor.py:914} INFO - Processing file /usr/local/python/3.12.1/lib/python3.12/site-packages/airflow/example_dags/example_task_group_decorator.py for tasks to queue
[2024-10-20T05:45:13.261+0000] {logging_mixin.py:190} INFO - [2024-10-20T05:45:13.261+0000] {dagbag.py:588} INFO - Filling up the DagBag from /usr/local/python/3.12.1/lib/python3.12/site-packages/airflow/example_dags/example_task_group_decorator.py
[2024-10-20T05:45:13.272+0000] {processor.py:925} INFO - DAG(s) 'example_task_group_decorator' retrieved from /usr/local/python/3.12.1/lib/python3.12/site-packages/airflow/example_dags/example_task_group_decorator.py
[2024-10-20T05:45:13.287+0000] {logging_mixin.py:190} INFO - [2024-10-20T05:45:13.287+0000] {dag.py:3239} INFO - Sync 1 DAGs
[2024-10-20T05:45:13.296+0000] {logging_mixin.py:190} INFO - [2024-10-20T05:45:13.296+0000] {dag.py:4180} INFO - Setting next_dagrun for example_task_group_decorator to None, run_after=None
[2024-10-20T05:45:13.331+0000] {processor.py:208} INFO - Processing /usr/local/python/3.12.1/lib/python3.12/site-packages/airflow/example_dags/example_task_group_decorator.py took 0.076 seconds
[2024-10-20T05:46:05.660+0000] {processor.py:186} INFO - Started process (PID=10871) to work on /usr/local/python/3.12.1/lib/python3.12/site-packages/airflow/example_dags/example_task_group_decorator.py
[2024-10-20T05:46:05.661+0000] {processor.py:914} INFO - Processing file /usr/local/python/3.12.1/lib/python3.12/site-packages/airflow/example_dags/example_task_group_decorator.py for tasks to queue
[2024-10-20T05:46:05.662+0000] {logging_mixin.py:190} INFO - [2024-10-20T05:46:05.662+0000] {dagbag.py:588} INFO - Filling up the DagBag from /usr/local/python/3.12.1/lib/python3.12/site-packages/airflow/example_dags/example_task_group_decorator.py
[2024-10-20T05:46:05.676+0000] {processor.py:925} INFO - DAG(s) 'example_task_group_decorator' retrieved from /usr/local/python/3.12.1/lib/python3.12/site-packages/airflow/example_dags/example_task_group_decorator.py
[2024-10-20T05:46:05.691+0000] {logging_mixin.py:190} INFO - [2024-10-20T05:46:05.691+0000] {dag.py:3239} INFO - Sync 1 DAGs
[2024-10-20T05:46:05.700+0000] {logging_mixin.py:190} INFO - [2024-10-20T05:46:05.700+0000] {dag.py:4180} INFO - Setting next_dagrun for example_task_group_decorator to None, run_after=None
[2024-10-20T05:46:05.733+0000] {processor.py:208} INFO - Processing /usr/local/python/3.12.1/lib/python3.12/site-packages/airflow/example_dags/example_task_group_decorator.py took 0.077 seconds
[2024-10-20T05:46:55.330+0000] {processor.py:186} INFO - Started process (PID=11274) to work on /usr/local/python/3.12.1/lib/python3.12/site-packages/airflow/example_dags/example_task_group_decorator.py
[2024-10-20T05:46:55.331+0000] {processor.py:914} INFO - Processing file /usr/local/python/3.12.1/lib/python3.12/site-packages/airflow/example_dags/example_task_group_decorator.py for tasks to queue
[2024-10-20T05:46:55.332+0000] {logging_mixin.py:190} INFO - [2024-10-20T05:46:55.332+0000] {dagbag.py:588} INFO - Filling up the DagBag from /usr/local/python/3.12.1/lib/python3.12/site-packages/airflow/example_dags/example_task_group_decorator.py
[2024-10-20T05:46:55.344+0000] {processor.py:925} INFO - DAG(s) 'example_task_group_decorator' retrieved from /usr/local/python/3.12.1/lib/python3.12/site-packages/airflow/example_dags/example_task_group_decorator.py
[2024-10-20T05:46:55.359+0000] {logging_mixin.py:190} INFO - [2024-10-20T05:46:55.359+0000] {dag.py:3239} INFO - Sync 1 DAGs
[2024-10-20T05:46:55.368+0000] {logging_mixin.py:190} INFO - [2024-10-20T05:46:55.368+0000] {dag.py:4180} INFO - Setting next_dagrun for example_task_group_decorator to None, run_after=None
[2024-10-20T05:46:55.402+0000] {processor.py:208} INFO - Processing /usr/local/python/3.12.1/lib/python3.12/site-packages/airflow/example_dags/example_task_group_decorator.py took 0.076 seconds
[2024-10-20T05:47:46.199+0000] {processor.py:186} INFO - Started process (PID=11681) to work on /usr/local/python/3.12.1/lib/python3.12/site-packages/airflow/example_dags/example_task_group_decorator.py
[2024-10-20T05:47:46.200+0000] {processor.py:914} INFO - Processing file /usr/local/python/3.12.1/lib/python3.12/site-packages/airflow/example_dags/example_task_group_decorator.py for tasks to queue
[2024-10-20T05:47:46.202+0000] {logging_mixin.py:190} INFO - [2024-10-20T05:47:46.201+0000] {dagbag.py:588} INFO - Filling up the DagBag from /usr/local/python/3.12.1/lib/python3.12/site-packages/airflow/example_dags/example_task_group_decorator.py
[2024-10-20T05:47:46.213+0000] {processor.py:925} INFO - DAG(s) 'example_task_group_decorator' retrieved from /usr/local/python/3.12.1/lib/python3.12/site-packages/airflow/example_dags/example_task_group_decorator.py
[2024-10-20T05:47:46.228+0000] {logging_mixin.py:190} INFO - [2024-10-20T05:47:46.228+0000] {dag.py:3239} INFO - Sync 1 DAGs
[2024-10-20T05:47:46.237+0000] {logging_mixin.py:190} INFO - [2024-10-20T05:47:46.237+0000] {dag.py:4180} INFO - Setting next_dagrun for example_task_group_decorator to None, run_after=None
[2024-10-20T05:47:46.266+0000] {processor.py:208} INFO - Processing /usr/local/python/3.12.1/lib/python3.12/site-packages/airflow/example_dags/example_task_group_decorator.py took 0.070 seconds
[2024-10-20T05:48:37.772+0000] {processor.py:186} INFO - Started process (PID=12164) to work on /usr/local/python/3.12.1/lib/python3.12/site-packages/airflow/example_dags/example_task_group_decorator.py
[2024-10-20T05:48:37.773+0000] {processor.py:914} INFO - Processing file /usr/local/python/3.12.1/lib/python3.12/site-packages/airflow/example_dags/example_task_group_decorator.py for tasks to queue
[2024-10-20T05:48:37.774+0000] {logging_mixin.py:190} INFO - [2024-10-20T05:48:37.774+0000] {dagbag.py:588} INFO - Filling up the DagBag from /usr/local/python/3.12.1/lib/python3.12/site-packages/airflow/example_dags/example_task_group_decorator.py
[2024-10-20T05:48:37.787+0000] {processor.py:925} INFO - DAG(s) 'example_task_group_decorator' retrieved from /usr/local/python/3.12.1/lib/python3.12/site-packages/airflow/example_dags/example_task_group_decorator.py
[2024-10-20T05:48:37.808+0000] {logging_mixin.py:190} INFO - [2024-10-20T05:48:37.808+0000] {dag.py:3239} INFO - Sync 1 DAGs
[2024-10-20T05:48:37.823+0000] {logging_mixin.py:190} INFO - [2024-10-20T05:48:37.823+0000] {dag.py:4180} INFO - Setting next_dagrun for example_task_group_decorator to None, run_after=None
[2024-10-20T05:48:37.863+0000] {processor.py:208} INFO - Processing /usr/local/python/3.12.1/lib/python3.12/site-packages/airflow/example_dags/example_task_group_decorator.py took 0.095 seconds
[2024-10-20T05:49:32.982+0000] {processor.py:186} INFO - Started process (PID=12652) to work on /usr/local/python/3.12.1/lib/python3.12/site-packages/airflow/example_dags/example_task_group_decorator.py
[2024-10-20T05:49:32.982+0000] {processor.py:914} INFO - Processing file /usr/local/python/3.12.1/lib/python3.12/site-packages/airflow/example_dags/example_task_group_decorator.py for tasks to queue
[2024-10-20T05:49:32.984+0000] {logging_mixin.py:190} INFO - [2024-10-20T05:49:32.984+0000] {dagbag.py:588} INFO - Filling up the DagBag from /usr/local/python/3.12.1/lib/python3.12/site-packages/airflow/example_dags/example_task_group_decorator.py
[2024-10-20T05:49:32.996+0000] {processor.py:925} INFO - DAG(s) 'example_task_group_decorator' retrieved from /usr/local/python/3.12.1/lib/python3.12/site-packages/airflow/example_dags/example_task_group_decorator.py
[2024-10-20T05:49:33.011+0000] {logging_mixin.py:190} INFO - [2024-10-20T05:49:33.011+0000] {dag.py:3239} INFO - Sync 1 DAGs
[2024-10-20T05:49:33.020+0000] {logging_mixin.py:190} INFO - [2024-10-20T05:49:33.020+0000] {dag.py:4180} INFO - Setting next_dagrun for example_task_group_decorator to None, run_after=None
[2024-10-20T05:49:33.184+0000] {processor.py:208} INFO - Processing /usr/local/python/3.12.1/lib/python3.12/site-packages/airflow/example_dags/example_task_group_decorator.py took 0.207 seconds
[2024-10-20T05:50:32.200+0000] {processor.py:186} INFO - Started process (PID=13310) to work on /usr/local/python/3.12.1/lib/python3.12/site-packages/airflow/example_dags/example_task_group_decorator.py
[2024-10-20T05:50:32.201+0000] {processor.py:914} INFO - Processing file /usr/local/python/3.12.1/lib/python3.12/site-packages/airflow/example_dags/example_task_group_decorator.py for tasks to queue
[2024-10-20T05:50:32.202+0000] {logging_mixin.py:190} INFO - [2024-10-20T05:50:32.202+0000] {dagbag.py:588} INFO - Filling up the DagBag from /usr/local/python/3.12.1/lib/python3.12/site-packages/airflow/example_dags/example_task_group_decorator.py
[2024-10-20T05:50:32.215+0000] {processor.py:925} INFO - DAG(s) 'example_task_group_decorator' retrieved from /usr/local/python/3.12.1/lib/python3.12/site-packages/airflow/example_dags/example_task_group_decorator.py
[2024-10-20T05:50:32.231+0000] {logging_mixin.py:190} INFO - [2024-10-20T05:50:32.231+0000] {dag.py:3239} INFO - Sync 1 DAGs
[2024-10-20T05:50:32.241+0000] {logging_mixin.py:190} INFO - [2024-10-20T05:50:32.241+0000] {dag.py:4180} INFO - Setting next_dagrun for example_task_group_decorator to None, run_after=None
[2024-10-20T05:50:32.409+0000] {processor.py:208} INFO - Processing /usr/local/python/3.12.1/lib/python3.12/site-packages/airflow/example_dags/example_task_group_decorator.py took 0.214 seconds
