[2024-10-20T05:44:31.846+0000] {processor.py:186} INFO - Started process (PID=9458) to work on /usr/local/python/3.12.1/lib/python3.12/site-packages/airflow/example_dags/example_dataset_alias.py
[2024-10-20T05:44:31.846+0000] {processor.py:914} INFO - Processing file /usr/local/python/3.12.1/lib/python3.12/site-packages/airflow/example_dags/example_dataset_alias.py for tasks to queue
[2024-10-20T05:44:31.848+0000] {logging_mixin.py:190} INFO - [2024-10-20T05:44:31.847+0000] {dagbag.py:588} INFO - Filling up the DagBag from /usr/local/python/3.12.1/lib/python3.12/site-packages/airflow/example_dags/example_dataset_alias.py
[2024-10-20T05:44:31.862+0000] {processor.py:925} INFO - DAG(s) 'dataset_alias_example_alias_consumer', 'dataset_alias_example_alias_producer', 'dataset_s3_bucket_consumer', 'dataset_s3_bucket_producer' retrieved from /usr/local/python/3.12.1/lib/python3.12/site-packages/airflow/example_dags/example_dataset_alias.py
[2024-10-20T05:44:31.997+0000] {logging_mixin.py:190} INFO - [2024-10-20T05:44:31.996+0000] {override.py:1900} INFO - Created Permission View: can delete on DAG:dataset_alias_example_alias_consumer
[2024-10-20T05:44:32.024+0000] {logging_mixin.py:190} INFO - [2024-10-20T05:44:32.023+0000] {override.py:1900} INFO - Created Permission View: can edit on DAG:dataset_alias_example_alias_consumer
[2024-10-20T05:44:32.050+0000] {logging_mixin.py:190} INFO - [2024-10-20T05:44:32.049+0000] {override.py:1900} INFO - Created Permission View: can read on DAG:dataset_alias_example_alias_consumer
[2024-10-20T05:44:32.098+0000] {logging_mixin.py:190} INFO - [2024-10-20T05:44:32.098+0000] {override.py:1900} INFO - Created Permission View: can delete on DAG Run:dataset_alias_example_alias_consumer
[2024-10-20T05:44:32.118+0000] {logging_mixin.py:190} INFO - [2024-10-20T05:44:32.118+0000] {override.py:1900} INFO - Created Permission View: can create on DAG Run:dataset_alias_example_alias_consumer
[2024-10-20T05:44:32.134+0000] {logging_mixin.py:190} INFO - [2024-10-20T05:44:32.134+0000] {override.py:1900} INFO - Created Permission View: menu access on DAG Run:dataset_alias_example_alias_consumer
[2024-10-20T05:44:32.150+0000] {logging_mixin.py:190} INFO - [2024-10-20T05:44:32.150+0000] {override.py:1900} INFO - Created Permission View: can read on DAG Run:dataset_alias_example_alias_consumer
[2024-10-20T05:44:32.197+0000] {logging_mixin.py:190} INFO - [2024-10-20T05:44:32.197+0000] {override.py:1900} INFO - Created Permission View: can delete on DAG:dataset_alias_example_alias_producer
[2024-10-20T05:44:32.215+0000] {logging_mixin.py:190} INFO - [2024-10-20T05:44:32.214+0000] {override.py:1900} INFO - Created Permission View: can edit on DAG:dataset_alias_example_alias_producer
[2024-10-20T05:44:32.243+0000] {logging_mixin.py:190} INFO - [2024-10-20T05:44:32.243+0000] {override.py:1900} INFO - Created Permission View: can read on DAG:dataset_alias_example_alias_producer
[2024-10-20T05:44:32.292+0000] {logging_mixin.py:190} INFO - [2024-10-20T05:44:32.292+0000] {override.py:1900} INFO - Created Permission View: can delete on DAG Run:dataset_alias_example_alias_producer
[2024-10-20T05:44:32.326+0000] {logging_mixin.py:190} INFO - [2024-10-20T05:44:32.326+0000] {override.py:1900} INFO - Created Permission View: can create on DAG Run:dataset_alias_example_alias_producer
[2024-10-20T05:44:32.353+0000] {logging_mixin.py:190} INFO - [2024-10-20T05:44:32.352+0000] {override.py:1900} INFO - Created Permission View: menu access on DAG Run:dataset_alias_example_alias_producer
[2024-10-20T05:44:32.392+0000] {logging_mixin.py:190} INFO - [2024-10-20T05:44:32.391+0000] {override.py:1900} INFO - Created Permission View: can read on DAG Run:dataset_alias_example_alias_producer
[2024-10-20T05:44:32.447+0000] {logging_mixin.py:190} INFO - [2024-10-20T05:44:32.446+0000] {override.py:1900} INFO - Created Permission View: can delete on DAG:dataset_s3_bucket_consumer
[2024-10-20T05:44:32.467+0000] {logging_mixin.py:190} INFO - [2024-10-20T05:44:32.466+0000] {override.py:1900} INFO - Created Permission View: can edit on DAG:dataset_s3_bucket_consumer
[2024-10-20T05:44:32.493+0000] {logging_mixin.py:190} INFO - [2024-10-20T05:44:32.493+0000] {override.py:1900} INFO - Created Permission View: can read on DAG:dataset_s3_bucket_consumer
[2024-10-20T05:44:32.546+0000] {logging_mixin.py:190} INFO - [2024-10-20T05:44:32.546+0000] {override.py:1900} INFO - Created Permission View: can delete on DAG Run:dataset_s3_bucket_consumer
[2024-10-20T05:44:32.579+0000] {logging_mixin.py:190} INFO - [2024-10-20T05:44:32.579+0000] {override.py:1900} INFO - Created Permission View: can create on DAG Run:dataset_s3_bucket_consumer
[2024-10-20T05:44:32.604+0000] {logging_mixin.py:190} INFO - [2024-10-20T05:44:32.603+0000] {override.py:1900} INFO - Created Permission View: menu access on DAG Run:dataset_s3_bucket_consumer
[2024-10-20T05:44:32.648+0000] {logging_mixin.py:190} INFO - [2024-10-20T05:44:32.648+0000] {override.py:1900} INFO - Created Permission View: can read on DAG Run:dataset_s3_bucket_consumer
[2024-10-20T05:44:32.693+0000] {logging_mixin.py:190} INFO - [2024-10-20T05:44:32.693+0000] {override.py:1900} INFO - Created Permission View: can delete on DAG:dataset_s3_bucket_producer
[2024-10-20T05:44:32.715+0000] {logging_mixin.py:190} INFO - [2024-10-20T05:44:32.715+0000] {override.py:1900} INFO - Created Permission View: can edit on DAG:dataset_s3_bucket_producer
[2024-10-20T05:44:32.744+0000] {logging_mixin.py:190} INFO - [2024-10-20T05:44:32.744+0000] {override.py:1900} INFO - Created Permission View: can read on DAG:dataset_s3_bucket_producer
[2024-10-20T05:44:32.810+0000] {logging_mixin.py:190} INFO - [2024-10-20T05:44:32.810+0000] {override.py:1900} INFO - Created Permission View: can delete on DAG Run:dataset_s3_bucket_producer
[2024-10-20T05:44:32.841+0000] {logging_mixin.py:190} INFO - [2024-10-20T05:44:32.841+0000] {override.py:1900} INFO - Created Permission View: can create on DAG Run:dataset_s3_bucket_producer
[2024-10-20T05:44:32.870+0000] {logging_mixin.py:190} INFO - [2024-10-20T05:44:32.869+0000] {override.py:1900} INFO - Created Permission View: menu access on DAG Run:dataset_s3_bucket_producer
[2024-10-20T05:44:32.893+0000] {logging_mixin.py:190} INFO - [2024-10-20T05:44:32.893+0000] {override.py:1900} INFO - Created Permission View: can read on DAG Run:dataset_s3_bucket_producer
[2024-10-20T05:44:32.894+0000] {logging_mixin.py:190} INFO - [2024-10-20T05:44:32.894+0000] {dag.py:3239} INFO - Sync 4 DAGs
[2024-10-20T05:44:32.903+0000] {logging_mixin.py:190} INFO - [2024-10-20T05:44:32.903+0000] {dag.py:3262} INFO - Creating ORM DAG for dataset_alias_example_alias_consumer
[2024-10-20T05:44:32.904+0000] {logging_mixin.py:190} INFO - [2024-10-20T05:44:32.904+0000] {dag.py:3262} INFO - Creating ORM DAG for dataset_alias_example_alias_producer
[2024-10-20T05:44:32.904+0000] {logging_mixin.py:190} INFO - [2024-10-20T05:44:32.904+0000] {dag.py:3262} INFO - Creating ORM DAG for dataset_s3_bucket_consumer
[2024-10-20T05:44:32.905+0000] {logging_mixin.py:190} INFO - [2024-10-20T05:44:32.905+0000] {dag.py:3262} INFO - Creating ORM DAG for dataset_s3_bucket_producer
[2024-10-20T05:44:32.911+0000] {logging_mixin.py:190} INFO - [2024-10-20T05:44:32.911+0000] {dag.py:4180} INFO - Setting next_dagrun for dataset_alias_example_alias_consumer to None, run_after=None
[2024-10-20T05:44:32.912+0000] {logging_mixin.py:190} INFO - [2024-10-20T05:44:32.912+0000] {dag.py:4180} INFO - Setting next_dagrun for dataset_alias_example_alias_producer to None, run_after=None
[2024-10-20T05:44:32.912+0000] {logging_mixin.py:190} INFO - [2024-10-20T05:44:32.912+0000] {dag.py:4180} INFO - Setting next_dagrun for dataset_s3_bucket_consumer to None, run_after=None
[2024-10-20T05:44:32.913+0000] {logging_mixin.py:190} INFO - [2024-10-20T05:44:32.913+0000] {dag.py:4180} INFO - Setting next_dagrun for dataset_s3_bucket_producer to None, run_after=None
[2024-10-20T05:44:32.969+0000] {processor.py:208} INFO - Processing /usr/local/python/3.12.1/lib/python3.12/site-packages/airflow/example_dags/example_dataset_alias.py took 1.128 seconds
[2024-10-20T05:45:39.120+0000] {processor.py:186} INFO - Started process (PID=10694) to work on /usr/local/python/3.12.1/lib/python3.12/site-packages/airflow/example_dags/example_dataset_alias.py
[2024-10-20T05:45:39.120+0000] {processor.py:914} INFO - Processing file /usr/local/python/3.12.1/lib/python3.12/site-packages/airflow/example_dags/example_dataset_alias.py for tasks to queue
[2024-10-20T05:45:39.122+0000] {logging_mixin.py:190} INFO - [2024-10-20T05:45:39.121+0000] {dagbag.py:588} INFO - Filling up the DagBag from /usr/local/python/3.12.1/lib/python3.12/site-packages/airflow/example_dags/example_dataset_alias.py
[2024-10-20T05:45:39.140+0000] {processor.py:925} INFO - DAG(s) 'dataset_s3_bucket_consumer', 'dataset_alias_example_alias_producer', 'dataset_s3_bucket_producer', 'dataset_alias_example_alias_consumer' retrieved from /usr/local/python/3.12.1/lib/python3.12/site-packages/airflow/example_dags/example_dataset_alias.py
[2024-10-20T05:45:39.154+0000] {logging_mixin.py:190} INFO - [2024-10-20T05:45:39.154+0000] {dag.py:3239} INFO - Sync 4 DAGs
[2024-10-20T05:45:39.169+0000] {logging_mixin.py:190} INFO - [2024-10-20T05:45:39.169+0000] {dag.py:4180} INFO - Setting next_dagrun for dataset_alias_example_alias_consumer to None, run_after=None
[2024-10-20T05:45:39.171+0000] {logging_mixin.py:190} INFO - [2024-10-20T05:45:39.171+0000] {dag.py:4180} INFO - Setting next_dagrun for dataset_alias_example_alias_producer to None, run_after=None
[2024-10-20T05:45:39.171+0000] {logging_mixin.py:190} INFO - [2024-10-20T05:45:39.171+0000] {dag.py:4180} INFO - Setting next_dagrun for dataset_s3_bucket_consumer to None, run_after=None
[2024-10-20T05:45:39.172+0000] {logging_mixin.py:190} INFO - [2024-10-20T05:45:39.172+0000] {dag.py:4180} INFO - Setting next_dagrun for dataset_s3_bucket_producer to None, run_after=None
[2024-10-20T05:45:39.207+0000] {processor.py:208} INFO - Processing /usr/local/python/3.12.1/lib/python3.12/site-packages/airflow/example_dags/example_dataset_alias.py took 0.092 seconds
[2024-10-20T05:46:34.744+0000] {processor.py:186} INFO - Started process (PID=11134) to work on /usr/local/python/3.12.1/lib/python3.12/site-packages/airflow/example_dags/example_dataset_alias.py
[2024-10-20T05:46:34.745+0000] {processor.py:914} INFO - Processing file /usr/local/python/3.12.1/lib/python3.12/site-packages/airflow/example_dags/example_dataset_alias.py for tasks to queue
[2024-10-20T05:46:34.746+0000] {logging_mixin.py:190} INFO - [2024-10-20T05:46:34.746+0000] {dagbag.py:588} INFO - Filling up the DagBag from /usr/local/python/3.12.1/lib/python3.12/site-packages/airflow/example_dags/example_dataset_alias.py
[2024-10-20T05:46:34.762+0000] {processor.py:925} INFO - DAG(s) 'dataset_s3_bucket_producer', 'dataset_alias_example_alias_producer', 'dataset_s3_bucket_consumer', 'dataset_alias_example_alias_consumer' retrieved from /usr/local/python/3.12.1/lib/python3.12/site-packages/airflow/example_dags/example_dataset_alias.py
[2024-10-20T05:46:34.776+0000] {logging_mixin.py:190} INFO - [2024-10-20T05:46:34.776+0000] {dag.py:3239} INFO - Sync 4 DAGs
[2024-10-20T05:46:34.791+0000] {logging_mixin.py:190} INFO - [2024-10-20T05:46:34.790+0000] {dag.py:4180} INFO - Setting next_dagrun for dataset_alias_example_alias_consumer to None, run_after=None
[2024-10-20T05:46:34.793+0000] {logging_mixin.py:190} INFO - [2024-10-20T05:46:34.793+0000] {dag.py:4180} INFO - Setting next_dagrun for dataset_alias_example_alias_producer to None, run_after=None
[2024-10-20T05:46:34.794+0000] {logging_mixin.py:190} INFO - [2024-10-20T05:46:34.793+0000] {dag.py:4180} INFO - Setting next_dagrun for dataset_s3_bucket_consumer to None, run_after=None
[2024-10-20T05:46:34.794+0000] {logging_mixin.py:190} INFO - [2024-10-20T05:46:34.794+0000] {dag.py:4180} INFO - Setting next_dagrun for dataset_s3_bucket_producer to None, run_after=None
[2024-10-20T05:46:34.827+0000] {processor.py:208} INFO - Processing /usr/local/python/3.12.1/lib/python3.12/site-packages/airflow/example_dags/example_dataset_alias.py took 0.086 seconds
[2024-10-20T05:47:31.085+0000] {processor.py:186} INFO - Started process (PID=11587) to work on /usr/local/python/3.12.1/lib/python3.12/site-packages/airflow/example_dags/example_dataset_alias.py
[2024-10-20T05:47:31.086+0000] {processor.py:914} INFO - Processing file /usr/local/python/3.12.1/lib/python3.12/site-packages/airflow/example_dags/example_dataset_alias.py for tasks to queue
[2024-10-20T05:47:31.087+0000] {logging_mixin.py:190} INFO - [2024-10-20T05:47:31.087+0000] {dagbag.py:588} INFO - Filling up the DagBag from /usr/local/python/3.12.1/lib/python3.12/site-packages/airflow/example_dags/example_dataset_alias.py
[2024-10-20T05:47:31.106+0000] {processor.py:925} INFO - DAG(s) 'dataset_s3_bucket_consumer', 'dataset_alias_example_alias_producer', 'dataset_s3_bucket_producer', 'dataset_alias_example_alias_consumer' retrieved from /usr/local/python/3.12.1/lib/python3.12/site-packages/airflow/example_dags/example_dataset_alias.py
[2024-10-20T05:47:31.121+0000] {logging_mixin.py:190} INFO - [2024-10-20T05:47:31.121+0000] {dag.py:3239} INFO - Sync 4 DAGs
[2024-10-20T05:47:31.137+0000] {logging_mixin.py:190} INFO - [2024-10-20T05:47:31.136+0000] {dag.py:4180} INFO - Setting next_dagrun for dataset_alias_example_alias_consumer to None, run_after=None
[2024-10-20T05:47:31.138+0000] {logging_mixin.py:190} INFO - [2024-10-20T05:47:31.138+0000] {dag.py:4180} INFO - Setting next_dagrun for dataset_alias_example_alias_producer to None, run_after=None
[2024-10-20T05:47:31.139+0000] {logging_mixin.py:190} INFO - [2024-10-20T05:47:31.139+0000] {dag.py:4180} INFO - Setting next_dagrun for dataset_s3_bucket_consumer to None, run_after=None
[2024-10-20T05:47:31.140+0000] {logging_mixin.py:190} INFO - [2024-10-20T05:47:31.140+0000] {dag.py:4180} INFO - Setting next_dagrun for dataset_s3_bucket_producer to None, run_after=None
[2024-10-20T05:47:31.181+0000] {processor.py:208} INFO - Processing /usr/local/python/3.12.1/lib/python3.12/site-packages/airflow/example_dags/example_dataset_alias.py took 0.100 seconds
[2024-10-20T05:48:21.845+0000] {processor.py:186} INFO - Started process (PID=12004) to work on /usr/local/python/3.12.1/lib/python3.12/site-packages/airflow/example_dags/example_dataset_alias.py
[2024-10-20T05:48:21.845+0000] {processor.py:914} INFO - Processing file /usr/local/python/3.12.1/lib/python3.12/site-packages/airflow/example_dags/example_dataset_alias.py for tasks to queue
[2024-10-20T05:48:21.847+0000] {logging_mixin.py:190} INFO - [2024-10-20T05:48:21.847+0000] {dagbag.py:588} INFO - Filling up the DagBag from /usr/local/python/3.12.1/lib/python3.12/site-packages/airflow/example_dags/example_dataset_alias.py
[2024-10-20T05:48:21.867+0000] {processor.py:925} INFO - DAG(s) 'dataset_s3_bucket_consumer', 'dataset_alias_example_alias_producer', 'dataset_alias_example_alias_consumer', 'dataset_s3_bucket_producer' retrieved from /usr/local/python/3.12.1/lib/python3.12/site-packages/airflow/example_dags/example_dataset_alias.py
[2024-10-20T05:48:21.883+0000] {logging_mixin.py:190} INFO - [2024-10-20T05:48:21.883+0000] {dag.py:3239} INFO - Sync 4 DAGs
[2024-10-20T05:48:21.900+0000] {logging_mixin.py:190} INFO - [2024-10-20T05:48:21.899+0000] {dag.py:4180} INFO - Setting next_dagrun for dataset_alias_example_alias_consumer to None, run_after=None
[2024-10-20T05:48:21.901+0000] {logging_mixin.py:190} INFO - [2024-10-20T05:48:21.901+0000] {dag.py:4180} INFO - Setting next_dagrun for dataset_alias_example_alias_producer to None, run_after=None
[2024-10-20T05:48:21.902+0000] {logging_mixin.py:190} INFO - [2024-10-20T05:48:21.902+0000] {dag.py:4180} INFO - Setting next_dagrun for dataset_s3_bucket_consumer to None, run_after=None
[2024-10-20T05:48:21.903+0000] {logging_mixin.py:190} INFO - [2024-10-20T05:48:21.903+0000] {dag.py:4180} INFO - Setting next_dagrun for dataset_s3_bucket_producer to None, run_after=None
[2024-10-20T05:48:21.945+0000] {processor.py:208} INFO - Processing /usr/local/python/3.12.1/lib/python3.12/site-packages/airflow/example_dags/example_dataset_alias.py took 0.106 seconds
[2024-10-20T05:49:13.801+0000] {processor.py:186} INFO - Started process (PID=12454) to work on /usr/local/python/3.12.1/lib/python3.12/site-packages/airflow/example_dags/example_dataset_alias.py
[2024-10-20T05:49:13.802+0000] {processor.py:914} INFO - Processing file /usr/local/python/3.12.1/lib/python3.12/site-packages/airflow/example_dags/example_dataset_alias.py for tasks to queue
[2024-10-20T05:49:13.803+0000] {logging_mixin.py:190} INFO - [2024-10-20T05:49:13.803+0000] {dagbag.py:588} INFO - Filling up the DagBag from /usr/local/python/3.12.1/lib/python3.12/site-packages/airflow/example_dags/example_dataset_alias.py
[2024-10-20T05:49:13.820+0000] {processor.py:925} INFO - DAG(s) 'dataset_s3_bucket_consumer', 'dataset_s3_bucket_producer', 'dataset_alias_example_alias_consumer', 'dataset_alias_example_alias_producer' retrieved from /usr/local/python/3.12.1/lib/python3.12/site-packages/airflow/example_dags/example_dataset_alias.py
[2024-10-20T05:49:13.834+0000] {logging_mixin.py:190} INFO - [2024-10-20T05:49:13.834+0000] {dag.py:3239} INFO - Sync 4 DAGs
[2024-10-20T05:49:13.849+0000] {logging_mixin.py:190} INFO - [2024-10-20T05:49:13.849+0000] {dag.py:4180} INFO - Setting next_dagrun for dataset_alias_example_alias_consumer to None, run_after=None
[2024-10-20T05:49:13.850+0000] {logging_mixin.py:190} INFO - [2024-10-20T05:49:13.850+0000] {dag.py:4180} INFO - Setting next_dagrun for dataset_alias_example_alias_producer to None, run_after=None
[2024-10-20T05:49:13.851+0000] {logging_mixin.py:190} INFO - [2024-10-20T05:49:13.851+0000] {dag.py:4180} INFO - Setting next_dagrun for dataset_s3_bucket_consumer to None, run_after=None
[2024-10-20T05:49:13.852+0000] {logging_mixin.py:190} INFO - [2024-10-20T05:49:13.852+0000] {dag.py:4180} INFO - Setting next_dagrun for dataset_s3_bucket_producer to None, run_after=None
[2024-10-20T05:49:13.897+0000] {processor.py:208} INFO - Processing /usr/local/python/3.12.1/lib/python3.12/site-packages/airflow/example_dags/example_dataset_alias.py took 0.101 seconds
[2024-10-20T05:50:11.170+0000] {processor.py:186} INFO - Started process (PID=13031) to work on /usr/local/python/3.12.1/lib/python3.12/site-packages/airflow/example_dags/example_dataset_alias.py
[2024-10-20T05:50:11.171+0000] {processor.py:914} INFO - Processing file /usr/local/python/3.12.1/lib/python3.12/site-packages/airflow/example_dags/example_dataset_alias.py for tasks to queue
[2024-10-20T05:50:11.174+0000] {logging_mixin.py:190} INFO - [2024-10-20T05:50:11.173+0000] {dagbag.py:588} INFO - Filling up the DagBag from /usr/local/python/3.12.1/lib/python3.12/site-packages/airflow/example_dags/example_dataset_alias.py
[2024-10-20T05:50:11.193+0000] {processor.py:925} INFO - DAG(s) 'dataset_alias_example_alias_producer', 'dataset_s3_bucket_consumer', 'dataset_alias_example_alias_consumer', 'dataset_s3_bucket_producer' retrieved from /usr/local/python/3.12.1/lib/python3.12/site-packages/airflow/example_dags/example_dataset_alias.py
[2024-10-20T05:50:11.209+0000] {logging_mixin.py:190} INFO - [2024-10-20T05:50:11.208+0000] {dag.py:3239} INFO - Sync 4 DAGs
[2024-10-20T05:50:11.224+0000] {logging_mixin.py:190} INFO - [2024-10-20T05:50:11.224+0000] {dag.py:4180} INFO - Setting next_dagrun for dataset_alias_example_alias_consumer to None, run_after=None
[2024-10-20T05:50:11.226+0000] {logging_mixin.py:190} INFO - [2024-10-20T05:50:11.226+0000] {dag.py:4180} INFO - Setting next_dagrun for dataset_alias_example_alias_producer to None, run_after=None
[2024-10-20T05:50:11.228+0000] {logging_mixin.py:190} INFO - [2024-10-20T05:50:11.228+0000] {dag.py:4180} INFO - Setting next_dagrun for dataset_s3_bucket_consumer to None, run_after=None
[2024-10-20T05:50:11.228+0000] {logging_mixin.py:190} INFO - [2024-10-20T05:50:11.228+0000] {dag.py:4180} INFO - Setting next_dagrun for dataset_s3_bucket_producer to None, run_after=None
[2024-10-20T05:50:11.265+0000] {processor.py:208} INFO - Processing /usr/local/python/3.12.1/lib/python3.12/site-packages/airflow/example_dags/example_dataset_alias.py took 0.101 seconds
