[2024-10-20T05:44:59.606+0000] {processor.py:186} INFO - Started process (PID=9768) to work on /usr/local/python/3.12.1/lib/python3.12/site-packages/airflow/example_dags/example_branch_datetime_operator.py
[2024-10-20T05:44:59.607+0000] {processor.py:914} INFO - Processing file /usr/local/python/3.12.1/lib/python3.12/site-packages/airflow/example_dags/example_branch_datetime_operator.py for tasks to queue
[2024-10-20T05:44:59.609+0000] {logging_mixin.py:190} INFO - [2024-10-20T05:44:59.608+0000] {dagbag.py:588} INFO - Filling up the DagBag from /usr/local/python/3.12.1/lib/python3.12/site-packages/airflow/example_dags/example_branch_datetime_operator.py
[2024-10-20T05:44:59.617+0000] {processor.py:925} INFO - DAG(s) 'example_branch_datetime_operator_2', 'example_branch_datetime_operator', 'example_branch_datetime_operator_3' retrieved from /usr/local/python/3.12.1/lib/python3.12/site-packages/airflow/example_dags/example_branch_datetime_operator.py
[2024-10-20T05:44:59.735+0000] {logging_mixin.py:190} INFO - [2024-10-20T05:44:59.734+0000] {override.py:1900} INFO - Created Permission View: can delete on DAG:example_branch_datetime_operator_2
[2024-10-20T05:44:59.766+0000] {logging_mixin.py:190} INFO - [2024-10-20T05:44:59.765+0000] {override.py:1900} INFO - Created Permission View: can edit on DAG:example_branch_datetime_operator_2
[2024-10-20T05:44:59.788+0000] {logging_mixin.py:190} INFO - [2024-10-20T05:44:59.788+0000] {override.py:1900} INFO - Created Permission View: can read on DAG:example_branch_datetime_operator_2
[2024-10-20T05:44:59.837+0000] {logging_mixin.py:190} INFO - [2024-10-20T05:44:59.836+0000] {override.py:1900} INFO - Created Permission View: can delete on DAG Run:example_branch_datetime_operator_2
[2024-10-20T05:44:59.861+0000] {logging_mixin.py:190} INFO - [2024-10-20T05:44:59.860+0000] {override.py:1900} INFO - Created Permission View: can create on DAG Run:example_branch_datetime_operator_2
[2024-10-20T05:44:59.929+0000] {logging_mixin.py:190} INFO - [2024-10-20T05:44:59.928+0000] {override.py:1900} INFO - Created Permission View: menu access on DAG Run:example_branch_datetime_operator_2
[2024-10-20T05:44:59.958+0000] {logging_mixin.py:190} INFO - [2024-10-20T05:44:59.958+0000] {override.py:1900} INFO - Created Permission View: can read on DAG Run:example_branch_datetime_operator_2
[2024-10-20T05:45:00.015+0000] {logging_mixin.py:190} INFO - [2024-10-20T05:45:00.014+0000] {override.py:1900} INFO - Created Permission View: can delete on DAG:example_branch_datetime_operator
[2024-10-20T05:45:00.046+0000] {logging_mixin.py:190} INFO - [2024-10-20T05:45:00.046+0000] {override.py:1900} INFO - Created Permission View: can edit on DAG:example_branch_datetime_operator
[2024-10-20T05:45:00.072+0000] {logging_mixin.py:190} INFO - [2024-10-20T05:45:00.072+0000] {override.py:1900} INFO - Created Permission View: can read on DAG:example_branch_datetime_operator
[2024-10-20T05:45:00.117+0000] {logging_mixin.py:190} INFO - [2024-10-20T05:45:00.116+0000] {override.py:1900} INFO - Created Permission View: can delete on DAG Run:example_branch_datetime_operator
[2024-10-20T05:45:00.153+0000] {logging_mixin.py:190} INFO - [2024-10-20T05:45:00.153+0000] {override.py:1900} INFO - Created Permission View: can create on DAG Run:example_branch_datetime_operator
[2024-10-20T05:45:00.190+0000] {logging_mixin.py:190} INFO - [2024-10-20T05:45:00.189+0000] {override.py:1900} INFO - Created Permission View: menu access on DAG Run:example_branch_datetime_operator
[2024-10-20T05:45:00.216+0000] {logging_mixin.py:190} INFO - [2024-10-20T05:45:00.216+0000] {override.py:1900} INFO - Created Permission View: can read on DAG Run:example_branch_datetime_operator
[2024-10-20T05:45:00.275+0000] {logging_mixin.py:190} INFO - [2024-10-20T05:45:00.275+0000] {override.py:1900} INFO - Created Permission View: can delete on DAG:example_branch_datetime_operator_3
[2024-10-20T05:45:00.296+0000] {logging_mixin.py:190} INFO - [2024-10-20T05:45:00.296+0000] {override.py:1900} INFO - Created Permission View: can edit on DAG:example_branch_datetime_operator_3
[2024-10-20T05:45:00.325+0000] {logging_mixin.py:190} INFO - [2024-10-20T05:45:00.325+0000] {override.py:1900} INFO - Created Permission View: can read on DAG:example_branch_datetime_operator_3
[2024-10-20T05:45:00.366+0000] {logging_mixin.py:190} INFO - [2024-10-20T05:45:00.366+0000] {override.py:1900} INFO - Created Permission View: can delete on DAG Run:example_branch_datetime_operator_3
[2024-10-20T05:45:00.405+0000] {logging_mixin.py:190} INFO - [2024-10-20T05:45:00.405+0000] {override.py:1900} INFO - Created Permission View: can create on DAG Run:example_branch_datetime_operator_3
[2024-10-20T05:45:00.442+0000] {logging_mixin.py:190} INFO - [2024-10-20T05:45:00.442+0000] {override.py:1900} INFO - Created Permission View: menu access on DAG Run:example_branch_datetime_operator_3
[2024-10-20T05:45:00.465+0000] {logging_mixin.py:190} INFO - [2024-10-20T05:45:00.465+0000] {override.py:1900} INFO - Created Permission View: can read on DAG Run:example_branch_datetime_operator_3
[2024-10-20T05:45:00.466+0000] {logging_mixin.py:190} INFO - [2024-10-20T05:45:00.465+0000] {dag.py:3239} INFO - Sync 3 DAGs
[2024-10-20T05:45:00.480+0000] {logging_mixin.py:190} INFO - [2024-10-20T05:45:00.479+0000] {dag.py:3262} INFO - Creating ORM DAG for example_branch_datetime_operator_3
[2024-10-20T05:45:00.480+0000] {logging_mixin.py:190} INFO - [2024-10-20T05:45:00.480+0000] {dag.py:3262} INFO - Creating ORM DAG for example_branch_datetime_operator
[2024-10-20T05:45:00.481+0000] {logging_mixin.py:190} INFO - [2024-10-20T05:45:00.481+0000] {dag.py:3262} INFO - Creating ORM DAG for example_branch_datetime_operator_2
[2024-10-20T05:45:00.491+0000] {logging_mixin.py:190} INFO - [2024-10-20T05:45:00.491+0000] {dag.py:4180} INFO - Setting next_dagrun for example_branch_datetime_operator to 2024-10-19 00:00:00+00:00, run_after=2024-10-20 00:00:00+00:00
[2024-10-20T05:45:00.493+0000] {logging_mixin.py:190} INFO - [2024-10-20T05:45:00.493+0000] {dag.py:4180} INFO - Setting next_dagrun for example_branch_datetime_operator_2 to 2024-10-19 00:00:00+00:00, run_after=2024-10-20 00:00:00+00:00
[2024-10-20T05:45:00.494+0000] {logging_mixin.py:190} INFO - [2024-10-20T05:45:00.494+0000] {dag.py:4180} INFO - Setting next_dagrun for example_branch_datetime_operator_3 to 2024-10-19 00:00:00+00:00, run_after=2024-10-20 00:00:00+00:00
[2024-10-20T05:45:00.532+0000] {processor.py:208} INFO - Processing /usr/local/python/3.12.1/lib/python3.12/site-packages/airflow/example_dags/example_branch_datetime_operator.py took 0.930 seconds
[2024-10-20T05:45:57.334+0000] {processor.py:186} INFO - Started process (PID=10814) to work on /usr/local/python/3.12.1/lib/python3.12/site-packages/airflow/example_dags/example_branch_datetime_operator.py
[2024-10-20T05:45:57.335+0000] {processor.py:914} INFO - Processing file /usr/local/python/3.12.1/lib/python3.12/site-packages/airflow/example_dags/example_branch_datetime_operator.py for tasks to queue
[2024-10-20T05:45:57.337+0000] {logging_mixin.py:190} INFO - [2024-10-20T05:45:57.337+0000] {dagbag.py:588} INFO - Filling up the DagBag from /usr/local/python/3.12.1/lib/python3.12/site-packages/airflow/example_dags/example_branch_datetime_operator.py
[2024-10-20T05:45:57.348+0000] {processor.py:925} INFO - DAG(s) 'example_branch_datetime_operator_2', 'example_branch_datetime_operator_3', 'example_branch_datetime_operator' retrieved from /usr/local/python/3.12.1/lib/python3.12/site-packages/airflow/example_dags/example_branch_datetime_operator.py
[2024-10-20T05:45:57.364+0000] {logging_mixin.py:190} INFO - [2024-10-20T05:45:57.364+0000] {dag.py:3239} INFO - Sync 3 DAGs
[2024-10-20T05:45:57.381+0000] {logging_mixin.py:190} INFO - [2024-10-20T05:45:57.381+0000] {dag.py:4180} INFO - Setting next_dagrun for example_branch_datetime_operator to 2024-10-19 00:00:00+00:00, run_after=2024-10-20 00:00:00+00:00
[2024-10-20T05:45:57.385+0000] {logging_mixin.py:190} INFO - [2024-10-20T05:45:57.384+0000] {dag.py:4180} INFO - Setting next_dagrun for example_branch_datetime_operator_2 to 2024-10-19 00:00:00+00:00, run_after=2024-10-20 00:00:00+00:00
[2024-10-20T05:45:57.387+0000] {logging_mixin.py:190} INFO - [2024-10-20T05:45:57.387+0000] {dag.py:4180} INFO - Setting next_dagrun for example_branch_datetime_operator_3 to 2024-10-19 00:00:00+00:00, run_after=2024-10-20 00:00:00+00:00
[2024-10-20T05:45:57.422+0000] {processor.py:208} INFO - Processing /usr/local/python/3.12.1/lib/python3.12/site-packages/airflow/example_dags/example_branch_datetime_operator.py took 0.093 seconds
[2024-10-20T05:47:13.083+0000] {processor.py:186} INFO - Started process (PID=11401) to work on /usr/local/python/3.12.1/lib/python3.12/site-packages/airflow/example_dags/example_branch_datetime_operator.py
[2024-10-20T05:47:13.084+0000] {processor.py:914} INFO - Processing file /usr/local/python/3.12.1/lib/python3.12/site-packages/airflow/example_dags/example_branch_datetime_operator.py for tasks to queue
[2024-10-20T05:47:13.085+0000] {logging_mixin.py:190} INFO - [2024-10-20T05:47:13.085+0000] {dagbag.py:588} INFO - Filling up the DagBag from /usr/local/python/3.12.1/lib/python3.12/site-packages/airflow/example_dags/example_branch_datetime_operator.py
[2024-10-20T05:47:13.094+0000] {processor.py:925} INFO - DAG(s) 'example_branch_datetime_operator', 'example_branch_datetime_operator_2', 'example_branch_datetime_operator_3' retrieved from /usr/local/python/3.12.1/lib/python3.12/site-packages/airflow/example_dags/example_branch_datetime_operator.py
[2024-10-20T05:47:13.109+0000] {logging_mixin.py:190} INFO - [2024-10-20T05:47:13.108+0000] {dag.py:3239} INFO - Sync 3 DAGs
[2024-10-20T05:47:13.129+0000] {logging_mixin.py:190} INFO - [2024-10-20T05:47:13.129+0000] {dag.py:4180} INFO - Setting next_dagrun for example_branch_datetime_operator to 2024-10-19 00:00:00+00:00, run_after=2024-10-20 00:00:00+00:00
[2024-10-20T05:47:13.132+0000] {logging_mixin.py:190} INFO - [2024-10-20T05:47:13.132+0000] {dag.py:4180} INFO - Setting next_dagrun for example_branch_datetime_operator_2 to 2024-10-19 00:00:00+00:00, run_after=2024-10-20 00:00:00+00:00
[2024-10-20T05:47:13.134+0000] {logging_mixin.py:190} INFO - [2024-10-20T05:47:13.134+0000] {dag.py:4180} INFO - Setting next_dagrun for example_branch_datetime_operator_3 to 2024-10-19 00:00:00+00:00, run_after=2024-10-20 00:00:00+00:00
[2024-10-20T05:47:13.160+0000] {processor.py:208} INFO - Processing /usr/local/python/3.12.1/lib/python3.12/site-packages/airflow/example_dags/example_branch_datetime_operator.py took 0.081 seconds
[2024-10-20T05:48:29.737+0000] {processor.py:186} INFO - Started process (PID=12096) to work on /usr/local/python/3.12.1/lib/python3.12/site-packages/airflow/example_dags/example_branch_datetime_operator.py
[2024-10-20T05:48:29.738+0000] {processor.py:914} INFO - Processing file /usr/local/python/3.12.1/lib/python3.12/site-packages/airflow/example_dags/example_branch_datetime_operator.py for tasks to queue
[2024-10-20T05:48:29.739+0000] {logging_mixin.py:190} INFO - [2024-10-20T05:48:29.739+0000] {dagbag.py:588} INFO - Filling up the DagBag from /usr/local/python/3.12.1/lib/python3.12/site-packages/airflow/example_dags/example_branch_datetime_operator.py
[2024-10-20T05:48:29.749+0000] {processor.py:925} INFO - DAG(s) 'example_branch_datetime_operator_2', 'example_branch_datetime_operator_3', 'example_branch_datetime_operator' retrieved from /usr/local/python/3.12.1/lib/python3.12/site-packages/airflow/example_dags/example_branch_datetime_operator.py
[2024-10-20T05:48:29.764+0000] {logging_mixin.py:190} INFO - [2024-10-20T05:48:29.764+0000] {dag.py:3239} INFO - Sync 3 DAGs
[2024-10-20T05:48:29.780+0000] {logging_mixin.py:190} INFO - [2024-10-20T05:48:29.780+0000] {dag.py:4180} INFO - Setting next_dagrun for example_branch_datetime_operator to 2024-10-19 00:00:00+00:00, run_after=2024-10-20 00:00:00+00:00
[2024-10-20T05:48:29.784+0000] {logging_mixin.py:190} INFO - [2024-10-20T05:48:29.784+0000] {dag.py:4180} INFO - Setting next_dagrun for example_branch_datetime_operator_2 to 2024-10-19 00:00:00+00:00, run_after=2024-10-20 00:00:00+00:00
[2024-10-20T05:48:29.786+0000] {logging_mixin.py:190} INFO - [2024-10-20T05:48:29.785+0000] {dag.py:4180} INFO - Setting next_dagrun for example_branch_datetime_operator_3 to 2024-10-19 00:00:00+00:00, run_after=2024-10-20 00:00:00+00:00
[2024-10-20T05:48:29.821+0000] {processor.py:208} INFO - Processing /usr/local/python/3.12.1/lib/python3.12/site-packages/airflow/example_dags/example_branch_datetime_operator.py took 0.088 seconds
[2024-10-20T05:49:52.214+0000] {processor.py:186} INFO - Started process (PID=12790) to work on /usr/local/python/3.12.1/lib/python3.12/site-packages/airflow/example_dags/example_branch_datetime_operator.py
[2024-10-20T05:49:52.214+0000] {processor.py:914} INFO - Processing file /usr/local/python/3.12.1/lib/python3.12/site-packages/airflow/example_dags/example_branch_datetime_operator.py for tasks to queue
[2024-10-20T05:49:52.216+0000] {logging_mixin.py:190} INFO - [2024-10-20T05:49:52.216+0000] {dagbag.py:588} INFO - Filling up the DagBag from /usr/local/python/3.12.1/lib/python3.12/site-packages/airflow/example_dags/example_branch_datetime_operator.py
[2024-10-20T05:49:52.225+0000] {processor.py:925} INFO - DAG(s) 'example_branch_datetime_operator_3', 'example_branch_datetime_operator_2', 'example_branch_datetime_operator' retrieved from /usr/local/python/3.12.1/lib/python3.12/site-packages/airflow/example_dags/example_branch_datetime_operator.py
[2024-10-20T05:49:52.240+0000] {logging_mixin.py:190} INFO - [2024-10-20T05:49:52.240+0000] {dag.py:3239} INFO - Sync 3 DAGs
[2024-10-20T05:49:52.256+0000] {logging_mixin.py:190} INFO - [2024-10-20T05:49:52.255+0000] {dag.py:4180} INFO - Setting next_dagrun for example_branch_datetime_operator to 2024-10-19 00:00:00+00:00, run_after=2024-10-20 00:00:00+00:00
[2024-10-20T05:49:52.259+0000] {logging_mixin.py:190} INFO - [2024-10-20T05:49:52.259+0000] {dag.py:4180} INFO - Setting next_dagrun for example_branch_datetime_operator_2 to 2024-10-19 00:00:00+00:00, run_after=2024-10-20 00:00:00+00:00
[2024-10-20T05:49:52.261+0000] {logging_mixin.py:190} INFO - [2024-10-20T05:49:52.261+0000] {dag.py:4180} INFO - Setting next_dagrun for example_branch_datetime_operator_3 to 2024-10-19 00:00:00+00:00, run_after=2024-10-20 00:00:00+00:00
[2024-10-20T05:49:52.747+0000] {processor.py:208} INFO - Processing /usr/local/python/3.12.1/lib/python3.12/site-packages/airflow/example_dags/example_branch_datetime_operator.py took 0.537 seconds
