[2024-10-20T05:44:38.125+0000] {processor.py:186} INFO - Started process (PID=9571) to work on /usr/local/python/3.12.1/lib/python3.12/site-packages/airflow/example_dags/example_branch_day_of_week_operator.py
[2024-10-20T05:44:38.126+0000] {processor.py:914} INFO - Processing file /usr/local/python/3.12.1/lib/python3.12/site-packages/airflow/example_dags/example_branch_day_of_week_operator.py for tasks to queue
[2024-10-20T05:44:38.127+0000] {logging_mixin.py:190} INFO - [2024-10-20T05:44:38.127+0000] {dagbag.py:588} INFO - Filling up the DagBag from /usr/local/python/3.12.1/lib/python3.12/site-packages/airflow/example_dags/example_branch_day_of_week_operator.py
[2024-10-20T05:44:38.135+0000] {processor.py:925} INFO - DAG(s) 'example_weekday_branch_operator' retrieved from /usr/local/python/3.12.1/lib/python3.12/site-packages/airflow/example_dags/example_branch_day_of_week_operator.py
[2024-10-20T05:44:38.268+0000] {logging_mixin.py:190} INFO - [2024-10-20T05:44:38.268+0000] {override.py:1900} INFO - Created Permission View: can delete on DAG:example_weekday_branch_operator
[2024-10-20T05:44:38.298+0000] {logging_mixin.py:190} INFO - [2024-10-20T05:44:38.297+0000] {override.py:1900} INFO - Created Permission View: can edit on DAG:example_weekday_branch_operator
[2024-10-20T05:44:38.330+0000] {logging_mixin.py:190} INFO - [2024-10-20T05:44:38.329+0000] {override.py:1900} INFO - Created Permission View: can read on DAG:example_weekday_branch_operator
[2024-10-20T05:44:38.369+0000] {logging_mixin.py:190} INFO - [2024-10-20T05:44:38.369+0000] {override.py:1900} INFO - Created Permission View: can delete on DAG Run:example_weekday_branch_operator
[2024-10-20T05:44:38.393+0000] {logging_mixin.py:190} INFO - [2024-10-20T05:44:38.393+0000] {override.py:1900} INFO - Created Permission View: can create on DAG Run:example_weekday_branch_operator
[2024-10-20T05:44:38.414+0000] {logging_mixin.py:190} INFO - [2024-10-20T05:44:38.414+0000] {override.py:1900} INFO - Created Permission View: menu access on DAG Run:example_weekday_branch_operator
[2024-10-20T05:44:38.437+0000] {logging_mixin.py:190} INFO - [2024-10-20T05:44:38.437+0000] {override.py:1900} INFO - Created Permission View: can read on DAG Run:example_weekday_branch_operator
[2024-10-20T05:44:38.438+0000] {logging_mixin.py:190} INFO - [2024-10-20T05:44:38.437+0000] {dag.py:3239} INFO - Sync 1 DAGs
[2024-10-20T05:44:38.447+0000] {logging_mixin.py:190} INFO - [2024-10-20T05:44:38.447+0000] {dag.py:3262} INFO - Creating ORM DAG for example_weekday_branch_operator
[2024-10-20T05:44:38.455+0000] {logging_mixin.py:190} INFO - [2024-10-20T05:44:38.455+0000] {dag.py:4180} INFO - Setting next_dagrun for example_weekday_branch_operator to 2024-10-19 00:00:00+00:00, run_after=2024-10-20 00:00:00+00:00
[2024-10-20T05:44:38.488+0000] {processor.py:208} INFO - Processing /usr/local/python/3.12.1/lib/python3.12/site-packages/airflow/example_dags/example_branch_day_of_week_operator.py took 0.367 seconds
[2024-10-20T05:45:41.818+0000] {processor.py:186} INFO - Started process (PID=10715) to work on /usr/local/python/3.12.1/lib/python3.12/site-packages/airflow/example_dags/example_branch_day_of_week_operator.py
[2024-10-20T05:45:41.819+0000] {processor.py:914} INFO - Processing file /usr/local/python/3.12.1/lib/python3.12/site-packages/airflow/example_dags/example_branch_day_of_week_operator.py for tasks to queue
[2024-10-20T05:45:41.820+0000] {logging_mixin.py:190} INFO - [2024-10-20T05:45:41.820+0000] {dagbag.py:588} INFO - Filling up the DagBag from /usr/local/python/3.12.1/lib/python3.12/site-packages/airflow/example_dags/example_branch_day_of_week_operator.py
[2024-10-20T05:45:41.828+0000] {processor.py:925} INFO - DAG(s) 'example_weekday_branch_operator' retrieved from /usr/local/python/3.12.1/lib/python3.12/site-packages/airflow/example_dags/example_branch_day_of_week_operator.py
[2024-10-20T05:45:41.841+0000] {logging_mixin.py:190} INFO - [2024-10-20T05:45:41.841+0000] {dag.py:3239} INFO - Sync 1 DAGs
[2024-10-20T05:45:41.858+0000] {logging_mixin.py:190} INFO - [2024-10-20T05:45:41.858+0000] {dag.py:4180} INFO - Setting next_dagrun for example_weekday_branch_operator to 2024-10-19 00:00:00+00:00, run_after=2024-10-20 00:00:00+00:00
[2024-10-20T05:45:41.893+0000] {processor.py:208} INFO - Processing /usr/local/python/3.12.1/lib/python3.12/site-packages/airflow/example_dags/example_branch_day_of_week_operator.py took 0.079 seconds
[2024-10-20T05:46:38.247+0000] {processor.py:186} INFO - Started process (PID=11167) to work on /usr/local/python/3.12.1/lib/python3.12/site-packages/airflow/example_dags/example_branch_day_of_week_operator.py
[2024-10-20T05:46:38.248+0000] {processor.py:914} INFO - Processing file /usr/local/python/3.12.1/lib/python3.12/site-packages/airflow/example_dags/example_branch_day_of_week_operator.py for tasks to queue
[2024-10-20T05:46:38.250+0000] {logging_mixin.py:190} INFO - [2024-10-20T05:46:38.249+0000] {dagbag.py:588} INFO - Filling up the DagBag from /usr/local/python/3.12.1/lib/python3.12/site-packages/airflow/example_dags/example_branch_day_of_week_operator.py
[2024-10-20T05:46:38.260+0000] {processor.py:925} INFO - DAG(s) 'example_weekday_branch_operator' retrieved from /usr/local/python/3.12.1/lib/python3.12/site-packages/airflow/example_dags/example_branch_day_of_week_operator.py
[2024-10-20T05:46:38.274+0000] {logging_mixin.py:190} INFO - [2024-10-20T05:46:38.274+0000] {dag.py:3239} INFO - Sync 1 DAGs
[2024-10-20T05:46:38.292+0000] {logging_mixin.py:190} INFO - [2024-10-20T05:46:38.292+0000] {dag.py:4180} INFO - Setting next_dagrun for example_weekday_branch_operator to 2024-10-19 00:00:00+00:00, run_after=2024-10-20 00:00:00+00:00
[2024-10-20T05:46:38.331+0000] {processor.py:208} INFO - Processing /usr/local/python/3.12.1/lib/python3.12/site-packages/airflow/example_dags/example_branch_day_of_week_operator.py took 0.089 seconds
[2024-10-20T05:47:34.045+0000] {processor.py:186} INFO - Started process (PID=11602) to work on /usr/local/python/3.12.1/lib/python3.12/site-packages/airflow/example_dags/example_branch_day_of_week_operator.py
[2024-10-20T05:47:34.045+0000] {processor.py:914} INFO - Processing file /usr/local/python/3.12.1/lib/python3.12/site-packages/airflow/example_dags/example_branch_day_of_week_operator.py for tasks to queue
[2024-10-20T05:47:34.047+0000] {logging_mixin.py:190} INFO - [2024-10-20T05:47:34.047+0000] {dagbag.py:588} INFO - Filling up the DagBag from /usr/local/python/3.12.1/lib/python3.12/site-packages/airflow/example_dags/example_branch_day_of_week_operator.py
[2024-10-20T05:47:34.055+0000] {processor.py:925} INFO - DAG(s) 'example_weekday_branch_operator' retrieved from /usr/local/python/3.12.1/lib/python3.12/site-packages/airflow/example_dags/example_branch_day_of_week_operator.py
[2024-10-20T05:47:34.068+0000] {logging_mixin.py:190} INFO - [2024-10-20T05:47:34.067+0000] {dag.py:3239} INFO - Sync 1 DAGs
[2024-10-20T05:47:34.084+0000] {logging_mixin.py:190} INFO - [2024-10-20T05:47:34.084+0000] {dag.py:4180} INFO - Setting next_dagrun for example_weekday_branch_operator to 2024-10-19 00:00:00+00:00, run_after=2024-10-20 00:00:00+00:00
[2024-10-20T05:47:34.257+0000] {processor.py:208} INFO - Processing /usr/local/python/3.12.1/lib/python3.12/site-packages/airflow/example_dags/example_branch_day_of_week_operator.py took 0.216 seconds
[2024-10-20T05:48:24.570+0000] {processor.py:186} INFO - Started process (PID=12013) to work on /usr/local/python/3.12.1/lib/python3.12/site-packages/airflow/example_dags/example_branch_day_of_week_operator.py
[2024-10-20T05:48:24.571+0000] {processor.py:914} INFO - Processing file /usr/local/python/3.12.1/lib/python3.12/site-packages/airflow/example_dags/example_branch_day_of_week_operator.py for tasks to queue
[2024-10-20T05:48:24.572+0000] {logging_mixin.py:190} INFO - [2024-10-20T05:48:24.572+0000] {dagbag.py:588} INFO - Filling up the DagBag from /usr/local/python/3.12.1/lib/python3.12/site-packages/airflow/example_dags/example_branch_day_of_week_operator.py
[2024-10-20T05:48:24.580+0000] {processor.py:925} INFO - DAG(s) 'example_weekday_branch_operator' retrieved from /usr/local/python/3.12.1/lib/python3.12/site-packages/airflow/example_dags/example_branch_day_of_week_operator.py
[2024-10-20T05:48:24.591+0000] {logging_mixin.py:190} INFO - [2024-10-20T05:48:24.591+0000] {dag.py:3239} INFO - Sync 1 DAGs
[2024-10-20T05:48:24.606+0000] {logging_mixin.py:190} INFO - [2024-10-20T05:48:24.606+0000] {dag.py:4180} INFO - Setting next_dagrun for example_weekday_branch_operator to 2024-10-19 00:00:00+00:00, run_after=2024-10-20 00:00:00+00:00
[2024-10-20T05:48:24.653+0000] {processor.py:208} INFO - Processing /usr/local/python/3.12.1/lib/python3.12/site-packages/airflow/example_dags/example_branch_day_of_week_operator.py took 0.087 seconds
[2024-10-20T05:49:17.557+0000] {processor.py:186} INFO - Started process (PID=12475) to work on /usr/local/python/3.12.1/lib/python3.12/site-packages/airflow/example_dags/example_branch_day_of_week_operator.py
[2024-10-20T05:49:17.558+0000] {processor.py:914} INFO - Processing file /usr/local/python/3.12.1/lib/python3.12/site-packages/airflow/example_dags/example_branch_day_of_week_operator.py for tasks to queue
[2024-10-20T05:49:17.559+0000] {logging_mixin.py:190} INFO - [2024-10-20T05:49:17.559+0000] {dagbag.py:588} INFO - Filling up the DagBag from /usr/local/python/3.12.1/lib/python3.12/site-packages/airflow/example_dags/example_branch_day_of_week_operator.py
[2024-10-20T05:49:17.566+0000] {processor.py:925} INFO - DAG(s) 'example_weekday_branch_operator' retrieved from /usr/local/python/3.12.1/lib/python3.12/site-packages/airflow/example_dags/example_branch_day_of_week_operator.py
[2024-10-20T05:49:17.578+0000] {logging_mixin.py:190} INFO - [2024-10-20T05:49:17.577+0000] {dag.py:3239} INFO - Sync 1 DAGs
[2024-10-20T05:49:17.593+0000] {logging_mixin.py:190} INFO - [2024-10-20T05:49:17.593+0000] {dag.py:4180} INFO - Setting next_dagrun for example_weekday_branch_operator to 2024-10-19 00:00:00+00:00, run_after=2024-10-20 00:00:00+00:00
[2024-10-20T05:49:17.804+0000] {processor.py:208} INFO - Processing /usr/local/python/3.12.1/lib/python3.12/site-packages/airflow/example_dags/example_branch_day_of_week_operator.py took 0.250 seconds
[2024-10-20T05:50:14.031+0000] {processor.py:186} INFO - Started process (PID=13089) to work on /usr/local/python/3.12.1/lib/python3.12/site-packages/airflow/example_dags/example_branch_day_of_week_operator.py
[2024-10-20T05:50:14.032+0000] {processor.py:914} INFO - Processing file /usr/local/python/3.12.1/lib/python3.12/site-packages/airflow/example_dags/example_branch_day_of_week_operator.py for tasks to queue
[2024-10-20T05:50:14.033+0000] {logging_mixin.py:190} INFO - [2024-10-20T05:50:14.033+0000] {dagbag.py:588} INFO - Filling up the DagBag from /usr/local/python/3.12.1/lib/python3.12/site-packages/airflow/example_dags/example_branch_day_of_week_operator.py
[2024-10-20T05:50:14.041+0000] {processor.py:925} INFO - DAG(s) 'example_weekday_branch_operator' retrieved from /usr/local/python/3.12.1/lib/python3.12/site-packages/airflow/example_dags/example_branch_day_of_week_operator.py
[2024-10-20T05:50:14.052+0000] {logging_mixin.py:190} INFO - [2024-10-20T05:50:14.052+0000] {dag.py:3239} INFO - Sync 1 DAGs
[2024-10-20T05:50:14.068+0000] {logging_mixin.py:190} INFO - [2024-10-20T05:50:14.068+0000] {dag.py:4180} INFO - Setting next_dagrun for example_weekday_branch_operator to 2024-10-19 00:00:00+00:00, run_after=2024-10-20 00:00:00+00:00
[2024-10-20T05:50:14.138+0000] {processor.py:208} INFO - Processing /usr/local/python/3.12.1/lib/python3.12/site-packages/airflow/example_dags/example_branch_day_of_week_operator.py took 0.110 seconds
