[2024-10-20T05:43:46.043+0000] {processor.py:186} INFO - Started process (PID=8887) to work on /usr/local/python/3.12.1/lib/python3.12/site-packages/airflow/example_dags/example_xcomargs.py
[2024-10-20T05:43:46.045+0000] {processor.py:914} INFO - Processing file /usr/local/python/3.12.1/lib/python3.12/site-packages/airflow/example_dags/example_xcomargs.py for tasks to queue
[2024-10-20T05:43:46.047+0000] {logging_mixin.py:190} INFO - [2024-10-20T05:43:46.046+0000] {dagbag.py:588} INFO - Filling up the DagBag from /usr/local/python/3.12.1/lib/python3.12/site-packages/airflow/example_dags/example_xcomargs.py
[2024-10-20T05:43:46.054+0000] {processor.py:925} INFO - DAG(s) 'example_xcom_args_with_operators', 'example_xcom_args' retrieved from /usr/local/python/3.12.1/lib/python3.12/site-packages/airflow/example_dags/example_xcomargs.py
[2024-10-20T05:43:46.191+0000] {logging_mixin.py:190} INFO - [2024-10-20T05:43:46.190+0000] {override.py:1900} INFO - Created Permission View: can delete on DAG:example_xcom_args_with_operators
[2024-10-20T05:43:46.230+0000] {logging_mixin.py:190} INFO - [2024-10-20T05:43:46.230+0000] {override.py:1900} INFO - Created Permission View: can edit on DAG:example_xcom_args_with_operators
[2024-10-20T05:43:46.249+0000] {logging_mixin.py:190} INFO - [2024-10-20T05:43:46.249+0000] {override.py:1900} INFO - Created Permission View: can read on DAG:example_xcom_args_with_operators
[2024-10-20T05:43:46.288+0000] {logging_mixin.py:190} INFO - [2024-10-20T05:43:46.288+0000] {override.py:1900} INFO - Created Permission View: can delete on DAG Run:example_xcom_args_with_operators
[2024-10-20T05:43:46.331+0000] {logging_mixin.py:190} INFO - [2024-10-20T05:43:46.331+0000] {override.py:1900} INFO - Created Permission View: can create on DAG Run:example_xcom_args_with_operators
[2024-10-20T05:43:46.354+0000] {logging_mixin.py:190} INFO - [2024-10-20T05:43:46.354+0000] {override.py:1900} INFO - Created Permission View: menu access on DAG Run:example_xcom_args_with_operators
[2024-10-20T05:43:46.373+0000] {logging_mixin.py:190} INFO - [2024-10-20T05:43:46.373+0000] {override.py:1900} INFO - Created Permission View: can read on DAG Run:example_xcom_args_with_operators
[2024-10-20T05:43:46.422+0000] {logging_mixin.py:190} INFO - [2024-10-20T05:43:46.422+0000] {override.py:1900} INFO - Created Permission View: can delete on DAG:example_xcom_args
[2024-10-20T05:43:46.444+0000] {logging_mixin.py:190} INFO - [2024-10-20T05:43:46.444+0000] {override.py:1900} INFO - Created Permission View: can edit on DAG:example_xcom_args
[2024-10-20T05:43:46.467+0000] {logging_mixin.py:190} INFO - [2024-10-20T05:43:46.467+0000] {override.py:1900} INFO - Created Permission View: can read on DAG:example_xcom_args
[2024-10-20T05:43:46.512+0000] {logging_mixin.py:190} INFO - [2024-10-20T05:43:46.512+0000] {override.py:1900} INFO - Created Permission View: can delete on DAG Run:example_xcom_args
[2024-10-20T05:43:46.541+0000] {logging_mixin.py:190} INFO - [2024-10-20T05:43:46.541+0000] {override.py:1900} INFO - Created Permission View: can create on DAG Run:example_xcom_args
[2024-10-20T05:43:46.565+0000] {logging_mixin.py:190} INFO - [2024-10-20T05:43:46.565+0000] {override.py:1900} INFO - Created Permission View: menu access on DAG Run:example_xcom_args
[2024-10-20T05:43:46.586+0000] {logging_mixin.py:190} INFO - [2024-10-20T05:43:46.585+0000] {override.py:1900} INFO - Created Permission View: can read on DAG Run:example_xcom_args
[2024-10-20T05:43:46.586+0000] {logging_mixin.py:190} INFO - [2024-10-20T05:43:46.586+0000] {dag.py:3239} INFO - Sync 2 DAGs
[2024-10-20T05:43:46.595+0000] {logging_mixin.py:190} INFO - [2024-10-20T05:43:46.595+0000] {dag.py:3262} INFO - Creating ORM DAG for example_xcom_args_with_operators
[2024-10-20T05:43:46.595+0000] {logging_mixin.py:190} INFO - [2024-10-20T05:43:46.595+0000] {dag.py:3262} INFO - Creating ORM DAG for example_xcom_args
[2024-10-20T05:43:46.596+0000] {logging_mixin.py:190} INFO - [2024-10-20T05:43:46.596+0000] {dag.py:4180} INFO - Setting next_dagrun for example_xcom_args to None, run_after=None
[2024-10-20T05:43:46.596+0000] {logging_mixin.py:190} INFO - [2024-10-20T05:43:46.596+0000] {dag.py:4180} INFO - Setting next_dagrun for example_xcom_args_with_operators to None, run_after=None
[2024-10-20T05:43:46.643+0000] {processor.py:208} INFO - Processing /usr/local/python/3.12.1/lib/python3.12/site-packages/airflow/example_dags/example_xcomargs.py took 0.607 seconds
[2024-10-20T05:45:07.979+0000] {processor.py:186} INFO - Started process (PID=9834) to work on /usr/local/python/3.12.1/lib/python3.12/site-packages/airflow/example_dags/example_xcomargs.py
[2024-10-20T05:45:07.980+0000] {processor.py:914} INFO - Processing file /usr/local/python/3.12.1/lib/python3.12/site-packages/airflow/example_dags/example_xcomargs.py for tasks to queue
[2024-10-20T05:45:07.982+0000] {logging_mixin.py:190} INFO - [2024-10-20T05:45:07.981+0000] {dagbag.py:588} INFO - Filling up the DagBag from /usr/local/python/3.12.1/lib/python3.12/site-packages/airflow/example_dags/example_xcomargs.py
[2024-10-20T05:45:07.989+0000] {processor.py:925} INFO - DAG(s) 'example_xcom_args_with_operators', 'example_xcom_args' retrieved from /usr/local/python/3.12.1/lib/python3.12/site-packages/airflow/example_dags/example_xcomargs.py
[2024-10-20T05:45:08.003+0000] {logging_mixin.py:190} INFO - [2024-10-20T05:45:08.002+0000] {dag.py:3239} INFO - Sync 2 DAGs
[2024-10-20T05:45:08.013+0000] {logging_mixin.py:190} INFO - [2024-10-20T05:45:08.012+0000] {dag.py:4180} INFO - Setting next_dagrun for example_xcom_args to None, run_after=None
[2024-10-20T05:45:08.016+0000] {logging_mixin.py:190} INFO - [2024-10-20T05:45:08.016+0000] {dag.py:4180} INFO - Setting next_dagrun for example_xcom_args_with_operators to None, run_after=None
[2024-10-20T05:45:08.047+0000] {processor.py:208} INFO - Processing /usr/local/python/3.12.1/lib/python3.12/site-packages/airflow/example_dags/example_xcomargs.py took 0.071 seconds
[2024-10-20T05:46:00.633+0000] {processor.py:186} INFO - Started process (PID=10847) to work on /usr/local/python/3.12.1/lib/python3.12/site-packages/airflow/example_dags/example_xcomargs.py
[2024-10-20T05:46:00.634+0000] {processor.py:914} INFO - Processing file /usr/local/python/3.12.1/lib/python3.12/site-packages/airflow/example_dags/example_xcomargs.py for tasks to queue
[2024-10-20T05:46:00.636+0000] {logging_mixin.py:190} INFO - [2024-10-20T05:46:00.635+0000] {dagbag.py:588} INFO - Filling up the DagBag from /usr/local/python/3.12.1/lib/python3.12/site-packages/airflow/example_dags/example_xcomargs.py
[2024-10-20T05:46:00.643+0000] {processor.py:925} INFO - DAG(s) 'example_xcom_args_with_operators', 'example_xcom_args' retrieved from /usr/local/python/3.12.1/lib/python3.12/site-packages/airflow/example_dags/example_xcomargs.py
[2024-10-20T05:46:00.657+0000] {logging_mixin.py:190} INFO - [2024-10-20T05:46:00.656+0000] {dag.py:3239} INFO - Sync 2 DAGs
[2024-10-20T05:46:00.666+0000] {logging_mixin.py:190} INFO - [2024-10-20T05:46:00.666+0000] {dag.py:4180} INFO - Setting next_dagrun for example_xcom_args to None, run_after=None
[2024-10-20T05:46:00.668+0000] {logging_mixin.py:190} INFO - [2024-10-20T05:46:00.668+0000] {dag.py:4180} INFO - Setting next_dagrun for example_xcom_args_with_operators to None, run_after=None
[2024-10-20T05:46:00.698+0000] {processor.py:208} INFO - Processing /usr/local/python/3.12.1/lib/python3.12/site-packages/airflow/example_dags/example_xcomargs.py took 0.068 seconds
[2024-10-20T05:46:50.176+0000] {processor.py:186} INFO - Started process (PID=11245) to work on /usr/local/python/3.12.1/lib/python3.12/site-packages/airflow/example_dags/example_xcomargs.py
[2024-10-20T05:46:50.177+0000] {processor.py:914} INFO - Processing file /usr/local/python/3.12.1/lib/python3.12/site-packages/airflow/example_dags/example_xcomargs.py for tasks to queue
[2024-10-20T05:46:50.178+0000] {logging_mixin.py:190} INFO - [2024-10-20T05:46:50.178+0000] {dagbag.py:588} INFO - Filling up the DagBag from /usr/local/python/3.12.1/lib/python3.12/site-packages/airflow/example_dags/example_xcomargs.py
[2024-10-20T05:46:50.186+0000] {processor.py:925} INFO - DAG(s) 'example_xcom_args', 'example_xcom_args_with_operators' retrieved from /usr/local/python/3.12.1/lib/python3.12/site-packages/airflow/example_dags/example_xcomargs.py
[2024-10-20T05:46:50.199+0000] {logging_mixin.py:190} INFO - [2024-10-20T05:46:50.199+0000] {dag.py:3239} INFO - Sync 2 DAGs
[2024-10-20T05:46:50.209+0000] {logging_mixin.py:190} INFO - [2024-10-20T05:46:50.209+0000] {dag.py:4180} INFO - Setting next_dagrun for example_xcom_args to None, run_after=None
[2024-10-20T05:46:50.211+0000] {logging_mixin.py:190} INFO - [2024-10-20T05:46:50.211+0000] {dag.py:4180} INFO - Setting next_dagrun for example_xcom_args_with_operators to None, run_after=None
[2024-10-20T05:46:50.241+0000] {processor.py:208} INFO - Processing /usr/local/python/3.12.1/lib/python3.12/site-packages/airflow/example_dags/example_xcomargs.py took 0.069 seconds
[2024-10-20T05:47:41.321+0000] {processor.py:186} INFO - Started process (PID=11658) to work on /usr/local/python/3.12.1/lib/python3.12/site-packages/airflow/example_dags/example_xcomargs.py
[2024-10-20T05:47:41.322+0000] {processor.py:914} INFO - Processing file /usr/local/python/3.12.1/lib/python3.12/site-packages/airflow/example_dags/example_xcomargs.py for tasks to queue
[2024-10-20T05:47:41.323+0000] {logging_mixin.py:190} INFO - [2024-10-20T05:47:41.323+0000] {dagbag.py:588} INFO - Filling up the DagBag from /usr/local/python/3.12.1/lib/python3.12/site-packages/airflow/example_dags/example_xcomargs.py
[2024-10-20T05:47:41.332+0000] {processor.py:925} INFO - DAG(s) 'example_xcom_args', 'example_xcom_args_with_operators' retrieved from /usr/local/python/3.12.1/lib/python3.12/site-packages/airflow/example_dags/example_xcomargs.py
[2024-10-20T05:47:41.347+0000] {logging_mixin.py:190} INFO - [2024-10-20T05:47:41.347+0000] {dag.py:3239} INFO - Sync 2 DAGs
[2024-10-20T05:47:41.357+0000] {logging_mixin.py:190} INFO - [2024-10-20T05:47:41.357+0000] {dag.py:4180} INFO - Setting next_dagrun for example_xcom_args to None, run_after=None
[2024-10-20T05:47:41.359+0000] {logging_mixin.py:190} INFO - [2024-10-20T05:47:41.359+0000] {dag.py:4180} INFO - Setting next_dagrun for example_xcom_args_with_operators to None, run_after=None
[2024-10-20T05:47:41.383+0000] {processor.py:208} INFO - Processing /usr/local/python/3.12.1/lib/python3.12/site-packages/airflow/example_dags/example_xcomargs.py took 0.066 seconds
[2024-10-20T05:48:32.597+0000] {processor.py:186} INFO - Started process (PID=12136) to work on /usr/local/python/3.12.1/lib/python3.12/site-packages/airflow/example_dags/example_xcomargs.py
[2024-10-20T05:48:32.597+0000] {processor.py:914} INFO - Processing file /usr/local/python/3.12.1/lib/python3.12/site-packages/airflow/example_dags/example_xcomargs.py for tasks to queue
[2024-10-20T05:48:32.599+0000] {logging_mixin.py:190} INFO - [2024-10-20T05:48:32.598+0000] {dagbag.py:588} INFO - Filling up the DagBag from /usr/local/python/3.12.1/lib/python3.12/site-packages/airflow/example_dags/example_xcomargs.py
[2024-10-20T05:48:32.607+0000] {processor.py:925} INFO - DAG(s) 'example_xcom_args_with_operators', 'example_xcom_args' retrieved from /usr/local/python/3.12.1/lib/python3.12/site-packages/airflow/example_dags/example_xcomargs.py
[2024-10-20T05:48:32.620+0000] {logging_mixin.py:190} INFO - [2024-10-20T05:48:32.620+0000] {dag.py:3239} INFO - Sync 2 DAGs
[2024-10-20T05:48:32.630+0000] {logging_mixin.py:190} INFO - [2024-10-20T05:48:32.629+0000] {dag.py:4180} INFO - Setting next_dagrun for example_xcom_args to None, run_after=None
[2024-10-20T05:48:32.632+0000] {logging_mixin.py:190} INFO - [2024-10-20T05:48:32.632+0000] {dag.py:4180} INFO - Setting next_dagrun for example_xcom_args_with_operators to None, run_after=None
[2024-10-20T05:48:32.668+0000] {processor.py:208} INFO - Processing /usr/local/python/3.12.1/lib/python3.12/site-packages/airflow/example_dags/example_xcomargs.py took 0.076 seconds
[2024-10-20T05:49:27.837+0000] {processor.py:186} INFO - Started process (PID=12605) to work on /usr/local/python/3.12.1/lib/python3.12/site-packages/airflow/example_dags/example_xcomargs.py
[2024-10-20T05:49:27.838+0000] {processor.py:914} INFO - Processing file /usr/local/python/3.12.1/lib/python3.12/site-packages/airflow/example_dags/example_xcomargs.py for tasks to queue
[2024-10-20T05:49:27.839+0000] {logging_mixin.py:190} INFO - [2024-10-20T05:49:27.839+0000] {dagbag.py:588} INFO - Filling up the DagBag from /usr/local/python/3.12.1/lib/python3.12/site-packages/airflow/example_dags/example_xcomargs.py
[2024-10-20T05:49:27.847+0000] {processor.py:925} INFO - DAG(s) 'example_xcom_args_with_operators', 'example_xcom_args' retrieved from /usr/local/python/3.12.1/lib/python3.12/site-packages/airflow/example_dags/example_xcomargs.py
[2024-10-20T05:49:27.860+0000] {logging_mixin.py:190} INFO - [2024-10-20T05:49:27.860+0000] {dag.py:3239} INFO - Sync 2 DAGs
[2024-10-20T05:49:27.870+0000] {logging_mixin.py:190} INFO - [2024-10-20T05:49:27.870+0000] {dag.py:4180} INFO - Setting next_dagrun for example_xcom_args to None, run_after=None
[2024-10-20T05:49:27.872+0000] {logging_mixin.py:190} INFO - [2024-10-20T05:49:27.872+0000] {dag.py:4180} INFO - Setting next_dagrun for example_xcom_args_with_operators to None, run_after=None
[2024-10-20T05:49:27.902+0000] {processor.py:208} INFO - Processing /usr/local/python/3.12.1/lib/python3.12/site-packages/airflow/example_dags/example_xcomargs.py took 0.068 seconds
[2024-10-20T05:50:26.200+0000] {processor.py:186} INFO - Started process (PID=13276) to work on /usr/local/python/3.12.1/lib/python3.12/site-packages/airflow/example_dags/example_xcomargs.py
[2024-10-20T05:50:26.201+0000] {processor.py:914} INFO - Processing file /usr/local/python/3.12.1/lib/python3.12/site-packages/airflow/example_dags/example_xcomargs.py for tasks to queue
[2024-10-20T05:50:26.203+0000] {logging_mixin.py:190} INFO - [2024-10-20T05:50:26.203+0000] {dagbag.py:588} INFO - Filling up the DagBag from /usr/local/python/3.12.1/lib/python3.12/site-packages/airflow/example_dags/example_xcomargs.py
[2024-10-20T05:50:26.211+0000] {processor.py:925} INFO - DAG(s) 'example_xcom_args', 'example_xcom_args_with_operators' retrieved from /usr/local/python/3.12.1/lib/python3.12/site-packages/airflow/example_dags/example_xcomargs.py
[2024-10-20T05:50:26.226+0000] {logging_mixin.py:190} INFO - [2024-10-20T05:50:26.226+0000] {dag.py:3239} INFO - Sync 2 DAGs
[2024-10-20T05:50:26.237+0000] {logging_mixin.py:190} INFO - [2024-10-20T05:50:26.237+0000] {dag.py:4180} INFO - Setting next_dagrun for example_xcom_args to None, run_after=None
[2024-10-20T05:50:26.239+0000] {logging_mixin.py:190} INFO - [2024-10-20T05:50:26.239+0000] {dag.py:4180} INFO - Setting next_dagrun for example_xcom_args_with_operators to None, run_after=None
[2024-10-20T05:50:26.457+0000] {processor.py:208} INFO - Processing /usr/local/python/3.12.1/lib/python3.12/site-packages/airflow/example_dags/example_xcomargs.py took 0.261 seconds
