[2024-10-20T05:44:56.521+0000] {processor.py:186} INFO - Started process (PID=9760) to work on /usr/local/python/3.12.1/lib/python3.12/site-packages/airflow/example_dags/example_branch_python_dop_operator_3.py
[2024-10-20T05:44:56.522+0000] {processor.py:914} INFO - Processing file /usr/local/python/3.12.1/lib/python3.12/site-packages/airflow/example_dags/example_branch_python_dop_operator_3.py for tasks to queue
[2024-10-20T05:44:56.523+0000] {logging_mixin.py:190} INFO - [2024-10-20T05:44:56.523+0000] {dagbag.py:588} INFO - Filling up the DagBag from /usr/local/python/3.12.1/lib/python3.12/site-packages/airflow/example_dags/example_branch_python_dop_operator_3.py
[2024-10-20T05:44:56.531+0000] {processor.py:925} INFO - DAG(s) 'example_branch_dop_operator_v3' retrieved from /usr/local/python/3.12.1/lib/python3.12/site-packages/airflow/example_dags/example_branch_python_dop_operator_3.py
[2024-10-20T05:44:56.665+0000] {logging_mixin.py:190} INFO - [2024-10-20T05:44:56.664+0000] {override.py:1900} INFO - Created Permission View: can delete on DAG:example_branch_dop_operator_v3
[2024-10-20T05:44:56.700+0000] {logging_mixin.py:190} INFO - [2024-10-20T05:44:56.700+0000] {override.py:1900} INFO - Created Permission View: can edit on DAG:example_branch_dop_operator_v3
[2024-10-20T05:44:56.725+0000] {logging_mixin.py:190} INFO - [2024-10-20T05:44:56.725+0000] {override.py:1900} INFO - Created Permission View: can read on DAG:example_branch_dop_operator_v3
[2024-10-20T05:44:56.785+0000] {logging_mixin.py:190} INFO - [2024-10-20T05:44:56.783+0000] {override.py:1900} INFO - Created Permission View: can delete on DAG Run:example_branch_dop_operator_v3
[2024-10-20T05:44:56.809+0000] {logging_mixin.py:190} INFO - [2024-10-20T05:44:56.808+0000] {override.py:1900} INFO - Created Permission View: can create on DAG Run:example_branch_dop_operator_v3
[2024-10-20T05:44:56.868+0000] {logging_mixin.py:190} INFO - [2024-10-20T05:44:56.868+0000] {override.py:1900} INFO - Created Permission View: menu access on DAG Run:example_branch_dop_operator_v3
[2024-10-20T05:44:56.900+0000] {logging_mixin.py:190} INFO - [2024-10-20T05:44:56.899+0000] {override.py:1900} INFO - Created Permission View: can read on DAG Run:example_branch_dop_operator_v3
[2024-10-20T05:44:56.900+0000] {logging_mixin.py:190} INFO - [2024-10-20T05:44:56.900+0000] {dag.py:3239} INFO - Sync 1 DAGs
[2024-10-20T05:44:56.914+0000] {logging_mixin.py:190} INFO - [2024-10-20T05:44:56.913+0000] {dag.py:3262} INFO - Creating ORM DAG for example_branch_dop_operator_v3
[2024-10-20T05:44:56.926+0000] {logging_mixin.py:190} INFO - [2024-10-20T05:44:56.926+0000] {dag.py:4180} INFO - Setting next_dagrun for example_branch_dop_operator_v3 to 2024-10-20 05:43:00+00:00, run_after=2024-10-20 05:44:00+00:00
[2024-10-20T05:44:56.973+0000] {processor.py:208} INFO - Processing /usr/local/python/3.12.1/lib/python3.12/site-packages/airflow/example_dags/example_branch_python_dop_operator_3.py took 0.456 seconds
[2024-10-20T05:45:55.602+0000] {processor.py:186} INFO - Started process (PID=10806) to work on /usr/local/python/3.12.1/lib/python3.12/site-packages/airflow/example_dags/example_branch_python_dop_operator_3.py
[2024-10-20T05:45:55.603+0000] {processor.py:914} INFO - Processing file /usr/local/python/3.12.1/lib/python3.12/site-packages/airflow/example_dags/example_branch_python_dop_operator_3.py for tasks to queue
[2024-10-20T05:45:55.604+0000] {logging_mixin.py:190} INFO - [2024-10-20T05:45:55.604+0000] {dagbag.py:588} INFO - Filling up the DagBag from /usr/local/python/3.12.1/lib/python3.12/site-packages/airflow/example_dags/example_branch_python_dop_operator_3.py
[2024-10-20T05:45:55.612+0000] {processor.py:925} INFO - DAG(s) 'example_branch_dop_operator_v3' retrieved from /usr/local/python/3.12.1/lib/python3.12/site-packages/airflow/example_dags/example_branch_python_dop_operator_3.py
[2024-10-20T05:45:55.623+0000] {logging_mixin.py:190} INFO - [2024-10-20T05:45:55.623+0000] {dag.py:3239} INFO - Sync 1 DAGs
[2024-10-20T05:45:55.640+0000] {logging_mixin.py:190} INFO - [2024-10-20T05:45:55.640+0000] {dag.py:4180} INFO - Setting next_dagrun for example_branch_dop_operator_v3 to 2024-10-20 05:44:00+00:00, run_after=2024-10-20 05:45:00+00:00
[2024-10-20T05:45:55.667+0000] {processor.py:208} INFO - Processing /usr/local/python/3.12.1/lib/python3.12/site-packages/airflow/example_dags/example_branch_python_dop_operator_3.py took 0.069 seconds
[2024-10-20T05:47:10.814+0000] {processor.py:186} INFO - Started process (PID=11393) to work on /usr/local/python/3.12.1/lib/python3.12/site-packages/airflow/example_dags/example_branch_python_dop_operator_3.py
[2024-10-20T05:47:10.815+0000] {processor.py:914} INFO - Processing file /usr/local/python/3.12.1/lib/python3.12/site-packages/airflow/example_dags/example_branch_python_dop_operator_3.py for tasks to queue
[2024-10-20T05:47:10.817+0000] {logging_mixin.py:190} INFO - [2024-10-20T05:47:10.817+0000] {dagbag.py:588} INFO - Filling up the DagBag from /usr/local/python/3.12.1/lib/python3.12/site-packages/airflow/example_dags/example_branch_python_dop_operator_3.py
[2024-10-20T05:47:10.825+0000] {processor.py:925} INFO - DAG(s) 'example_branch_dop_operator_v3' retrieved from /usr/local/python/3.12.1/lib/python3.12/site-packages/airflow/example_dags/example_branch_python_dop_operator_3.py
[2024-10-20T05:47:10.836+0000] {logging_mixin.py:190} INFO - [2024-10-20T05:47:10.836+0000] {dag.py:3239} INFO - Sync 1 DAGs
[2024-10-20T05:47:10.853+0000] {logging_mixin.py:190} INFO - [2024-10-20T05:47:10.853+0000] {dag.py:4180} INFO - Setting next_dagrun for example_branch_dop_operator_v3 to 2024-10-20 05:46:00+00:00, run_after=2024-10-20 05:47:00+00:00
[2024-10-20T05:47:10.880+0000] {processor.py:208} INFO - Processing /usr/local/python/3.12.1/lib/python3.12/site-packages/airflow/example_dags/example_branch_python_dop_operator_3.py took 0.069 seconds
[2024-10-20T05:48:06.706+0000] {processor.py:186} INFO - Started process (PID=11821) to work on /usr/local/python/3.12.1/lib/python3.12/site-packages/airflow/example_dags/example_branch_python_dop_operator_3.py
[2024-10-20T05:48:06.707+0000] {processor.py:914} INFO - Processing file /usr/local/python/3.12.1/lib/python3.12/site-packages/airflow/example_dags/example_branch_python_dop_operator_3.py for tasks to queue
[2024-10-20T05:48:06.709+0000] {logging_mixin.py:190} INFO - [2024-10-20T05:48:06.708+0000] {dagbag.py:588} INFO - Filling up the DagBag from /usr/local/python/3.12.1/lib/python3.12/site-packages/airflow/example_dags/example_branch_python_dop_operator_3.py
[2024-10-20T05:48:06.716+0000] {processor.py:925} INFO - DAG(s) 'example_branch_dop_operator_v3' retrieved from /usr/local/python/3.12.1/lib/python3.12/site-packages/airflow/example_dags/example_branch_python_dop_operator_3.py
[2024-10-20T05:48:06.727+0000] {logging_mixin.py:190} INFO - [2024-10-20T05:48:06.727+0000] {dag.py:3239} INFO - Sync 1 DAGs
[2024-10-20T05:48:06.745+0000] {logging_mixin.py:190} INFO - [2024-10-20T05:48:06.745+0000] {dag.py:4180} INFO - Setting next_dagrun for example_branch_dop_operator_v3 to 2024-10-20 05:47:00+00:00, run_after=2024-10-20 05:48:00+00:00
[2024-10-20T05:48:06.774+0000] {processor.py:208} INFO - Processing /usr/local/python/3.12.1/lib/python3.12/site-packages/airflow/example_dags/example_branch_python_dop_operator_3.py took 0.071 seconds
[2024-10-20T05:49:25.571+0000] {processor.py:186} INFO - Started process (PID=12591) to work on /usr/local/python/3.12.1/lib/python3.12/site-packages/airflow/example_dags/example_branch_python_dop_operator_3.py
[2024-10-20T05:49:25.572+0000] {processor.py:914} INFO - Processing file /usr/local/python/3.12.1/lib/python3.12/site-packages/airflow/example_dags/example_branch_python_dop_operator_3.py for tasks to queue
[2024-10-20T05:49:25.574+0000] {logging_mixin.py:190} INFO - [2024-10-20T05:49:25.573+0000] {dagbag.py:588} INFO - Filling up the DagBag from /usr/local/python/3.12.1/lib/python3.12/site-packages/airflow/example_dags/example_branch_python_dop_operator_3.py
[2024-10-20T05:49:25.582+0000] {processor.py:925} INFO - DAG(s) 'example_branch_dop_operator_v3' retrieved from /usr/local/python/3.12.1/lib/python3.12/site-packages/airflow/example_dags/example_branch_python_dop_operator_3.py
[2024-10-20T05:49:25.593+0000] {logging_mixin.py:190} INFO - [2024-10-20T05:49:25.593+0000] {dag.py:3239} INFO - Sync 1 DAGs
[2024-10-20T05:49:25.611+0000] {logging_mixin.py:190} INFO - [2024-10-20T05:49:25.611+0000] {dag.py:4180} INFO - Setting next_dagrun for example_branch_dop_operator_v3 to 2024-10-20 05:48:00+00:00, run_after=2024-10-20 05:49:00+00:00
[2024-10-20T05:49:25.645+0000] {processor.py:208} INFO - Processing /usr/local/python/3.12.1/lib/python3.12/site-packages/airflow/example_dags/example_branch_python_dop_operator_3.py took 0.078 seconds
