[2024-10-20T05:44:34.132+0000] {processor.py:186} INFO - Started process (PID=9477) to work on /usr/local/python/3.12.1/lib/python3.12/site-packages/airflow/example_dags/example_datasets.py
[2024-10-20T05:44:34.133+0000] {processor.py:914} INFO - Processing file /usr/local/python/3.12.1/lib/python3.12/site-packages/airflow/example_dags/example_datasets.py for tasks to queue
[2024-10-20T05:44:34.134+0000] {logging_mixin.py:190} INFO - [2024-10-20T05:44:34.134+0000] {dagbag.py:588} INFO - Filling up the DagBag from /usr/local/python/3.12.1/lib/python3.12/site-packages/airflow/example_dags/example_datasets.py
[2024-10-20T05:44:34.147+0000] {processor.py:925} INFO - DAG(s) 'conditional_dataset_and_time_based_timetable', 'dataset_consumes_unknown_never_scheduled', 'consume_1_or_both_2_and_3_with_dataset_expressions', 'dataset_consumes_1_never_scheduled', 'dataset_produces_1', 'dataset_consumes_1_and_2', 'dataset_produces_2', 'consume_1_and_2_with_dataset_expressions', 'dataset_consumes_1', 'consume_1_or_2_with_dataset_expressions' retrieved from /usr/local/python/3.12.1/lib/python3.12/site-packages/airflow/example_dags/example_datasets.py
[2024-10-20T05:44:34.290+0000] {logging_mixin.py:190} INFO - [2024-10-20T05:44:34.290+0000] {override.py:1900} INFO - Created Permission View: can delete on DAG:conditional_dataset_and_time_based_timetable
[2024-10-20T05:44:34.310+0000] {logging_mixin.py:190} INFO - [2024-10-20T05:44:34.309+0000] {override.py:1900} INFO - Created Permission View: can edit on DAG:conditional_dataset_and_time_based_timetable
[2024-10-20T05:44:34.330+0000] {logging_mixin.py:190} INFO - [2024-10-20T05:44:34.330+0000] {override.py:1900} INFO - Created Permission View: can read on DAG:conditional_dataset_and_time_based_timetable
[2024-10-20T05:44:34.369+0000] {logging_mixin.py:190} INFO - [2024-10-20T05:44:34.369+0000] {override.py:1900} INFO - Created Permission View: can delete on DAG Run:conditional_dataset_and_time_based_timetable
[2024-10-20T05:44:34.414+0000] {logging_mixin.py:190} INFO - [2024-10-20T05:44:34.413+0000] {override.py:1900} INFO - Created Permission View: can create on DAG Run:conditional_dataset_and_time_based_timetable
[2024-10-20T05:44:34.437+0000] {logging_mixin.py:190} INFO - [2024-10-20T05:44:34.437+0000] {override.py:1900} INFO - Created Permission View: menu access on DAG Run:conditional_dataset_and_time_based_timetable
[2024-10-20T05:44:34.459+0000] {logging_mixin.py:190} INFO - [2024-10-20T05:44:34.458+0000] {override.py:1900} INFO - Created Permission View: can read on DAG Run:conditional_dataset_and_time_based_timetable
[2024-10-20T05:44:34.513+0000] {logging_mixin.py:190} INFO - [2024-10-20T05:44:34.512+0000] {override.py:1900} INFO - Created Permission View: can delete on DAG:dataset_consumes_unknown_never_scheduled
[2024-10-20T05:44:34.540+0000] {logging_mixin.py:190} INFO - [2024-10-20T05:44:34.539+0000] {override.py:1900} INFO - Created Permission View: can edit on DAG:dataset_consumes_unknown_never_scheduled
[2024-10-20T05:44:34.562+0000] {logging_mixin.py:190} INFO - [2024-10-20T05:44:34.562+0000] {override.py:1900} INFO - Created Permission View: can read on DAG:dataset_consumes_unknown_never_scheduled
[2024-10-20T05:44:34.603+0000] {logging_mixin.py:190} INFO - [2024-10-20T05:44:34.601+0000] {override.py:1900} INFO - Created Permission View: can delete on DAG Run:dataset_consumes_unknown_never_scheduled
[2024-10-20T05:44:34.633+0000] {logging_mixin.py:190} INFO - [2024-10-20T05:44:34.633+0000] {override.py:1900} INFO - Created Permission View: can create on DAG Run:dataset_consumes_unknown_never_scheduled
[2024-10-20T05:44:34.653+0000] {logging_mixin.py:190} INFO - [2024-10-20T05:44:34.653+0000] {override.py:1900} INFO - Created Permission View: menu access on DAG Run:dataset_consumes_unknown_never_scheduled
[2024-10-20T05:44:34.676+0000] {logging_mixin.py:190} INFO - [2024-10-20T05:44:34.676+0000] {override.py:1900} INFO - Created Permission View: can read on DAG Run:dataset_consumes_unknown_never_scheduled
[2024-10-20T05:44:34.730+0000] {logging_mixin.py:190} INFO - [2024-10-20T05:44:34.729+0000] {override.py:1900} INFO - Created Permission View: can delete on DAG:consume_1_or_both_2_and_3_with_dataset_expressions
[2024-10-20T05:44:34.754+0000] {logging_mixin.py:190} INFO - [2024-10-20T05:44:34.754+0000] {override.py:1900} INFO - Created Permission View: can edit on DAG:consume_1_or_both_2_and_3_with_dataset_expressions
[2024-10-20T05:44:34.774+0000] {logging_mixin.py:190} INFO - [2024-10-20T05:44:34.773+0000] {override.py:1900} INFO - Created Permission View: can read on DAG:consume_1_or_both_2_and_3_with_dataset_expressions
[2024-10-20T05:44:34.822+0000] {logging_mixin.py:190} INFO - [2024-10-20T05:44:34.821+0000] {override.py:1900} INFO - Created Permission View: can delete on DAG Run:consume_1_or_both_2_and_3_with_dataset_expressions
[2024-10-20T05:44:34.844+0000] {logging_mixin.py:190} INFO - [2024-10-20T05:44:34.844+0000] {override.py:1900} INFO - Created Permission View: can create on DAG Run:consume_1_or_both_2_and_3_with_dataset_expressions
[2024-10-20T05:44:34.872+0000] {logging_mixin.py:190} INFO - [2024-10-20T05:44:34.871+0000] {override.py:1900} INFO - Created Permission View: menu access on DAG Run:consume_1_or_both_2_and_3_with_dataset_expressions
[2024-10-20T05:44:34.895+0000] {logging_mixin.py:190} INFO - [2024-10-20T05:44:34.895+0000] {override.py:1900} INFO - Created Permission View: can read on DAG Run:consume_1_or_both_2_and_3_with_dataset_expressions
[2024-10-20T05:44:34.953+0000] {logging_mixin.py:190} INFO - [2024-10-20T05:44:34.952+0000] {override.py:1900} INFO - Created Permission View: can delete on DAG:dataset_consumes_1_never_scheduled
[2024-10-20T05:44:34.984+0000] {logging_mixin.py:190} INFO - [2024-10-20T05:44:34.984+0000] {override.py:1900} INFO - Created Permission View: can edit on DAG:dataset_consumes_1_never_scheduled
[2024-10-20T05:44:35.002+0000] {logging_mixin.py:190} INFO - [2024-10-20T05:44:35.002+0000] {override.py:1900} INFO - Created Permission View: can read on DAG:dataset_consumes_1_never_scheduled
[2024-10-20T05:44:35.046+0000] {logging_mixin.py:190} INFO - [2024-10-20T05:44:35.046+0000] {override.py:1900} INFO - Created Permission View: can delete on DAG Run:dataset_consumes_1_never_scheduled
[2024-10-20T05:44:35.090+0000] {logging_mixin.py:190} INFO - [2024-10-20T05:44:35.089+0000] {override.py:1900} INFO - Created Permission View: can create on DAG Run:dataset_consumes_1_never_scheduled
[2024-10-20T05:44:35.134+0000] {logging_mixin.py:190} INFO - [2024-10-20T05:44:35.134+0000] {override.py:1900} INFO - Created Permission View: menu access on DAG Run:dataset_consumes_1_never_scheduled
[2024-10-20T05:44:35.154+0000] {logging_mixin.py:190} INFO - [2024-10-20T05:44:35.154+0000] {override.py:1900} INFO - Created Permission View: can read on DAG Run:dataset_consumes_1_never_scheduled
[2024-10-20T05:44:35.250+0000] {logging_mixin.py:190} INFO - [2024-10-20T05:44:35.248+0000] {override.py:1900} INFO - Created Permission View: can delete on DAG:dataset_produces_1
[2024-10-20T05:44:35.266+0000] {logging_mixin.py:190} INFO - [2024-10-20T05:44:35.266+0000] {override.py:1900} INFO - Created Permission View: can edit on DAG:dataset_produces_1
[2024-10-20T05:44:35.288+0000] {logging_mixin.py:190} INFO - [2024-10-20T05:44:35.288+0000] {override.py:1900} INFO - Created Permission View: can read on DAG:dataset_produces_1
[2024-10-20T05:44:35.341+0000] {logging_mixin.py:190} INFO - [2024-10-20T05:44:35.341+0000] {override.py:1900} INFO - Created Permission View: can delete on DAG Run:dataset_produces_1
[2024-10-20T05:44:35.362+0000] {logging_mixin.py:190} INFO - [2024-10-20T05:44:35.362+0000] {override.py:1900} INFO - Created Permission View: can create on DAG Run:dataset_produces_1
[2024-10-20T05:44:35.384+0000] {logging_mixin.py:190} INFO - [2024-10-20T05:44:35.383+0000] {override.py:1900} INFO - Created Permission View: menu access on DAG Run:dataset_produces_1
[2024-10-20T05:44:35.415+0000] {logging_mixin.py:190} INFO - [2024-10-20T05:44:35.414+0000] {override.py:1900} INFO - Created Permission View: can read on DAG Run:dataset_produces_1
[2024-10-20T05:44:35.469+0000] {logging_mixin.py:190} INFO - [2024-10-20T05:44:35.468+0000] {override.py:1900} INFO - Created Permission View: can delete on DAG:dataset_consumes_1_and_2
[2024-10-20T05:44:35.490+0000] {logging_mixin.py:190} INFO - [2024-10-20T05:44:35.490+0000] {override.py:1900} INFO - Created Permission View: can edit on DAG:dataset_consumes_1_and_2
[2024-10-20T05:44:35.513+0000] {logging_mixin.py:190} INFO - [2024-10-20T05:44:35.512+0000] {override.py:1900} INFO - Created Permission View: can read on DAG:dataset_consumes_1_and_2
[2024-10-20T05:44:35.585+0000] {logging_mixin.py:190} INFO - [2024-10-20T05:44:35.584+0000] {override.py:1900} INFO - Created Permission View: can delete on DAG Run:dataset_consumes_1_and_2
[2024-10-20T05:44:35.606+0000] {logging_mixin.py:190} INFO - [2024-10-20T05:44:35.606+0000] {override.py:1900} INFO - Created Permission View: can create on DAG Run:dataset_consumes_1_and_2
[2024-10-20T05:44:35.628+0000] {logging_mixin.py:190} INFO - [2024-10-20T05:44:35.628+0000] {override.py:1900} INFO - Created Permission View: menu access on DAG Run:dataset_consumes_1_and_2
[2024-10-20T05:44:35.653+0000] {logging_mixin.py:190} INFO - [2024-10-20T05:44:35.652+0000] {override.py:1900} INFO - Created Permission View: can read on DAG Run:dataset_consumes_1_and_2
[2024-10-20T05:44:35.714+0000] {logging_mixin.py:190} INFO - [2024-10-20T05:44:35.714+0000] {override.py:1900} INFO - Created Permission View: can delete on DAG:dataset_produces_2
[2024-10-20T05:44:35.739+0000] {logging_mixin.py:190} INFO - [2024-10-20T05:44:35.738+0000] {override.py:1900} INFO - Created Permission View: can edit on DAG:dataset_produces_2
[2024-10-20T05:44:35.760+0000] {logging_mixin.py:190} INFO - [2024-10-20T05:44:35.760+0000] {override.py:1900} INFO - Created Permission View: can read on DAG:dataset_produces_2
[2024-10-20T05:44:35.810+0000] {logging_mixin.py:190} INFO - [2024-10-20T05:44:35.809+0000] {override.py:1900} INFO - Created Permission View: can delete on DAG Run:dataset_produces_2
[2024-10-20T05:44:35.832+0000] {logging_mixin.py:190} INFO - [2024-10-20T05:44:35.832+0000] {override.py:1900} INFO - Created Permission View: can create on DAG Run:dataset_produces_2
[2024-10-20T05:44:35.854+0000] {logging_mixin.py:190} INFO - [2024-10-20T05:44:35.853+0000] {override.py:1900} INFO - Created Permission View: menu access on DAG Run:dataset_produces_2
[2024-10-20T05:44:35.881+0000] {logging_mixin.py:190} INFO - [2024-10-20T05:44:35.880+0000] {override.py:1900} INFO - Created Permission View: can read on DAG Run:dataset_produces_2
[2024-10-20T05:44:35.932+0000] {logging_mixin.py:190} INFO - [2024-10-20T05:44:35.932+0000] {override.py:1900} INFO - Created Permission View: can delete on DAG:consume_1_and_2_with_dataset_expressions
[2024-10-20T05:44:35.953+0000] {logging_mixin.py:190} INFO - [2024-10-20T05:44:35.953+0000] {override.py:1900} INFO - Created Permission View: can edit on DAG:consume_1_and_2_with_dataset_expressions
[2024-10-20T05:44:35.973+0000] {logging_mixin.py:190} INFO - [2024-10-20T05:44:35.973+0000] {override.py:1900} INFO - Created Permission View: can read on DAG:consume_1_and_2_with_dataset_expressions
[2024-10-20T05:44:36.032+0000] {logging_mixin.py:190} INFO - [2024-10-20T05:44:36.031+0000] {override.py:1900} INFO - Created Permission View: can delete on DAG Run:consume_1_and_2_with_dataset_expressions
[2024-10-20T05:44:36.054+0000] {logging_mixin.py:190} INFO - [2024-10-20T05:44:36.054+0000] {override.py:1900} INFO - Created Permission View: can create on DAG Run:consume_1_and_2_with_dataset_expressions
[2024-10-20T05:44:36.074+0000] {logging_mixin.py:190} INFO - [2024-10-20T05:44:36.073+0000] {override.py:1900} INFO - Created Permission View: menu access on DAG Run:consume_1_and_2_with_dataset_expressions
[2024-10-20T05:44:36.099+0000] {logging_mixin.py:190} INFO - [2024-10-20T05:44:36.098+0000] {override.py:1900} INFO - Created Permission View: can read on DAG Run:consume_1_and_2_with_dataset_expressions
[2024-10-20T05:44:36.164+0000] {logging_mixin.py:190} INFO - [2024-10-20T05:44:36.163+0000] {override.py:1900} INFO - Created Permission View: can delete on DAG:dataset_consumes_1
[2024-10-20T05:44:36.224+0000] {logging_mixin.py:190} INFO - [2024-10-20T05:44:36.224+0000] {override.py:1900} INFO - Created Permission View: can edit on DAG:dataset_consumes_1
[2024-10-20T05:44:36.251+0000] {logging_mixin.py:190} INFO - [2024-10-20T05:44:36.251+0000] {override.py:1900} INFO - Created Permission View: can read on DAG:dataset_consumes_1
[2024-10-20T05:44:36.298+0000] {logging_mixin.py:190} INFO - [2024-10-20T05:44:36.298+0000] {override.py:1900} INFO - Created Permission View: can delete on DAG Run:dataset_consumes_1
[2024-10-20T05:44:36.326+0000] {logging_mixin.py:190} INFO - [2024-10-20T05:44:36.325+0000] {override.py:1900} INFO - Created Permission View: can create on DAG Run:dataset_consumes_1
[2024-10-20T05:44:36.352+0000] {logging_mixin.py:190} INFO - [2024-10-20T05:44:36.351+0000] {override.py:1900} INFO - Created Permission View: menu access on DAG Run:dataset_consumes_1
[2024-10-20T05:44:36.375+0000] {logging_mixin.py:190} INFO - [2024-10-20T05:44:36.375+0000] {override.py:1900} INFO - Created Permission View: can read on DAG Run:dataset_consumes_1
[2024-10-20T05:44:36.444+0000] {logging_mixin.py:190} INFO - [2024-10-20T05:44:36.443+0000] {override.py:1900} INFO - Created Permission View: can delete on DAG:consume_1_or_2_with_dataset_expressions
[2024-10-20T05:44:36.462+0000] {logging_mixin.py:190} INFO - [2024-10-20T05:44:36.462+0000] {override.py:1900} INFO - Created Permission View: can edit on DAG:consume_1_or_2_with_dataset_expressions
[2024-10-20T05:44:36.486+0000] {logging_mixin.py:190} INFO - [2024-10-20T05:44:36.485+0000] {override.py:1900} INFO - Created Permission View: can read on DAG:consume_1_or_2_with_dataset_expressions
[2024-10-20T05:44:36.541+0000] {logging_mixin.py:190} INFO - [2024-10-20T05:44:36.541+0000] {override.py:1900} INFO - Created Permission View: can delete on DAG Run:consume_1_or_2_with_dataset_expressions
[2024-10-20T05:44:36.574+0000] {logging_mixin.py:190} INFO - [2024-10-20T05:44:36.574+0000] {override.py:1900} INFO - Created Permission View: can create on DAG Run:consume_1_or_2_with_dataset_expressions
[2024-10-20T05:44:36.599+0000] {logging_mixin.py:190} INFO - [2024-10-20T05:44:36.599+0000] {override.py:1900} INFO - Created Permission View: menu access on DAG Run:consume_1_or_2_with_dataset_expressions
[2024-10-20T05:44:36.618+0000] {logging_mixin.py:190} INFO - [2024-10-20T05:44:36.618+0000] {override.py:1900} INFO - Created Permission View: can read on DAG Run:consume_1_or_2_with_dataset_expressions
[2024-10-20T05:44:36.619+0000] {logging_mixin.py:190} INFO - [2024-10-20T05:44:36.618+0000] {dag.py:3239} INFO - Sync 10 DAGs
[2024-10-20T05:44:36.628+0000] {logging_mixin.py:190} INFO - [2024-10-20T05:44:36.628+0000] {dag.py:3262} INFO - Creating ORM DAG for consume_1_and_2_with_dataset_expressions
[2024-10-20T05:44:36.629+0000] {logging_mixin.py:190} INFO - [2024-10-20T05:44:36.628+0000] {dag.py:3262} INFO - Creating ORM DAG for consume_1_or_2_with_dataset_expressions
[2024-10-20T05:44:36.629+0000] {logging_mixin.py:190} INFO - [2024-10-20T05:44:36.629+0000] {dag.py:3262} INFO - Creating ORM DAG for conditional_dataset_and_time_based_timetable
[2024-10-20T05:44:36.630+0000] {logging_mixin.py:190} INFO - [2024-10-20T05:44:36.629+0000] {dag.py:3262} INFO - Creating ORM DAG for dataset_produces_2
[2024-10-20T05:44:36.630+0000] {logging_mixin.py:190} INFO - [2024-10-20T05:44:36.630+0000] {dag.py:3262} INFO - Creating ORM DAG for dataset_consumes_1_and_2
[2024-10-20T05:44:36.630+0000] {logging_mixin.py:190} INFO - [2024-10-20T05:44:36.630+0000] {dag.py:3262} INFO - Creating ORM DAG for dataset_produces_1
[2024-10-20T05:44:36.631+0000] {logging_mixin.py:190} INFO - [2024-10-20T05:44:36.631+0000] {dag.py:3262} INFO - Creating ORM DAG for dataset_consumes_unknown_never_scheduled
[2024-10-20T05:44:36.631+0000] {logging_mixin.py:190} INFO - [2024-10-20T05:44:36.631+0000] {dag.py:3262} INFO - Creating ORM DAG for consume_1_or_both_2_and_3_with_dataset_expressions
[2024-10-20T05:44:36.632+0000] {logging_mixin.py:190} INFO - [2024-10-20T05:44:36.631+0000] {dag.py:3262} INFO - Creating ORM DAG for dataset_consumes_1_never_scheduled
[2024-10-20T05:44:36.632+0000] {logging_mixin.py:190} INFO - [2024-10-20T05:44:36.632+0000] {dag.py:3262} INFO - Creating ORM DAG for dataset_consumes_1
[2024-10-20T05:44:36.640+0000] {logging_mixin.py:190} INFO - [2024-10-20T05:44:36.640+0000] {dag.py:4180} INFO - Setting next_dagrun for conditional_dataset_and_time_based_timetable to 2024-10-16 01:00:00+00:00, run_after=2024-10-16 01:00:00+00:00
[2024-10-20T05:44:36.641+0000] {logging_mixin.py:190} INFO - [2024-10-20T05:44:36.641+0000] {dag.py:4180} INFO - Setting next_dagrun for consume_1_and_2_with_dataset_expressions to None, run_after=None
[2024-10-20T05:44:36.641+0000] {logging_mixin.py:190} INFO - [2024-10-20T05:44:36.641+0000] {dag.py:4180} INFO - Setting next_dagrun for consume_1_or_2_with_dataset_expressions to None, run_after=None
[2024-10-20T05:44:36.642+0000] {logging_mixin.py:190} INFO - [2024-10-20T05:44:36.642+0000] {dag.py:4180} INFO - Setting next_dagrun for consume_1_or_both_2_and_3_with_dataset_expressions to None, run_after=None
[2024-10-20T05:44:36.642+0000] {logging_mixin.py:190} INFO - [2024-10-20T05:44:36.642+0000] {dag.py:4180} INFO - Setting next_dagrun for dataset_consumes_1 to None, run_after=None
[2024-10-20T05:44:36.642+0000] {logging_mixin.py:190} INFO - [2024-10-20T05:44:36.642+0000] {dag.py:4180} INFO - Setting next_dagrun for dataset_consumes_1_and_2 to None, run_after=None
[2024-10-20T05:44:36.643+0000] {logging_mixin.py:190} INFO - [2024-10-20T05:44:36.643+0000] {dag.py:4180} INFO - Setting next_dagrun for dataset_consumes_1_never_scheduled to None, run_after=None
[2024-10-20T05:44:36.643+0000] {logging_mixin.py:190} INFO - [2024-10-20T05:44:36.643+0000] {dag.py:4180} INFO - Setting next_dagrun for dataset_consumes_unknown_never_scheduled to None, run_after=None
[2024-10-20T05:44:36.644+0000] {logging_mixin.py:190} INFO - [2024-10-20T05:44:36.644+0000] {dag.py:4180} INFO - Setting next_dagrun for dataset_produces_1 to 2024-10-19 00:00:00+00:00, run_after=2024-10-20 00:00:00+00:00
[2024-10-20T05:44:36.645+0000] {logging_mixin.py:190} INFO - [2024-10-20T05:44:36.645+0000] {dag.py:4180} INFO - Setting next_dagrun for dataset_produces_2 to None, run_after=None
[2024-10-20T05:44:36.707+0000] {processor.py:208} INFO - Processing /usr/local/python/3.12.1/lib/python3.12/site-packages/airflow/example_dags/example_datasets.py took 2.578 seconds
[2024-10-20T05:45:40.255+0000] {processor.py:186} INFO - Started process (PID=10704) to work on /usr/local/python/3.12.1/lib/python3.12/site-packages/airflow/example_dags/example_datasets.py
[2024-10-20T05:45:40.256+0000] {processor.py:914} INFO - Processing file /usr/local/python/3.12.1/lib/python3.12/site-packages/airflow/example_dags/example_datasets.py for tasks to queue
[2024-10-20T05:45:40.257+0000] {logging_mixin.py:190} INFO - [2024-10-20T05:45:40.257+0000] {dagbag.py:588} INFO - Filling up the DagBag from /usr/local/python/3.12.1/lib/python3.12/site-packages/airflow/example_dags/example_datasets.py
[2024-10-20T05:45:40.268+0000] {processor.py:925} INFO - DAG(s) 'dataset_consumes_unknown_never_scheduled', 'consume_1_or_2_with_dataset_expressions', 'dataset_produces_1', 'consume_1_or_both_2_and_3_with_dataset_expressions', 'consume_1_and_2_with_dataset_expressions', 'dataset_produces_2', 'conditional_dataset_and_time_based_timetable', 'dataset_consumes_1_never_scheduled', 'dataset_consumes_1', 'dataset_consumes_1_and_2' retrieved from /usr/local/python/3.12.1/lib/python3.12/site-packages/airflow/example_dags/example_datasets.py
[2024-10-20T05:45:40.292+0000] {logging_mixin.py:190} INFO - [2024-10-20T05:45:40.292+0000] {dag.py:3239} INFO - Sync 10 DAGs
[2024-10-20T05:45:40.309+0000] {logging_mixin.py:190} INFO - [2024-10-20T05:45:40.309+0000] {dag.py:4180} INFO - Setting next_dagrun for conditional_dataset_and_time_based_timetable to 2024-10-16 01:00:00+00:00, run_after=2024-10-16 01:00:00+00:00
[2024-10-20T05:45:40.312+0000] {logging_mixin.py:190} INFO - [2024-10-20T05:45:40.312+0000] {dag.py:4180} INFO - Setting next_dagrun for consume_1_and_2_with_dataset_expressions to None, run_after=None
[2024-10-20T05:45:40.313+0000] {logging_mixin.py:190} INFO - [2024-10-20T05:45:40.312+0000] {dag.py:4180} INFO - Setting next_dagrun for consume_1_or_2_with_dataset_expressions to None, run_after=None
[2024-10-20T05:45:40.313+0000] {logging_mixin.py:190} INFO - [2024-10-20T05:45:40.313+0000] {dag.py:4180} INFO - Setting next_dagrun for consume_1_or_both_2_and_3_with_dataset_expressions to None, run_after=None
[2024-10-20T05:45:40.314+0000] {logging_mixin.py:190} INFO - [2024-10-20T05:45:40.314+0000] {dag.py:4180} INFO - Setting next_dagrun for dataset_consumes_1 to None, run_after=None
[2024-10-20T05:45:40.315+0000] {logging_mixin.py:190} INFO - [2024-10-20T05:45:40.314+0000] {dag.py:4180} INFO - Setting next_dagrun for dataset_consumes_1_and_2 to None, run_after=None
[2024-10-20T05:45:40.315+0000] {logging_mixin.py:190} INFO - [2024-10-20T05:45:40.315+0000] {dag.py:4180} INFO - Setting next_dagrun for dataset_consumes_1_never_scheduled to None, run_after=None
[2024-10-20T05:45:40.316+0000] {logging_mixin.py:190} INFO - [2024-10-20T05:45:40.316+0000] {dag.py:4180} INFO - Setting next_dagrun for dataset_consumes_unknown_never_scheduled to None, run_after=None
[2024-10-20T05:45:40.317+0000] {logging_mixin.py:190} INFO - [2024-10-20T05:45:40.317+0000] {dag.py:4180} INFO - Setting next_dagrun for dataset_produces_1 to 2024-10-19 00:00:00+00:00, run_after=2024-10-20 00:00:00+00:00
[2024-10-20T05:45:40.318+0000] {logging_mixin.py:190} INFO - [2024-10-20T05:45:40.318+0000] {dag.py:4180} INFO - Setting next_dagrun for dataset_produces_2 to None, run_after=None
[2024-10-20T05:45:40.357+0000] {processor.py:208} INFO - Processing /usr/local/python/3.12.1/lib/python3.12/site-packages/airflow/example_dags/example_datasets.py took 0.107 seconds
[2024-10-20T05:46:35.877+0000] {processor.py:186} INFO - Started process (PID=11135) to work on /usr/local/python/3.12.1/lib/python3.12/site-packages/airflow/example_dags/example_datasets.py
[2024-10-20T05:46:35.878+0000] {processor.py:914} INFO - Processing file /usr/local/python/3.12.1/lib/python3.12/site-packages/airflow/example_dags/example_datasets.py for tasks to queue
[2024-10-20T05:46:35.879+0000] {logging_mixin.py:190} INFO - [2024-10-20T05:46:35.879+0000] {dagbag.py:588} INFO - Filling up the DagBag from /usr/local/python/3.12.1/lib/python3.12/site-packages/airflow/example_dags/example_datasets.py
[2024-10-20T05:46:35.890+0000] {processor.py:925} INFO - DAG(s) 'dataset_produces_2', 'conditional_dataset_and_time_based_timetable', 'dataset_consumes_1_never_scheduled', 'consume_1_or_2_with_dataset_expressions', 'dataset_consumes_1_and_2', 'dataset_produces_1', 'consume_1_or_both_2_and_3_with_dataset_expressions', 'dataset_consumes_unknown_never_scheduled', 'consume_1_and_2_with_dataset_expressions', 'dataset_consumes_1' retrieved from /usr/local/python/3.12.1/lib/python3.12/site-packages/airflow/example_dags/example_datasets.py
[2024-10-20T05:46:35.915+0000] {logging_mixin.py:190} INFO - [2024-10-20T05:46:35.915+0000] {dag.py:3239} INFO - Sync 10 DAGs
[2024-10-20T05:46:35.932+0000] {logging_mixin.py:190} INFO - [2024-10-20T05:46:35.932+0000] {dag.py:4180} INFO - Setting next_dagrun for conditional_dataset_and_time_based_timetable to 2024-10-16 01:00:00+00:00, run_after=2024-10-16 01:00:00+00:00
[2024-10-20T05:46:35.935+0000] {logging_mixin.py:190} INFO - [2024-10-20T05:46:35.935+0000] {dag.py:4180} INFO - Setting next_dagrun for consume_1_and_2_with_dataset_expressions to None, run_after=None
[2024-10-20T05:46:35.936+0000] {logging_mixin.py:190} INFO - [2024-10-20T05:46:35.935+0000] {dag.py:4180} INFO - Setting next_dagrun for consume_1_or_2_with_dataset_expressions to None, run_after=None
[2024-10-20T05:46:35.936+0000] {logging_mixin.py:190} INFO - [2024-10-20T05:46:35.936+0000] {dag.py:4180} INFO - Setting next_dagrun for consume_1_or_both_2_and_3_with_dataset_expressions to None, run_after=None
[2024-10-20T05:46:35.937+0000] {logging_mixin.py:190} INFO - [2024-10-20T05:46:35.937+0000] {dag.py:4180} INFO - Setting next_dagrun for dataset_consumes_1 to None, run_after=None
[2024-10-20T05:46:35.938+0000] {logging_mixin.py:190} INFO - [2024-10-20T05:46:35.937+0000] {dag.py:4180} INFO - Setting next_dagrun for dataset_consumes_1_and_2 to None, run_after=None
[2024-10-20T05:46:35.938+0000] {logging_mixin.py:190} INFO - [2024-10-20T05:46:35.938+0000] {dag.py:4180} INFO - Setting next_dagrun for dataset_consumes_1_never_scheduled to None, run_after=None
[2024-10-20T05:46:35.939+0000] {logging_mixin.py:190} INFO - [2024-10-20T05:46:35.939+0000] {dag.py:4180} INFO - Setting next_dagrun for dataset_consumes_unknown_never_scheduled to None, run_after=None
[2024-10-20T05:46:35.940+0000] {logging_mixin.py:190} INFO - [2024-10-20T05:46:35.940+0000] {dag.py:4180} INFO - Setting next_dagrun for dataset_produces_1 to 2024-10-19 00:00:00+00:00, run_after=2024-10-20 00:00:00+00:00
[2024-10-20T05:46:35.941+0000] {logging_mixin.py:190} INFO - [2024-10-20T05:46:35.941+0000] {dag.py:4180} INFO - Setting next_dagrun for dataset_produces_2 to None, run_after=None
[2024-10-20T05:46:36.019+0000] {processor.py:208} INFO - Processing /usr/local/python/3.12.1/lib/python3.12/site-packages/airflow/example_dags/example_datasets.py took 0.145 seconds
[2024-10-20T05:47:32.323+0000] {processor.py:186} INFO - Started process (PID=11588) to work on /usr/local/python/3.12.1/lib/python3.12/site-packages/airflow/example_dags/example_datasets.py
[2024-10-20T05:47:32.324+0000] {processor.py:914} INFO - Processing file /usr/local/python/3.12.1/lib/python3.12/site-packages/airflow/example_dags/example_datasets.py for tasks to queue
[2024-10-20T05:47:32.325+0000] {logging_mixin.py:190} INFO - [2024-10-20T05:47:32.325+0000] {dagbag.py:588} INFO - Filling up the DagBag from /usr/local/python/3.12.1/lib/python3.12/site-packages/airflow/example_dags/example_datasets.py
[2024-10-20T05:47:32.337+0000] {processor.py:925} INFO - DAG(s) 'dataset_consumes_1_never_scheduled', 'dataset_consumes_unknown_never_scheduled', 'consume_1_and_2_with_dataset_expressions', 'conditional_dataset_and_time_based_timetable', 'consume_1_or_2_with_dataset_expressions', 'dataset_consumes_1', 'dataset_produces_2', 'dataset_produces_1', 'consume_1_or_both_2_and_3_with_dataset_expressions', 'dataset_consumes_1_and_2' retrieved from /usr/local/python/3.12.1/lib/python3.12/site-packages/airflow/example_dags/example_datasets.py
[2024-10-20T05:47:32.364+0000] {logging_mixin.py:190} INFO - [2024-10-20T05:47:32.364+0000] {dag.py:3239} INFO - Sync 10 DAGs
[2024-10-20T05:47:32.383+0000] {logging_mixin.py:190} INFO - [2024-10-20T05:47:32.383+0000] {dag.py:4180} INFO - Setting next_dagrun for conditional_dataset_and_time_based_timetable to 2024-10-16 01:00:00+00:00, run_after=2024-10-16 01:00:00+00:00
[2024-10-20T05:47:32.386+0000] {logging_mixin.py:190} INFO - [2024-10-20T05:47:32.386+0000] {dag.py:4180} INFO - Setting next_dagrun for consume_1_and_2_with_dataset_expressions to None, run_after=None
[2024-10-20T05:47:32.387+0000] {logging_mixin.py:190} INFO - [2024-10-20T05:47:32.387+0000] {dag.py:4180} INFO - Setting next_dagrun for consume_1_or_2_with_dataset_expressions to None, run_after=None
[2024-10-20T05:47:32.387+0000] {logging_mixin.py:190} INFO - [2024-10-20T05:47:32.387+0000] {dag.py:4180} INFO - Setting next_dagrun for consume_1_or_both_2_and_3_with_dataset_expressions to None, run_after=None
[2024-10-20T05:47:32.388+0000] {logging_mixin.py:190} INFO - [2024-10-20T05:47:32.388+0000] {dag.py:4180} INFO - Setting next_dagrun for dataset_consumes_1 to None, run_after=None
[2024-10-20T05:47:32.389+0000] {logging_mixin.py:190} INFO - [2024-10-20T05:47:32.389+0000] {dag.py:4180} INFO - Setting next_dagrun for dataset_consumes_1_and_2 to None, run_after=None
[2024-10-20T05:47:32.389+0000] {logging_mixin.py:190} INFO - [2024-10-20T05:47:32.389+0000] {dag.py:4180} INFO - Setting next_dagrun for dataset_consumes_1_never_scheduled to None, run_after=None
[2024-10-20T05:47:32.390+0000] {logging_mixin.py:190} INFO - [2024-10-20T05:47:32.390+0000] {dag.py:4180} INFO - Setting next_dagrun for dataset_consumes_unknown_never_scheduled to None, run_after=None
[2024-10-20T05:47:32.392+0000] {logging_mixin.py:190} INFO - [2024-10-20T05:47:32.392+0000] {dag.py:4180} INFO - Setting next_dagrun for dataset_produces_1 to 2024-10-19 00:00:00+00:00, run_after=2024-10-20 00:00:00+00:00
[2024-10-20T05:47:32.392+0000] {logging_mixin.py:190} INFO - [2024-10-20T05:47:32.392+0000] {dag.py:4180} INFO - Setting next_dagrun for dataset_produces_2 to None, run_after=None
[2024-10-20T05:47:32.446+0000] {processor.py:208} INFO - Processing /usr/local/python/3.12.1/lib/python3.12/site-packages/airflow/example_dags/example_datasets.py took 0.128 seconds
[2024-10-20T05:48:22.180+0000] {processor.py:186} INFO - Started process (PID=12005) to work on /usr/local/python/3.12.1/lib/python3.12/site-packages/airflow/example_dags/example_datasets.py
[2024-10-20T05:48:22.181+0000] {processor.py:914} INFO - Processing file /usr/local/python/3.12.1/lib/python3.12/site-packages/airflow/example_dags/example_datasets.py for tasks to queue
[2024-10-20T05:48:22.188+0000] {logging_mixin.py:190} INFO - [2024-10-20T05:48:22.188+0000] {dagbag.py:588} INFO - Filling up the DagBag from /usr/local/python/3.12.1/lib/python3.12/site-packages/airflow/example_dags/example_datasets.py
[2024-10-20T05:48:22.200+0000] {processor.py:925} INFO - DAG(s) 'consume_1_or_2_with_dataset_expressions', 'conditional_dataset_and_time_based_timetable', 'dataset_produces_1', 'dataset_consumes_1', 'dataset_consumes_unknown_never_scheduled', 'consume_1_and_2_with_dataset_expressions', 'dataset_produces_2', 'dataset_consumes_1_never_scheduled', 'consume_1_or_both_2_and_3_with_dataset_expressions', 'dataset_consumes_1_and_2' retrieved from /usr/local/python/3.12.1/lib/python3.12/site-packages/airflow/example_dags/example_datasets.py
[2024-10-20T05:48:22.226+0000] {logging_mixin.py:190} INFO - [2024-10-20T05:48:22.225+0000] {dag.py:3239} INFO - Sync 10 DAGs
[2024-10-20T05:48:22.244+0000] {logging_mixin.py:190} INFO - [2024-10-20T05:48:22.244+0000] {dag.py:4180} INFO - Setting next_dagrun for conditional_dataset_and_time_based_timetable to 2024-10-16 01:00:00+00:00, run_after=2024-10-16 01:00:00+00:00
[2024-10-20T05:48:22.247+0000] {logging_mixin.py:190} INFO - [2024-10-20T05:48:22.247+0000] {dag.py:4180} INFO - Setting next_dagrun for consume_1_and_2_with_dataset_expressions to None, run_after=None
[2024-10-20T05:48:22.247+0000] {logging_mixin.py:190} INFO - [2024-10-20T05:48:22.247+0000] {dag.py:4180} INFO - Setting next_dagrun for consume_1_or_2_with_dataset_expressions to None, run_after=None
[2024-10-20T05:48:22.248+0000] {logging_mixin.py:190} INFO - [2024-10-20T05:48:22.248+0000] {dag.py:4180} INFO - Setting next_dagrun for consume_1_or_both_2_and_3_with_dataset_expressions to None, run_after=None
[2024-10-20T05:48:22.249+0000] {logging_mixin.py:190} INFO - [2024-10-20T05:48:22.249+0000] {dag.py:4180} INFO - Setting next_dagrun for dataset_consumes_1 to None, run_after=None
[2024-10-20T05:48:22.249+0000] {logging_mixin.py:190} INFO - [2024-10-20T05:48:22.249+0000] {dag.py:4180} INFO - Setting next_dagrun for dataset_consumes_1_and_2 to None, run_after=None
[2024-10-20T05:48:22.250+0000] {logging_mixin.py:190} INFO - [2024-10-20T05:48:22.250+0000] {dag.py:4180} INFO - Setting next_dagrun for dataset_consumes_1_never_scheduled to None, run_after=None
[2024-10-20T05:48:22.251+0000] {logging_mixin.py:190} INFO - [2024-10-20T05:48:22.251+0000] {dag.py:4180} INFO - Setting next_dagrun for dataset_consumes_unknown_never_scheduled to None, run_after=None
[2024-10-20T05:48:22.252+0000] {logging_mixin.py:190} INFO - [2024-10-20T05:48:22.252+0000] {dag.py:4180} INFO - Setting next_dagrun for dataset_produces_1 to 2024-10-19 00:00:00+00:00, run_after=2024-10-20 00:00:00+00:00
[2024-10-20T05:48:22.253+0000] {logging_mixin.py:190} INFO - [2024-10-20T05:48:22.253+0000] {dag.py:4180} INFO - Setting next_dagrun for dataset_produces_2 to None, run_after=None
[2024-10-20T05:48:22.296+0000] {processor.py:208} INFO - Processing /usr/local/python/3.12.1/lib/python3.12/site-packages/airflow/example_dags/example_datasets.py took 0.120 seconds
[2024-10-20T05:49:15.183+0000] {processor.py:186} INFO - Started process (PID=12461) to work on /usr/local/python/3.12.1/lib/python3.12/site-packages/airflow/example_dags/example_datasets.py
[2024-10-20T05:49:15.184+0000] {processor.py:914} INFO - Processing file /usr/local/python/3.12.1/lib/python3.12/site-packages/airflow/example_dags/example_datasets.py for tasks to queue
[2024-10-20T05:49:15.185+0000] {logging_mixin.py:190} INFO - [2024-10-20T05:49:15.185+0000] {dagbag.py:588} INFO - Filling up the DagBag from /usr/local/python/3.12.1/lib/python3.12/site-packages/airflow/example_dags/example_datasets.py
[2024-10-20T05:49:15.198+0000] {processor.py:925} INFO - DAG(s) 'conditional_dataset_and_time_based_timetable', 'consume_1_and_2_with_dataset_expressions', 'dataset_produces_2', 'consume_1_or_both_2_and_3_with_dataset_expressions', 'consume_1_or_2_with_dataset_expressions', 'dataset_consumes_1', 'dataset_consumes_1_and_2', 'dataset_consumes_1_never_scheduled', 'dataset_consumes_unknown_never_scheduled', 'dataset_produces_1' retrieved from /usr/local/python/3.12.1/lib/python3.12/site-packages/airflow/example_dags/example_datasets.py
[2024-10-20T05:49:15.224+0000] {logging_mixin.py:190} INFO - [2024-10-20T05:49:15.223+0000] {dag.py:3239} INFO - Sync 10 DAGs
[2024-10-20T05:49:15.243+0000] {logging_mixin.py:190} INFO - [2024-10-20T05:49:15.242+0000] {dag.py:4180} INFO - Setting next_dagrun for conditional_dataset_and_time_based_timetable to 2024-10-16 01:00:00+00:00, run_after=2024-10-16 01:00:00+00:00
[2024-10-20T05:49:15.245+0000] {logging_mixin.py:190} INFO - [2024-10-20T05:49:15.245+0000] {dag.py:4180} INFO - Setting next_dagrun for consume_1_and_2_with_dataset_expressions to None, run_after=None
[2024-10-20T05:49:15.246+0000] {logging_mixin.py:190} INFO - [2024-10-20T05:49:15.246+0000] {dag.py:4180} INFO - Setting next_dagrun for consume_1_or_2_with_dataset_expressions to None, run_after=None
[2024-10-20T05:49:15.247+0000] {logging_mixin.py:190} INFO - [2024-10-20T05:49:15.247+0000] {dag.py:4180} INFO - Setting next_dagrun for consume_1_or_both_2_and_3_with_dataset_expressions to None, run_after=None
[2024-10-20T05:49:15.247+0000] {logging_mixin.py:190} INFO - [2024-10-20T05:49:15.247+0000] {dag.py:4180} INFO - Setting next_dagrun for dataset_consumes_1 to None, run_after=None
[2024-10-20T05:49:15.248+0000] {logging_mixin.py:190} INFO - [2024-10-20T05:49:15.248+0000] {dag.py:4180} INFO - Setting next_dagrun for dataset_consumes_1_and_2 to None, run_after=None
[2024-10-20T05:49:15.249+0000] {logging_mixin.py:190} INFO - [2024-10-20T05:49:15.249+0000] {dag.py:4180} INFO - Setting next_dagrun for dataset_consumes_1_never_scheduled to None, run_after=None
[2024-10-20T05:49:15.249+0000] {logging_mixin.py:190} INFO - [2024-10-20T05:49:15.249+0000] {dag.py:4180} INFO - Setting next_dagrun for dataset_consumes_unknown_never_scheduled to None, run_after=None
[2024-10-20T05:49:15.251+0000] {logging_mixin.py:190} INFO - [2024-10-20T05:49:15.251+0000] {dag.py:4180} INFO - Setting next_dagrun for dataset_produces_1 to 2024-10-19 00:00:00+00:00, run_after=2024-10-20 00:00:00+00:00
[2024-10-20T05:49:15.252+0000] {logging_mixin.py:190} INFO - [2024-10-20T05:49:15.252+0000] {dag.py:4180} INFO - Setting next_dagrun for dataset_produces_2 to None, run_after=None
[2024-10-20T05:49:15.284+0000] {processor.py:208} INFO - Processing /usr/local/python/3.12.1/lib/python3.12/site-packages/airflow/example_dags/example_datasets.py took 0.105 seconds
[2024-10-20T05:50:11.554+0000] {processor.py:186} INFO - Started process (PID=13032) to work on /usr/local/python/3.12.1/lib/python3.12/site-packages/airflow/example_dags/example_datasets.py
[2024-10-20T05:50:11.555+0000] {processor.py:914} INFO - Processing file /usr/local/python/3.12.1/lib/python3.12/site-packages/airflow/example_dags/example_datasets.py for tasks to queue
[2024-10-20T05:50:11.556+0000] {logging_mixin.py:190} INFO - [2024-10-20T05:50:11.556+0000] {dagbag.py:588} INFO - Filling up the DagBag from /usr/local/python/3.12.1/lib/python3.12/site-packages/airflow/example_dags/example_datasets.py
[2024-10-20T05:50:11.568+0000] {processor.py:925} INFO - DAG(s) 'consume_1_or_both_2_and_3_with_dataset_expressions', 'dataset_consumes_unknown_never_scheduled', 'dataset_produces_2', 'dataset_consumes_1_never_scheduled', 'dataset_produces_1', 'dataset_consumes_1_and_2', 'dataset_consumes_1', 'consume_1_or_2_with_dataset_expressions', 'conditional_dataset_and_time_based_timetable', 'consume_1_and_2_with_dataset_expressions' retrieved from /usr/local/python/3.12.1/lib/python3.12/site-packages/airflow/example_dags/example_datasets.py
[2024-10-20T05:50:11.593+0000] {logging_mixin.py:190} INFO - [2024-10-20T05:50:11.592+0000] {dag.py:3239} INFO - Sync 10 DAGs
[2024-10-20T05:50:11.614+0000] {logging_mixin.py:190} INFO - [2024-10-20T05:50:11.614+0000] {dag.py:4180} INFO - Setting next_dagrun for conditional_dataset_and_time_based_timetable to 2024-10-16 01:00:00+00:00, run_after=2024-10-16 01:00:00+00:00
[2024-10-20T05:50:11.618+0000] {logging_mixin.py:190} INFO - [2024-10-20T05:50:11.618+0000] {dag.py:4180} INFO - Setting next_dagrun for consume_1_and_2_with_dataset_expressions to None, run_after=None
[2024-10-20T05:50:11.619+0000] {logging_mixin.py:190} INFO - [2024-10-20T05:50:11.619+0000] {dag.py:4180} INFO - Setting next_dagrun for consume_1_or_2_with_dataset_expressions to None, run_after=None
[2024-10-20T05:50:11.620+0000] {logging_mixin.py:190} INFO - [2024-10-20T05:50:11.620+0000] {dag.py:4180} INFO - Setting next_dagrun for consume_1_or_both_2_and_3_with_dataset_expressions to None, run_after=None
[2024-10-20T05:50:11.621+0000] {logging_mixin.py:190} INFO - [2024-10-20T05:50:11.621+0000] {dag.py:4180} INFO - Setting next_dagrun for dataset_consumes_1 to None, run_after=None
[2024-10-20T05:50:11.623+0000] {logging_mixin.py:190} INFO - [2024-10-20T05:50:11.622+0000] {dag.py:4180} INFO - Setting next_dagrun for dataset_consumes_1_and_2 to None, run_after=None
[2024-10-20T05:50:11.624+0000] {logging_mixin.py:190} INFO - [2024-10-20T05:50:11.623+0000] {dag.py:4180} INFO - Setting next_dagrun for dataset_consumes_1_never_scheduled to None, run_after=None
[2024-10-20T05:50:11.625+0000] {logging_mixin.py:190} INFO - [2024-10-20T05:50:11.624+0000] {dag.py:4180} INFO - Setting next_dagrun for dataset_consumes_unknown_never_scheduled to None, run_after=None
[2024-10-20T05:50:11.628+0000] {logging_mixin.py:190} INFO - [2024-10-20T05:50:11.627+0000] {dag.py:4180} INFO - Setting next_dagrun for dataset_produces_1 to 2024-10-19 00:00:00+00:00, run_after=2024-10-20 00:00:00+00:00
[2024-10-20T05:50:11.628+0000] {logging_mixin.py:190} INFO - [2024-10-20T05:50:11.628+0000] {dag.py:4180} INFO - Setting next_dagrun for dataset_produces_2 to None, run_after=None
[2024-10-20T05:50:11.827+0000] {processor.py:208} INFO - Processing /usr/local/python/3.12.1/lib/python3.12/site-packages/airflow/example_dags/example_datasets.py took 0.278 seconds
