[2024-10-20T05:43:37.600+0000] {processor.py:186} INFO - Started process (PID=8718) to work on /usr/local/python/3.12.1/lib/python3.12/site-packages/airflow/example_dags/example_skip_dag.py
[2024-10-20T05:43:37.601+0000] {processor.py:914} INFO - Processing file /usr/local/python/3.12.1/lib/python3.12/site-packages/airflow/example_dags/example_skip_dag.py for tasks to queue
[2024-10-20T05:43:37.606+0000] {logging_mixin.py:190} INFO - [2024-10-20T05:43:37.606+0000] {dagbag.py:588} INFO - Filling up the DagBag from /usr/local/python/3.12.1/lib/python3.12/site-packages/airflow/example_dags/example_skip_dag.py
[2024-10-20T05:43:37.613+0000] {processor.py:925} INFO - DAG(s) 'example_skip_dag' retrieved from /usr/local/python/3.12.1/lib/python3.12/site-packages/airflow/example_dags/example_skip_dag.py
[2024-10-20T05:43:44.566+0000] {logging_mixin.py:190} INFO - [2024-10-20T05:43:44.566+0000] {override.py:1900} INFO - Created Permission View: can delete on DAG:example_skip_dag
[2024-10-20T05:43:44.598+0000] {logging_mixin.py:190} INFO - [2024-10-20T05:43:44.598+0000] {override.py:1900} INFO - Created Permission View: can edit on DAG:example_skip_dag
[2024-10-20T05:43:44.630+0000] {logging_mixin.py:190} INFO - [2024-10-20T05:43:44.629+0000] {override.py:1900} INFO - Created Permission View: can read on DAG:example_skip_dag
[2024-10-20T05:43:44.685+0000] {logging_mixin.py:190} INFO - [2024-10-20T05:43:44.684+0000] {override.py:1900} INFO - Created Permission View: can delete on DAG Run:example_skip_dag
[2024-10-20T05:43:44.712+0000] {logging_mixin.py:190} INFO - [2024-10-20T05:43:44.712+0000] {override.py:1900} INFO - Created Permission View: can create on DAG Run:example_skip_dag
[2024-10-20T05:43:44.734+0000] {logging_mixin.py:190} INFO - [2024-10-20T05:43:44.733+0000] {override.py:1900} INFO - Created Permission View: menu access on DAG Run:example_skip_dag
[2024-10-20T05:43:44.754+0000] {logging_mixin.py:190} INFO - [2024-10-20T05:43:44.754+0000] {override.py:1900} INFO - Created Permission View: can read on DAG Run:example_skip_dag
[2024-10-20T05:43:44.754+0000] {logging_mixin.py:190} INFO - [2024-10-20T05:43:44.754+0000] {dag.py:3239} INFO - Sync 1 DAGs
[2024-10-20T05:43:44.765+0000] {logging_mixin.py:190} INFO - [2024-10-20T05:43:44.765+0000] {dag.py:3262} INFO - Creating ORM DAG for example_skip_dag
[2024-10-20T05:43:44.774+0000] {logging_mixin.py:190} INFO - [2024-10-20T05:43:44.774+0000] {dag.py:4180} INFO - Setting next_dagrun for example_skip_dag to 2024-10-19 00:00:00+00:00, run_after=2024-10-20 00:00:00+00:00
[2024-10-20T05:43:44.819+0000] {processor.py:208} INFO - Processing /usr/local/python/3.12.1/lib/python3.12/site-packages/airflow/example_dags/example_skip_dag.py took 7.227 seconds
[2024-10-20T05:45:06.845+0000] {processor.py:186} INFO - Started process (PID=9833) to work on /usr/local/python/3.12.1/lib/python3.12/site-packages/airflow/example_dags/example_skip_dag.py
[2024-10-20T05:45:06.846+0000] {processor.py:914} INFO - Processing file /usr/local/python/3.12.1/lib/python3.12/site-packages/airflow/example_dags/example_skip_dag.py for tasks to queue
[2024-10-20T05:45:06.848+0000] {logging_mixin.py:190} INFO - [2024-10-20T05:45:06.847+0000] {dagbag.py:588} INFO - Filling up the DagBag from /usr/local/python/3.12.1/lib/python3.12/site-packages/airflow/example_dags/example_skip_dag.py
[2024-10-20T05:45:06.853+0000] {processor.py:925} INFO - DAG(s) 'example_skip_dag' retrieved from /usr/local/python/3.12.1/lib/python3.12/site-packages/airflow/example_dags/example_skip_dag.py
[2024-10-20T05:45:06.866+0000] {logging_mixin.py:190} INFO - [2024-10-20T05:45:06.866+0000] {dag.py:3239} INFO - Sync 1 DAGs
[2024-10-20T05:45:06.881+0000] {logging_mixin.py:190} INFO - [2024-10-20T05:45:06.881+0000] {dag.py:4180} INFO - Setting next_dagrun for example_skip_dag to 2024-10-19 00:00:00+00:00, run_after=2024-10-20 00:00:00+00:00
[2024-10-20T05:45:06.914+0000] {processor.py:208} INFO - Processing /usr/local/python/3.12.1/lib/python3.12/site-packages/airflow/example_dags/example_skip_dag.py took 0.072 seconds
[2024-10-20T05:45:59.496+0000] {processor.py:186} INFO - Started process (PID=10840) to work on /usr/local/python/3.12.1/lib/python3.12/site-packages/airflow/example_dags/example_skip_dag.py
[2024-10-20T05:45:59.497+0000] {processor.py:914} INFO - Processing file /usr/local/python/3.12.1/lib/python3.12/site-packages/airflow/example_dags/example_skip_dag.py for tasks to queue
[2024-10-20T05:45:59.499+0000] {logging_mixin.py:190} INFO - [2024-10-20T05:45:59.498+0000] {dagbag.py:588} INFO - Filling up the DagBag from /usr/local/python/3.12.1/lib/python3.12/site-packages/airflow/example_dags/example_skip_dag.py
[2024-10-20T05:45:59.506+0000] {processor.py:925} INFO - DAG(s) 'example_skip_dag' retrieved from /usr/local/python/3.12.1/lib/python3.12/site-packages/airflow/example_dags/example_skip_dag.py
[2024-10-20T05:45:59.521+0000] {logging_mixin.py:190} INFO - [2024-10-20T05:45:59.521+0000] {dag.py:3239} INFO - Sync 1 DAGs
[2024-10-20T05:45:59.540+0000] {logging_mixin.py:190} INFO - [2024-10-20T05:45:59.539+0000] {dag.py:4180} INFO - Setting next_dagrun for example_skip_dag to 2024-10-19 00:00:00+00:00, run_after=2024-10-20 00:00:00+00:00
[2024-10-20T05:45:59.577+0000] {processor.py:208} INFO - Processing /usr/local/python/3.12.1/lib/python3.12/site-packages/airflow/example_dags/example_skip_dag.py took 0.085 seconds
[2024-10-20T05:46:49.020+0000] {processor.py:186} INFO - Started process (PID=11238) to work on /usr/local/python/3.12.1/lib/python3.12/site-packages/airflow/example_dags/example_skip_dag.py
[2024-10-20T05:46:49.020+0000] {processor.py:914} INFO - Processing file /usr/local/python/3.12.1/lib/python3.12/site-packages/airflow/example_dags/example_skip_dag.py for tasks to queue
[2024-10-20T05:46:49.022+0000] {logging_mixin.py:190} INFO - [2024-10-20T05:46:49.022+0000] {dagbag.py:588} INFO - Filling up the DagBag from /usr/local/python/3.12.1/lib/python3.12/site-packages/airflow/example_dags/example_skip_dag.py
[2024-10-20T05:46:49.027+0000] {processor.py:925} INFO - DAG(s) 'example_skip_dag' retrieved from /usr/local/python/3.12.1/lib/python3.12/site-packages/airflow/example_dags/example_skip_dag.py
[2024-10-20T05:46:49.039+0000] {logging_mixin.py:190} INFO - [2024-10-20T05:46:49.039+0000] {dag.py:3239} INFO - Sync 1 DAGs
[2024-10-20T05:46:49.054+0000] {logging_mixin.py:190} INFO - [2024-10-20T05:46:49.054+0000] {dag.py:4180} INFO - Setting next_dagrun for example_skip_dag to 2024-10-19 00:00:00+00:00, run_after=2024-10-20 00:00:00+00:00
[2024-10-20T05:46:49.082+0000] {processor.py:208} INFO - Processing /usr/local/python/3.12.1/lib/python3.12/site-packages/airflow/example_dags/example_skip_dag.py took 0.066 seconds
[2024-10-20T05:47:41.051+0000] {processor.py:186} INFO - Started process (PID=11652) to work on /usr/local/python/3.12.1/lib/python3.12/site-packages/airflow/example_dags/example_skip_dag.py
[2024-10-20T05:47:41.052+0000] {processor.py:914} INFO - Processing file /usr/local/python/3.12.1/lib/python3.12/site-packages/airflow/example_dags/example_skip_dag.py for tasks to queue
[2024-10-20T05:47:41.054+0000] {logging_mixin.py:190} INFO - [2024-10-20T05:47:41.054+0000] {dagbag.py:588} INFO - Filling up the DagBag from /usr/local/python/3.12.1/lib/python3.12/site-packages/airflow/example_dags/example_skip_dag.py
[2024-10-20T05:47:41.063+0000] {processor.py:925} INFO - DAG(s) 'example_skip_dag' retrieved from /usr/local/python/3.12.1/lib/python3.12/site-packages/airflow/example_dags/example_skip_dag.py
[2024-10-20T05:47:41.077+0000] {logging_mixin.py:190} INFO - [2024-10-20T05:47:41.077+0000] {dag.py:3239} INFO - Sync 1 DAGs
[2024-10-20T05:47:41.092+0000] {logging_mixin.py:190} INFO - [2024-10-20T05:47:41.092+0000] {dag.py:4180} INFO - Setting next_dagrun for example_skip_dag to 2024-10-19 00:00:00+00:00, run_after=2024-10-20 00:00:00+00:00
[2024-10-20T05:47:41.120+0000] {processor.py:208} INFO - Processing /usr/local/python/3.12.1/lib/python3.12/site-packages/airflow/example_dags/example_skip_dag.py took 0.073 seconds
[2024-10-20T05:48:32.009+0000] {processor.py:186} INFO - Started process (PID=12129) to work on /usr/local/python/3.12.1/lib/python3.12/site-packages/airflow/example_dags/example_skip_dag.py
[2024-10-20T05:48:32.010+0000] {processor.py:914} INFO - Processing file /usr/local/python/3.12.1/lib/python3.12/site-packages/airflow/example_dags/example_skip_dag.py for tasks to queue
[2024-10-20T05:48:32.012+0000] {logging_mixin.py:190} INFO - [2024-10-20T05:48:32.011+0000] {dagbag.py:588} INFO - Filling up the DagBag from /usr/local/python/3.12.1/lib/python3.12/site-packages/airflow/example_dags/example_skip_dag.py
[2024-10-20T05:48:32.018+0000] {processor.py:925} INFO - DAG(s) 'example_skip_dag' retrieved from /usr/local/python/3.12.1/lib/python3.12/site-packages/airflow/example_dags/example_skip_dag.py
[2024-10-20T05:48:32.031+0000] {logging_mixin.py:190} INFO - [2024-10-20T05:48:32.031+0000] {dag.py:3239} INFO - Sync 1 DAGs
[2024-10-20T05:48:32.047+0000] {logging_mixin.py:190} INFO - [2024-10-20T05:48:32.047+0000] {dag.py:4180} INFO - Setting next_dagrun for example_skip_dag to 2024-10-19 00:00:00+00:00, run_after=2024-10-20 00:00:00+00:00
[2024-10-20T05:48:32.082+0000] {processor.py:208} INFO - Processing /usr/local/python/3.12.1/lib/python3.12/site-packages/airflow/example_dags/example_skip_dag.py took 0.078 seconds
[2024-10-20T05:49:26.706+0000] {processor.py:186} INFO - Started process (PID=12598) to work on /usr/local/python/3.12.1/lib/python3.12/site-packages/airflow/example_dags/example_skip_dag.py
[2024-10-20T05:49:26.707+0000] {processor.py:914} INFO - Processing file /usr/local/python/3.12.1/lib/python3.12/site-packages/airflow/example_dags/example_skip_dag.py for tasks to queue
[2024-10-20T05:49:26.709+0000] {logging_mixin.py:190} INFO - [2024-10-20T05:49:26.708+0000] {dagbag.py:588} INFO - Filling up the DagBag from /usr/local/python/3.12.1/lib/python3.12/site-packages/airflow/example_dags/example_skip_dag.py
[2024-10-20T05:49:26.716+0000] {processor.py:925} INFO - DAG(s) 'example_skip_dag' retrieved from /usr/local/python/3.12.1/lib/python3.12/site-packages/airflow/example_dags/example_skip_dag.py
[2024-10-20T05:49:26.730+0000] {logging_mixin.py:190} INFO - [2024-10-20T05:49:26.730+0000] {dag.py:3239} INFO - Sync 1 DAGs
[2024-10-20T05:49:26.748+0000] {logging_mixin.py:190} INFO - [2024-10-20T05:49:26.748+0000] {dag.py:4180} INFO - Setting next_dagrun for example_skip_dag to 2024-10-19 00:00:00+00:00, run_after=2024-10-20 00:00:00+00:00
[2024-10-20T05:49:26.780+0000] {processor.py:208} INFO - Processing /usr/local/python/3.12.1/lib/python3.12/site-packages/airflow/example_dags/example_skip_dag.py took 0.078 seconds
[2024-10-20T05:50:23.632+0000] {processor.py:186} INFO - Started process (PID=13252) to work on /usr/local/python/3.12.1/lib/python3.12/site-packages/airflow/example_dags/example_skip_dag.py
[2024-10-20T05:50:23.633+0000] {processor.py:914} INFO - Processing file /usr/local/python/3.12.1/lib/python3.12/site-packages/airflow/example_dags/example_skip_dag.py for tasks to queue
[2024-10-20T05:50:23.634+0000] {logging_mixin.py:190} INFO - [2024-10-20T05:50:23.634+0000] {dagbag.py:588} INFO - Filling up the DagBag from /usr/local/python/3.12.1/lib/python3.12/site-packages/airflow/example_dags/example_skip_dag.py
[2024-10-20T05:50:23.640+0000] {processor.py:925} INFO - DAG(s) 'example_skip_dag' retrieved from /usr/local/python/3.12.1/lib/python3.12/site-packages/airflow/example_dags/example_skip_dag.py
[2024-10-20T05:50:23.653+0000] {logging_mixin.py:190} INFO - [2024-10-20T05:50:23.652+0000] {dag.py:3239} INFO - Sync 1 DAGs
[2024-10-20T05:50:23.668+0000] {logging_mixin.py:190} INFO - [2024-10-20T05:50:23.668+0000] {dag.py:4180} INFO - Setting next_dagrun for example_skip_dag to 2024-10-19 00:00:00+00:00, run_after=2024-10-20 00:00:00+00:00
[2024-10-20T05:50:24.547+0000] {processor.py:208} INFO - Processing /usr/local/python/3.12.1/lib/python3.12/site-packages/airflow/example_dags/example_skip_dag.py took 0.919 seconds
