[2024-10-20T05:44:44.769+0000] {processor.py:186} INFO - Started process (PID=9668) to work on /usr/local/python/3.12.1/lib/python3.12/site-packages/airflow/example_dags/example_external_task_marker_dag.py
[2024-10-20T05:44:44.770+0000] {processor.py:914} INFO - Processing file /usr/local/python/3.12.1/lib/python3.12/site-packages/airflow/example_dags/example_external_task_marker_dag.py for tasks to queue
[2024-10-20T05:44:44.772+0000] {logging_mixin.py:190} INFO - [2024-10-20T05:44:44.772+0000] {dagbag.py:588} INFO - Filling up the DagBag from /usr/local/python/3.12.1/lib/python3.12/site-packages/airflow/example_dags/example_external_task_marker_dag.py
[2024-10-20T05:44:44.780+0000] {processor.py:925} INFO - DAG(s) 'example_external_task_marker_parent', 'example_external_task_marker_child' retrieved from /usr/local/python/3.12.1/lib/python3.12/site-packages/airflow/example_dags/example_external_task_marker_dag.py
[2024-10-20T05:44:44.903+0000] {logging_mixin.py:190} INFO - [2024-10-20T05:44:44.902+0000] {override.py:1900} INFO - Created Permission View: can delete on DAG:example_external_task_marker_parent
[2024-10-20T05:44:44.934+0000] {logging_mixin.py:190} INFO - [2024-10-20T05:44:44.933+0000] {override.py:1900} INFO - Created Permission View: can edit on DAG:example_external_task_marker_parent
[2024-10-20T05:44:44.965+0000] {logging_mixin.py:190} INFO - [2024-10-20T05:44:44.960+0000] {override.py:1900} INFO - Created Permission View: can read on DAG:example_external_task_marker_parent
[2024-10-20T05:44:45.022+0000] {logging_mixin.py:190} INFO - [2024-10-20T05:44:45.021+0000] {override.py:1900} INFO - Created Permission View: can delete on DAG Run:example_external_task_marker_parent
[2024-10-20T05:44:45.042+0000] {logging_mixin.py:190} INFO - [2024-10-20T05:44:45.042+0000] {override.py:1900} INFO - Created Permission View: can create on DAG Run:example_external_task_marker_parent
[2024-10-20T05:44:45.066+0000] {logging_mixin.py:190} INFO - [2024-10-20T05:44:45.066+0000] {override.py:1900} INFO - Created Permission View: menu access on DAG Run:example_external_task_marker_parent
[2024-10-20T05:44:45.086+0000] {logging_mixin.py:190} INFO - [2024-10-20T05:44:45.086+0000] {override.py:1900} INFO - Created Permission View: can read on DAG Run:example_external_task_marker_parent
[2024-10-20T05:44:45.136+0000] {logging_mixin.py:190} INFO - [2024-10-20T05:44:45.136+0000] {override.py:1900} INFO - Created Permission View: can delete on DAG:example_external_task_marker_child
[2024-10-20T05:44:45.162+0000] {logging_mixin.py:190} INFO - [2024-10-20T05:44:45.161+0000] {override.py:1900} INFO - Created Permission View: can edit on DAG:example_external_task_marker_child
[2024-10-20T05:44:45.185+0000] {logging_mixin.py:190} INFO - [2024-10-20T05:44:45.185+0000] {override.py:1900} INFO - Created Permission View: can read on DAG:example_external_task_marker_child
[2024-10-20T05:44:45.233+0000] {logging_mixin.py:190} INFO - [2024-10-20T05:44:45.233+0000] {override.py:1900} INFO - Created Permission View: can delete on DAG Run:example_external_task_marker_child
[2024-10-20T05:44:45.259+0000] {logging_mixin.py:190} INFO - [2024-10-20T05:44:45.258+0000] {override.py:1900} INFO - Created Permission View: can create on DAG Run:example_external_task_marker_child
[2024-10-20T05:44:45.282+0000] {logging_mixin.py:190} INFO - [2024-10-20T05:44:45.281+0000] {override.py:1900} INFO - Created Permission View: menu access on DAG Run:example_external_task_marker_child
[2024-10-20T05:44:45.304+0000] {logging_mixin.py:190} INFO - [2024-10-20T05:44:45.303+0000] {override.py:1900} INFO - Created Permission View: can read on DAG Run:example_external_task_marker_child
[2024-10-20T05:44:45.304+0000] {logging_mixin.py:190} INFO - [2024-10-20T05:44:45.304+0000] {dag.py:3239} INFO - Sync 2 DAGs
[2024-10-20T05:44:45.321+0000] {logging_mixin.py:190} INFO - [2024-10-20T05:44:45.321+0000] {dag.py:3262} INFO - Creating ORM DAG for example_external_task_marker_child
[2024-10-20T05:44:45.322+0000] {logging_mixin.py:190} INFO - [2024-10-20T05:44:45.322+0000] {dag.py:3262} INFO - Creating ORM DAG for example_external_task_marker_parent
[2024-10-20T05:44:45.323+0000] {logging_mixin.py:190} INFO - [2024-10-20T05:44:45.323+0000] {dag.py:4180} INFO - Setting next_dagrun for example_external_task_marker_child to None, run_after=None
[2024-10-20T05:44:45.323+0000] {logging_mixin.py:190} INFO - [2024-10-20T05:44:45.323+0000] {dag.py:4180} INFO - Setting next_dagrun for example_external_task_marker_parent to None, run_after=None
[2024-10-20T05:44:45.367+0000] {processor.py:208} INFO - Processing /usr/local/python/3.12.1/lib/python3.12/site-packages/airflow/example_dags/example_external_task_marker_dag.py took 0.603 seconds
[2024-10-20T05:45:46.990+0000] {processor.py:186} INFO - Started process (PID=10738) to work on /usr/local/python/3.12.1/lib/python3.12/site-packages/airflow/example_dags/example_external_task_marker_dag.py
[2024-10-20T05:45:46.991+0000] {processor.py:914} INFO - Processing file /usr/local/python/3.12.1/lib/python3.12/site-packages/airflow/example_dags/example_external_task_marker_dag.py for tasks to queue
[2024-10-20T05:45:46.992+0000] {logging_mixin.py:190} INFO - [2024-10-20T05:45:46.992+0000] {dagbag.py:588} INFO - Filling up the DagBag from /usr/local/python/3.12.1/lib/python3.12/site-packages/airflow/example_dags/example_external_task_marker_dag.py
[2024-10-20T05:45:46.998+0000] {processor.py:925} INFO - DAG(s) 'example_external_task_marker_parent', 'example_external_task_marker_child' retrieved from /usr/local/python/3.12.1/lib/python3.12/site-packages/airflow/example_dags/example_external_task_marker_dag.py
[2024-10-20T05:45:47.011+0000] {logging_mixin.py:190} INFO - [2024-10-20T05:45:47.011+0000] {dag.py:3239} INFO - Sync 2 DAGs
[2024-10-20T05:45:47.021+0000] {logging_mixin.py:190} INFO - [2024-10-20T05:45:47.020+0000] {dag.py:4180} INFO - Setting next_dagrun for example_external_task_marker_child to None, run_after=None
[2024-10-20T05:45:47.023+0000] {logging_mixin.py:190} INFO - [2024-10-20T05:45:47.023+0000] {dag.py:4180} INFO - Setting next_dagrun for example_external_task_marker_parent to None, run_after=None
[2024-10-20T05:45:47.057+0000] {processor.py:208} INFO - Processing /usr/local/python/3.12.1/lib/python3.12/site-packages/airflow/example_dags/example_external_task_marker_dag.py took 0.071 seconds
[2024-10-20T05:46:42.719+0000] {processor.py:186} INFO - Started process (PID=11190) to work on /usr/local/python/3.12.1/lib/python3.12/site-packages/airflow/example_dags/example_external_task_marker_dag.py
[2024-10-20T05:46:42.720+0000] {processor.py:914} INFO - Processing file /usr/local/python/3.12.1/lib/python3.12/site-packages/airflow/example_dags/example_external_task_marker_dag.py for tasks to queue
[2024-10-20T05:46:42.721+0000] {logging_mixin.py:190} INFO - [2024-10-20T05:46:42.721+0000] {dagbag.py:588} INFO - Filling up the DagBag from /usr/local/python/3.12.1/lib/python3.12/site-packages/airflow/example_dags/example_external_task_marker_dag.py
[2024-10-20T05:46:42.727+0000] {processor.py:925} INFO - DAG(s) 'example_external_task_marker_child', 'example_external_task_marker_parent' retrieved from /usr/local/python/3.12.1/lib/python3.12/site-packages/airflow/example_dags/example_external_task_marker_dag.py
[2024-10-20T05:46:42.742+0000] {logging_mixin.py:190} INFO - [2024-10-20T05:46:42.742+0000] {dag.py:3239} INFO - Sync 2 DAGs
[2024-10-20T05:46:42.752+0000] {logging_mixin.py:190} INFO - [2024-10-20T05:46:42.752+0000] {dag.py:4180} INFO - Setting next_dagrun for example_external_task_marker_child to None, run_after=None
[2024-10-20T05:46:42.754+0000] {logging_mixin.py:190} INFO - [2024-10-20T05:46:42.754+0000] {dag.py:4180} INFO - Setting next_dagrun for example_external_task_marker_parent to None, run_after=None
[2024-10-20T05:46:42.786+0000] {processor.py:208} INFO - Processing /usr/local/python/3.12.1/lib/python3.12/site-packages/airflow/example_dags/example_external_task_marker_dag.py took 0.071 seconds
[2024-10-20T05:47:39.318+0000] {processor.py:186} INFO - Started process (PID=11649) to work on /usr/local/python/3.12.1/lib/python3.12/site-packages/airflow/example_dags/example_external_task_marker_dag.py
[2024-10-20T05:47:39.319+0000] {processor.py:914} INFO - Processing file /usr/local/python/3.12.1/lib/python3.12/site-packages/airflow/example_dags/example_external_task_marker_dag.py for tasks to queue
[2024-10-20T05:47:39.320+0000] {logging_mixin.py:190} INFO - [2024-10-20T05:47:39.320+0000] {dagbag.py:588} INFO - Filling up the DagBag from /usr/local/python/3.12.1/lib/python3.12/site-packages/airflow/example_dags/example_external_task_marker_dag.py
[2024-10-20T05:47:39.327+0000] {processor.py:925} INFO - DAG(s) 'example_external_task_marker_child', 'example_external_task_marker_parent' retrieved from /usr/local/python/3.12.1/lib/python3.12/site-packages/airflow/example_dags/example_external_task_marker_dag.py
[2024-10-20T05:47:39.340+0000] {logging_mixin.py:190} INFO - [2024-10-20T05:47:39.340+0000] {dag.py:3239} INFO - Sync 2 DAGs
[2024-10-20T05:47:39.350+0000] {logging_mixin.py:190} INFO - [2024-10-20T05:47:39.350+0000] {dag.py:4180} INFO - Setting next_dagrun for example_external_task_marker_child to None, run_after=None
[2024-10-20T05:47:39.353+0000] {logging_mixin.py:190} INFO - [2024-10-20T05:47:39.353+0000] {dag.py:4180} INFO - Setting next_dagrun for example_external_task_marker_parent to None, run_after=None
[2024-10-20T05:47:39.375+0000] {processor.py:208} INFO - Processing /usr/local/python/3.12.1/lib/python3.12/site-packages/airflow/example_dags/example_external_task_marker_dag.py took 0.062 seconds
[2024-10-20T05:48:53.265+0000] {processor.py:186} INFO - Started process (PID=12300) to work on /usr/local/python/3.12.1/lib/python3.12/site-packages/airflow/example_dags/example_external_task_marker_dag.py
[2024-10-20T05:48:53.265+0000] {processor.py:914} INFO - Processing file /usr/local/python/3.12.1/lib/python3.12/site-packages/airflow/example_dags/example_external_task_marker_dag.py for tasks to queue
[2024-10-20T05:48:53.267+0000] {logging_mixin.py:190} INFO - [2024-10-20T05:48:53.266+0000] {dagbag.py:588} INFO - Filling up the DagBag from /usr/local/python/3.12.1/lib/python3.12/site-packages/airflow/example_dags/example_external_task_marker_dag.py
[2024-10-20T05:48:53.273+0000] {processor.py:925} INFO - DAG(s) 'example_external_task_marker_child', 'example_external_task_marker_parent' retrieved from /usr/local/python/3.12.1/lib/python3.12/site-packages/airflow/example_dags/example_external_task_marker_dag.py
[2024-10-20T05:48:53.285+0000] {logging_mixin.py:190} INFO - [2024-10-20T05:48:53.285+0000] {dag.py:3239} INFO - Sync 2 DAGs
[2024-10-20T05:48:53.295+0000] {logging_mixin.py:190} INFO - [2024-10-20T05:48:53.295+0000] {dag.py:4180} INFO - Setting next_dagrun for example_external_task_marker_child to None, run_after=None
[2024-10-20T05:48:53.297+0000] {logging_mixin.py:190} INFO - [2024-10-20T05:48:53.297+0000] {dag.py:4180} INFO - Setting next_dagrun for example_external_task_marker_parent to None, run_after=None
[2024-10-20T05:48:53.333+0000] {processor.py:208} INFO - Processing /usr/local/python/3.12.1/lib/python3.12/site-packages/airflow/example_dags/example_external_task_marker_dag.py took 0.072 seconds
[2024-10-20T05:49:48.844+0000] {processor.py:186} INFO - Started process (PID=12755) to work on /usr/local/python/3.12.1/lib/python3.12/site-packages/airflow/example_dags/example_external_task_marker_dag.py
[2024-10-20T05:49:48.844+0000] {processor.py:914} INFO - Processing file /usr/local/python/3.12.1/lib/python3.12/site-packages/airflow/example_dags/example_external_task_marker_dag.py for tasks to queue
[2024-10-20T05:49:48.847+0000] {logging_mixin.py:190} INFO - [2024-10-20T05:49:48.846+0000] {dagbag.py:588} INFO - Filling up the DagBag from /usr/local/python/3.12.1/lib/python3.12/site-packages/airflow/example_dags/example_external_task_marker_dag.py
[2024-10-20T05:49:48.854+0000] {processor.py:925} INFO - DAG(s) 'example_external_task_marker_child', 'example_external_task_marker_parent' retrieved from /usr/local/python/3.12.1/lib/python3.12/site-packages/airflow/example_dags/example_external_task_marker_dag.py
[2024-10-20T05:49:48.869+0000] {logging_mixin.py:190} INFO - [2024-10-20T05:49:48.868+0000] {dag.py:3239} INFO - Sync 2 DAGs
[2024-10-20T05:49:48.879+0000] {logging_mixin.py:190} INFO - [2024-10-20T05:49:48.879+0000] {dag.py:4180} INFO - Setting next_dagrun for example_external_task_marker_child to None, run_after=None
[2024-10-20T05:49:48.882+0000] {logging_mixin.py:190} INFO - [2024-10-20T05:49:48.882+0000] {dag.py:4180} INFO - Setting next_dagrun for example_external_task_marker_parent to None, run_after=None
[2024-10-20T05:49:48.933+0000] {processor.py:208} INFO - Processing /usr/local/python/3.12.1/lib/python3.12/site-packages/airflow/example_dags/example_external_task_marker_dag.py took 0.094 seconds
[2024-10-20T05:50:49.488+0000] {processor.py:186} INFO - Started process (PID=13491) to work on /usr/local/python/3.12.1/lib/python3.12/site-packages/airflow/example_dags/example_external_task_marker_dag.py
[2024-10-20T05:50:49.489+0000] {processor.py:914} INFO - Processing file /usr/local/python/3.12.1/lib/python3.12/site-packages/airflow/example_dags/example_external_task_marker_dag.py for tasks to queue
[2024-10-20T05:50:49.490+0000] {logging_mixin.py:190} INFO - [2024-10-20T05:50:49.490+0000] {dagbag.py:588} INFO - Filling up the DagBag from /usr/local/python/3.12.1/lib/python3.12/site-packages/airflow/example_dags/example_external_task_marker_dag.py
[2024-10-20T05:50:49.496+0000] {processor.py:925} INFO - DAG(s) 'example_external_task_marker_parent', 'example_external_task_marker_child' retrieved from /usr/local/python/3.12.1/lib/python3.12/site-packages/airflow/example_dags/example_external_task_marker_dag.py
[2024-10-20T05:50:49.509+0000] {logging_mixin.py:190} INFO - [2024-10-20T05:50:49.509+0000] {dag.py:3239} INFO - Sync 2 DAGs
[2024-10-20T05:50:49.518+0000] {logging_mixin.py:190} INFO - [2024-10-20T05:50:49.518+0000] {dag.py:4180} INFO - Setting next_dagrun for example_external_task_marker_child to None, run_after=None
[2024-10-20T05:50:49.521+0000] {logging_mixin.py:190} INFO - [2024-10-20T05:50:49.521+0000] {dag.py:4180} INFO - Setting next_dagrun for example_external_task_marker_parent to None, run_after=None
[2024-10-20T05:50:49.630+0000] {processor.py:208} INFO - Processing /usr/local/python/3.12.1/lib/python3.12/site-packages/airflow/example_dags/example_external_task_marker_dag.py took 0.146 seconds
