[2024-10-20T05:44:52.370+0000] {processor.py:186} INFO - Started process (PID=9721) to work on /usr/local/python/3.12.1/lib/python3.12/site-packages/airflow/example_dags/example_branch_labels.py
[2024-10-20T05:44:52.370+0000] {processor.py:914} INFO - Processing file /usr/local/python/3.12.1/lib/python3.12/site-packages/airflow/example_dags/example_branch_labels.py for tasks to queue
[2024-10-20T05:44:52.372+0000] {logging_mixin.py:190} INFO - [2024-10-20T05:44:52.372+0000] {dagbag.py:588} INFO - Filling up the DagBag from /usr/local/python/3.12.1/lib/python3.12/site-packages/airflow/example_dags/example_branch_labels.py
[2024-10-20T05:44:52.381+0000] {processor.py:925} INFO - DAG(s) 'example_branch_labels' retrieved from /usr/local/python/3.12.1/lib/python3.12/site-packages/airflow/example_dags/example_branch_labels.py
[2024-10-20T05:44:52.534+0000] {logging_mixin.py:190} INFO - [2024-10-20T05:44:52.533+0000] {override.py:1900} INFO - Created Permission View: can delete on DAG:example_branch_labels
[2024-10-20T05:44:52.558+0000] {logging_mixin.py:190} INFO - [2024-10-20T05:44:52.558+0000] {override.py:1900} INFO - Created Permission View: can edit on DAG:example_branch_labels
[2024-10-20T05:44:52.591+0000] {logging_mixin.py:190} INFO - [2024-10-20T05:44:52.590+0000] {override.py:1900} INFO - Created Permission View: can read on DAG:example_branch_labels
[2024-10-20T05:44:52.630+0000] {logging_mixin.py:190} INFO - [2024-10-20T05:44:52.630+0000] {override.py:1900} INFO - Created Permission View: can delete on DAG Run:example_branch_labels
[2024-10-20T05:44:52.657+0000] {logging_mixin.py:190} INFO - [2024-10-20T05:44:52.656+0000] {override.py:1900} INFO - Created Permission View: can create on DAG Run:example_branch_labels
[2024-10-20T05:44:52.690+0000] {logging_mixin.py:190} INFO - [2024-10-20T05:44:52.689+0000] {override.py:1900} INFO - Created Permission View: menu access on DAG Run:example_branch_labels
[2024-10-20T05:44:52.730+0000] {logging_mixin.py:190} INFO - [2024-10-20T05:44:52.729+0000] {override.py:1900} INFO - Created Permission View: can read on DAG Run:example_branch_labels
[2024-10-20T05:44:52.730+0000] {logging_mixin.py:190} INFO - [2024-10-20T05:44:52.730+0000] {dag.py:3239} INFO - Sync 1 DAGs
[2024-10-20T05:44:52.741+0000] {logging_mixin.py:190} INFO - [2024-10-20T05:44:52.741+0000] {dag.py:3262} INFO - Creating ORM DAG for example_branch_labels
[2024-10-20T05:44:52.749+0000] {logging_mixin.py:190} INFO - [2024-10-20T05:44:52.749+0000] {dag.py:4180} INFO - Setting next_dagrun for example_branch_labels to 2024-10-19 00:00:00+00:00, run_after=2024-10-20 00:00:00+00:00
[2024-10-20T05:44:52.786+0000] {processor.py:208} INFO - Processing /usr/local/python/3.12.1/lib/python3.12/site-packages/airflow/example_dags/example_branch_labels.py took 0.420 seconds
[2024-10-20T05:45:52.158+0000] {processor.py:186} INFO - Started process (PID=10785) to work on /usr/local/python/3.12.1/lib/python3.12/site-packages/airflow/example_dags/example_branch_labels.py
[2024-10-20T05:45:52.159+0000] {processor.py:914} INFO - Processing file /usr/local/python/3.12.1/lib/python3.12/site-packages/airflow/example_dags/example_branch_labels.py for tasks to queue
[2024-10-20T05:45:52.160+0000] {logging_mixin.py:190} INFO - [2024-10-20T05:45:52.160+0000] {dagbag.py:588} INFO - Filling up the DagBag from /usr/local/python/3.12.1/lib/python3.12/site-packages/airflow/example_dags/example_branch_labels.py
[2024-10-20T05:45:52.167+0000] {processor.py:925} INFO - DAG(s) 'example_branch_labels' retrieved from /usr/local/python/3.12.1/lib/python3.12/site-packages/airflow/example_dags/example_branch_labels.py
[2024-10-20T05:45:52.179+0000] {logging_mixin.py:190} INFO - [2024-10-20T05:45:52.179+0000] {dag.py:3239} INFO - Sync 1 DAGs
[2024-10-20T05:45:52.195+0000] {logging_mixin.py:190} INFO - [2024-10-20T05:45:52.194+0000] {dag.py:4180} INFO - Setting next_dagrun for example_branch_labels to 2024-10-19 00:00:00+00:00, run_after=2024-10-20 00:00:00+00:00
[2024-10-20T05:45:52.231+0000] {processor.py:208} INFO - Processing /usr/local/python/3.12.1/lib/python3.12/site-packages/airflow/example_dags/example_branch_labels.py took 0.077 seconds
[2024-10-20T05:46:48.523+0000] {processor.py:186} INFO - Started process (PID=11237) to work on /usr/local/python/3.12.1/lib/python3.12/site-packages/airflow/example_dags/example_branch_labels.py
[2024-10-20T05:46:48.524+0000] {processor.py:914} INFO - Processing file /usr/local/python/3.12.1/lib/python3.12/site-packages/airflow/example_dags/example_branch_labels.py for tasks to queue
[2024-10-20T05:46:48.525+0000] {logging_mixin.py:190} INFO - [2024-10-20T05:46:48.525+0000] {dagbag.py:588} INFO - Filling up the DagBag from /usr/local/python/3.12.1/lib/python3.12/site-packages/airflow/example_dags/example_branch_labels.py
[2024-10-20T05:46:48.533+0000] {processor.py:925} INFO - DAG(s) 'example_branch_labels' retrieved from /usr/local/python/3.12.1/lib/python3.12/site-packages/airflow/example_dags/example_branch_labels.py
[2024-10-20T05:46:48.545+0000] {logging_mixin.py:190} INFO - [2024-10-20T05:46:48.544+0000] {dag.py:3239} INFO - Sync 1 DAGs
[2024-10-20T05:46:48.561+0000] {logging_mixin.py:190} INFO - [2024-10-20T05:46:48.561+0000] {dag.py:4180} INFO - Setting next_dagrun for example_branch_labels to 2024-10-19 00:00:00+00:00, run_after=2024-10-20 00:00:00+00:00
[2024-10-20T05:46:48.623+0000] {processor.py:208} INFO - Processing /usr/local/python/3.12.1/lib/python3.12/site-packages/airflow/example_dags/example_branch_labels.py took 0.103 seconds
[2024-10-20T05:48:03.841+0000] {processor.py:186} INFO - Started process (PID=11806) to work on /usr/local/python/3.12.1/lib/python3.12/site-packages/airflow/example_dags/example_branch_labels.py
[2024-10-20T05:48:03.842+0000] {processor.py:914} INFO - Processing file /usr/local/python/3.12.1/lib/python3.12/site-packages/airflow/example_dags/example_branch_labels.py for tasks to queue
[2024-10-20T05:48:03.843+0000] {logging_mixin.py:190} INFO - [2024-10-20T05:48:03.843+0000] {dagbag.py:588} INFO - Filling up the DagBag from /usr/local/python/3.12.1/lib/python3.12/site-packages/airflow/example_dags/example_branch_labels.py
[2024-10-20T05:48:03.851+0000] {processor.py:925} INFO - DAG(s) 'example_branch_labels' retrieved from /usr/local/python/3.12.1/lib/python3.12/site-packages/airflow/example_dags/example_branch_labels.py
[2024-10-20T05:48:03.862+0000] {logging_mixin.py:190} INFO - [2024-10-20T05:48:03.862+0000] {dag.py:3239} INFO - Sync 1 DAGs
[2024-10-20T05:48:03.878+0000] {logging_mixin.py:190} INFO - [2024-10-20T05:48:03.878+0000] {dag.py:4180} INFO - Setting next_dagrun for example_branch_labels to 2024-10-19 00:00:00+00:00, run_after=2024-10-20 00:00:00+00:00
[2024-10-20T05:48:03.926+0000] {processor.py:208} INFO - Processing /usr/local/python/3.12.1/lib/python3.12/site-packages/airflow/example_dags/example_branch_labels.py took 0.089 seconds
[2024-10-20T05:49:22.800+0000] {processor.py:186} INFO - Started process (PID=12582) to work on /usr/local/python/3.12.1/lib/python3.12/site-packages/airflow/example_dags/example_branch_labels.py
[2024-10-20T05:49:22.801+0000] {processor.py:914} INFO - Processing file /usr/local/python/3.12.1/lib/python3.12/site-packages/airflow/example_dags/example_branch_labels.py for tasks to queue
[2024-10-20T05:49:22.803+0000] {logging_mixin.py:190} INFO - [2024-10-20T05:49:22.802+0000] {dagbag.py:588} INFO - Filling up the DagBag from /usr/local/python/3.12.1/lib/python3.12/site-packages/airflow/example_dags/example_branch_labels.py
[2024-10-20T05:49:22.811+0000] {processor.py:925} INFO - DAG(s) 'example_branch_labels' retrieved from /usr/local/python/3.12.1/lib/python3.12/site-packages/airflow/example_dags/example_branch_labels.py
[2024-10-20T05:49:22.823+0000] {logging_mixin.py:190} INFO - [2024-10-20T05:49:22.823+0000] {dag.py:3239} INFO - Sync 1 DAGs
[2024-10-20T05:49:22.840+0000] {logging_mixin.py:190} INFO - [2024-10-20T05:49:22.840+0000] {dag.py:4180} INFO - Setting next_dagrun for example_branch_labels to 2024-10-19 00:00:00+00:00, run_after=2024-10-20 00:00:00+00:00
[2024-10-20T05:49:22.904+0000] {processor.py:208} INFO - Processing /usr/local/python/3.12.1/lib/python3.12/site-packages/airflow/example_dags/example_branch_labels.py took 0.108 seconds
[2024-10-20T05:50:20.803+0000] {processor.py:186} INFO - Started process (PID=13190) to work on /usr/local/python/3.12.1/lib/python3.12/site-packages/airflow/example_dags/example_branch_labels.py
[2024-10-20T05:50:20.804+0000] {processor.py:914} INFO - Processing file /usr/local/python/3.12.1/lib/python3.12/site-packages/airflow/example_dags/example_branch_labels.py for tasks to queue
[2024-10-20T05:50:20.805+0000] {logging_mixin.py:190} INFO - [2024-10-20T05:50:20.805+0000] {dagbag.py:588} INFO - Filling up the DagBag from /usr/local/python/3.12.1/lib/python3.12/site-packages/airflow/example_dags/example_branch_labels.py
[2024-10-20T05:50:20.813+0000] {processor.py:925} INFO - DAG(s) 'example_branch_labels' retrieved from /usr/local/python/3.12.1/lib/python3.12/site-packages/airflow/example_dags/example_branch_labels.py
[2024-10-20T05:50:20.824+0000] {logging_mixin.py:190} INFO - [2024-10-20T05:50:20.824+0000] {dag.py:3239} INFO - Sync 1 DAGs
[2024-10-20T05:50:20.840+0000] {logging_mixin.py:190} INFO - [2024-10-20T05:50:20.840+0000] {dag.py:4180} INFO - Setting next_dagrun for example_branch_labels to 2024-10-19 00:00:00+00:00, run_after=2024-10-20 00:00:00+00:00
[2024-10-20T05:50:20.873+0000] {processor.py:208} INFO - Processing /usr/local/python/3.12.1/lib/python3.12/site-packages/airflow/example_dags/example_branch_labels.py took 0.074 seconds
