[2024-10-20T05:43:27.969+0000] {processor.py:186} INFO - Started process (PID=8560) to work on /usr/local/python/3.12.1/lib/python3.12/site-packages/airflow/example_dags/example_short_circuit_decorator.py
[2024-10-20T05:43:27.970+0000] {processor.py:914} INFO - Processing file /usr/local/python/3.12.1/lib/python3.12/site-packages/airflow/example_dags/example_short_circuit_decorator.py for tasks to queue
[2024-10-20T05:43:27.971+0000] {logging_mixin.py:190} INFO - [2024-10-20T05:43:27.971+0000] {dagbag.py:588} INFO - Filling up the DagBag from /usr/local/python/3.12.1/lib/python3.12/site-packages/airflow/example_dags/example_short_circuit_decorator.py
[2024-10-20T05:43:27.981+0000] {processor.py:925} INFO - DAG(s) 'example_short_circuit_decorator' retrieved from /usr/local/python/3.12.1/lib/python3.12/site-packages/airflow/example_dags/example_short_circuit_decorator.py
[2024-10-20T05:43:28.124+0000] {logging_mixin.py:190} INFO - [2024-10-20T05:43:28.123+0000] {override.py:1900} INFO - Created Permission View: can delete on DAG:example_short_circuit_decorator
[2024-10-20T05:43:28.162+0000] {logging_mixin.py:190} INFO - [2024-10-20T05:43:28.162+0000] {override.py:1900} INFO - Created Permission View: can edit on DAG:example_short_circuit_decorator
[2024-10-20T05:43:28.186+0000] {logging_mixin.py:190} INFO - [2024-10-20T05:43:28.186+0000] {override.py:1900} INFO - Created Permission View: can read on DAG:example_short_circuit_decorator
[2024-10-20T05:43:28.226+0000] {logging_mixin.py:190} INFO - [2024-10-20T05:43:28.226+0000] {override.py:1900} INFO - Created Permission View: can delete on DAG Run:example_short_circuit_decorator
[2024-10-20T05:43:28.250+0000] {logging_mixin.py:190} INFO - [2024-10-20T05:43:28.249+0000] {override.py:1900} INFO - Created Permission View: can create on DAG Run:example_short_circuit_decorator
[2024-10-20T05:43:28.385+0000] {logging_mixin.py:190} INFO - [2024-10-20T05:43:28.385+0000] {override.py:1900} INFO - Created Permission View: menu access on DAG Run:example_short_circuit_decorator
[2024-10-20T05:43:28.410+0000] {logging_mixin.py:190} INFO - [2024-10-20T05:43:28.410+0000] {override.py:1900} INFO - Created Permission View: can read on DAG Run:example_short_circuit_decorator
[2024-10-20T05:43:28.411+0000] {logging_mixin.py:190} INFO - [2024-10-20T05:43:28.411+0000] {dag.py:3239} INFO - Sync 1 DAGs
[2024-10-20T05:43:28.420+0000] {logging_mixin.py:190} INFO - [2024-10-20T05:43:28.420+0000] {dag.py:3262} INFO - Creating ORM DAG for example_short_circuit_decorator
[2024-10-20T05:43:28.420+0000] {logging_mixin.py:190} INFO - [2024-10-20T05:43:28.420+0000] {dag.py:4180} INFO - Setting next_dagrun for example_short_circuit_decorator to None, run_after=None
[2024-10-20T05:43:28.454+0000] {processor.py:208} INFO - Processing /usr/local/python/3.12.1/lib/python3.12/site-packages/airflow/example_dags/example_short_circuit_decorator.py took 0.489 seconds
[2024-10-20T05:45:05.673+0000] {processor.py:186} INFO - Started process (PID=9797) to work on /usr/local/python/3.12.1/lib/python3.12/site-packages/airflow/example_dags/example_short_circuit_decorator.py
[2024-10-20T05:45:05.674+0000] {processor.py:914} INFO - Processing file /usr/local/python/3.12.1/lib/python3.12/site-packages/airflow/example_dags/example_short_circuit_decorator.py for tasks to queue
[2024-10-20T05:45:05.675+0000] {logging_mixin.py:190} INFO - [2024-10-20T05:45:05.675+0000] {dagbag.py:588} INFO - Filling up the DagBag from /usr/local/python/3.12.1/lib/python3.12/site-packages/airflow/example_dags/example_short_circuit_decorator.py
[2024-10-20T05:45:05.683+0000] {processor.py:925} INFO - DAG(s) 'example_short_circuit_decorator' retrieved from /usr/local/python/3.12.1/lib/python3.12/site-packages/airflow/example_dags/example_short_circuit_decorator.py
[2024-10-20T05:45:05.697+0000] {logging_mixin.py:190} INFO - [2024-10-20T05:45:05.696+0000] {dag.py:3239} INFO - Sync 1 DAGs
[2024-10-20T05:45:05.706+0000] {logging_mixin.py:190} INFO - [2024-10-20T05:45:05.706+0000] {dag.py:4180} INFO - Setting next_dagrun for example_short_circuit_decorator to None, run_after=None
[2024-10-20T05:45:05.754+0000] {processor.py:208} INFO - Processing /usr/local/python/3.12.1/lib/python3.12/site-packages/airflow/example_dags/example_short_circuit_decorator.py took 0.085 seconds
[2024-10-20T05:45:38.948+0000] {processor.py:186} INFO - Started process (PID=10687) to work on /usr/local/python/3.12.1/lib/python3.12/site-packages/airflow/example_dags/example_short_circuit_decorator.py
[2024-10-20T05:45:38.949+0000] {processor.py:914} INFO - Processing file /usr/local/python/3.12.1/lib/python3.12/site-packages/airflow/example_dags/example_short_circuit_decorator.py for tasks to queue
[2024-10-20T05:45:38.950+0000] {logging_mixin.py:190} INFO - [2024-10-20T05:45:38.950+0000] {dagbag.py:588} INFO - Filling up the DagBag from /usr/local/python/3.12.1/lib/python3.12/site-packages/airflow/example_dags/example_short_circuit_decorator.py
[2024-10-20T05:45:38.958+0000] {processor.py:925} INFO - DAG(s) 'example_short_circuit_decorator' retrieved from /usr/local/python/3.12.1/lib/python3.12/site-packages/airflow/example_dags/example_short_circuit_decorator.py
[2024-10-20T05:45:38.971+0000] {logging_mixin.py:190} INFO - [2024-10-20T05:45:38.971+0000] {dag.py:3239} INFO - Sync 1 DAGs
[2024-10-20T05:45:38.981+0000] {logging_mixin.py:190} INFO - [2024-10-20T05:45:38.981+0000] {dag.py:4180} INFO - Setting next_dagrun for example_short_circuit_decorator to None, run_after=None
[2024-10-20T05:45:39.010+0000] {processor.py:208} INFO - Processing /usr/local/python/3.12.1/lib/python3.12/site-packages/airflow/example_dags/example_short_circuit_decorator.py took 0.066 seconds
[2024-10-20T05:46:26.685+0000] {processor.py:186} INFO - Started process (PID=11072) to work on /usr/local/python/3.12.1/lib/python3.12/site-packages/airflow/example_dags/example_short_circuit_decorator.py
[2024-10-20T05:46:26.685+0000] {processor.py:914} INFO - Processing file /usr/local/python/3.12.1/lib/python3.12/site-packages/airflow/example_dags/example_short_circuit_decorator.py for tasks to queue
[2024-10-20T05:46:26.687+0000] {logging_mixin.py:190} INFO - [2024-10-20T05:46:26.687+0000] {dagbag.py:588} INFO - Filling up the DagBag from /usr/local/python/3.12.1/lib/python3.12/site-packages/airflow/example_dags/example_short_circuit_decorator.py
[2024-10-20T05:46:26.695+0000] {processor.py:925} INFO - DAG(s) 'example_short_circuit_decorator' retrieved from /usr/local/python/3.12.1/lib/python3.12/site-packages/airflow/example_dags/example_short_circuit_decorator.py
[2024-10-20T05:46:26.709+0000] {logging_mixin.py:190} INFO - [2024-10-20T05:46:26.709+0000] {dag.py:3239} INFO - Sync 1 DAGs
[2024-10-20T05:46:26.720+0000] {logging_mixin.py:190} INFO - [2024-10-20T05:46:26.720+0000] {dag.py:4180} INFO - Setting next_dagrun for example_short_circuit_decorator to None, run_after=None
[2024-10-20T05:46:26.758+0000] {processor.py:208} INFO - Processing /usr/local/python/3.12.1/lib/python3.12/site-packages/airflow/example_dags/example_short_circuit_decorator.py took 0.077 seconds
[2024-10-20T05:47:18.241+0000] {processor.py:186} INFO - Started process (PID=11424) to work on /usr/local/python/3.12.1/lib/python3.12/site-packages/airflow/example_dags/example_short_circuit_decorator.py
[2024-10-20T05:47:18.242+0000] {processor.py:914} INFO - Processing file /usr/local/python/3.12.1/lib/python3.12/site-packages/airflow/example_dags/example_short_circuit_decorator.py for tasks to queue
[2024-10-20T05:47:18.243+0000] {logging_mixin.py:190} INFO - [2024-10-20T05:47:18.243+0000] {dagbag.py:588} INFO - Filling up the DagBag from /usr/local/python/3.12.1/lib/python3.12/site-packages/airflow/example_dags/example_short_circuit_decorator.py
[2024-10-20T05:47:18.251+0000] {processor.py:925} INFO - DAG(s) 'example_short_circuit_decorator' retrieved from /usr/local/python/3.12.1/lib/python3.12/site-packages/airflow/example_dags/example_short_circuit_decorator.py
[2024-10-20T05:47:18.264+0000] {logging_mixin.py:190} INFO - [2024-10-20T05:47:18.264+0000] {dag.py:3239} INFO - Sync 1 DAGs
[2024-10-20T05:47:18.276+0000] {logging_mixin.py:190} INFO - [2024-10-20T05:47:18.275+0000] {dag.py:4180} INFO - Setting next_dagrun for example_short_circuit_decorator to None, run_after=None
[2024-10-20T05:47:18.320+0000] {processor.py:208} INFO - Processing /usr/local/python/3.12.1/lib/python3.12/site-packages/airflow/example_dags/example_short_circuit_decorator.py took 0.082 seconds
[2024-10-20T05:48:11.270+0000] {processor.py:186} INFO - Started process (PID=11863) to work on /usr/local/python/3.12.1/lib/python3.12/site-packages/airflow/example_dags/example_short_circuit_decorator.py
[2024-10-20T05:48:11.271+0000] {processor.py:914} INFO - Processing file /usr/local/python/3.12.1/lib/python3.12/site-packages/airflow/example_dags/example_short_circuit_decorator.py for tasks to queue
[2024-10-20T05:48:11.272+0000] {logging_mixin.py:190} INFO - [2024-10-20T05:48:11.272+0000] {dagbag.py:588} INFO - Filling up the DagBag from /usr/local/python/3.12.1/lib/python3.12/site-packages/airflow/example_dags/example_short_circuit_decorator.py
[2024-10-20T05:48:11.280+0000] {processor.py:925} INFO - DAG(s) 'example_short_circuit_decorator' retrieved from /usr/local/python/3.12.1/lib/python3.12/site-packages/airflow/example_dags/example_short_circuit_decorator.py
[2024-10-20T05:48:11.295+0000] {logging_mixin.py:190} INFO - [2024-10-20T05:48:11.295+0000] {dag.py:3239} INFO - Sync 1 DAGs
[2024-10-20T05:48:11.305+0000] {logging_mixin.py:190} INFO - [2024-10-20T05:48:11.305+0000] {dag.py:4180} INFO - Setting next_dagrun for example_short_circuit_decorator to None, run_after=None
[2024-10-20T05:48:11.343+0000] {processor.py:208} INFO - Processing /usr/local/python/3.12.1/lib/python3.12/site-packages/airflow/example_dags/example_short_circuit_decorator.py took 0.078 seconds
[2024-10-20T05:49:00.731+0000] {processor.py:186} INFO - Started process (PID=12363) to work on /usr/local/python/3.12.1/lib/python3.12/site-packages/airflow/example_dags/example_short_circuit_decorator.py
[2024-10-20T05:49:00.732+0000] {processor.py:914} INFO - Processing file /usr/local/python/3.12.1/lib/python3.12/site-packages/airflow/example_dags/example_short_circuit_decorator.py for tasks to queue
[2024-10-20T05:49:00.733+0000] {logging_mixin.py:190} INFO - [2024-10-20T05:49:00.733+0000] {dagbag.py:588} INFO - Filling up the DagBag from /usr/local/python/3.12.1/lib/python3.12/site-packages/airflow/example_dags/example_short_circuit_decorator.py
[2024-10-20T05:49:00.741+0000] {processor.py:925} INFO - DAG(s) 'example_short_circuit_decorator' retrieved from /usr/local/python/3.12.1/lib/python3.12/site-packages/airflow/example_dags/example_short_circuit_decorator.py
[2024-10-20T05:49:00.757+0000] {logging_mixin.py:190} INFO - [2024-10-20T05:49:00.757+0000] {dag.py:3239} INFO - Sync 1 DAGs
[2024-10-20T05:49:00.767+0000] {logging_mixin.py:190} INFO - [2024-10-20T05:49:00.767+0000] {dag.py:4180} INFO - Setting next_dagrun for example_short_circuit_decorator to None, run_after=None
[2024-10-20T05:49:00.823+0000] {processor.py:208} INFO - Processing /usr/local/python/3.12.1/lib/python3.12/site-packages/airflow/example_dags/example_short_circuit_decorator.py took 0.096 seconds
[2024-10-20T05:49:58.355+0000] {processor.py:186} INFO - Started process (PID=12826) to work on /usr/local/python/3.12.1/lib/python3.12/site-packages/airflow/example_dags/example_short_circuit_decorator.py
[2024-10-20T05:49:58.356+0000] {processor.py:914} INFO - Processing file /usr/local/python/3.12.1/lib/python3.12/site-packages/airflow/example_dags/example_short_circuit_decorator.py for tasks to queue
[2024-10-20T05:49:58.357+0000] {logging_mixin.py:190} INFO - [2024-10-20T05:49:58.357+0000] {dagbag.py:588} INFO - Filling up the DagBag from /usr/local/python/3.12.1/lib/python3.12/site-packages/airflow/example_dags/example_short_circuit_decorator.py
[2024-10-20T05:49:58.365+0000] {processor.py:925} INFO - DAG(s) 'example_short_circuit_decorator' retrieved from /usr/local/python/3.12.1/lib/python3.12/site-packages/airflow/example_dags/example_short_circuit_decorator.py
[2024-10-20T05:49:58.379+0000] {logging_mixin.py:190} INFO - [2024-10-20T05:49:58.379+0000] {dag.py:3239} INFO - Sync 1 DAGs
[2024-10-20T05:49:58.389+0000] {logging_mixin.py:190} INFO - [2024-10-20T05:49:58.389+0000] {dag.py:4180} INFO - Setting next_dagrun for example_short_circuit_decorator to None, run_after=None
[2024-10-20T05:49:58.417+0000] {processor.py:208} INFO - Processing /usr/local/python/3.12.1/lib/python3.12/site-packages/airflow/example_dags/example_short_circuit_decorator.py took 0.066 seconds
