[2024-10-20T05:44:01.575+0000] {processor.py:186} INFO - Started process (PID=9062) to work on /usr/local/python/3.12.1/lib/python3.12/site-packages/airflow/example_dags/example_setup_teardown_taskflow.py
[2024-10-20T05:44:01.576+0000] {processor.py:914} INFO - Processing file /usr/local/python/3.12.1/lib/python3.12/site-packages/airflow/example_dags/example_setup_teardown_taskflow.py for tasks to queue
[2024-10-20T05:44:01.577+0000] {logging_mixin.py:190} INFO - [2024-10-20T05:44:01.577+0000] {dagbag.py:588} INFO - Filling up the DagBag from /usr/local/python/3.12.1/lib/python3.12/site-packages/airflow/example_dags/example_setup_teardown_taskflow.py
[2024-10-20T05:44:01.585+0000] {processor.py:925} INFO - DAG(s) 'example_setup_teardown_taskflow' retrieved from /usr/local/python/3.12.1/lib/python3.12/site-packages/airflow/example_dags/example_setup_teardown_taskflow.py
[2024-10-20T05:44:01.708+0000] {logging_mixin.py:190} INFO - [2024-10-20T05:44:01.708+0000] {override.py:1900} INFO - Created Permission View: can delete on DAG:example_setup_teardown_taskflow
[2024-10-20T05:44:01.732+0000] {logging_mixin.py:190} INFO - [2024-10-20T05:44:01.731+0000] {override.py:1900} INFO - Created Permission View: can edit on DAG:example_setup_teardown_taskflow
[2024-10-20T05:44:01.751+0000] {logging_mixin.py:190} INFO - [2024-10-20T05:44:01.751+0000] {override.py:1900} INFO - Created Permission View: can read on DAG:example_setup_teardown_taskflow
[2024-10-20T05:44:01.792+0000] {logging_mixin.py:190} INFO - [2024-10-20T05:44:01.792+0000] {override.py:1900} INFO - Created Permission View: can delete on DAG Run:example_setup_teardown_taskflow
[2024-10-20T05:44:01.815+0000] {logging_mixin.py:190} INFO - [2024-10-20T05:44:01.815+0000] {override.py:1900} INFO - Created Permission View: can create on DAG Run:example_setup_teardown_taskflow
[2024-10-20T05:44:01.844+0000] {logging_mixin.py:190} INFO - [2024-10-20T05:44:01.844+0000] {override.py:1900} INFO - Created Permission View: menu access on DAG Run:example_setup_teardown_taskflow
[2024-10-20T05:44:01.862+0000] {logging_mixin.py:190} INFO - [2024-10-20T05:44:01.862+0000] {override.py:1900} INFO - Created Permission View: can read on DAG Run:example_setup_teardown_taskflow
[2024-10-20T05:44:01.862+0000] {logging_mixin.py:190} INFO - [2024-10-20T05:44:01.862+0000] {dag.py:3239} INFO - Sync 1 DAGs
[2024-10-20T05:44:01.871+0000] {logging_mixin.py:190} INFO - [2024-10-20T05:44:01.871+0000] {dag.py:3262} INFO - Creating ORM DAG for example_setup_teardown_taskflow
[2024-10-20T05:44:01.872+0000] {logging_mixin.py:190} INFO - [2024-10-20T05:44:01.871+0000] {dag.py:4180} INFO - Setting next_dagrun for example_setup_teardown_taskflow to None, run_after=None
[2024-10-20T05:44:01.902+0000] {processor.py:208} INFO - Processing /usr/local/python/3.12.1/lib/python3.12/site-packages/airflow/example_dags/example_setup_teardown_taskflow.py took 0.331 seconds
[2024-10-20T05:45:15.528+0000] {processor.py:186} INFO - Started process (PID=9880) to work on /usr/local/python/3.12.1/lib/python3.12/site-packages/airflow/example_dags/example_setup_teardown_taskflow.py
[2024-10-20T05:45:15.529+0000] {processor.py:914} INFO - Processing file /usr/local/python/3.12.1/lib/python3.12/site-packages/airflow/example_dags/example_setup_teardown_taskflow.py for tasks to queue
[2024-10-20T05:45:15.530+0000] {logging_mixin.py:190} INFO - [2024-10-20T05:45:15.530+0000] {dagbag.py:588} INFO - Filling up the DagBag from /usr/local/python/3.12.1/lib/python3.12/site-packages/airflow/example_dags/example_setup_teardown_taskflow.py
[2024-10-20T05:45:15.538+0000] {processor.py:925} INFO - DAG(s) 'example_setup_teardown_taskflow' retrieved from /usr/local/python/3.12.1/lib/python3.12/site-packages/airflow/example_dags/example_setup_teardown_taskflow.py
[2024-10-20T05:45:15.551+0000] {logging_mixin.py:190} INFO - [2024-10-20T05:45:15.550+0000] {dag.py:3239} INFO - Sync 1 DAGs
[2024-10-20T05:45:15.560+0000] {logging_mixin.py:190} INFO - [2024-10-20T05:45:15.560+0000] {dag.py:4180} INFO - Setting next_dagrun for example_setup_teardown_taskflow to None, run_after=None
[2024-10-20T05:45:15.590+0000] {processor.py:208} INFO - Processing /usr/local/python/3.12.1/lib/python3.12/site-packages/airflow/example_dags/example_setup_teardown_taskflow.py took 0.065 seconds
[2024-10-20T05:46:07.666+0000] {processor.py:186} INFO - Started process (PID=10903) to work on /usr/local/python/3.12.1/lib/python3.12/site-packages/airflow/example_dags/example_setup_teardown_taskflow.py
[2024-10-20T05:46:07.668+0000] {processor.py:914} INFO - Processing file /usr/local/python/3.12.1/lib/python3.12/site-packages/airflow/example_dags/example_setup_teardown_taskflow.py for tasks to queue
[2024-10-20T05:46:07.670+0000] {logging_mixin.py:190} INFO - [2024-10-20T05:46:07.670+0000] {dagbag.py:588} INFO - Filling up the DagBag from /usr/local/python/3.12.1/lib/python3.12/site-packages/airflow/example_dags/example_setup_teardown_taskflow.py
[2024-10-20T05:46:07.679+0000] {processor.py:925} INFO - DAG(s) 'example_setup_teardown_taskflow' retrieved from /usr/local/python/3.12.1/lib/python3.12/site-packages/airflow/example_dags/example_setup_teardown_taskflow.py
[2024-10-20T05:46:07.693+0000] {logging_mixin.py:190} INFO - [2024-10-20T05:46:07.693+0000] {dag.py:3239} INFO - Sync 1 DAGs
[2024-10-20T05:46:07.703+0000] {logging_mixin.py:190} INFO - [2024-10-20T05:46:07.703+0000] {dag.py:4180} INFO - Setting next_dagrun for example_setup_teardown_taskflow to None, run_after=None
[2024-10-20T05:46:07.735+0000] {processor.py:208} INFO - Processing /usr/local/python/3.12.1/lib/python3.12/site-packages/airflow/example_dags/example_setup_teardown_taskflow.py took 0.074 seconds
[2024-10-20T05:46:57.809+0000] {processor.py:186} INFO - Started process (PID=11282) to work on /usr/local/python/3.12.1/lib/python3.12/site-packages/airflow/example_dags/example_setup_teardown_taskflow.py
[2024-10-20T05:46:57.810+0000] {processor.py:914} INFO - Processing file /usr/local/python/3.12.1/lib/python3.12/site-packages/airflow/example_dags/example_setup_teardown_taskflow.py for tasks to queue
[2024-10-20T05:46:57.812+0000] {logging_mixin.py:190} INFO - [2024-10-20T05:46:57.811+0000] {dagbag.py:588} INFO - Filling up the DagBag from /usr/local/python/3.12.1/lib/python3.12/site-packages/airflow/example_dags/example_setup_teardown_taskflow.py
[2024-10-20T05:46:57.820+0000] {processor.py:925} INFO - DAG(s) 'example_setup_teardown_taskflow' retrieved from /usr/local/python/3.12.1/lib/python3.12/site-packages/airflow/example_dags/example_setup_teardown_taskflow.py
[2024-10-20T05:46:57.832+0000] {logging_mixin.py:190} INFO - [2024-10-20T05:46:57.832+0000] {dag.py:3239} INFO - Sync 1 DAGs
[2024-10-20T05:46:57.842+0000] {logging_mixin.py:190} INFO - [2024-10-20T05:46:57.842+0000] {dag.py:4180} INFO - Setting next_dagrun for example_setup_teardown_taskflow to None, run_after=None
[2024-10-20T05:46:57.881+0000] {processor.py:208} INFO - Processing /usr/local/python/3.12.1/lib/python3.12/site-packages/airflow/example_dags/example_setup_teardown_taskflow.py took 0.076 seconds
[2024-10-20T05:47:48.487+0000] {processor.py:186} INFO - Started process (PID=11689) to work on /usr/local/python/3.12.1/lib/python3.12/site-packages/airflow/example_dags/example_setup_teardown_taskflow.py
[2024-10-20T05:47:48.488+0000] {processor.py:914} INFO - Processing file /usr/local/python/3.12.1/lib/python3.12/site-packages/airflow/example_dags/example_setup_teardown_taskflow.py for tasks to queue
[2024-10-20T05:47:48.490+0000] {logging_mixin.py:190} INFO - [2024-10-20T05:47:48.490+0000] {dagbag.py:588} INFO - Filling up the DagBag from /usr/local/python/3.12.1/lib/python3.12/site-packages/airflow/example_dags/example_setup_teardown_taskflow.py
[2024-10-20T05:47:48.498+0000] {processor.py:925} INFO - DAG(s) 'example_setup_teardown_taskflow' retrieved from /usr/local/python/3.12.1/lib/python3.12/site-packages/airflow/example_dags/example_setup_teardown_taskflow.py
[2024-10-20T05:47:48.511+0000] {logging_mixin.py:190} INFO - [2024-10-20T05:47:48.511+0000] {dag.py:3239} INFO - Sync 1 DAGs
[2024-10-20T05:47:48.520+0000] {logging_mixin.py:190} INFO - [2024-10-20T05:47:48.520+0000] {dag.py:4180} INFO - Setting next_dagrun for example_setup_teardown_taskflow to None, run_after=None
[2024-10-20T05:47:48.550+0000] {processor.py:208} INFO - Processing /usr/local/python/3.12.1/lib/python3.12/site-packages/airflow/example_dags/example_setup_teardown_taskflow.py took 0.066 seconds
[2024-10-20T05:48:40.062+0000] {processor.py:186} INFO - Started process (PID=12178) to work on /usr/local/python/3.12.1/lib/python3.12/site-packages/airflow/example_dags/example_setup_teardown_taskflow.py
[2024-10-20T05:48:40.062+0000] {processor.py:914} INFO - Processing file /usr/local/python/3.12.1/lib/python3.12/site-packages/airflow/example_dags/example_setup_teardown_taskflow.py for tasks to queue
[2024-10-20T05:48:40.064+0000] {logging_mixin.py:190} INFO - [2024-10-20T05:48:40.064+0000] {dagbag.py:588} INFO - Filling up the DagBag from /usr/local/python/3.12.1/lib/python3.12/site-packages/airflow/example_dags/example_setup_teardown_taskflow.py
[2024-10-20T05:48:40.072+0000] {processor.py:925} INFO - DAG(s) 'example_setup_teardown_taskflow' retrieved from /usr/local/python/3.12.1/lib/python3.12/site-packages/airflow/example_dags/example_setup_teardown_taskflow.py
[2024-10-20T05:48:40.085+0000] {logging_mixin.py:190} INFO - [2024-10-20T05:48:40.085+0000] {dag.py:3239} INFO - Sync 1 DAGs
[2024-10-20T05:48:40.094+0000] {logging_mixin.py:190} INFO - [2024-10-20T05:48:40.094+0000] {dag.py:4180} INFO - Setting next_dagrun for example_setup_teardown_taskflow to None, run_after=None
[2024-10-20T05:48:40.126+0000] {processor.py:208} INFO - Processing /usr/local/python/3.12.1/lib/python3.12/site-packages/airflow/example_dags/example_setup_teardown_taskflow.py took 0.069 seconds
[2024-10-20T05:49:34.707+0000] {processor.py:186} INFO - Started process (PID=12654) to work on /usr/local/python/3.12.1/lib/python3.12/site-packages/airflow/example_dags/example_setup_teardown_taskflow.py
[2024-10-20T05:49:34.708+0000] {processor.py:914} INFO - Processing file /usr/local/python/3.12.1/lib/python3.12/site-packages/airflow/example_dags/example_setup_teardown_taskflow.py for tasks to queue
[2024-10-20T05:49:34.710+0000] {logging_mixin.py:190} INFO - [2024-10-20T05:49:34.710+0000] {dagbag.py:588} INFO - Filling up the DagBag from /usr/local/python/3.12.1/lib/python3.12/site-packages/airflow/example_dags/example_setup_teardown_taskflow.py
[2024-10-20T05:49:34.719+0000] {processor.py:925} INFO - DAG(s) 'example_setup_teardown_taskflow' retrieved from /usr/local/python/3.12.1/lib/python3.12/site-packages/airflow/example_dags/example_setup_teardown_taskflow.py
[2024-10-20T05:49:34.733+0000] {logging_mixin.py:190} INFO - [2024-10-20T05:49:34.733+0000] {dag.py:3239} INFO - Sync 1 DAGs
[2024-10-20T05:49:34.743+0000] {logging_mixin.py:190} INFO - [2024-10-20T05:49:34.743+0000] {dag.py:4180} INFO - Setting next_dagrun for example_setup_teardown_taskflow to None, run_after=None
[2024-10-20T05:49:34.779+0000] {processor.py:208} INFO - Processing /usr/local/python/3.12.1/lib/python3.12/site-packages/airflow/example_dags/example_setup_teardown_taskflow.py took 0.076 seconds
[2024-10-20T05:50:33.844+0000] {processor.py:186} INFO - Started process (PID=13330) to work on /usr/local/python/3.12.1/lib/python3.12/site-packages/airflow/example_dags/example_setup_teardown_taskflow.py
[2024-10-20T05:50:33.845+0000] {processor.py:914} INFO - Processing file /usr/local/python/3.12.1/lib/python3.12/site-packages/airflow/example_dags/example_setup_teardown_taskflow.py for tasks to queue
[2024-10-20T05:50:33.847+0000] {logging_mixin.py:190} INFO - [2024-10-20T05:50:33.847+0000] {dagbag.py:588} INFO - Filling up the DagBag from /usr/local/python/3.12.1/lib/python3.12/site-packages/airflow/example_dags/example_setup_teardown_taskflow.py
[2024-10-20T05:50:33.856+0000] {processor.py:925} INFO - DAG(s) 'example_setup_teardown_taskflow' retrieved from /usr/local/python/3.12.1/lib/python3.12/site-packages/airflow/example_dags/example_setup_teardown_taskflow.py
[2024-10-20T05:50:33.869+0000] {logging_mixin.py:190} INFO - [2024-10-20T05:50:33.869+0000] {dag.py:3239} INFO - Sync 1 DAGs
[2024-10-20T05:50:33.879+0000] {logging_mixin.py:190} INFO - [2024-10-20T05:50:33.879+0000] {dag.py:4180} INFO - Setting next_dagrun for example_setup_teardown_taskflow to None, run_after=None
[2024-10-20T05:50:33.911+0000] {processor.py:208} INFO - Processing /usr/local/python/3.12.1/lib/python3.12/site-packages/airflow/example_dags/example_setup_teardown_taskflow.py took 0.071 seconds
