[2024-10-20T05:44:39.595+0000] {processor.py:186} INFO - Started process (PID=9578) to work on /usr/local/python/3.12.1/lib/python3.12/site-packages/airflow/example_dags/example_nested_branch_dag.py
[2024-10-20T05:44:39.596+0000] {processor.py:914} INFO - Processing file /usr/local/python/3.12.1/lib/python3.12/site-packages/airflow/example_dags/example_nested_branch_dag.py for tasks to queue
[2024-10-20T05:44:39.597+0000] {logging_mixin.py:190} INFO - [2024-10-20T05:44:39.597+0000] {dagbag.py:588} INFO - Filling up the DagBag from /usr/local/python/3.12.1/lib/python3.12/site-packages/airflow/example_dags/example_nested_branch_dag.py
[2024-10-20T05:44:39.607+0000] {processor.py:925} INFO - DAG(s) 'example_nested_branch_dag' retrieved from /usr/local/python/3.12.1/lib/python3.12/site-packages/airflow/example_dags/example_nested_branch_dag.py
[2024-10-20T05:44:39.746+0000] {logging_mixin.py:190} INFO - [2024-10-20T05:44:39.745+0000] {override.py:1900} INFO - Created Permission View: can delete on DAG:example_nested_branch_dag
[2024-10-20T05:44:39.776+0000] {logging_mixin.py:190} INFO - [2024-10-20T05:44:39.776+0000] {override.py:1900} INFO - Created Permission View: can edit on DAG:example_nested_branch_dag
[2024-10-20T05:44:39.799+0000] {logging_mixin.py:190} INFO - [2024-10-20T05:44:39.796+0000] {override.py:1900} INFO - Created Permission View: can read on DAG:example_nested_branch_dag
[2024-10-20T05:44:39.849+0000] {logging_mixin.py:190} INFO - [2024-10-20T05:44:39.849+0000] {override.py:1900} INFO - Created Permission View: can delete on DAG Run:example_nested_branch_dag
[2024-10-20T05:44:39.876+0000] {logging_mixin.py:190} INFO - [2024-10-20T05:44:39.876+0000] {override.py:1900} INFO - Created Permission View: can create on DAG Run:example_nested_branch_dag
[2024-10-20T05:44:39.908+0000] {logging_mixin.py:190} INFO - [2024-10-20T05:44:39.908+0000] {override.py:1900} INFO - Created Permission View: menu access on DAG Run:example_nested_branch_dag
[2024-10-20T05:44:39.942+0000] {logging_mixin.py:190} INFO - [2024-10-20T05:44:39.941+0000] {override.py:1900} INFO - Created Permission View: can read on DAG Run:example_nested_branch_dag
[2024-10-20T05:44:39.942+0000] {logging_mixin.py:190} INFO - [2024-10-20T05:44:39.942+0000] {dag.py:3239} INFO - Sync 1 DAGs
[2024-10-20T05:44:39.954+0000] {logging_mixin.py:190} INFO - [2024-10-20T05:44:39.953+0000] {dag.py:3262} INFO - Creating ORM DAG for example_nested_branch_dag
[2024-10-20T05:44:39.964+0000] {logging_mixin.py:190} INFO - [2024-10-20T05:44:39.964+0000] {dag.py:4180} INFO - Setting next_dagrun for example_nested_branch_dag to 2024-10-19 00:00:00+00:00, run_after=2024-10-20 00:00:00+00:00
[2024-10-20T05:44:39.996+0000] {processor.py:208} INFO - Processing /usr/local/python/3.12.1/lib/python3.12/site-packages/airflow/example_dags/example_nested_branch_dag.py took 0.405 seconds
[2024-10-20T05:45:42.990+0000] {processor.py:186} INFO - Started process (PID=10716) to work on /usr/local/python/3.12.1/lib/python3.12/site-packages/airflow/example_dags/example_nested_branch_dag.py
[2024-10-20T05:45:42.991+0000] {processor.py:914} INFO - Processing file /usr/local/python/3.12.1/lib/python3.12/site-packages/airflow/example_dags/example_nested_branch_dag.py for tasks to queue
[2024-10-20T05:45:42.992+0000] {logging_mixin.py:190} INFO - [2024-10-20T05:45:42.992+0000] {dagbag.py:588} INFO - Filling up the DagBag from /usr/local/python/3.12.1/lib/python3.12/site-packages/airflow/example_dags/example_nested_branch_dag.py
[2024-10-20T05:45:43.001+0000] {processor.py:925} INFO - DAG(s) 'example_nested_branch_dag' retrieved from /usr/local/python/3.12.1/lib/python3.12/site-packages/airflow/example_dags/example_nested_branch_dag.py
[2024-10-20T05:45:43.013+0000] {logging_mixin.py:190} INFO - [2024-10-20T05:45:43.012+0000] {dag.py:3239} INFO - Sync 1 DAGs
[2024-10-20T05:45:43.028+0000] {logging_mixin.py:190} INFO - [2024-10-20T05:45:43.028+0000] {dag.py:4180} INFO - Setting next_dagrun for example_nested_branch_dag to 2024-10-19 00:00:00+00:00, run_after=2024-10-20 00:00:00+00:00
[2024-10-20T05:45:43.056+0000] {processor.py:208} INFO - Processing /usr/local/python/3.12.1/lib/python3.12/site-packages/airflow/example_dags/example_nested_branch_dag.py took 0.069 seconds
[2024-10-20T05:46:38.743+0000] {processor.py:186} INFO - Started process (PID=11174) to work on /usr/local/python/3.12.1/lib/python3.12/site-packages/airflow/example_dags/example_nested_branch_dag.py
[2024-10-20T05:46:38.743+0000] {processor.py:914} INFO - Processing file /usr/local/python/3.12.1/lib/python3.12/site-packages/airflow/example_dags/example_nested_branch_dag.py for tasks to queue
[2024-10-20T05:46:38.745+0000] {logging_mixin.py:190} INFO - [2024-10-20T05:46:38.745+0000] {dagbag.py:588} INFO - Filling up the DagBag from /usr/local/python/3.12.1/lib/python3.12/site-packages/airflow/example_dags/example_nested_branch_dag.py
[2024-10-20T05:46:38.754+0000] {processor.py:925} INFO - DAG(s) 'example_nested_branch_dag' retrieved from /usr/local/python/3.12.1/lib/python3.12/site-packages/airflow/example_dags/example_nested_branch_dag.py
[2024-10-20T05:46:38.767+0000] {logging_mixin.py:190} INFO - [2024-10-20T05:46:38.766+0000] {dag.py:3239} INFO - Sync 1 DAGs
[2024-10-20T05:46:38.782+0000] {logging_mixin.py:190} INFO - [2024-10-20T05:46:38.782+0000] {dag.py:4180} INFO - Setting next_dagrun for example_nested_branch_dag to 2024-10-19 00:00:00+00:00, run_after=2024-10-20 00:00:00+00:00
[2024-10-20T05:46:38.812+0000] {processor.py:208} INFO - Processing /usr/local/python/3.12.1/lib/python3.12/site-packages/airflow/example_dags/example_nested_branch_dag.py took 0.074 seconds
[2024-10-20T05:47:35.378+0000] {processor.py:186} INFO - Started process (PID=11609) to work on /usr/local/python/3.12.1/lib/python3.12/site-packages/airflow/example_dags/example_nested_branch_dag.py
[2024-10-20T05:47:35.379+0000] {processor.py:914} INFO - Processing file /usr/local/python/3.12.1/lib/python3.12/site-packages/airflow/example_dags/example_nested_branch_dag.py for tasks to queue
[2024-10-20T05:47:35.380+0000] {logging_mixin.py:190} INFO - [2024-10-20T05:47:35.380+0000] {dagbag.py:588} INFO - Filling up the DagBag from /usr/local/python/3.12.1/lib/python3.12/site-packages/airflow/example_dags/example_nested_branch_dag.py
[2024-10-20T05:47:35.389+0000] {processor.py:925} INFO - DAG(s) 'example_nested_branch_dag' retrieved from /usr/local/python/3.12.1/lib/python3.12/site-packages/airflow/example_dags/example_nested_branch_dag.py
[2024-10-20T05:47:35.401+0000] {logging_mixin.py:190} INFO - [2024-10-20T05:47:35.401+0000] {dag.py:3239} INFO - Sync 1 DAGs
[2024-10-20T05:47:35.416+0000] {logging_mixin.py:190} INFO - [2024-10-20T05:47:35.416+0000] {dag.py:4180} INFO - Setting next_dagrun for example_nested_branch_dag to 2024-10-19 00:00:00+00:00, run_after=2024-10-20 00:00:00+00:00
[2024-10-20T05:47:35.598+0000] {processor.py:208} INFO - Processing /usr/local/python/3.12.1/lib/python3.12/site-packages/airflow/example_dags/example_nested_branch_dag.py took 0.223 seconds
[2024-10-20T05:48:25.702+0000] {processor.py:186} INFO - Started process (PID=12039) to work on /usr/local/python/3.12.1/lib/python3.12/site-packages/airflow/example_dags/example_nested_branch_dag.py
[2024-10-20T05:48:25.703+0000] {processor.py:914} INFO - Processing file /usr/local/python/3.12.1/lib/python3.12/site-packages/airflow/example_dags/example_nested_branch_dag.py for tasks to queue
[2024-10-20T05:48:25.704+0000] {logging_mixin.py:190} INFO - [2024-10-20T05:48:25.704+0000] {dagbag.py:588} INFO - Filling up the DagBag from /usr/local/python/3.12.1/lib/python3.12/site-packages/airflow/example_dags/example_nested_branch_dag.py
[2024-10-20T05:48:25.714+0000] {processor.py:925} INFO - DAG(s) 'example_nested_branch_dag' retrieved from /usr/local/python/3.12.1/lib/python3.12/site-packages/airflow/example_dags/example_nested_branch_dag.py
[2024-10-20T05:48:25.727+0000] {logging_mixin.py:190} INFO - [2024-10-20T05:48:25.727+0000] {dag.py:3239} INFO - Sync 1 DAGs
[2024-10-20T05:48:25.742+0000] {logging_mixin.py:190} INFO - [2024-10-20T05:48:25.742+0000] {dag.py:4180} INFO - Setting next_dagrun for example_nested_branch_dag to 2024-10-19 00:00:00+00:00, run_after=2024-10-20 00:00:00+00:00
[2024-10-20T05:48:25.776+0000] {processor.py:208} INFO - Processing /usr/local/python/3.12.1/lib/python3.12/site-packages/airflow/example_dags/example_nested_branch_dag.py took 0.077 seconds
[2024-10-20T05:49:18.890+0000] {processor.py:186} INFO - Started process (PID=12482) to work on /usr/local/python/3.12.1/lib/python3.12/site-packages/airflow/example_dags/example_nested_branch_dag.py
[2024-10-20T05:49:18.891+0000] {processor.py:914} INFO - Processing file /usr/local/python/3.12.1/lib/python3.12/site-packages/airflow/example_dags/example_nested_branch_dag.py for tasks to queue
[2024-10-20T05:49:18.892+0000] {logging_mixin.py:190} INFO - [2024-10-20T05:49:18.892+0000] {dagbag.py:588} INFO - Filling up the DagBag from /usr/local/python/3.12.1/lib/python3.12/site-packages/airflow/example_dags/example_nested_branch_dag.py
[2024-10-20T05:49:18.901+0000] {processor.py:925} INFO - DAG(s) 'example_nested_branch_dag' retrieved from /usr/local/python/3.12.1/lib/python3.12/site-packages/airflow/example_dags/example_nested_branch_dag.py
[2024-10-20T05:49:18.913+0000] {logging_mixin.py:190} INFO - [2024-10-20T05:49:18.913+0000] {dag.py:3239} INFO - Sync 1 DAGs
[2024-10-20T05:49:18.929+0000] {logging_mixin.py:190} INFO - [2024-10-20T05:49:18.929+0000] {dag.py:4180} INFO - Setting next_dagrun for example_nested_branch_dag to 2024-10-19 00:00:00+00:00, run_after=2024-10-20 00:00:00+00:00
[2024-10-20T05:49:18.991+0000] {processor.py:208} INFO - Processing /usr/local/python/3.12.1/lib/python3.12/site-packages/airflow/example_dags/example_nested_branch_dag.py took 0.104 seconds
[2024-10-20T05:50:15.270+0000] {processor.py:186} INFO - Started process (PID=13131) to work on /usr/local/python/3.12.1/lib/python3.12/site-packages/airflow/example_dags/example_nested_branch_dag.py
[2024-10-20T05:50:15.270+0000] {processor.py:914} INFO - Processing file /usr/local/python/3.12.1/lib/python3.12/site-packages/airflow/example_dags/example_nested_branch_dag.py for tasks to queue
[2024-10-20T05:50:15.272+0000] {logging_mixin.py:190} INFO - [2024-10-20T05:50:15.271+0000] {dagbag.py:588} INFO - Filling up the DagBag from /usr/local/python/3.12.1/lib/python3.12/site-packages/airflow/example_dags/example_nested_branch_dag.py
[2024-10-20T05:50:15.281+0000] {processor.py:925} INFO - DAG(s) 'example_nested_branch_dag' retrieved from /usr/local/python/3.12.1/lib/python3.12/site-packages/airflow/example_dags/example_nested_branch_dag.py
[2024-10-20T05:50:15.293+0000] {logging_mixin.py:190} INFO - [2024-10-20T05:50:15.293+0000] {dag.py:3239} INFO - Sync 1 DAGs
[2024-10-20T05:50:15.309+0000] {logging_mixin.py:190} INFO - [2024-10-20T05:50:15.309+0000] {dag.py:4180} INFO - Setting next_dagrun for example_nested_branch_dag to 2024-10-19 00:00:00+00:00, run_after=2024-10-20 00:00:00+00:00
[2024-10-20T05:50:15.500+0000] {processor.py:208} INFO - Processing /usr/local/python/3.12.1/lib/python3.12/site-packages/airflow/example_dags/example_nested_branch_dag.py took 0.234 seconds
