[2024-10-20T05:44:43.596+0000] {processor.py:186} INFO - Started process (PID=9655) to work on /usr/local/python/3.12.1/lib/python3.12/site-packages/airflow/example_dags/example_local_kubernetes_executor.py
[2024-10-20T05:44:43.597+0000] {processor.py:914} INFO - Processing file /usr/local/python/3.12.1/lib/python3.12/site-packages/airflow/example_dags/example_local_kubernetes_executor.py for tasks to queue
[2024-10-20T05:44:43.598+0000] {logging_mixin.py:190} INFO - [2024-10-20T05:44:43.598+0000] {dagbag.py:588} INFO - Filling up the DagBag from /usr/local/python/3.12.1/lib/python3.12/site-packages/airflow/example_dags/example_local_kubernetes_executor.py
[2024-10-20T05:44:43.601+0000] {logging_mixin.py:190} INFO - [2024-10-20T05:44:43.600+0000] {example_local_kubernetes_executor.py:40} WARNING - Could not import DAGs in example_local_kubernetes_executor.py
Traceback (most recent call last):
  File "/usr/local/python/3.12.1/lib/python3.12/site-packages/airflow/example_dags/example_local_kubernetes_executor.py", line 38, in <module>
    from kubernetes.client import models as k8s
ModuleNotFoundError: No module named 'kubernetes'
[2024-10-20T05:44:43.601+0000] {logging_mixin.py:190} INFO - [2024-10-20T05:44:43.601+0000] {example_local_kubernetes_executor.py:41} WARNING - Install Kubernetes dependencies with: pip install apache-airflow[cncf.kubernetes]
[2024-10-20T05:44:43.601+0000] {processor.py:927} WARNING - No viable dags retrieved from /usr/local/python/3.12.1/lib/python3.12/site-packages/airflow/example_dags/example_local_kubernetes_executor.py
[2024-10-20T05:44:43.609+0000] {processor.py:208} INFO - Processing /usr/local/python/3.12.1/lib/python3.12/site-packages/airflow/example_dags/example_local_kubernetes_executor.py took 0.017 seconds
[2024-10-20T05:45:46.391+0000] {processor.py:186} INFO - Started process (PID=10737) to work on /usr/local/python/3.12.1/lib/python3.12/site-packages/airflow/example_dags/example_local_kubernetes_executor.py
[2024-10-20T05:45:46.392+0000] {processor.py:914} INFO - Processing file /usr/local/python/3.12.1/lib/python3.12/site-packages/airflow/example_dags/example_local_kubernetes_executor.py for tasks to queue
[2024-10-20T05:45:46.394+0000] {logging_mixin.py:190} INFO - [2024-10-20T05:45:46.393+0000] {dagbag.py:588} INFO - Filling up the DagBag from /usr/local/python/3.12.1/lib/python3.12/site-packages/airflow/example_dags/example_local_kubernetes_executor.py
[2024-10-20T05:45:46.396+0000] {logging_mixin.py:190} INFO - [2024-10-20T05:45:46.396+0000] {example_local_kubernetes_executor.py:40} WARNING - Could not import DAGs in example_local_kubernetes_executor.py
Traceback (most recent call last):
  File "/usr/local/python/3.12.1/lib/python3.12/site-packages/airflow/example_dags/example_local_kubernetes_executor.py", line 38, in <module>
    from kubernetes.client import models as k8s
ModuleNotFoundError: No module named 'kubernetes'
[2024-10-20T05:45:46.396+0000] {logging_mixin.py:190} INFO - [2024-10-20T05:45:46.396+0000] {example_local_kubernetes_executor.py:41} WARNING - Install Kubernetes dependencies with: pip install apache-airflow[cncf.kubernetes]
[2024-10-20T05:45:46.397+0000] {processor.py:927} WARNING - No viable dags retrieved from /usr/local/python/3.12.1/lib/python3.12/site-packages/airflow/example_dags/example_local_kubernetes_executor.py
[2024-10-20T05:45:46.405+0000] {processor.py:208} INFO - Processing /usr/local/python/3.12.1/lib/python3.12/site-packages/airflow/example_dags/example_local_kubernetes_executor.py took 0.018 seconds
[2024-10-20T05:46:41.586+0000] {processor.py:186} INFO - Started process (PID=11183) to work on /usr/local/python/3.12.1/lib/python3.12/site-packages/airflow/example_dags/example_local_kubernetes_executor.py
[2024-10-20T05:46:41.587+0000] {processor.py:914} INFO - Processing file /usr/local/python/3.12.1/lib/python3.12/site-packages/airflow/example_dags/example_local_kubernetes_executor.py for tasks to queue
[2024-10-20T05:46:41.588+0000] {logging_mixin.py:190} INFO - [2024-10-20T05:46:41.588+0000] {dagbag.py:588} INFO - Filling up the DagBag from /usr/local/python/3.12.1/lib/python3.12/site-packages/airflow/example_dags/example_local_kubernetes_executor.py
[2024-10-20T05:46:41.591+0000] {logging_mixin.py:190} INFO - [2024-10-20T05:46:41.590+0000] {example_local_kubernetes_executor.py:40} WARNING - Could not import DAGs in example_local_kubernetes_executor.py
Traceback (most recent call last):
  File "/usr/local/python/3.12.1/lib/python3.12/site-packages/airflow/example_dags/example_local_kubernetes_executor.py", line 38, in <module>
    from kubernetes.client import models as k8s
ModuleNotFoundError: No module named 'kubernetes'
[2024-10-20T05:46:41.591+0000] {logging_mixin.py:190} INFO - [2024-10-20T05:46:41.591+0000] {example_local_kubernetes_executor.py:41} WARNING - Install Kubernetes dependencies with: pip install apache-airflow[cncf.kubernetes]
[2024-10-20T05:46:41.592+0000] {processor.py:927} WARNING - No viable dags retrieved from /usr/local/python/3.12.1/lib/python3.12/site-packages/airflow/example_dags/example_local_kubernetes_executor.py
[2024-10-20T05:46:41.601+0000] {processor.py:208} INFO - Processing /usr/local/python/3.12.1/lib/python3.12/site-packages/airflow/example_dags/example_local_kubernetes_executor.py took 0.019 seconds
[2024-10-20T05:47:38.185+0000] {processor.py:186} INFO - Started process (PID=11624) to work on /usr/local/python/3.12.1/lib/python3.12/site-packages/airflow/example_dags/example_local_kubernetes_executor.py
[2024-10-20T05:47:38.185+0000] {processor.py:914} INFO - Processing file /usr/local/python/3.12.1/lib/python3.12/site-packages/airflow/example_dags/example_local_kubernetes_executor.py for tasks to queue
[2024-10-20T05:47:38.187+0000] {logging_mixin.py:190} INFO - [2024-10-20T05:47:38.186+0000] {dagbag.py:588} INFO - Filling up the DagBag from /usr/local/python/3.12.1/lib/python3.12/site-packages/airflow/example_dags/example_local_kubernetes_executor.py
[2024-10-20T05:47:38.189+0000] {logging_mixin.py:190} INFO - [2024-10-20T05:47:38.188+0000] {example_local_kubernetes_executor.py:40} WARNING - Could not import DAGs in example_local_kubernetes_executor.py
Traceback (most recent call last):
  File "/usr/local/python/3.12.1/lib/python3.12/site-packages/airflow/example_dags/example_local_kubernetes_executor.py", line 38, in <module>
    from kubernetes.client import models as k8s
ModuleNotFoundError: No module named 'kubernetes'
[2024-10-20T05:47:38.189+0000] {logging_mixin.py:190} INFO - [2024-10-20T05:47:38.189+0000] {example_local_kubernetes_executor.py:41} WARNING - Install Kubernetes dependencies with: pip install apache-airflow[cncf.kubernetes]
[2024-10-20T05:47:38.189+0000] {processor.py:927} WARNING - No viable dags retrieved from /usr/local/python/3.12.1/lib/python3.12/site-packages/airflow/example_dags/example_local_kubernetes_executor.py
[2024-10-20T05:47:38.196+0000] {processor.py:208} INFO - Processing /usr/local/python/3.12.1/lib/python3.12/site-packages/airflow/example_dags/example_local_kubernetes_executor.py took 0.016 seconds
[2024-10-20T05:48:52.282+0000] {processor.py:186} INFO - Started process (PID=12299) to work on /usr/local/python/3.12.1/lib/python3.12/site-packages/airflow/example_dags/example_local_kubernetes_executor.py
[2024-10-20T05:48:52.283+0000] {processor.py:914} INFO - Processing file /usr/local/python/3.12.1/lib/python3.12/site-packages/airflow/example_dags/example_local_kubernetes_executor.py for tasks to queue
[2024-10-20T05:48:52.284+0000] {logging_mixin.py:190} INFO - [2024-10-20T05:48:52.284+0000] {dagbag.py:588} INFO - Filling up the DagBag from /usr/local/python/3.12.1/lib/python3.12/site-packages/airflow/example_dags/example_local_kubernetes_executor.py
[2024-10-20T05:48:52.287+0000] {logging_mixin.py:190} INFO - [2024-10-20T05:48:52.286+0000] {example_local_kubernetes_executor.py:40} WARNING - Could not import DAGs in example_local_kubernetes_executor.py
Traceback (most recent call last):
  File "/usr/local/python/3.12.1/lib/python3.12/site-packages/airflow/example_dags/example_local_kubernetes_executor.py", line 38, in <module>
    from kubernetes.client import models as k8s
ModuleNotFoundError: No module named 'kubernetes'
[2024-10-20T05:48:52.287+0000] {logging_mixin.py:190} INFO - [2024-10-20T05:48:52.287+0000] {example_local_kubernetes_executor.py:41} WARNING - Install Kubernetes dependencies with: pip install apache-airflow[cncf.kubernetes]
[2024-10-20T05:48:52.287+0000] {processor.py:927} WARNING - No viable dags retrieved from /usr/local/python/3.12.1/lib/python3.12/site-packages/airflow/example_dags/example_local_kubernetes_executor.py
[2024-10-20T05:48:52.295+0000] {processor.py:208} INFO - Processing /usr/local/python/3.12.1/lib/python3.12/site-packages/airflow/example_dags/example_local_kubernetes_executor.py took 0.017 seconds
[2024-10-20T05:49:47.707+0000] {processor.py:186} INFO - Started process (PID=12743) to work on /usr/local/python/3.12.1/lib/python3.12/site-packages/airflow/example_dags/example_local_kubernetes_executor.py
[2024-10-20T05:49:47.708+0000] {processor.py:914} INFO - Processing file /usr/local/python/3.12.1/lib/python3.12/site-packages/airflow/example_dags/example_local_kubernetes_executor.py for tasks to queue
[2024-10-20T05:49:47.710+0000] {logging_mixin.py:190} INFO - [2024-10-20T05:49:47.709+0000] {dagbag.py:588} INFO - Filling up the DagBag from /usr/local/python/3.12.1/lib/python3.12/site-packages/airflow/example_dags/example_local_kubernetes_executor.py
[2024-10-20T05:49:47.712+0000] {logging_mixin.py:190} INFO - [2024-10-20T05:49:47.712+0000] {example_local_kubernetes_executor.py:40} WARNING - Could not import DAGs in example_local_kubernetes_executor.py
Traceback (most recent call last):
  File "/usr/local/python/3.12.1/lib/python3.12/site-packages/airflow/example_dags/example_local_kubernetes_executor.py", line 38, in <module>
    from kubernetes.client import models as k8s
ModuleNotFoundError: No module named 'kubernetes'
[2024-10-20T05:49:47.712+0000] {logging_mixin.py:190} INFO - [2024-10-20T05:49:47.712+0000] {example_local_kubernetes_executor.py:41} WARNING - Install Kubernetes dependencies with: pip install apache-airflow[cncf.kubernetes]
[2024-10-20T05:49:47.713+0000] {processor.py:927} WARNING - No viable dags retrieved from /usr/local/python/3.12.1/lib/python3.12/site-packages/airflow/example_dags/example_local_kubernetes_executor.py
[2024-10-20T05:49:47.720+0000] {processor.py:208} INFO - Processing /usr/local/python/3.12.1/lib/python3.12/site-packages/airflow/example_dags/example_local_kubernetes_executor.py took 0.017 seconds
[2024-10-20T05:50:48.316+0000] {processor.py:186} INFO - Started process (PID=13490) to work on /usr/local/python/3.12.1/lib/python3.12/site-packages/airflow/example_dags/example_local_kubernetes_executor.py
[2024-10-20T05:50:48.316+0000] {processor.py:914} INFO - Processing file /usr/local/python/3.12.1/lib/python3.12/site-packages/airflow/example_dags/example_local_kubernetes_executor.py for tasks to queue
[2024-10-20T05:50:48.318+0000] {logging_mixin.py:190} INFO - [2024-10-20T05:50:48.318+0000] {dagbag.py:588} INFO - Filling up the DagBag from /usr/local/python/3.12.1/lib/python3.12/site-packages/airflow/example_dags/example_local_kubernetes_executor.py
[2024-10-20T05:50:48.321+0000] {logging_mixin.py:190} INFO - [2024-10-20T05:50:48.320+0000] {example_local_kubernetes_executor.py:40} WARNING - Could not import DAGs in example_local_kubernetes_executor.py
Traceback (most recent call last):
  File "/usr/local/python/3.12.1/lib/python3.12/site-packages/airflow/example_dags/example_local_kubernetes_executor.py", line 38, in <module>
    from kubernetes.client import models as k8s
ModuleNotFoundError: No module named 'kubernetes'
[2024-10-20T05:50:48.321+0000] {logging_mixin.py:190} INFO - [2024-10-20T05:50:48.321+0000] {example_local_kubernetes_executor.py:41} WARNING - Install Kubernetes dependencies with: pip install apache-airflow[cncf.kubernetes]
[2024-10-20T05:50:48.321+0000] {processor.py:927} WARNING - No viable dags retrieved from /usr/local/python/3.12.1/lib/python3.12/site-packages/airflow/example_dags/example_local_kubernetes_executor.py
[2024-10-20T05:50:48.329+0000] {processor.py:208} INFO - Processing /usr/local/python/3.12.1/lib/python3.12/site-packages/airflow/example_dags/example_local_kubernetes_executor.py took 0.018 seconds
