[2024-10-20T05:44:25.378+0000] {processor.py:186} INFO - Started process (PID=9312) to work on /usr/local/python/3.12.1/lib/python3.12/site-packages/airflow/example_dags/example_latest_only.py
[2024-10-20T05:44:25.378+0000] {processor.py:914} INFO - Processing file /usr/local/python/3.12.1/lib/python3.12/site-packages/airflow/example_dags/example_latest_only.py for tasks to queue
[2024-10-20T05:44:25.380+0000] {logging_mixin.py:190} INFO - [2024-10-20T05:44:25.379+0000] {dagbag.py:588} INFO - Filling up the DagBag from /usr/local/python/3.12.1/lib/python3.12/site-packages/airflow/example_dags/example_latest_only.py
[2024-10-20T05:44:25.385+0000] {processor.py:925} INFO - DAG(s) 'latest_only' retrieved from /usr/local/python/3.12.1/lib/python3.12/site-packages/airflow/example_dags/example_latest_only.py
[2024-10-20T05:44:25.518+0000] {logging_mixin.py:190} INFO - [2024-10-20T05:44:25.517+0000] {override.py:1900} INFO - Created Permission View: can delete on DAG:latest_only
[2024-10-20T05:44:25.556+0000] {logging_mixin.py:190} INFO - [2024-10-20T05:44:25.555+0000] {override.py:1900} INFO - Created Permission View: can edit on DAG:latest_only
[2024-10-20T05:44:25.574+0000] {logging_mixin.py:190} INFO - [2024-10-20T05:44:25.574+0000] {override.py:1900} INFO - Created Permission View: can read on DAG:latest_only
[2024-10-20T05:44:25.618+0000] {logging_mixin.py:190} INFO - [2024-10-20T05:44:25.618+0000] {override.py:1900} INFO - Created Permission View: can delete on DAG Run:latest_only
[2024-10-20T05:44:25.648+0000] {logging_mixin.py:190} INFO - [2024-10-20T05:44:25.648+0000] {override.py:1900} INFO - Created Permission View: can create on DAG Run:latest_only
[2024-10-20T05:44:25.670+0000] {logging_mixin.py:190} INFO - [2024-10-20T05:44:25.669+0000] {override.py:1900} INFO - Created Permission View: menu access on DAG Run:latest_only
[2024-10-20T05:44:25.693+0000] {logging_mixin.py:190} INFO - [2024-10-20T05:44:25.692+0000] {override.py:1900} INFO - Created Permission View: can read on DAG Run:latest_only
[2024-10-20T05:44:25.693+0000] {logging_mixin.py:190} INFO - [2024-10-20T05:44:25.693+0000] {dag.py:3239} INFO - Sync 1 DAGs
[2024-10-20T05:44:25.704+0000] {logging_mixin.py:190} INFO - [2024-10-20T05:44:25.704+0000] {dag.py:3262} INFO - Creating ORM DAG for latest_only
[2024-10-20T05:44:25.711+0000] {logging_mixin.py:190} INFO - [2024-10-20T05:44:25.711+0000] {dag.py:4180} INFO - Setting next_dagrun for latest_only to 2024-10-20 00:00:00+00:00, run_after=2024-10-20 04:00:00+00:00
[2024-10-20T05:44:25.755+0000] {processor.py:208} INFO - Processing /usr/local/python/3.12.1/lib/python3.12/site-packages/airflow/example_dags/example_latest_only.py took 0.381 seconds
[2024-10-20T05:45:31.253+0000] {processor.py:186} INFO - Started process (PID=10582) to work on /usr/local/python/3.12.1/lib/python3.12/site-packages/airflow/example_dags/example_latest_only.py
[2024-10-20T05:45:31.253+0000] {processor.py:914} INFO - Processing file /usr/local/python/3.12.1/lib/python3.12/site-packages/airflow/example_dags/example_latest_only.py for tasks to queue
[2024-10-20T05:45:31.255+0000] {logging_mixin.py:190} INFO - [2024-10-20T05:45:31.255+0000] {dagbag.py:588} INFO - Filling up the DagBag from /usr/local/python/3.12.1/lib/python3.12/site-packages/airflow/example_dags/example_latest_only.py
[2024-10-20T05:45:31.260+0000] {processor.py:925} INFO - DAG(s) 'latest_only' retrieved from /usr/local/python/3.12.1/lib/python3.12/site-packages/airflow/example_dags/example_latest_only.py
[2024-10-20T05:45:31.272+0000] {logging_mixin.py:190} INFO - [2024-10-20T05:45:31.271+0000] {dag.py:3239} INFO - Sync 1 DAGs
[2024-10-20T05:45:31.287+0000] {logging_mixin.py:190} INFO - [2024-10-20T05:45:31.287+0000] {dag.py:4180} INFO - Setting next_dagrun for latest_only to 2024-10-20 00:00:00+00:00, run_after=2024-10-20 04:00:00+00:00
[2024-10-20T05:45:31.320+0000] {processor.py:208} INFO - Processing /usr/local/python/3.12.1/lib/python3.12/site-packages/airflow/example_dags/example_latest_only.py took 0.071 seconds
[2024-10-20T05:46:28.412+0000] {processor.py:186} INFO - Started process (PID=11104) to work on /usr/local/python/3.12.1/lib/python3.12/site-packages/airflow/example_dags/example_latest_only.py
[2024-10-20T05:46:28.413+0000] {processor.py:914} INFO - Processing file /usr/local/python/3.12.1/lib/python3.12/site-packages/airflow/example_dags/example_latest_only.py for tasks to queue
[2024-10-20T05:46:28.414+0000] {logging_mixin.py:190} INFO - [2024-10-20T05:46:28.414+0000] {dagbag.py:588} INFO - Filling up the DagBag from /usr/local/python/3.12.1/lib/python3.12/site-packages/airflow/example_dags/example_latest_only.py
[2024-10-20T05:46:28.420+0000] {processor.py:925} INFO - DAG(s) 'latest_only' retrieved from /usr/local/python/3.12.1/lib/python3.12/site-packages/airflow/example_dags/example_latest_only.py
[2024-10-20T05:46:28.432+0000] {logging_mixin.py:190} INFO - [2024-10-20T05:46:28.431+0000] {dag.py:3239} INFO - Sync 1 DAGs
[2024-10-20T05:46:28.448+0000] {logging_mixin.py:190} INFO - [2024-10-20T05:46:28.448+0000] {dag.py:4180} INFO - Setting next_dagrun for latest_only to 2024-10-20 00:00:00+00:00, run_after=2024-10-20 04:00:00+00:00
[2024-10-20T05:46:28.483+0000] {processor.py:208} INFO - Processing /usr/local/python/3.12.1/lib/python3.12/site-packages/airflow/example_dags/example_latest_only.py took 0.075 seconds
[2024-10-20T05:47:24.358+0000] {processor.py:186} INFO - Started process (PID=11533) to work on /usr/local/python/3.12.1/lib/python3.12/site-packages/airflow/example_dags/example_latest_only.py
[2024-10-20T05:47:24.359+0000] {processor.py:914} INFO - Processing file /usr/local/python/3.12.1/lib/python3.12/site-packages/airflow/example_dags/example_latest_only.py for tasks to queue
[2024-10-20T05:47:24.360+0000] {logging_mixin.py:190} INFO - [2024-10-20T05:47:24.360+0000] {dagbag.py:588} INFO - Filling up the DagBag from /usr/local/python/3.12.1/lib/python3.12/site-packages/airflow/example_dags/example_latest_only.py
[2024-10-20T05:47:24.366+0000] {processor.py:925} INFO - DAG(s) 'latest_only' retrieved from /usr/local/python/3.12.1/lib/python3.12/site-packages/airflow/example_dags/example_latest_only.py
[2024-10-20T05:47:24.378+0000] {logging_mixin.py:190} INFO - [2024-10-20T05:47:24.378+0000] {dag.py:3239} INFO - Sync 1 DAGs
[2024-10-20T05:47:24.393+0000] {logging_mixin.py:190} INFO - [2024-10-20T05:47:24.393+0000] {dag.py:4180} INFO - Setting next_dagrun for latest_only to 2024-10-20 00:00:00+00:00, run_after=2024-10-20 04:00:00+00:00
[2024-10-20T05:47:24.423+0000] {processor.py:208} INFO - Processing /usr/local/python/3.12.1/lib/python3.12/site-packages/airflow/example_dags/example_latest_only.py took 0.069 seconds
[2024-10-20T05:48:17.022+0000] {processor.py:186} INFO - Started process (PID=11894) to work on /usr/local/python/3.12.1/lib/python3.12/site-packages/airflow/example_dags/example_latest_only.py
[2024-10-20T05:48:17.022+0000] {processor.py:914} INFO - Processing file /usr/local/python/3.12.1/lib/python3.12/site-packages/airflow/example_dags/example_latest_only.py for tasks to queue
[2024-10-20T05:48:17.024+0000] {logging_mixin.py:190} INFO - [2024-10-20T05:48:17.024+0000] {dagbag.py:588} INFO - Filling up the DagBag from /usr/local/python/3.12.1/lib/python3.12/site-packages/airflow/example_dags/example_latest_only.py
[2024-10-20T05:48:17.030+0000] {processor.py:925} INFO - DAG(s) 'latest_only' retrieved from /usr/local/python/3.12.1/lib/python3.12/site-packages/airflow/example_dags/example_latest_only.py
[2024-10-20T05:48:17.043+0000] {logging_mixin.py:190} INFO - [2024-10-20T05:48:17.042+0000] {dag.py:3239} INFO - Sync 1 DAGs
[2024-10-20T05:48:17.061+0000] {logging_mixin.py:190} INFO - [2024-10-20T05:48:17.061+0000] {dag.py:4180} INFO - Setting next_dagrun for latest_only to 2024-10-20 00:00:00+00:00, run_after=2024-10-20 04:00:00+00:00
[2024-10-20T05:48:17.112+0000] {processor.py:208} INFO - Processing /usr/local/python/3.12.1/lib/python3.12/site-packages/airflow/example_dags/example_latest_only.py took 0.095 seconds
[2024-10-20T05:49:07.461+0000] {processor.py:186} INFO - Started process (PID=12405) to work on /usr/local/python/3.12.1/lib/python3.12/site-packages/airflow/example_dags/example_latest_only.py
[2024-10-20T05:49:07.462+0000] {processor.py:914} INFO - Processing file /usr/local/python/3.12.1/lib/python3.12/site-packages/airflow/example_dags/example_latest_only.py for tasks to queue
[2024-10-20T05:49:07.463+0000] {logging_mixin.py:190} INFO - [2024-10-20T05:49:07.463+0000] {dagbag.py:588} INFO - Filling up the DagBag from /usr/local/python/3.12.1/lib/python3.12/site-packages/airflow/example_dags/example_latest_only.py
[2024-10-20T05:49:07.468+0000] {processor.py:925} INFO - DAG(s) 'latest_only' retrieved from /usr/local/python/3.12.1/lib/python3.12/site-packages/airflow/example_dags/example_latest_only.py
[2024-10-20T05:49:07.479+0000] {logging_mixin.py:190} INFO - [2024-10-20T05:49:07.479+0000] {dag.py:3239} INFO - Sync 1 DAGs
[2024-10-20T05:49:07.494+0000] {logging_mixin.py:190} INFO - [2024-10-20T05:49:07.494+0000] {dag.py:4180} INFO - Setting next_dagrun for latest_only to 2024-10-20 00:00:00+00:00, run_after=2024-10-20 04:00:00+00:00
[2024-10-20T05:49:07.540+0000] {processor.py:208} INFO - Processing /usr/local/python/3.12.1/lib/python3.12/site-packages/airflow/example_dags/example_latest_only.py took 0.083 seconds
[2024-10-20T05:50:05.032+0000] {processor.py:186} INFO - Started process (PID=12941) to work on /usr/local/python/3.12.1/lib/python3.12/site-packages/airflow/example_dags/example_latest_only.py
[2024-10-20T05:50:05.033+0000] {processor.py:914} INFO - Processing file /usr/local/python/3.12.1/lib/python3.12/site-packages/airflow/example_dags/example_latest_only.py for tasks to queue
[2024-10-20T05:50:05.034+0000] {logging_mixin.py:190} INFO - [2024-10-20T05:50:05.034+0000] {dagbag.py:588} INFO - Filling up the DagBag from /usr/local/python/3.12.1/lib/python3.12/site-packages/airflow/example_dags/example_latest_only.py
[2024-10-20T05:50:05.039+0000] {processor.py:925} INFO - DAG(s) 'latest_only' retrieved from /usr/local/python/3.12.1/lib/python3.12/site-packages/airflow/example_dags/example_latest_only.py
[2024-10-20T05:50:05.051+0000] {logging_mixin.py:190} INFO - [2024-10-20T05:50:05.051+0000] {dag.py:3239} INFO - Sync 1 DAGs
[2024-10-20T05:50:05.068+0000] {logging_mixin.py:190} INFO - [2024-10-20T05:50:05.068+0000] {dag.py:4180} INFO - Setting next_dagrun for latest_only to 2024-10-20 00:00:00+00:00, run_after=2024-10-20 04:00:00+00:00
[2024-10-20T05:50:05.273+0000] {processor.py:208} INFO - Processing /usr/local/python/3.12.1/lib/python3.12/site-packages/airflow/example_dags/example_latest_only.py took 0.245 seconds
