[2024-10-20T05:44:29.945+0000] {processor.py:186} INFO - Started process (PID=9393) to work on /usr/local/python/3.12.1/lib/python3.12/site-packages/airflow/example_dags/example_latest_only_with_trigger.py
[2024-10-20T05:44:29.945+0000] {processor.py:914} INFO - Processing file /usr/local/python/3.12.1/lib/python3.12/site-packages/airflow/example_dags/example_latest_only_with_trigger.py for tasks to queue
[2024-10-20T05:44:29.947+0000] {logging_mixin.py:190} INFO - [2024-10-20T05:44:29.946+0000] {dagbag.py:588} INFO - Filling up the DagBag from /usr/local/python/3.12.1/lib/python3.12/site-packages/airflow/example_dags/example_latest_only_with_trigger.py
[2024-10-20T05:44:29.952+0000] {processor.py:925} INFO - DAG(s) 'latest_only_with_trigger' retrieved from /usr/local/python/3.12.1/lib/python3.12/site-packages/airflow/example_dags/example_latest_only_with_trigger.py
[2024-10-20T05:44:30.074+0000] {logging_mixin.py:190} INFO - [2024-10-20T05:44:30.073+0000] {override.py:1900} INFO - Created Permission View: can delete on DAG:latest_only_with_trigger
[2024-10-20T05:44:30.097+0000] {logging_mixin.py:190} INFO - [2024-10-20T05:44:30.097+0000] {override.py:1900} INFO - Created Permission View: can edit on DAG:latest_only_with_trigger
[2024-10-20T05:44:30.128+0000] {logging_mixin.py:190} INFO - [2024-10-20T05:44:30.127+0000] {override.py:1900} INFO - Created Permission View: can read on DAG:latest_only_with_trigger
[2024-10-20T05:44:30.185+0000] {logging_mixin.py:190} INFO - [2024-10-20T05:44:30.185+0000] {override.py:1900} INFO - Created Permission View: can delete on DAG Run:latest_only_with_trigger
[2024-10-20T05:44:30.230+0000] {logging_mixin.py:190} INFO - [2024-10-20T05:44:30.230+0000] {override.py:1900} INFO - Created Permission View: can create on DAG Run:latest_only_with_trigger
[2024-10-20T05:44:30.260+0000] {logging_mixin.py:190} INFO - [2024-10-20T05:44:30.259+0000] {override.py:1900} INFO - Created Permission View: menu access on DAG Run:latest_only_with_trigger
[2024-10-20T05:44:30.281+0000] {logging_mixin.py:190} INFO - [2024-10-20T05:44:30.280+0000] {override.py:1900} INFO - Created Permission View: can read on DAG Run:latest_only_with_trigger
[2024-10-20T05:44:30.281+0000] {logging_mixin.py:190} INFO - [2024-10-20T05:44:30.281+0000] {dag.py:3239} INFO - Sync 1 DAGs
[2024-10-20T05:44:30.291+0000] {logging_mixin.py:190} INFO - [2024-10-20T05:44:30.291+0000] {dag.py:3262} INFO - Creating ORM DAG for latest_only_with_trigger
[2024-10-20T05:44:30.297+0000] {logging_mixin.py:190} INFO - [2024-10-20T05:44:30.297+0000] {dag.py:4180} INFO - Setting next_dagrun for latest_only_with_trigger to 2024-10-20 00:00:00+00:00, run_after=2024-10-20 04:00:00+00:00
[2024-10-20T05:44:30.323+0000] {processor.py:208} INFO - Processing /usr/local/python/3.12.1/lib/python3.12/site-packages/airflow/example_dags/example_latest_only_with_trigger.py took 0.382 seconds
[2024-10-20T05:45:34.156+0000] {processor.py:186} INFO - Started process (PID=10628) to work on /usr/local/python/3.12.1/lib/python3.12/site-packages/airflow/example_dags/example_latest_only_with_trigger.py
[2024-10-20T05:45:34.157+0000] {processor.py:914} INFO - Processing file /usr/local/python/3.12.1/lib/python3.12/site-packages/airflow/example_dags/example_latest_only_with_trigger.py for tasks to queue
[2024-10-20T05:45:34.158+0000] {logging_mixin.py:190} INFO - [2024-10-20T05:45:34.158+0000] {dagbag.py:588} INFO - Filling up the DagBag from /usr/local/python/3.12.1/lib/python3.12/site-packages/airflow/example_dags/example_latest_only_with_trigger.py
[2024-10-20T05:45:34.164+0000] {processor.py:925} INFO - DAG(s) 'latest_only_with_trigger' retrieved from /usr/local/python/3.12.1/lib/python3.12/site-packages/airflow/example_dags/example_latest_only_with_trigger.py
[2024-10-20T05:45:34.175+0000] {logging_mixin.py:190} INFO - [2024-10-20T05:45:34.175+0000] {dag.py:3239} INFO - Sync 1 DAGs
[2024-10-20T05:45:34.190+0000] {logging_mixin.py:190} INFO - [2024-10-20T05:45:34.190+0000] {dag.py:4180} INFO - Setting next_dagrun for latest_only_with_trigger to 2024-10-20 00:00:00+00:00, run_after=2024-10-20 04:00:00+00:00
[2024-10-20T05:45:34.222+0000] {processor.py:208} INFO - Processing /usr/local/python/3.12.1/lib/python3.12/site-packages/airflow/example_dags/example_latest_only_with_trigger.py took 0.070 seconds
[2024-10-20T05:46:32.582+0000] {processor.py:186} INFO - Started process (PID=11120) to work on /usr/local/python/3.12.1/lib/python3.12/site-packages/airflow/example_dags/example_latest_only_with_trigger.py
[2024-10-20T05:46:32.583+0000] {processor.py:914} INFO - Processing file /usr/local/python/3.12.1/lib/python3.12/site-packages/airflow/example_dags/example_latest_only_with_trigger.py for tasks to queue
[2024-10-20T05:46:32.584+0000] {logging_mixin.py:190} INFO - [2024-10-20T05:46:32.584+0000] {dagbag.py:588} INFO - Filling up the DagBag from /usr/local/python/3.12.1/lib/python3.12/site-packages/airflow/example_dags/example_latest_only_with_trigger.py
[2024-10-20T05:46:32.590+0000] {processor.py:925} INFO - DAG(s) 'latest_only_with_trigger' retrieved from /usr/local/python/3.12.1/lib/python3.12/site-packages/airflow/example_dags/example_latest_only_with_trigger.py
[2024-10-20T05:46:32.602+0000] {logging_mixin.py:190} INFO - [2024-10-20T05:46:32.602+0000] {dag.py:3239} INFO - Sync 1 DAGs
[2024-10-20T05:46:32.617+0000] {logging_mixin.py:190} INFO - [2024-10-20T05:46:32.617+0000] {dag.py:4180} INFO - Setting next_dagrun for latest_only_with_trigger to 2024-10-20 00:00:00+00:00, run_after=2024-10-20 04:00:00+00:00
[2024-10-20T05:46:32.697+0000] {processor.py:208} INFO - Processing /usr/local/python/3.12.1/lib/python3.12/site-packages/airflow/example_dags/example_latest_only_with_trigger.py took 0.119 seconds
[2024-10-20T05:47:28.708+0000] {processor.py:186} INFO - Started process (PID=11555) to work on /usr/local/python/3.12.1/lib/python3.12/site-packages/airflow/example_dags/example_latest_only_with_trigger.py
[2024-10-20T05:47:28.709+0000] {processor.py:914} INFO - Processing file /usr/local/python/3.12.1/lib/python3.12/site-packages/airflow/example_dags/example_latest_only_with_trigger.py for tasks to queue
[2024-10-20T05:47:28.710+0000] {logging_mixin.py:190} INFO - [2024-10-20T05:47:28.710+0000] {dagbag.py:588} INFO - Filling up the DagBag from /usr/local/python/3.12.1/lib/python3.12/site-packages/airflow/example_dags/example_latest_only_with_trigger.py
[2024-10-20T05:47:28.716+0000] {processor.py:925} INFO - DAG(s) 'latest_only_with_trigger' retrieved from /usr/local/python/3.12.1/lib/python3.12/site-packages/airflow/example_dags/example_latest_only_with_trigger.py
[2024-10-20T05:47:28.727+0000] {logging_mixin.py:190} INFO - [2024-10-20T05:47:28.727+0000] {dag.py:3239} INFO - Sync 1 DAGs
[2024-10-20T05:47:28.742+0000] {logging_mixin.py:190} INFO - [2024-10-20T05:47:28.742+0000] {dag.py:4180} INFO - Setting next_dagrun for latest_only_with_trigger to 2024-10-20 00:00:00+00:00, run_after=2024-10-20 04:00:00+00:00
[2024-10-20T05:47:29.219+0000] {processor.py:208} INFO - Processing /usr/local/python/3.12.1/lib/python3.12/site-packages/airflow/example_dags/example_latest_only_with_trigger.py took 0.515 seconds
[2024-10-20T05:48:20.135+0000] {processor.py:186} INFO - Started process (PID=11928) to work on /usr/local/python/3.12.1/lib/python3.12/site-packages/airflow/example_dags/example_latest_only_with_trigger.py
[2024-10-20T05:48:20.136+0000] {processor.py:914} INFO - Processing file /usr/local/python/3.12.1/lib/python3.12/site-packages/airflow/example_dags/example_latest_only_with_trigger.py for tasks to queue
[2024-10-20T05:48:20.137+0000] {logging_mixin.py:190} INFO - [2024-10-20T05:48:20.137+0000] {dagbag.py:588} INFO - Filling up the DagBag from /usr/local/python/3.12.1/lib/python3.12/site-packages/airflow/example_dags/example_latest_only_with_trigger.py
[2024-10-20T05:48:20.143+0000] {processor.py:925} INFO - DAG(s) 'latest_only_with_trigger' retrieved from /usr/local/python/3.12.1/lib/python3.12/site-packages/airflow/example_dags/example_latest_only_with_trigger.py
[2024-10-20T05:48:20.155+0000] {logging_mixin.py:190} INFO - [2024-10-20T05:48:20.155+0000] {dag.py:3239} INFO - Sync 1 DAGs
[2024-10-20T05:48:20.172+0000] {logging_mixin.py:190} INFO - [2024-10-20T05:48:20.171+0000] {dag.py:4180} INFO - Setting next_dagrun for latest_only_with_trigger to 2024-10-20 00:00:00+00:00, run_after=2024-10-20 04:00:00+00:00
[2024-10-20T05:48:20.207+0000] {processor.py:208} INFO - Processing /usr/local/python/3.12.1/lib/python3.12/site-packages/airflow/example_dags/example_latest_only_with_trigger.py took 0.075 seconds
[2024-10-20T05:49:12.128+0000] {processor.py:186} INFO - Started process (PID=12446) to work on /usr/local/python/3.12.1/lib/python3.12/site-packages/airflow/example_dags/example_latest_only_with_trigger.py
[2024-10-20T05:49:12.129+0000] {processor.py:914} INFO - Processing file /usr/local/python/3.12.1/lib/python3.12/site-packages/airflow/example_dags/example_latest_only_with_trigger.py for tasks to queue
[2024-10-20T05:49:12.131+0000] {logging_mixin.py:190} INFO - [2024-10-20T05:49:12.130+0000] {dagbag.py:588} INFO - Filling up the DagBag from /usr/local/python/3.12.1/lib/python3.12/site-packages/airflow/example_dags/example_latest_only_with_trigger.py
[2024-10-20T05:49:12.137+0000] {processor.py:925} INFO - DAG(s) 'latest_only_with_trigger' retrieved from /usr/local/python/3.12.1/lib/python3.12/site-packages/airflow/example_dags/example_latest_only_with_trigger.py
[2024-10-20T05:49:12.151+0000] {logging_mixin.py:190} INFO - [2024-10-20T05:49:12.151+0000] {dag.py:3239} INFO - Sync 1 DAGs
[2024-10-20T05:49:12.170+0000] {logging_mixin.py:190} INFO - [2024-10-20T05:49:12.170+0000] {dag.py:4180} INFO - Setting next_dagrun for latest_only_with_trigger to 2024-10-20 00:00:00+00:00, run_after=2024-10-20 04:00:00+00:00
[2024-10-20T05:49:12.205+0000] {processor.py:208} INFO - Processing /usr/local/python/3.12.1/lib/python3.12/site-packages/airflow/example_dags/example_latest_only_with_trigger.py took 0.081 seconds
[2024-10-20T05:50:08.796+0000] {processor.py:186} INFO - Started process (PID=12982) to work on /usr/local/python/3.12.1/lib/python3.12/site-packages/airflow/example_dags/example_latest_only_with_trigger.py
[2024-10-20T05:50:08.797+0000] {processor.py:914} INFO - Processing file /usr/local/python/3.12.1/lib/python3.12/site-packages/airflow/example_dags/example_latest_only_with_trigger.py for tasks to queue
[2024-10-20T05:50:08.799+0000] {logging_mixin.py:190} INFO - [2024-10-20T05:50:08.799+0000] {dagbag.py:588} INFO - Filling up the DagBag from /usr/local/python/3.12.1/lib/python3.12/site-packages/airflow/example_dags/example_latest_only_with_trigger.py
[2024-10-20T05:50:08.807+0000] {processor.py:925} INFO - DAG(s) 'latest_only_with_trigger' retrieved from /usr/local/python/3.12.1/lib/python3.12/site-packages/airflow/example_dags/example_latest_only_with_trigger.py
[2024-10-20T05:50:08.825+0000] {logging_mixin.py:190} INFO - [2024-10-20T05:50:08.824+0000] {dag.py:3239} INFO - Sync 1 DAGs
[2024-10-20T05:50:08.849+0000] {logging_mixin.py:190} INFO - [2024-10-20T05:50:08.848+0000] {dag.py:4180} INFO - Setting next_dagrun for latest_only_with_trigger to 2024-10-20 00:00:00+00:00, run_after=2024-10-20 04:00:00+00:00
[2024-10-20T05:50:08.897+0000] {processor.py:208} INFO - Processing /usr/local/python/3.12.1/lib/python3.12/site-packages/airflow/example_dags/example_latest_only_with_trigger.py took 0.107 seconds
