[2024-10-20T05:44:37.418+0000] {processor.py:186} INFO - Started process (PID=9564) to work on /usr/local/python/3.12.1/lib/python3.12/site-packages/airflow/example_dags/example_python_operator.py
[2024-10-20T05:44:37.419+0000] {processor.py:914} INFO - Processing file /usr/local/python/3.12.1/lib/python3.12/site-packages/airflow/example_dags/example_python_operator.py for tasks to queue
[2024-10-20T05:44:37.420+0000] {logging_mixin.py:190} INFO - [2024-10-20T05:44:37.420+0000] {dagbag.py:588} INFO - Filling up the DagBag from /usr/local/python/3.12.1/lib/python3.12/site-packages/airflow/example_dags/example_python_operator.py
[2024-10-20T05:44:37.430+0000] {processor.py:925} INFO - DAG(s) 'example_python_operator' retrieved from /usr/local/python/3.12.1/lib/python3.12/site-packages/airflow/example_dags/example_python_operator.py
[2024-10-20T05:44:37.560+0000] {logging_mixin.py:190} INFO - [2024-10-20T05:44:37.560+0000] {override.py:1900} INFO - Created Permission View: can delete on DAG:example_python_operator
[2024-10-20T05:44:37.593+0000] {logging_mixin.py:190} INFO - [2024-10-20T05:44:37.593+0000] {override.py:1900} INFO - Created Permission View: can edit on DAG:example_python_operator
[2024-10-20T05:44:37.622+0000] {logging_mixin.py:190} INFO - [2024-10-20T05:44:37.622+0000] {override.py:1900} INFO - Created Permission View: can read on DAG:example_python_operator
[2024-10-20T05:44:37.681+0000] {logging_mixin.py:190} INFO - [2024-10-20T05:44:37.680+0000] {override.py:1900} INFO - Created Permission View: can delete on DAG Run:example_python_operator
[2024-10-20T05:44:37.702+0000] {logging_mixin.py:190} INFO - [2024-10-20T05:44:37.702+0000] {override.py:1900} INFO - Created Permission View: can create on DAG Run:example_python_operator
[2024-10-20T05:44:37.724+0000] {logging_mixin.py:190} INFO - [2024-10-20T05:44:37.723+0000] {override.py:1900} INFO - Created Permission View: menu access on DAG Run:example_python_operator
[2024-10-20T05:44:37.749+0000] {logging_mixin.py:190} INFO - [2024-10-20T05:44:37.749+0000] {override.py:1900} INFO - Created Permission View: can read on DAG Run:example_python_operator
[2024-10-20T05:44:37.749+0000] {logging_mixin.py:190} INFO - [2024-10-20T05:44:37.749+0000] {dag.py:3239} INFO - Sync 1 DAGs
[2024-10-20T05:44:37.758+0000] {logging_mixin.py:190} INFO - [2024-10-20T05:44:37.758+0000] {dag.py:3262} INFO - Creating ORM DAG for example_python_operator
[2024-10-20T05:44:37.759+0000] {logging_mixin.py:190} INFO - [2024-10-20T05:44:37.759+0000] {dag.py:4180} INFO - Setting next_dagrun for example_python_operator to None, run_after=None
[2024-10-20T05:44:37.794+0000] {processor.py:208} INFO - Processing /usr/local/python/3.12.1/lib/python3.12/site-packages/airflow/example_dags/example_python_operator.py took 0.385 seconds
[2024-10-20T05:45:41.490+0000] {processor.py:186} INFO - Started process (PID=10714) to work on /usr/local/python/3.12.1/lib/python3.12/site-packages/airflow/example_dags/example_python_operator.py
[2024-10-20T05:45:41.491+0000] {processor.py:914} INFO - Processing file /usr/local/python/3.12.1/lib/python3.12/site-packages/airflow/example_dags/example_python_operator.py for tasks to queue
[2024-10-20T05:45:41.493+0000] {logging_mixin.py:190} INFO - [2024-10-20T05:45:41.492+0000] {dagbag.py:588} INFO - Filling up the DagBag from /usr/local/python/3.12.1/lib/python3.12/site-packages/airflow/example_dags/example_python_operator.py
[2024-10-20T05:45:41.504+0000] {processor.py:925} INFO - DAG(s) 'example_python_operator' retrieved from /usr/local/python/3.12.1/lib/python3.12/site-packages/airflow/example_dags/example_python_operator.py
[2024-10-20T05:45:41.518+0000] {logging_mixin.py:190} INFO - [2024-10-20T05:45:41.518+0000] {dag.py:3239} INFO - Sync 1 DAGs
[2024-10-20T05:45:41.528+0000] {logging_mixin.py:190} INFO - [2024-10-20T05:45:41.528+0000] {dag.py:4180} INFO - Setting next_dagrun for example_python_operator to None, run_after=None
[2024-10-20T05:45:41.566+0000] {processor.py:208} INFO - Processing /usr/local/python/3.12.1/lib/python3.12/site-packages/airflow/example_dags/example_python_operator.py took 0.081 seconds
[2024-10-20T05:46:37.111+0000] {processor.py:186} INFO - Started process (PID=11142) to work on /usr/local/python/3.12.1/lib/python3.12/site-packages/airflow/example_dags/example_python_operator.py
[2024-10-20T05:46:37.112+0000] {processor.py:914} INFO - Processing file /usr/local/python/3.12.1/lib/python3.12/site-packages/airflow/example_dags/example_python_operator.py for tasks to queue
[2024-10-20T05:46:37.113+0000] {logging_mixin.py:190} INFO - [2024-10-20T05:46:37.113+0000] {dagbag.py:588} INFO - Filling up the DagBag from /usr/local/python/3.12.1/lib/python3.12/site-packages/airflow/example_dags/example_python_operator.py
[2024-10-20T05:46:37.124+0000] {processor.py:925} INFO - DAG(s) 'example_python_operator' retrieved from /usr/local/python/3.12.1/lib/python3.12/site-packages/airflow/example_dags/example_python_operator.py
[2024-10-20T05:46:37.138+0000] {logging_mixin.py:190} INFO - [2024-10-20T05:46:37.137+0000] {dag.py:3239} INFO - Sync 1 DAGs
[2024-10-20T05:46:37.148+0000] {logging_mixin.py:190} INFO - [2024-10-20T05:46:37.148+0000] {dag.py:4180} INFO - Setting next_dagrun for example_python_operator to None, run_after=None
[2024-10-20T05:46:37.195+0000] {processor.py:208} INFO - Processing /usr/local/python/3.12.1/lib/python3.12/site-packages/airflow/example_dags/example_python_operator.py took 0.088 seconds
[2024-10-20T05:47:33.560+0000] {processor.py:186} INFO - Started process (PID=11601) to work on /usr/local/python/3.12.1/lib/python3.12/site-packages/airflow/example_dags/example_python_operator.py
[2024-10-20T05:47:33.561+0000] {processor.py:914} INFO - Processing file /usr/local/python/3.12.1/lib/python3.12/site-packages/airflow/example_dags/example_python_operator.py for tasks to queue
[2024-10-20T05:47:33.562+0000] {logging_mixin.py:190} INFO - [2024-10-20T05:47:33.562+0000] {dagbag.py:588} INFO - Filling up the DagBag from /usr/local/python/3.12.1/lib/python3.12/site-packages/airflow/example_dags/example_python_operator.py
[2024-10-20T05:47:33.572+0000] {processor.py:925} INFO - DAG(s) 'example_python_operator' retrieved from /usr/local/python/3.12.1/lib/python3.12/site-packages/airflow/example_dags/example_python_operator.py
[2024-10-20T05:47:33.585+0000] {logging_mixin.py:190} INFO - [2024-10-20T05:47:33.585+0000] {dag.py:3239} INFO - Sync 1 DAGs
[2024-10-20T05:47:33.595+0000] {logging_mixin.py:190} INFO - [2024-10-20T05:47:33.595+0000] {dag.py:4180} INFO - Setting next_dagrun for example_python_operator to None, run_after=None
[2024-10-20T05:47:33.626+0000] {processor.py:208} INFO - Processing /usr/local/python/3.12.1/lib/python3.12/site-packages/airflow/example_dags/example_python_operator.py took 0.070 seconds
[2024-10-20T05:48:23.437+0000] {processor.py:186} INFO - Started process (PID=12006) to work on /usr/local/python/3.12.1/lib/python3.12/site-packages/airflow/example_dags/example_python_operator.py
[2024-10-20T05:48:23.437+0000] {processor.py:914} INFO - Processing file /usr/local/python/3.12.1/lib/python3.12/site-packages/airflow/example_dags/example_python_operator.py for tasks to queue
[2024-10-20T05:48:23.439+0000] {logging_mixin.py:190} INFO - [2024-10-20T05:48:23.438+0000] {dagbag.py:588} INFO - Filling up the DagBag from /usr/local/python/3.12.1/lib/python3.12/site-packages/airflow/example_dags/example_python_operator.py
[2024-10-20T05:48:23.448+0000] {processor.py:925} INFO - DAG(s) 'example_python_operator' retrieved from /usr/local/python/3.12.1/lib/python3.12/site-packages/airflow/example_dags/example_python_operator.py
[2024-10-20T05:48:23.461+0000] {logging_mixin.py:190} INFO - [2024-10-20T05:48:23.461+0000] {dag.py:3239} INFO - Sync 1 DAGs
[2024-10-20T05:48:23.470+0000] {logging_mixin.py:190} INFO - [2024-10-20T05:48:23.470+0000] {dag.py:4180} INFO - Setting next_dagrun for example_python_operator to None, run_after=None
[2024-10-20T05:48:23.515+0000] {processor.py:208} INFO - Processing /usr/local/python/3.12.1/lib/python3.12/site-packages/airflow/example_dags/example_python_operator.py took 0.082 seconds
[2024-10-20T05:49:16.424+0000] {processor.py:186} INFO - Started process (PID=12468) to work on /usr/local/python/3.12.1/lib/python3.12/site-packages/airflow/example_dags/example_python_operator.py
[2024-10-20T05:49:16.425+0000] {processor.py:914} INFO - Processing file /usr/local/python/3.12.1/lib/python3.12/site-packages/airflow/example_dags/example_python_operator.py for tasks to queue
[2024-10-20T05:49:16.427+0000] {logging_mixin.py:190} INFO - [2024-10-20T05:49:16.426+0000] {dagbag.py:588} INFO - Filling up the DagBag from /usr/local/python/3.12.1/lib/python3.12/site-packages/airflow/example_dags/example_python_operator.py
[2024-10-20T05:49:16.437+0000] {processor.py:925} INFO - DAG(s) 'example_python_operator' retrieved from /usr/local/python/3.12.1/lib/python3.12/site-packages/airflow/example_dags/example_python_operator.py
[2024-10-20T05:49:16.451+0000] {logging_mixin.py:190} INFO - [2024-10-20T05:49:16.451+0000] {dag.py:3239} INFO - Sync 1 DAGs
[2024-10-20T05:49:16.462+0000] {logging_mixin.py:190} INFO - [2024-10-20T05:49:16.462+0000] {dag.py:4180} INFO - Setting next_dagrun for example_python_operator to None, run_after=None
[2024-10-20T05:49:16.490+0000] {processor.py:208} INFO - Processing /usr/local/python/3.12.1/lib/python3.12/site-packages/airflow/example_dags/example_python_operator.py took 0.070 seconds
[2024-10-20T05:50:12.939+0000] {processor.py:186} INFO - Started process (PID=13057) to work on /usr/local/python/3.12.1/lib/python3.12/site-packages/airflow/example_dags/example_python_operator.py
[2024-10-20T05:50:12.940+0000] {processor.py:914} INFO - Processing file /usr/local/python/3.12.1/lib/python3.12/site-packages/airflow/example_dags/example_python_operator.py for tasks to queue
[2024-10-20T05:50:12.941+0000] {logging_mixin.py:190} INFO - [2024-10-20T05:50:12.941+0000] {dagbag.py:588} INFO - Filling up the DagBag from /usr/local/python/3.12.1/lib/python3.12/site-packages/airflow/example_dags/example_python_operator.py
[2024-10-20T05:50:12.951+0000] {processor.py:925} INFO - DAG(s) 'example_python_operator' retrieved from /usr/local/python/3.12.1/lib/python3.12/site-packages/airflow/example_dags/example_python_operator.py
[2024-10-20T05:50:12.964+0000] {logging_mixin.py:190} INFO - [2024-10-20T05:50:12.963+0000] {dag.py:3239} INFO - Sync 1 DAGs
[2024-10-20T05:50:12.973+0000] {logging_mixin.py:190} INFO - [2024-10-20T05:50:12.973+0000] {dag.py:4180} INFO - Setting next_dagrun for example_python_operator to None, run_after=None
[2024-10-20T05:50:13.006+0000] {processor.py:208} INFO - Processing /usr/local/python/3.12.1/lib/python3.12/site-packages/airflow/example_dags/example_python_operator.py took 0.071 seconds
