[2024-10-20T05:44:26.978+0000] {processor.py:186} INFO - Started process (PID=9373) to work on /usr/local/python/3.12.1/lib/python3.12/site-packages/airflow/example_dags/example_dynamic_task_mapping_with_no_taskflow_operators.py
[2024-10-20T05:44:26.978+0000] {processor.py:914} INFO - Processing file /usr/local/python/3.12.1/lib/python3.12/site-packages/airflow/example_dags/example_dynamic_task_mapping_with_no_taskflow_operators.py for tasks to queue
[2024-10-20T05:44:26.980+0000] {logging_mixin.py:190} INFO - [2024-10-20T05:44:26.979+0000] {dagbag.py:588} INFO - Filling up the DagBag from /usr/local/python/3.12.1/lib/python3.12/site-packages/airflow/example_dags/example_dynamic_task_mapping_with_no_taskflow_operators.py
[2024-10-20T05:44:26.986+0000] {processor.py:925} INFO - DAG(s) 'example_dynamic_task_mapping_with_no_taskflow_operators' retrieved from /usr/local/python/3.12.1/lib/python3.12/site-packages/airflow/example_dags/example_dynamic_task_mapping_with_no_taskflow_operators.py
[2024-10-20T05:44:27.123+0000] {logging_mixin.py:190} INFO - [2024-10-20T05:44:27.122+0000] {override.py:1900} INFO - Created Permission View: can delete on DAG:example_dynamic_task_mapping_with_no_taskflow_operators
[2024-10-20T05:44:27.146+0000] {logging_mixin.py:190} INFO - [2024-10-20T05:44:27.146+0000] {override.py:1900} INFO - Created Permission View: can edit on DAG:example_dynamic_task_mapping_with_no_taskflow_operators
[2024-10-20T05:44:27.169+0000] {logging_mixin.py:190} INFO - [2024-10-20T05:44:27.169+0000] {override.py:1900} INFO - Created Permission View: can read on DAG:example_dynamic_task_mapping_with_no_taskflow_operators
[2024-10-20T05:44:27.210+0000] {logging_mixin.py:190} INFO - [2024-10-20T05:44:27.210+0000] {override.py:1900} INFO - Created Permission View: can delete on DAG Run:example_dynamic_task_mapping_with_no_taskflow_operators
[2024-10-20T05:44:27.230+0000] {logging_mixin.py:190} INFO - [2024-10-20T05:44:27.230+0000] {override.py:1900} INFO - Created Permission View: can create on DAG Run:example_dynamic_task_mapping_with_no_taskflow_operators
[2024-10-20T05:44:27.264+0000] {logging_mixin.py:190} INFO - [2024-10-20T05:44:27.264+0000] {override.py:1900} INFO - Created Permission View: menu access on DAG Run:example_dynamic_task_mapping_with_no_taskflow_operators
[2024-10-20T05:44:27.286+0000] {logging_mixin.py:190} INFO - [2024-10-20T05:44:27.286+0000] {override.py:1900} INFO - Created Permission View: can read on DAG Run:example_dynamic_task_mapping_with_no_taskflow_operators
[2024-10-20T05:44:27.287+0000] {logging_mixin.py:190} INFO - [2024-10-20T05:44:27.287+0000] {dag.py:3239} INFO - Sync 1 DAGs
[2024-10-20T05:44:27.298+0000] {logging_mixin.py:190} INFO - [2024-10-20T05:44:27.297+0000] {dag.py:3262} INFO - Creating ORM DAG for example_dynamic_task_mapping_with_no_taskflow_operators
[2024-10-20T05:44:27.298+0000] {logging_mixin.py:190} INFO - [2024-10-20T05:44:27.298+0000] {dag.py:4180} INFO - Setting next_dagrun for example_dynamic_task_mapping_with_no_taskflow_operators to None, run_after=None
[2024-10-20T05:44:27.331+0000] {processor.py:208} INFO - Processing /usr/local/python/3.12.1/lib/python3.12/site-packages/airflow/example_dags/example_dynamic_task_mapping_with_no_taskflow_operators.py took 0.358 seconds
[2024-10-20T05:45:32.659+0000] {processor.py:186} INFO - Started process (PID=10589) to work on /usr/local/python/3.12.1/lib/python3.12/site-packages/airflow/example_dags/example_dynamic_task_mapping_with_no_taskflow_operators.py
[2024-10-20T05:45:32.660+0000] {processor.py:914} INFO - Processing file /usr/local/python/3.12.1/lib/python3.12/site-packages/airflow/example_dags/example_dynamic_task_mapping_with_no_taskflow_operators.py for tasks to queue
[2024-10-20T05:45:32.661+0000] {logging_mixin.py:190} INFO - [2024-10-20T05:45:32.661+0000] {dagbag.py:588} INFO - Filling up the DagBag from /usr/local/python/3.12.1/lib/python3.12/site-packages/airflow/example_dags/example_dynamic_task_mapping_with_no_taskflow_operators.py
[2024-10-20T05:45:32.667+0000] {processor.py:925} INFO - DAG(s) 'example_dynamic_task_mapping_with_no_taskflow_operators' retrieved from /usr/local/python/3.12.1/lib/python3.12/site-packages/airflow/example_dags/example_dynamic_task_mapping_with_no_taskflow_operators.py
[2024-10-20T05:45:32.678+0000] {logging_mixin.py:190} INFO - [2024-10-20T05:45:32.678+0000] {dag.py:3239} INFO - Sync 1 DAGs
[2024-10-20T05:45:32.687+0000] {logging_mixin.py:190} INFO - [2024-10-20T05:45:32.687+0000] {dag.py:4180} INFO - Setting next_dagrun for example_dynamic_task_mapping_with_no_taskflow_operators to None, run_after=None
[2024-10-20T05:45:32.722+0000] {processor.py:208} INFO - Processing /usr/local/python/3.12.1/lib/python3.12/site-packages/airflow/example_dags/example_dynamic_task_mapping_with_no_taskflow_operators.py took 0.067 seconds
[2024-10-20T05:46:30.316+0000] {processor.py:186} INFO - Started process (PID=11112) to work on /usr/local/python/3.12.1/lib/python3.12/site-packages/airflow/example_dags/example_dynamic_task_mapping_with_no_taskflow_operators.py
[2024-10-20T05:46:30.316+0000] {processor.py:914} INFO - Processing file /usr/local/python/3.12.1/lib/python3.12/site-packages/airflow/example_dags/example_dynamic_task_mapping_with_no_taskflow_operators.py for tasks to queue
[2024-10-20T05:46:30.318+0000] {logging_mixin.py:190} INFO - [2024-10-20T05:46:30.317+0000] {dagbag.py:588} INFO - Filling up the DagBag from /usr/local/python/3.12.1/lib/python3.12/site-packages/airflow/example_dags/example_dynamic_task_mapping_with_no_taskflow_operators.py
[2024-10-20T05:46:30.324+0000] {processor.py:925} INFO - DAG(s) 'example_dynamic_task_mapping_with_no_taskflow_operators' retrieved from /usr/local/python/3.12.1/lib/python3.12/site-packages/airflow/example_dags/example_dynamic_task_mapping_with_no_taskflow_operators.py
[2024-10-20T05:46:30.334+0000] {logging_mixin.py:190} INFO - [2024-10-20T05:46:30.334+0000] {dag.py:3239} INFO - Sync 1 DAGs
[2024-10-20T05:46:30.344+0000] {logging_mixin.py:190} INFO - [2024-10-20T05:46:30.344+0000] {dag.py:4180} INFO - Setting next_dagrun for example_dynamic_task_mapping_with_no_taskflow_operators to None, run_after=None
[2024-10-20T05:46:30.375+0000] {processor.py:208} INFO - Processing /usr/local/python/3.12.1/lib/python3.12/site-packages/airflow/example_dags/example_dynamic_task_mapping_with_no_taskflow_operators.py took 0.064 seconds
[2024-10-20T05:47:26.431+0000] {processor.py:186} INFO - Started process (PID=11541) to work on /usr/local/python/3.12.1/lib/python3.12/site-packages/airflow/example_dags/example_dynamic_task_mapping_with_no_taskflow_operators.py
[2024-10-20T05:47:26.432+0000] {processor.py:914} INFO - Processing file /usr/local/python/3.12.1/lib/python3.12/site-packages/airflow/example_dags/example_dynamic_task_mapping_with_no_taskflow_operators.py for tasks to queue
[2024-10-20T05:47:26.433+0000] {logging_mixin.py:190} INFO - [2024-10-20T05:47:26.433+0000] {dagbag.py:588} INFO - Filling up the DagBag from /usr/local/python/3.12.1/lib/python3.12/site-packages/airflow/example_dags/example_dynamic_task_mapping_with_no_taskflow_operators.py
[2024-10-20T05:47:26.439+0000] {processor.py:925} INFO - DAG(s) 'example_dynamic_task_mapping_with_no_taskflow_operators' retrieved from /usr/local/python/3.12.1/lib/python3.12/site-packages/airflow/example_dags/example_dynamic_task_mapping_with_no_taskflow_operators.py
[2024-10-20T05:47:26.450+0000] {logging_mixin.py:190} INFO - [2024-10-20T05:47:26.450+0000] {dag.py:3239} INFO - Sync 1 DAGs
[2024-10-20T05:47:26.459+0000] {logging_mixin.py:190} INFO - [2024-10-20T05:47:26.459+0000] {dag.py:4180} INFO - Setting next_dagrun for example_dynamic_task_mapping_with_no_taskflow_operators to None, run_after=None
[2024-10-20T05:47:26.495+0000] {processor.py:208} INFO - Processing /usr/local/python/3.12.1/lib/python3.12/site-packages/airflow/example_dags/example_dynamic_task_mapping_with_no_taskflow_operators.py took 0.068 seconds
[2024-10-20T05:48:19.273+0000] {processor.py:186} INFO - Started process (PID=11902) to work on /usr/local/python/3.12.1/lib/python3.12/site-packages/airflow/example_dags/example_dynamic_task_mapping_with_no_taskflow_operators.py
[2024-10-20T05:48:19.274+0000] {processor.py:914} INFO - Processing file /usr/local/python/3.12.1/lib/python3.12/site-packages/airflow/example_dags/example_dynamic_task_mapping_with_no_taskflow_operators.py for tasks to queue
[2024-10-20T05:48:19.275+0000] {logging_mixin.py:190} INFO - [2024-10-20T05:48:19.275+0000] {dagbag.py:588} INFO - Filling up the DagBag from /usr/local/python/3.12.1/lib/python3.12/site-packages/airflow/example_dags/example_dynamic_task_mapping_with_no_taskflow_operators.py
[2024-10-20T05:48:19.281+0000] {processor.py:925} INFO - DAG(s) 'example_dynamic_task_mapping_with_no_taskflow_operators' retrieved from /usr/local/python/3.12.1/lib/python3.12/site-packages/airflow/example_dags/example_dynamic_task_mapping_with_no_taskflow_operators.py
[2024-10-20T05:48:19.292+0000] {logging_mixin.py:190} INFO - [2024-10-20T05:48:19.292+0000] {dag.py:3239} INFO - Sync 1 DAGs
[2024-10-20T05:48:19.301+0000] {logging_mixin.py:190} INFO - [2024-10-20T05:48:19.301+0000] {dag.py:4180} INFO - Setting next_dagrun for example_dynamic_task_mapping_with_no_taskflow_operators to None, run_after=None
[2024-10-20T05:48:19.347+0000] {processor.py:208} INFO - Processing /usr/local/python/3.12.1/lib/python3.12/site-packages/airflow/example_dags/example_dynamic_task_mapping_with_no_taskflow_operators.py took 0.079 seconds
[2024-10-20T05:49:09.857+0000] {processor.py:186} INFO - Started process (PID=12413) to work on /usr/local/python/3.12.1/lib/python3.12/site-packages/airflow/example_dags/example_dynamic_task_mapping_with_no_taskflow_operators.py
[2024-10-20T05:49:09.858+0000] {processor.py:914} INFO - Processing file /usr/local/python/3.12.1/lib/python3.12/site-packages/airflow/example_dags/example_dynamic_task_mapping_with_no_taskflow_operators.py for tasks to queue
[2024-10-20T05:49:09.859+0000] {logging_mixin.py:190} INFO - [2024-10-20T05:49:09.859+0000] {dagbag.py:588} INFO - Filling up the DagBag from /usr/local/python/3.12.1/lib/python3.12/site-packages/airflow/example_dags/example_dynamic_task_mapping_with_no_taskflow_operators.py
[2024-10-20T05:49:09.866+0000] {processor.py:925} INFO - DAG(s) 'example_dynamic_task_mapping_with_no_taskflow_operators' retrieved from /usr/local/python/3.12.1/lib/python3.12/site-packages/airflow/example_dags/example_dynamic_task_mapping_with_no_taskflow_operators.py
[2024-10-20T05:49:09.877+0000] {logging_mixin.py:190} INFO - [2024-10-20T05:49:09.877+0000] {dag.py:3239} INFO - Sync 1 DAGs
[2024-10-20T05:49:09.887+0000] {logging_mixin.py:190} INFO - [2024-10-20T05:49:09.887+0000] {dag.py:4180} INFO - Setting next_dagrun for example_dynamic_task_mapping_with_no_taskflow_operators to None, run_after=None
[2024-10-20T05:49:09.926+0000] {processor.py:208} INFO - Processing /usr/local/python/3.12.1/lib/python3.12/site-packages/airflow/example_dags/example_dynamic_task_mapping_with_no_taskflow_operators.py took 0.073 seconds
[2024-10-20T05:50:06.398+0000] {processor.py:186} INFO - Started process (PID=12949) to work on /usr/local/python/3.12.1/lib/python3.12/site-packages/airflow/example_dags/example_dynamic_task_mapping_with_no_taskflow_operators.py
[2024-10-20T05:50:06.398+0000] {processor.py:914} INFO - Processing file /usr/local/python/3.12.1/lib/python3.12/site-packages/airflow/example_dags/example_dynamic_task_mapping_with_no_taskflow_operators.py for tasks to queue
[2024-10-20T05:50:06.400+0000] {logging_mixin.py:190} INFO - [2024-10-20T05:50:06.399+0000] {dagbag.py:588} INFO - Filling up the DagBag from /usr/local/python/3.12.1/lib/python3.12/site-packages/airflow/example_dags/example_dynamic_task_mapping_with_no_taskflow_operators.py
[2024-10-20T05:50:06.406+0000] {processor.py:925} INFO - DAG(s) 'example_dynamic_task_mapping_with_no_taskflow_operators' retrieved from /usr/local/python/3.12.1/lib/python3.12/site-packages/airflow/example_dags/example_dynamic_task_mapping_with_no_taskflow_operators.py
[2024-10-20T05:50:06.416+0000] {logging_mixin.py:190} INFO - [2024-10-20T05:50:06.416+0000] {dag.py:3239} INFO - Sync 1 DAGs
[2024-10-20T05:50:06.425+0000] {logging_mixin.py:190} INFO - [2024-10-20T05:50:06.425+0000] {dag.py:4180} INFO - Setting next_dagrun for example_dynamic_task_mapping_with_no_taskflow_operators to None, run_after=None
[2024-10-20T05:50:06.460+0000] {processor.py:208} INFO - Processing /usr/local/python/3.12.1/lib/python3.12/site-packages/airflow/example_dags/example_dynamic_task_mapping_with_no_taskflow_operators.py took 0.066 seconds
