[2024-10-20T05:44:10.009+0000] {processor.py:186} INFO - Started process (PID=9121) to work on /usr/local/python/3.12.1/lib/python3.12/site-packages/airflow/example_dags/example_task_group.py
[2024-10-20T05:44:10.010+0000] {processor.py:914} INFO - Processing file /usr/local/python/3.12.1/lib/python3.12/site-packages/airflow/example_dags/example_task_group.py for tasks to queue
[2024-10-20T05:44:10.012+0000] {logging_mixin.py:190} INFO - [2024-10-20T05:44:10.011+0000] {dagbag.py:588} INFO - Filling up the DagBag from /usr/local/python/3.12.1/lib/python3.12/site-packages/airflow/example_dags/example_task_group.py
[2024-10-20T05:44:10.019+0000] {processor.py:925} INFO - DAG(s) 'example_task_group' retrieved from /usr/local/python/3.12.1/lib/python3.12/site-packages/airflow/example_dags/example_task_group.py
[2024-10-20T05:44:10.157+0000] {logging_mixin.py:190} INFO - [2024-10-20T05:44:10.156+0000] {override.py:1900} INFO - Created Permission View: can delete on DAG:example_task_group
[2024-10-20T05:44:10.189+0000] {logging_mixin.py:190} INFO - [2024-10-20T05:44:10.188+0000] {override.py:1900} INFO - Created Permission View: can edit on DAG:example_task_group
[2024-10-20T05:44:10.214+0000] {logging_mixin.py:190} INFO - [2024-10-20T05:44:10.213+0000] {override.py:1900} INFO - Created Permission View: can read on DAG:example_task_group
[2024-10-20T05:44:10.268+0000] {logging_mixin.py:190} INFO - [2024-10-20T05:44:10.267+0000] {override.py:1900} INFO - Created Permission View: can delete on DAG Run:example_task_group
[2024-10-20T05:44:10.293+0000] {logging_mixin.py:190} INFO - [2024-10-20T05:44:10.293+0000] {override.py:1900} INFO - Created Permission View: can create on DAG Run:example_task_group
[2024-10-20T05:44:10.335+0000] {logging_mixin.py:190} INFO - [2024-10-20T05:44:10.334+0000] {override.py:1900} INFO - Created Permission View: menu access on DAG Run:example_task_group
[2024-10-20T05:44:10.357+0000] {logging_mixin.py:190} INFO - [2024-10-20T05:44:10.356+0000] {override.py:1900} INFO - Created Permission View: can read on DAG Run:example_task_group
[2024-10-20T05:44:10.357+0000] {logging_mixin.py:190} INFO - [2024-10-20T05:44:10.357+0000] {dag.py:3239} INFO - Sync 1 DAGs
[2024-10-20T05:44:10.366+0000] {logging_mixin.py:190} INFO - [2024-10-20T05:44:10.366+0000] {dag.py:3262} INFO - Creating ORM DAG for example_task_group
[2024-10-20T05:44:10.367+0000] {logging_mixin.py:190} INFO - [2024-10-20T05:44:10.367+0000] {dag.py:4180} INFO - Setting next_dagrun for example_task_group to None, run_after=None
[2024-10-20T05:44:10.420+0000] {processor.py:208} INFO - Processing /usr/local/python/3.12.1/lib/python3.12/site-packages/airflow/example_dags/example_task_group.py took 0.415 seconds
[2024-10-20T05:45:19.711+0000] {processor.py:186} INFO - Started process (PID=10339) to work on /usr/local/python/3.12.1/lib/python3.12/site-packages/airflow/example_dags/example_task_group.py
[2024-10-20T05:45:19.712+0000] {processor.py:914} INFO - Processing file /usr/local/python/3.12.1/lib/python3.12/site-packages/airflow/example_dags/example_task_group.py for tasks to queue
[2024-10-20T05:45:19.713+0000] {logging_mixin.py:190} INFO - [2024-10-20T05:45:19.713+0000] {dagbag.py:588} INFO - Filling up the DagBag from /usr/local/python/3.12.1/lib/python3.12/site-packages/airflow/example_dags/example_task_group.py
[2024-10-20T05:45:19.720+0000] {processor.py:925} INFO - DAG(s) 'example_task_group' retrieved from /usr/local/python/3.12.1/lib/python3.12/site-packages/airflow/example_dags/example_task_group.py
[2024-10-20T05:45:19.732+0000] {logging_mixin.py:190} INFO - [2024-10-20T05:45:19.732+0000] {dag.py:3239} INFO - Sync 1 DAGs
[2024-10-20T05:45:19.741+0000] {logging_mixin.py:190} INFO - [2024-10-20T05:45:19.741+0000] {dag.py:4180} INFO - Setting next_dagrun for example_task_group to None, run_after=None
[2024-10-20T05:45:19.778+0000] {processor.py:208} INFO - Processing /usr/local/python/3.12.1/lib/python3.12/site-packages/airflow/example_dags/example_task_group.py took 0.071 seconds
[2024-10-20T05:46:14.089+0000] {processor.py:186} INFO - Started process (PID=10933) to work on /usr/local/python/3.12.1/lib/python3.12/site-packages/airflow/example_dags/example_task_group.py
[2024-10-20T05:46:14.090+0000] {processor.py:914} INFO - Processing file /usr/local/python/3.12.1/lib/python3.12/site-packages/airflow/example_dags/example_task_group.py for tasks to queue
[2024-10-20T05:46:14.091+0000] {logging_mixin.py:190} INFO - [2024-10-20T05:46:14.091+0000] {dagbag.py:588} INFO - Filling up the DagBag from /usr/local/python/3.12.1/lib/python3.12/site-packages/airflow/example_dags/example_task_group.py
[2024-10-20T05:46:14.098+0000] {processor.py:925} INFO - DAG(s) 'example_task_group' retrieved from /usr/local/python/3.12.1/lib/python3.12/site-packages/airflow/example_dags/example_task_group.py
[2024-10-20T05:46:14.110+0000] {logging_mixin.py:190} INFO - [2024-10-20T05:46:14.110+0000] {dag.py:3239} INFO - Sync 1 DAGs
[2024-10-20T05:46:14.119+0000] {logging_mixin.py:190} INFO - [2024-10-20T05:46:14.119+0000] {dag.py:4180} INFO - Setting next_dagrun for example_task_group to None, run_after=None
[2024-10-20T05:46:14.170+0000] {processor.py:208} INFO - Processing /usr/local/python/3.12.1/lib/python3.12/site-packages/airflow/example_dags/example_task_group.py took 0.086 seconds
[2024-10-20T05:47:02.989+0000] {processor.py:186} INFO - Started process (PID=11331) to work on /usr/local/python/3.12.1/lib/python3.12/site-packages/airflow/example_dags/example_task_group.py
[2024-10-20T05:47:02.989+0000] {processor.py:914} INFO - Processing file /usr/local/python/3.12.1/lib/python3.12/site-packages/airflow/example_dags/example_task_group.py for tasks to queue
[2024-10-20T05:47:02.991+0000] {logging_mixin.py:190} INFO - [2024-10-20T05:47:02.991+0000] {dagbag.py:588} INFO - Filling up the DagBag from /usr/local/python/3.12.1/lib/python3.12/site-packages/airflow/example_dags/example_task_group.py
[2024-10-20T05:47:02.997+0000] {processor.py:925} INFO - DAG(s) 'example_task_group' retrieved from /usr/local/python/3.12.1/lib/python3.12/site-packages/airflow/example_dags/example_task_group.py
[2024-10-20T05:47:03.009+0000] {logging_mixin.py:190} INFO - [2024-10-20T05:47:03.009+0000] {dag.py:3239} INFO - Sync 1 DAGs
[2024-10-20T05:47:03.018+0000] {logging_mixin.py:190} INFO - [2024-10-20T05:47:03.018+0000] {dag.py:4180} INFO - Setting next_dagrun for example_task_group to None, run_after=None
[2024-10-20T05:47:03.051+0000] {processor.py:208} INFO - Processing /usr/local/python/3.12.1/lib/python3.12/site-packages/airflow/example_dags/example_task_group.py took 0.066 seconds
[2024-10-20T05:47:54.783+0000] {processor.py:186} INFO - Started process (PID=11743) to work on /usr/local/python/3.12.1/lib/python3.12/site-packages/airflow/example_dags/example_task_group.py
[2024-10-20T05:47:54.783+0000] {processor.py:914} INFO - Processing file /usr/local/python/3.12.1/lib/python3.12/site-packages/airflow/example_dags/example_task_group.py for tasks to queue
[2024-10-20T05:47:54.785+0000] {logging_mixin.py:190} INFO - [2024-10-20T05:47:54.785+0000] {dagbag.py:588} INFO - Filling up the DagBag from /usr/local/python/3.12.1/lib/python3.12/site-packages/airflow/example_dags/example_task_group.py
[2024-10-20T05:47:54.791+0000] {processor.py:925} INFO - DAG(s) 'example_task_group' retrieved from /usr/local/python/3.12.1/lib/python3.12/site-packages/airflow/example_dags/example_task_group.py
[2024-10-20T05:47:54.804+0000] {logging_mixin.py:190} INFO - [2024-10-20T05:47:54.804+0000] {dag.py:3239} INFO - Sync 1 DAGs
[2024-10-20T05:47:54.815+0000] {logging_mixin.py:190} INFO - [2024-10-20T05:47:54.815+0000] {dag.py:4180} INFO - Setting next_dagrun for example_task_group to None, run_after=None
[2024-10-20T05:47:54.871+0000] {processor.py:208} INFO - Processing /usr/local/python/3.12.1/lib/python3.12/site-packages/airflow/example_dags/example_task_group.py took 0.092 seconds
[2024-10-20T05:48:46.357+0000] {processor.py:186} INFO - Started process (PID=12241) to work on /usr/local/python/3.12.1/lib/python3.12/site-packages/airflow/example_dags/example_task_group.py
[2024-10-20T05:48:46.358+0000] {processor.py:914} INFO - Processing file /usr/local/python/3.12.1/lib/python3.12/site-packages/airflow/example_dags/example_task_group.py for tasks to queue
[2024-10-20T05:48:46.359+0000] {logging_mixin.py:190} INFO - [2024-10-20T05:48:46.359+0000] {dagbag.py:588} INFO - Filling up the DagBag from /usr/local/python/3.12.1/lib/python3.12/site-packages/airflow/example_dags/example_task_group.py
[2024-10-20T05:48:46.366+0000] {processor.py:925} INFO - DAG(s) 'example_task_group' retrieved from /usr/local/python/3.12.1/lib/python3.12/site-packages/airflow/example_dags/example_task_group.py
[2024-10-20T05:48:46.378+0000] {logging_mixin.py:190} INFO - [2024-10-20T05:48:46.378+0000] {dag.py:3239} INFO - Sync 1 DAGs
[2024-10-20T05:48:46.387+0000] {logging_mixin.py:190} INFO - [2024-10-20T05:48:46.387+0000] {dag.py:4180} INFO - Setting next_dagrun for example_task_group to None, run_after=None
[2024-10-20T05:48:46.417+0000] {processor.py:208} INFO - Processing /usr/local/python/3.12.1/lib/python3.12/site-packages/airflow/example_dags/example_task_group.py took 0.065 seconds
[2024-10-20T05:49:41.102+0000] {processor.py:186} INFO - Started process (PID=12688) to work on /usr/local/python/3.12.1/lib/python3.12/site-packages/airflow/example_dags/example_task_group.py
[2024-10-20T05:49:41.103+0000] {processor.py:914} INFO - Processing file /usr/local/python/3.12.1/lib/python3.12/site-packages/airflow/example_dags/example_task_group.py for tasks to queue
[2024-10-20T05:49:41.105+0000] {logging_mixin.py:190} INFO - [2024-10-20T05:49:41.104+0000] {dagbag.py:588} INFO - Filling up the DagBag from /usr/local/python/3.12.1/lib/python3.12/site-packages/airflow/example_dags/example_task_group.py
[2024-10-20T05:49:41.112+0000] {processor.py:925} INFO - DAG(s) 'example_task_group' retrieved from /usr/local/python/3.12.1/lib/python3.12/site-packages/airflow/example_dags/example_task_group.py
[2024-10-20T05:49:41.124+0000] {logging_mixin.py:190} INFO - [2024-10-20T05:49:41.124+0000] {dag.py:3239} INFO - Sync 1 DAGs
[2024-10-20T05:49:41.134+0000] {logging_mixin.py:190} INFO - [2024-10-20T05:49:41.134+0000] {dag.py:4180} INFO - Setting next_dagrun for example_task_group to None, run_after=None
[2024-10-20T05:49:41.279+0000] {processor.py:208} INFO - Processing /usr/local/python/3.12.1/lib/python3.12/site-packages/airflow/example_dags/example_task_group.py took 0.183 seconds
