[2024-10-20T05:45:01.675+0000] {processor.py:186} INFO - Started process (PID=9781) to work on /usr/local/python/3.12.1/lib/python3.12/site-packages/airflow/example_dags/example_bash_decorator.py
[2024-10-20T05:45:01.675+0000] {processor.py:914} INFO - Processing file /usr/local/python/3.12.1/lib/python3.12/site-packages/airflow/example_dags/example_bash_decorator.py for tasks to queue
[2024-10-20T05:45:01.677+0000] {logging_mixin.py:190} INFO - [2024-10-20T05:45:01.676+0000] {dagbag.py:588} INFO - Filling up the DagBag from /usr/local/python/3.12.1/lib/python3.12/site-packages/airflow/example_dags/example_bash_decorator.py
[2024-10-20T05:45:01.688+0000] {processor.py:925} INFO - DAG(s) 'example_bash_decorator' retrieved from /usr/local/python/3.12.1/lib/python3.12/site-packages/airflow/example_dags/example_bash_decorator.py
[2024-10-20T05:45:01.824+0000] {logging_mixin.py:190} INFO - [2024-10-20T05:45:01.823+0000] {override.py:1900} INFO - Created Permission View: can delete on DAG:example_bash_decorator
[2024-10-20T05:45:01.854+0000] {logging_mixin.py:190} INFO - [2024-10-20T05:45:01.853+0000] {override.py:1900} INFO - Created Permission View: can edit on DAG:example_bash_decorator
[2024-10-20T05:45:01.888+0000] {logging_mixin.py:190} INFO - [2024-10-20T05:45:01.888+0000] {override.py:1900} INFO - Created Permission View: can read on DAG:example_bash_decorator
[2024-10-20T05:45:01.939+0000] {logging_mixin.py:190} INFO - [2024-10-20T05:45:01.938+0000] {override.py:1900} INFO - Created Permission View: can delete on DAG Run:example_bash_decorator
[2024-10-20T05:45:01.970+0000] {logging_mixin.py:190} INFO - [2024-10-20T05:45:01.970+0000] {override.py:1900} INFO - Created Permission View: can create on DAG Run:example_bash_decorator
[2024-10-20T05:45:01.998+0000] {logging_mixin.py:190} INFO - [2024-10-20T05:45:01.997+0000] {override.py:1900} INFO - Created Permission View: menu access on DAG Run:example_bash_decorator
[2024-10-20T05:45:02.020+0000] {logging_mixin.py:190} INFO - [2024-10-20T05:45:02.020+0000] {override.py:1900} INFO - Created Permission View: can read on DAG Run:example_bash_decorator
[2024-10-20T05:45:02.021+0000] {logging_mixin.py:190} INFO - [2024-10-20T05:45:02.021+0000] {dag.py:3239} INFO - Sync 1 DAGs
[2024-10-20T05:45:02.032+0000] {logging_mixin.py:190} INFO - [2024-10-20T05:45:02.032+0000] {dag.py:3262} INFO - Creating ORM DAG for example_bash_decorator
[2024-10-20T05:45:02.033+0000] {logging_mixin.py:190} INFO - [2024-10-20T05:45:02.033+0000] {dag.py:4180} INFO - Setting next_dagrun for example_bash_decorator to None, run_after=None
[2024-10-20T05:45:02.072+0000] {processor.py:208} INFO - Processing /usr/local/python/3.12.1/lib/python3.12/site-packages/airflow/example_dags/example_bash_decorator.py took 0.401 seconds
[2024-10-20T05:45:58.497+0000] {processor.py:186} INFO - Started process (PID=10833) to work on /usr/local/python/3.12.1/lib/python3.12/site-packages/airflow/example_dags/example_bash_decorator.py
[2024-10-20T05:45:58.498+0000] {processor.py:914} INFO - Processing file /usr/local/python/3.12.1/lib/python3.12/site-packages/airflow/example_dags/example_bash_decorator.py for tasks to queue
[2024-10-20T05:45:58.499+0000] {logging_mixin.py:190} INFO - [2024-10-20T05:45:58.499+0000] {dagbag.py:588} INFO - Filling up the DagBag from /usr/local/python/3.12.1/lib/python3.12/site-packages/airflow/example_dags/example_bash_decorator.py
[2024-10-20T05:45:58.512+0000] {processor.py:925} INFO - DAG(s) 'example_bash_decorator' retrieved from /usr/local/python/3.12.1/lib/python3.12/site-packages/airflow/example_dags/example_bash_decorator.py
[2024-10-20T05:45:58.528+0000] {logging_mixin.py:190} INFO - [2024-10-20T05:45:58.527+0000] {dag.py:3239} INFO - Sync 1 DAGs
[2024-10-20T05:45:58.539+0000] {logging_mixin.py:190} INFO - [2024-10-20T05:45:58.538+0000] {dag.py:4180} INFO - Setting next_dagrun for example_bash_decorator to None, run_after=None
[2024-10-20T05:45:58.573+0000] {processor.py:208} INFO - Processing /usr/local/python/3.12.1/lib/python3.12/site-packages/airflow/example_dags/example_bash_decorator.py took 0.080 seconds
[2024-10-20T05:47:14.216+0000] {processor.py:186} INFO - Started process (PID=11402) to work on /usr/local/python/3.12.1/lib/python3.12/site-packages/airflow/example_dags/example_bash_decorator.py
[2024-10-20T05:47:14.216+0000] {processor.py:914} INFO - Processing file /usr/local/python/3.12.1/lib/python3.12/site-packages/airflow/example_dags/example_bash_decorator.py for tasks to queue
[2024-10-20T05:47:14.218+0000] {logging_mixin.py:190} INFO - [2024-10-20T05:47:14.218+0000] {dagbag.py:588} INFO - Filling up the DagBag from /usr/local/python/3.12.1/lib/python3.12/site-packages/airflow/example_dags/example_bash_decorator.py
[2024-10-20T05:47:14.229+0000] {processor.py:925} INFO - DAG(s) 'example_bash_decorator' retrieved from /usr/local/python/3.12.1/lib/python3.12/site-packages/airflow/example_dags/example_bash_decorator.py
[2024-10-20T05:47:14.243+0000] {logging_mixin.py:190} INFO - [2024-10-20T05:47:14.242+0000] {dag.py:3239} INFO - Sync 1 DAGs
[2024-10-20T05:47:14.252+0000] {logging_mixin.py:190} INFO - [2024-10-20T05:47:14.251+0000] {dag.py:4180} INFO - Setting next_dagrun for example_bash_decorator to None, run_after=None
[2024-10-20T05:47:14.279+0000] {processor.py:208} INFO - Processing /usr/local/python/3.12.1/lib/python3.12/site-packages/airflow/example_dags/example_bash_decorator.py took 0.067 seconds
[2024-10-20T05:48:30.872+0000] {processor.py:186} INFO - Started process (PID=12122) to work on /usr/local/python/3.12.1/lib/python3.12/site-packages/airflow/example_dags/example_bash_decorator.py
[2024-10-20T05:48:30.873+0000] {processor.py:914} INFO - Processing file /usr/local/python/3.12.1/lib/python3.12/site-packages/airflow/example_dags/example_bash_decorator.py for tasks to queue
[2024-10-20T05:48:30.874+0000] {logging_mixin.py:190} INFO - [2024-10-20T05:48:30.874+0000] {dagbag.py:588} INFO - Filling up the DagBag from /usr/local/python/3.12.1/lib/python3.12/site-packages/airflow/example_dags/example_bash_decorator.py
[2024-10-20T05:48:30.886+0000] {processor.py:925} INFO - DAG(s) 'example_bash_decorator' retrieved from /usr/local/python/3.12.1/lib/python3.12/site-packages/airflow/example_dags/example_bash_decorator.py
[2024-10-20T05:48:30.899+0000] {logging_mixin.py:190} INFO - [2024-10-20T05:48:30.899+0000] {dag.py:3239} INFO - Sync 1 DAGs
[2024-10-20T05:48:30.909+0000] {logging_mixin.py:190} INFO - [2024-10-20T05:48:30.909+0000] {dag.py:4180} INFO - Setting next_dagrun for example_bash_decorator to None, run_after=None
[2024-10-20T05:48:30.944+0000] {processor.py:208} INFO - Processing /usr/local/python/3.12.1/lib/python3.12/site-packages/airflow/example_dags/example_bash_decorator.py took 0.076 seconds
[2024-10-20T05:49:53.658+0000] {processor.py:186} INFO - Started process (PID=12808) to work on /usr/local/python/3.12.1/lib/python3.12/site-packages/airflow/example_dags/example_bash_decorator.py
[2024-10-20T05:49:53.659+0000] {processor.py:914} INFO - Processing file /usr/local/python/3.12.1/lib/python3.12/site-packages/airflow/example_dags/example_bash_decorator.py for tasks to queue
[2024-10-20T05:49:53.661+0000] {logging_mixin.py:190} INFO - [2024-10-20T05:49:53.661+0000] {dagbag.py:588} INFO - Filling up the DagBag from /usr/local/python/3.12.1/lib/python3.12/site-packages/airflow/example_dags/example_bash_decorator.py
[2024-10-20T05:49:53.678+0000] {processor.py:925} INFO - DAG(s) 'example_bash_decorator' retrieved from /usr/local/python/3.12.1/lib/python3.12/site-packages/airflow/example_dags/example_bash_decorator.py
[2024-10-20T05:49:53.693+0000] {logging_mixin.py:190} INFO - [2024-10-20T05:49:53.693+0000] {dag.py:3239} INFO - Sync 1 DAGs
[2024-10-20T05:49:53.702+0000] {logging_mixin.py:190} INFO - [2024-10-20T05:49:53.702+0000] {dag.py:4180} INFO - Setting next_dagrun for example_bash_decorator to None, run_after=None
[2024-10-20T05:49:53.738+0000] {processor.py:208} INFO - Processing /usr/local/python/3.12.1/lib/python3.12/site-packages/airflow/example_dags/example_bash_decorator.py took 0.084 seconds
