[2024-10-20T05:44:31.139+0000] {processor.py:186} INFO - Started process (PID=9457) to work on /usr/local/python/3.12.1/lib/python3.12/site-packages/airflow/example_dags/example_branch_operator_decorator.py
[2024-10-20T05:44:31.139+0000] {processor.py:914} INFO - Processing file /usr/local/python/3.12.1/lib/python3.12/site-packages/airflow/example_dags/example_branch_operator_decorator.py for tasks to queue
[2024-10-20T05:44:31.140+0000] {logging_mixin.py:190} INFO - [2024-10-20T05:44:31.140+0000] {dagbag.py:588} INFO - Filling up the DagBag from /usr/local/python/3.12.1/lib/python3.12/site-packages/airflow/example_dags/example_branch_operator_decorator.py
[2024-10-20T05:44:31.157+0000] {processor.py:925} INFO - DAG(s) 'example_branch_python_operator_decorator' retrieved from /usr/local/python/3.12.1/lib/python3.12/site-packages/airflow/example_dags/example_branch_operator_decorator.py
[2024-10-20T05:44:31.300+0000] {logging_mixin.py:190} INFO - [2024-10-20T05:44:31.300+0000] {override.py:1900} INFO - Created Permission View: can delete on DAG:example_branch_python_operator_decorator
[2024-10-20T05:44:31.326+0000] {logging_mixin.py:190} INFO - [2024-10-20T05:44:31.325+0000] {override.py:1900} INFO - Created Permission View: can edit on DAG:example_branch_python_operator_decorator
[2024-10-20T05:44:31.344+0000] {logging_mixin.py:190} INFO - [2024-10-20T05:44:31.344+0000] {override.py:1900} INFO - Created Permission View: can read on DAG:example_branch_python_operator_decorator
[2024-10-20T05:44:31.382+0000] {logging_mixin.py:190} INFO - [2024-10-20T05:44:31.382+0000] {override.py:1900} INFO - Created Permission View: can delete on DAG Run:example_branch_python_operator_decorator
[2024-10-20T05:44:31.409+0000] {logging_mixin.py:190} INFO - [2024-10-20T05:44:31.409+0000] {override.py:1900} INFO - Created Permission View: can create on DAG Run:example_branch_python_operator_decorator
[2024-10-20T05:44:31.425+0000] {logging_mixin.py:190} INFO - [2024-10-20T05:44:31.425+0000] {override.py:1900} INFO - Created Permission View: menu access on DAG Run:example_branch_python_operator_decorator
[2024-10-20T05:44:31.452+0000] {logging_mixin.py:190} INFO - [2024-10-20T05:44:31.452+0000] {override.py:1900} INFO - Created Permission View: can read on DAG Run:example_branch_python_operator_decorator
[2024-10-20T05:44:31.452+0000] {logging_mixin.py:190} INFO - [2024-10-20T05:44:31.452+0000] {dag.py:3239} INFO - Sync 1 DAGs
[2024-10-20T05:44:31.461+0000] {logging_mixin.py:190} INFO - [2024-10-20T05:44:31.461+0000] {dag.py:3262} INFO - Creating ORM DAG for example_branch_python_operator_decorator
[2024-10-20T05:44:31.468+0000] {logging_mixin.py:190} INFO - [2024-10-20T05:44:31.468+0000] {dag.py:4180} INFO - Setting next_dagrun for example_branch_python_operator_decorator to 2024-10-19 00:00:00+00:00, run_after=2024-10-20 00:00:00+00:00
[2024-10-20T05:44:31.505+0000] {processor.py:208} INFO - Processing /usr/local/python/3.12.1/lib/python3.12/site-packages/airflow/example_dags/example_branch_operator_decorator.py took 0.371 seconds
[2024-10-20T05:45:35.291+0000] {processor.py:186} INFO - Started process (PID=10645) to work on /usr/local/python/3.12.1/lib/python3.12/site-packages/airflow/example_dags/example_branch_operator_decorator.py
[2024-10-20T05:45:35.292+0000] {processor.py:914} INFO - Processing file /usr/local/python/3.12.1/lib/python3.12/site-packages/airflow/example_dags/example_branch_operator_decorator.py for tasks to queue
[2024-10-20T05:45:35.293+0000] {logging_mixin.py:190} INFO - [2024-10-20T05:45:35.293+0000] {dagbag.py:588} INFO - Filling up the DagBag from /usr/local/python/3.12.1/lib/python3.12/site-packages/airflow/example_dags/example_branch_operator_decorator.py
[2024-10-20T05:45:35.311+0000] {processor.py:925} INFO - DAG(s) 'example_branch_python_operator_decorator' retrieved from /usr/local/python/3.12.1/lib/python3.12/site-packages/airflow/example_dags/example_branch_operator_decorator.py
[2024-10-20T05:45:35.329+0000] {logging_mixin.py:190} INFO - [2024-10-20T05:45:35.329+0000] {dag.py:3239} INFO - Sync 1 DAGs
[2024-10-20T05:45:35.345+0000] {logging_mixin.py:190} INFO - [2024-10-20T05:45:35.345+0000] {dag.py:4180} INFO - Setting next_dagrun for example_branch_python_operator_decorator to 2024-10-19 00:00:00+00:00, run_after=2024-10-20 00:00:00+00:00
[2024-10-20T05:45:35.384+0000] {processor.py:208} INFO - Processing /usr/local/python/3.12.1/lib/python3.12/site-packages/airflow/example_dags/example_branch_operator_decorator.py took 0.097 seconds
[2024-10-20T05:46:33.586+0000] {processor.py:186} INFO - Started process (PID=11127) to work on /usr/local/python/3.12.1/lib/python3.12/site-packages/airflow/example_dags/example_branch_operator_decorator.py
[2024-10-20T05:46:33.586+0000] {processor.py:914} INFO - Processing file /usr/local/python/3.12.1/lib/python3.12/site-packages/airflow/example_dags/example_branch_operator_decorator.py for tasks to queue
[2024-10-20T05:46:33.588+0000] {logging_mixin.py:190} INFO - [2024-10-20T05:46:33.587+0000] {dagbag.py:588} INFO - Filling up the DagBag from /usr/local/python/3.12.1/lib/python3.12/site-packages/airflow/example_dags/example_branch_operator_decorator.py
[2024-10-20T05:46:33.604+0000] {processor.py:925} INFO - DAG(s) 'example_branch_python_operator_decorator' retrieved from /usr/local/python/3.12.1/lib/python3.12/site-packages/airflow/example_dags/example_branch_operator_decorator.py
[2024-10-20T05:46:33.622+0000] {logging_mixin.py:190} INFO - [2024-10-20T05:46:33.622+0000] {dag.py:3239} INFO - Sync 1 DAGs
[2024-10-20T05:46:33.638+0000] {logging_mixin.py:190} INFO - [2024-10-20T05:46:33.637+0000] {dag.py:4180} INFO - Setting next_dagrun for example_branch_python_operator_decorator to 2024-10-19 00:00:00+00:00, run_after=2024-10-20 00:00:00+00:00
[2024-10-20T05:46:33.671+0000] {processor.py:208} INFO - Processing /usr/local/python/3.12.1/lib/python3.12/site-packages/airflow/example_dags/example_branch_operator_decorator.py took 0.089 seconds
[2024-10-20T05:47:30.344+0000] {processor.py:186} INFO - Started process (PID=11580) to work on /usr/local/python/3.12.1/lib/python3.12/site-packages/airflow/example_dags/example_branch_operator_decorator.py
[2024-10-20T05:47:30.344+0000] {processor.py:914} INFO - Processing file /usr/local/python/3.12.1/lib/python3.12/site-packages/airflow/example_dags/example_branch_operator_decorator.py for tasks to queue
[2024-10-20T05:47:30.346+0000] {logging_mixin.py:190} INFO - [2024-10-20T05:47:30.346+0000] {dagbag.py:588} INFO - Filling up the DagBag from /usr/local/python/3.12.1/lib/python3.12/site-packages/airflow/example_dags/example_branch_operator_decorator.py
[2024-10-20T05:47:30.364+0000] {processor.py:925} INFO - DAG(s) 'example_branch_python_operator_decorator' retrieved from /usr/local/python/3.12.1/lib/python3.12/site-packages/airflow/example_dags/example_branch_operator_decorator.py
[2024-10-20T05:47:30.383+0000] {logging_mixin.py:190} INFO - [2024-10-20T05:47:30.383+0000] {dag.py:3239} INFO - Sync 1 DAGs
[2024-10-20T05:47:30.400+0000] {logging_mixin.py:190} INFO - [2024-10-20T05:47:30.400+0000] {dag.py:4180} INFO - Setting next_dagrun for example_branch_python_operator_decorator to 2024-10-19 00:00:00+00:00, run_after=2024-10-20 00:00:00+00:00
[2024-10-20T05:47:30.769+0000] {processor.py:208} INFO - Processing /usr/local/python/3.12.1/lib/python3.12/site-packages/airflow/example_dags/example_branch_operator_decorator.py took 0.429 seconds
[2024-10-20T05:48:21.276+0000] {processor.py:186} INFO - Started process (PID=11997) to work on /usr/local/python/3.12.1/lib/python3.12/site-packages/airflow/example_dags/example_branch_operator_decorator.py
[2024-10-20T05:48:21.277+0000] {processor.py:914} INFO - Processing file /usr/local/python/3.12.1/lib/python3.12/site-packages/airflow/example_dags/example_branch_operator_decorator.py for tasks to queue
[2024-10-20T05:48:21.279+0000] {logging_mixin.py:190} INFO - [2024-10-20T05:48:21.278+0000] {dagbag.py:588} INFO - Filling up the DagBag from /usr/local/python/3.12.1/lib/python3.12/site-packages/airflow/example_dags/example_branch_operator_decorator.py
[2024-10-20T05:48:21.297+0000] {processor.py:925} INFO - DAG(s) 'example_branch_python_operator_decorator' retrieved from /usr/local/python/3.12.1/lib/python3.12/site-packages/airflow/example_dags/example_branch_operator_decorator.py
[2024-10-20T05:48:21.316+0000] {logging_mixin.py:190} INFO - [2024-10-20T05:48:21.316+0000] {dag.py:3239} INFO - Sync 1 DAGs
[2024-10-20T05:48:21.334+0000] {logging_mixin.py:190} INFO - [2024-10-20T05:48:21.333+0000] {dag.py:4180} INFO - Setting next_dagrun for example_branch_python_operator_decorator to 2024-10-19 00:00:00+00:00, run_after=2024-10-20 00:00:00+00:00
[2024-10-20T05:48:21.364+0000] {processor.py:208} INFO - Processing /usr/local/python/3.12.1/lib/python3.12/site-packages/airflow/example_dags/example_branch_operator_decorator.py took 0.092 seconds
[2024-10-20T05:49:12.557+0000] {processor.py:186} INFO - Started process (PID=12447) to work on /usr/local/python/3.12.1/lib/python3.12/site-packages/airflow/example_dags/example_branch_operator_decorator.py
[2024-10-20T05:49:12.558+0000] {processor.py:914} INFO - Processing file /usr/local/python/3.12.1/lib/python3.12/site-packages/airflow/example_dags/example_branch_operator_decorator.py for tasks to queue
[2024-10-20T05:49:12.560+0000] {logging_mixin.py:190} INFO - [2024-10-20T05:49:12.559+0000] {dagbag.py:588} INFO - Filling up the DagBag from /usr/local/python/3.12.1/lib/python3.12/site-packages/airflow/example_dags/example_branch_operator_decorator.py
[2024-10-20T05:49:12.585+0000] {processor.py:925} INFO - DAG(s) 'example_branch_python_operator_decorator' retrieved from /usr/local/python/3.12.1/lib/python3.12/site-packages/airflow/example_dags/example_branch_operator_decorator.py
[2024-10-20T05:49:12.609+0000] {logging_mixin.py:190} INFO - [2024-10-20T05:49:12.608+0000] {dag.py:3239} INFO - Sync 1 DAGs
[2024-10-20T05:49:12.627+0000] {logging_mixin.py:190} INFO - [2024-10-20T05:49:12.626+0000] {dag.py:4180} INFO - Setting next_dagrun for example_branch_python_operator_decorator to 2024-10-19 00:00:00+00:00, run_after=2024-10-20 00:00:00+00:00
[2024-10-20T05:49:12.664+0000] {processor.py:208} INFO - Processing /usr/local/python/3.12.1/lib/python3.12/site-packages/airflow/example_dags/example_branch_operator_decorator.py took 0.113 seconds
[2024-10-20T05:50:10.034+0000] {processor.py:186} INFO - Started process (PID=13030) to work on /usr/local/python/3.12.1/lib/python3.12/site-packages/airflow/example_dags/example_branch_operator_decorator.py
[2024-10-20T05:50:10.035+0000] {processor.py:914} INFO - Processing file /usr/local/python/3.12.1/lib/python3.12/site-packages/airflow/example_dags/example_branch_operator_decorator.py for tasks to queue
[2024-10-20T05:50:10.036+0000] {logging_mixin.py:190} INFO - [2024-10-20T05:50:10.036+0000] {dagbag.py:588} INFO - Filling up the DagBag from /usr/local/python/3.12.1/lib/python3.12/site-packages/airflow/example_dags/example_branch_operator_decorator.py
[2024-10-20T05:50:10.054+0000] {processor.py:925} INFO - DAG(s) 'example_branch_python_operator_decorator' retrieved from /usr/local/python/3.12.1/lib/python3.12/site-packages/airflow/example_dags/example_branch_operator_decorator.py
[2024-10-20T05:50:10.072+0000] {logging_mixin.py:190} INFO - [2024-10-20T05:50:10.072+0000] {dag.py:3239} INFO - Sync 1 DAGs
[2024-10-20T05:50:10.088+0000] {logging_mixin.py:190} INFO - [2024-10-20T05:50:10.088+0000] {dag.py:4180} INFO - Setting next_dagrun for example_branch_python_operator_decorator to 2024-10-19 00:00:00+00:00, run_after=2024-10-20 00:00:00+00:00
[2024-10-20T05:50:10.121+0000] {processor.py:208} INFO - Processing /usr/local/python/3.12.1/lib/python3.12/site-packages/airflow/example_dags/example_branch_operator_decorator.py took 0.092 seconds
