[2024-10-20T05:44:03.009+0000] {processor.py:186} INFO - Started process (PID=9063) to work on /usr/local/python/3.12.1/lib/python3.12/site-packages/airflow/example_dags/example_setup_teardown.py
[2024-10-20T05:44:03.010+0000] {processor.py:914} INFO - Processing file /usr/local/python/3.12.1/lib/python3.12/site-packages/airflow/example_dags/example_setup_teardown.py for tasks to queue
[2024-10-20T05:44:03.011+0000] {logging_mixin.py:190} INFO - [2024-10-20T05:44:03.011+0000] {dagbag.py:588} INFO - Filling up the DagBag from /usr/local/python/3.12.1/lib/python3.12/site-packages/airflow/example_dags/example_setup_teardown.py
[2024-10-20T05:44:03.018+0000] {processor.py:925} INFO - DAG(s) 'example_setup_teardown' retrieved from /usr/local/python/3.12.1/lib/python3.12/site-packages/airflow/example_dags/example_setup_teardown.py
[2024-10-20T05:44:03.146+0000] {logging_mixin.py:190} INFO - [2024-10-20T05:44:03.146+0000] {override.py:1900} INFO - Created Permission View: can delete on DAG:example_setup_teardown
[2024-10-20T05:44:03.174+0000] {logging_mixin.py:190} INFO - [2024-10-20T05:44:03.174+0000] {override.py:1900} INFO - Created Permission View: can edit on DAG:example_setup_teardown
[2024-10-20T05:44:03.190+0000] {logging_mixin.py:190} INFO - [2024-10-20T05:44:03.189+0000] {override.py:1900} INFO - Created Permission View: can read on DAG:example_setup_teardown
[2024-10-20T05:44:03.247+0000] {logging_mixin.py:190} INFO - [2024-10-20T05:44:03.247+0000] {override.py:1900} INFO - Created Permission View: can delete on DAG Run:example_setup_teardown
[2024-10-20T05:44:03.273+0000] {logging_mixin.py:190} INFO - [2024-10-20T05:44:03.273+0000] {override.py:1900} INFO - Created Permission View: can create on DAG Run:example_setup_teardown
[2024-10-20T05:44:03.297+0000] {logging_mixin.py:190} INFO - [2024-10-20T05:44:03.297+0000] {override.py:1900} INFO - Created Permission View: menu access on DAG Run:example_setup_teardown
[2024-10-20T05:44:03.314+0000] {logging_mixin.py:190} INFO - [2024-10-20T05:44:03.314+0000] {override.py:1900} INFO - Created Permission View: can read on DAG Run:example_setup_teardown
[2024-10-20T05:44:03.314+0000] {logging_mixin.py:190} INFO - [2024-10-20T05:44:03.314+0000] {dag.py:3239} INFO - Sync 1 DAGs
[2024-10-20T05:44:03.323+0000] {logging_mixin.py:190} INFO - [2024-10-20T05:44:03.323+0000] {dag.py:3262} INFO - Creating ORM DAG for example_setup_teardown
[2024-10-20T05:44:03.323+0000] {logging_mixin.py:190} INFO - [2024-10-20T05:44:03.323+0000] {dag.py:4180} INFO - Setting next_dagrun for example_setup_teardown to None, run_after=None
[2024-10-20T05:44:03.361+0000] {processor.py:208} INFO - Processing /usr/local/python/3.12.1/lib/python3.12/site-packages/airflow/example_dags/example_setup_teardown.py took 0.356 seconds
[2024-10-20T05:45:16.008+0000] {processor.py:186} INFO - Started process (PID=9881) to work on /usr/local/python/3.12.1/lib/python3.12/site-packages/airflow/example_dags/example_setup_teardown.py
[2024-10-20T05:45:16.008+0000] {processor.py:914} INFO - Processing file /usr/local/python/3.12.1/lib/python3.12/site-packages/airflow/example_dags/example_setup_teardown.py for tasks to queue
[2024-10-20T05:45:16.010+0000] {logging_mixin.py:190} INFO - [2024-10-20T05:45:16.009+0000] {dagbag.py:588} INFO - Filling up the DagBag from /usr/local/python/3.12.1/lib/python3.12/site-packages/airflow/example_dags/example_setup_teardown.py
[2024-10-20T05:45:16.016+0000] {processor.py:925} INFO - DAG(s) 'example_setup_teardown' retrieved from /usr/local/python/3.12.1/lib/python3.12/site-packages/airflow/example_dags/example_setup_teardown.py
[2024-10-20T05:45:16.027+0000] {logging_mixin.py:190} INFO - [2024-10-20T05:45:16.027+0000] {dag.py:3239} INFO - Sync 1 DAGs
[2024-10-20T05:45:16.037+0000] {logging_mixin.py:190} INFO - [2024-10-20T05:45:16.036+0000] {dag.py:4180} INFO - Setting next_dagrun for example_setup_teardown to None, run_after=None
[2024-10-20T05:45:16.077+0000] {processor.py:208} INFO - Processing /usr/local/python/3.12.1/lib/python3.12/site-packages/airflow/example_dags/example_setup_teardown.py took 0.074 seconds
[2024-10-20T05:46:08.832+0000] {processor.py:186} INFO - Started process (PID=10904) to work on /usr/local/python/3.12.1/lib/python3.12/site-packages/airflow/example_dags/example_setup_teardown.py
[2024-10-20T05:46:08.833+0000] {processor.py:914} INFO - Processing file /usr/local/python/3.12.1/lib/python3.12/site-packages/airflow/example_dags/example_setup_teardown.py for tasks to queue
[2024-10-20T05:46:08.835+0000] {logging_mixin.py:190} INFO - [2024-10-20T05:46:08.834+0000] {dagbag.py:588} INFO - Filling up the DagBag from /usr/local/python/3.12.1/lib/python3.12/site-packages/airflow/example_dags/example_setup_teardown.py
[2024-10-20T05:46:08.841+0000] {processor.py:925} INFO - DAG(s) 'example_setup_teardown' retrieved from /usr/local/python/3.12.1/lib/python3.12/site-packages/airflow/example_dags/example_setup_teardown.py
[2024-10-20T05:46:08.852+0000] {logging_mixin.py:190} INFO - [2024-10-20T05:46:08.852+0000] {dag.py:3239} INFO - Sync 1 DAGs
[2024-10-20T05:46:08.862+0000] {logging_mixin.py:190} INFO - [2024-10-20T05:46:08.862+0000] {dag.py:4180} INFO - Setting next_dagrun for example_setup_teardown to None, run_after=None
[2024-10-20T05:46:08.890+0000] {processor.py:208} INFO - Processing /usr/local/python/3.12.1/lib/python3.12/site-packages/airflow/example_dags/example_setup_teardown.py took 0.062 seconds
[2024-10-20T05:46:58.942+0000] {processor.py:186} INFO - Started process (PID=11307) to work on /usr/local/python/3.12.1/lib/python3.12/site-packages/airflow/example_dags/example_setup_teardown.py
[2024-10-20T05:46:58.943+0000] {processor.py:914} INFO - Processing file /usr/local/python/3.12.1/lib/python3.12/site-packages/airflow/example_dags/example_setup_teardown.py for tasks to queue
[2024-10-20T05:46:58.945+0000] {logging_mixin.py:190} INFO - [2024-10-20T05:46:58.944+0000] {dagbag.py:588} INFO - Filling up the DagBag from /usr/local/python/3.12.1/lib/python3.12/site-packages/airflow/example_dags/example_setup_teardown.py
[2024-10-20T05:46:58.951+0000] {processor.py:925} INFO - DAG(s) 'example_setup_teardown' retrieved from /usr/local/python/3.12.1/lib/python3.12/site-packages/airflow/example_dags/example_setup_teardown.py
[2024-10-20T05:46:58.962+0000] {logging_mixin.py:190} INFO - [2024-10-20T05:46:58.962+0000] {dag.py:3239} INFO - Sync 1 DAGs
[2024-10-20T05:46:58.972+0000] {logging_mixin.py:190} INFO - [2024-10-20T05:46:58.972+0000] {dag.py:4180} INFO - Setting next_dagrun for example_setup_teardown to None, run_after=None
[2024-10-20T05:46:59.003+0000] {processor.py:208} INFO - Processing /usr/local/python/3.12.1/lib/python3.12/site-packages/airflow/example_dags/example_setup_teardown.py took 0.065 seconds
[2024-10-20T05:47:49.381+0000] {processor.py:186} INFO - Started process (PID=11714) to work on /usr/local/python/3.12.1/lib/python3.12/site-packages/airflow/example_dags/example_setup_teardown.py
[2024-10-20T05:47:49.382+0000] {processor.py:914} INFO - Processing file /usr/local/python/3.12.1/lib/python3.12/site-packages/airflow/example_dags/example_setup_teardown.py for tasks to queue
[2024-10-20T05:47:49.384+0000] {logging_mixin.py:190} INFO - [2024-10-20T05:47:49.384+0000] {dagbag.py:588} INFO - Filling up the DagBag from /usr/local/python/3.12.1/lib/python3.12/site-packages/airflow/example_dags/example_setup_teardown.py
[2024-10-20T05:47:49.393+0000] {processor.py:925} INFO - DAG(s) 'example_setup_teardown' retrieved from /usr/local/python/3.12.1/lib/python3.12/site-packages/airflow/example_dags/example_setup_teardown.py
[2024-10-20T05:47:49.408+0000] {logging_mixin.py:190} INFO - [2024-10-20T05:47:49.407+0000] {dag.py:3239} INFO - Sync 1 DAGs
[2024-10-20T05:47:49.419+0000] {logging_mixin.py:190} INFO - [2024-10-20T05:47:49.419+0000] {dag.py:4180} INFO - Setting next_dagrun for example_setup_teardown to None, run_after=None
[2024-10-20T05:47:49.458+0000] {processor.py:208} INFO - Processing /usr/local/python/3.12.1/lib/python3.12/site-packages/airflow/example_dags/example_setup_teardown.py took 0.081 seconds
[2024-10-20T05:48:41.194+0000] {processor.py:186} INFO - Started process (PID=12197) to work on /usr/local/python/3.12.1/lib/python3.12/site-packages/airflow/example_dags/example_setup_teardown.py
[2024-10-20T05:48:41.195+0000] {processor.py:914} INFO - Processing file /usr/local/python/3.12.1/lib/python3.12/site-packages/airflow/example_dags/example_setup_teardown.py for tasks to queue
[2024-10-20T05:48:41.196+0000] {logging_mixin.py:190} INFO - [2024-10-20T05:48:41.196+0000] {dagbag.py:588} INFO - Filling up the DagBag from /usr/local/python/3.12.1/lib/python3.12/site-packages/airflow/example_dags/example_setup_teardown.py
[2024-10-20T05:48:41.202+0000] {processor.py:925} INFO - DAG(s) 'example_setup_teardown' retrieved from /usr/local/python/3.12.1/lib/python3.12/site-packages/airflow/example_dags/example_setup_teardown.py
[2024-10-20T05:48:41.214+0000] {logging_mixin.py:190} INFO - [2024-10-20T05:48:41.214+0000] {dag.py:3239} INFO - Sync 1 DAGs
[2024-10-20T05:48:41.223+0000] {logging_mixin.py:190} INFO - [2024-10-20T05:48:41.223+0000] {dag.py:4180} INFO - Setting next_dagrun for example_setup_teardown to None, run_after=None
[2024-10-20T05:48:41.252+0000] {processor.py:208} INFO - Processing /usr/local/python/3.12.1/lib/python3.12/site-packages/airflow/example_dags/example_setup_teardown.py took 0.062 seconds
[2024-10-20T05:49:35.844+0000] {processor.py:186} INFO - Started process (PID=12661) to work on /usr/local/python/3.12.1/lib/python3.12/site-packages/airflow/example_dags/example_setup_teardown.py
[2024-10-20T05:49:35.845+0000] {processor.py:914} INFO - Processing file /usr/local/python/3.12.1/lib/python3.12/site-packages/airflow/example_dags/example_setup_teardown.py for tasks to queue
[2024-10-20T05:49:35.847+0000] {logging_mixin.py:190} INFO - [2024-10-20T05:49:35.846+0000] {dagbag.py:588} INFO - Filling up the DagBag from /usr/local/python/3.12.1/lib/python3.12/site-packages/airflow/example_dags/example_setup_teardown.py
[2024-10-20T05:49:35.853+0000] {processor.py:925} INFO - DAG(s) 'example_setup_teardown' retrieved from /usr/local/python/3.12.1/lib/python3.12/site-packages/airflow/example_dags/example_setup_teardown.py
[2024-10-20T05:49:35.864+0000] {logging_mixin.py:190} INFO - [2024-10-20T05:49:35.864+0000] {dag.py:3239} INFO - Sync 1 DAGs
[2024-10-20T05:49:35.874+0000] {logging_mixin.py:190} INFO - [2024-10-20T05:49:35.874+0000] {dag.py:4180} INFO - Setting next_dagrun for example_setup_teardown to None, run_after=None
[2024-10-20T05:49:35.919+0000] {processor.py:208} INFO - Processing /usr/local/python/3.12.1/lib/python3.12/site-packages/airflow/example_dags/example_setup_teardown.py took 0.079 seconds
[2024-10-20T05:50:34.978+0000] {processor.py:186} INFO - Started process (PID=13337) to work on /usr/local/python/3.12.1/lib/python3.12/site-packages/airflow/example_dags/example_setup_teardown.py
[2024-10-20T05:50:34.979+0000] {processor.py:914} INFO - Processing file /usr/local/python/3.12.1/lib/python3.12/site-packages/airflow/example_dags/example_setup_teardown.py for tasks to queue
[2024-10-20T05:50:34.980+0000] {logging_mixin.py:190} INFO - [2024-10-20T05:50:34.980+0000] {dagbag.py:588} INFO - Filling up the DagBag from /usr/local/python/3.12.1/lib/python3.12/site-packages/airflow/example_dags/example_setup_teardown.py
[2024-10-20T05:50:34.987+0000] {processor.py:925} INFO - DAG(s) 'example_setup_teardown' retrieved from /usr/local/python/3.12.1/lib/python3.12/site-packages/airflow/example_dags/example_setup_teardown.py
[2024-10-20T05:50:34.999+0000] {logging_mixin.py:190} INFO - [2024-10-20T05:50:34.998+0000] {dag.py:3239} INFO - Sync 1 DAGs
[2024-10-20T05:50:35.009+0000] {logging_mixin.py:190} INFO - [2024-10-20T05:50:35.009+0000] {dag.py:4180} INFO - Setting next_dagrun for example_setup_teardown to None, run_after=None
[2024-10-20T05:50:35.066+0000] {processor.py:208} INFO - Processing /usr/local/python/3.12.1/lib/python3.12/site-packages/airflow/example_dags/example_setup_teardown.py took 0.092 seconds
