[2024-10-20T05:44:08.967+0000] {processor.py:186} INFO - Started process (PID=9114) to work on /usr/local/python/3.12.1/lib/python3.12/site-packages/airflow/example_dags/example_short_circuit_operator.py
[2024-10-20T05:44:08.968+0000] {processor.py:914} INFO - Processing file /usr/local/python/3.12.1/lib/python3.12/site-packages/airflow/example_dags/example_short_circuit_operator.py for tasks to queue
[2024-10-20T05:44:08.970+0000] {logging_mixin.py:190} INFO - [2024-10-20T05:44:08.969+0000] {dagbag.py:588} INFO - Filling up the DagBag from /usr/local/python/3.12.1/lib/python3.12/site-packages/airflow/example_dags/example_short_circuit_operator.py
[2024-10-20T05:44:08.979+0000] {processor.py:925} INFO - DAG(s) 'example_short_circuit_operator' retrieved from /usr/local/python/3.12.1/lib/python3.12/site-packages/airflow/example_dags/example_short_circuit_operator.py
[2024-10-20T05:44:09.118+0000] {logging_mixin.py:190} INFO - [2024-10-20T05:44:09.117+0000] {override.py:1900} INFO - Created Permission View: can delete on DAG:example_short_circuit_operator
[2024-10-20T05:44:09.145+0000] {logging_mixin.py:190} INFO - [2024-10-20T05:44:09.144+0000] {override.py:1900} INFO - Created Permission View: can edit on DAG:example_short_circuit_operator
[2024-10-20T05:44:09.168+0000] {logging_mixin.py:190} INFO - [2024-10-20T05:44:09.168+0000] {override.py:1900} INFO - Created Permission View: can read on DAG:example_short_circuit_operator
[2024-10-20T05:44:09.219+0000] {logging_mixin.py:190} INFO - [2024-10-20T05:44:09.219+0000] {override.py:1900} INFO - Created Permission View: can delete on DAG Run:example_short_circuit_operator
[2024-10-20T05:44:09.269+0000] {logging_mixin.py:190} INFO - [2024-10-20T05:44:09.269+0000] {override.py:1900} INFO - Created Permission View: can create on DAG Run:example_short_circuit_operator
[2024-10-20T05:44:09.298+0000] {logging_mixin.py:190} INFO - [2024-10-20T05:44:09.298+0000] {override.py:1900} INFO - Created Permission View: menu access on DAG Run:example_short_circuit_operator
[2024-10-20T05:44:09.324+0000] {logging_mixin.py:190} INFO - [2024-10-20T05:44:09.324+0000] {override.py:1900} INFO - Created Permission View: can read on DAG Run:example_short_circuit_operator
[2024-10-20T05:44:09.325+0000] {logging_mixin.py:190} INFO - [2024-10-20T05:44:09.325+0000] {dag.py:3239} INFO - Sync 1 DAGs
[2024-10-20T05:44:09.334+0000] {logging_mixin.py:190} INFO - [2024-10-20T05:44:09.334+0000] {dag.py:3262} INFO - Creating ORM DAG for example_short_circuit_operator
[2024-10-20T05:44:09.334+0000] {logging_mixin.py:190} INFO - [2024-10-20T05:44:09.334+0000] {dag.py:4180} INFO - Setting next_dagrun for example_short_circuit_operator to None, run_after=None
[2024-10-20T05:44:09.376+0000] {processor.py:208} INFO - Processing /usr/local/python/3.12.1/lib/python3.12/site-packages/airflow/example_dags/example_short_circuit_operator.py took 0.413 seconds
[2024-10-20T05:45:19.272+0000] {processor.py:186} INFO - Started process (PID=10338) to work on /usr/local/python/3.12.1/lib/python3.12/site-packages/airflow/example_dags/example_short_circuit_operator.py
[2024-10-20T05:45:19.273+0000] {processor.py:914} INFO - Processing file /usr/local/python/3.12.1/lib/python3.12/site-packages/airflow/example_dags/example_short_circuit_operator.py for tasks to queue
[2024-10-20T05:45:19.275+0000] {logging_mixin.py:190} INFO - [2024-10-20T05:45:19.274+0000] {dagbag.py:588} INFO - Filling up the DagBag from /usr/local/python/3.12.1/lib/python3.12/site-packages/airflow/example_dags/example_short_circuit_operator.py
[2024-10-20T05:45:19.281+0000] {processor.py:925} INFO - DAG(s) 'example_short_circuit_operator' retrieved from /usr/local/python/3.12.1/lib/python3.12/site-packages/airflow/example_dags/example_short_circuit_operator.py
[2024-10-20T05:45:19.295+0000] {logging_mixin.py:190} INFO - [2024-10-20T05:45:19.295+0000] {dag.py:3239} INFO - Sync 1 DAGs
[2024-10-20T05:45:19.305+0000] {logging_mixin.py:190} INFO - [2024-10-20T05:45:19.305+0000] {dag.py:4180} INFO - Setting next_dagrun for example_short_circuit_operator to None, run_after=None
[2024-10-20T05:45:19.338+0000] {processor.py:208} INFO - Processing /usr/local/python/3.12.1/lib/python3.12/site-packages/airflow/example_dags/example_short_circuit_operator.py took 0.070 seconds
[2024-10-20T05:46:12.833+0000] {processor.py:186} INFO - Started process (PID=10926) to work on /usr/local/python/3.12.1/lib/python3.12/site-packages/airflow/example_dags/example_short_circuit_operator.py
[2024-10-20T05:46:12.833+0000] {processor.py:914} INFO - Processing file /usr/local/python/3.12.1/lib/python3.12/site-packages/airflow/example_dags/example_short_circuit_operator.py for tasks to queue
[2024-10-20T05:46:12.835+0000] {logging_mixin.py:190} INFO - [2024-10-20T05:46:12.835+0000] {dagbag.py:588} INFO - Filling up the DagBag from /usr/local/python/3.12.1/lib/python3.12/site-packages/airflow/example_dags/example_short_circuit_operator.py
[2024-10-20T05:46:12.841+0000] {processor.py:925} INFO - DAG(s) 'example_short_circuit_operator' retrieved from /usr/local/python/3.12.1/lib/python3.12/site-packages/airflow/example_dags/example_short_circuit_operator.py
[2024-10-20T05:46:12.855+0000] {logging_mixin.py:190} INFO - [2024-10-20T05:46:12.855+0000] {dag.py:3239} INFO - Sync 1 DAGs
[2024-10-20T05:46:12.864+0000] {logging_mixin.py:190} INFO - [2024-10-20T05:46:12.864+0000] {dag.py:4180} INFO - Setting next_dagrun for example_short_circuit_operator to None, run_after=None
[2024-10-20T05:46:12.976+0000] {processor.py:208} INFO - Processing /usr/local/python/3.12.1/lib/python3.12/site-packages/airflow/example_dags/example_short_circuit_operator.py took 0.147 seconds
[2024-10-20T05:47:01.857+0000] {processor.py:186} INFO - Started process (PID=11324) to work on /usr/local/python/3.12.1/lib/python3.12/site-packages/airflow/example_dags/example_short_circuit_operator.py
[2024-10-20T05:47:01.857+0000] {processor.py:914} INFO - Processing file /usr/local/python/3.12.1/lib/python3.12/site-packages/airflow/example_dags/example_short_circuit_operator.py for tasks to queue
[2024-10-20T05:47:01.859+0000] {logging_mixin.py:190} INFO - [2024-10-20T05:47:01.858+0000] {dagbag.py:588} INFO - Filling up the DagBag from /usr/local/python/3.12.1/lib/python3.12/site-packages/airflow/example_dags/example_short_circuit_operator.py
[2024-10-20T05:47:01.865+0000] {processor.py:925} INFO - DAG(s) 'example_short_circuit_operator' retrieved from /usr/local/python/3.12.1/lib/python3.12/site-packages/airflow/example_dags/example_short_circuit_operator.py
[2024-10-20T05:47:01.878+0000] {logging_mixin.py:190} INFO - [2024-10-20T05:47:01.878+0000] {dag.py:3239} INFO - Sync 1 DAGs
[2024-10-20T05:47:01.887+0000] {logging_mixin.py:190} INFO - [2024-10-20T05:47:01.887+0000] {dag.py:4180} INFO - Setting next_dagrun for example_short_circuit_operator to None, run_after=None
[2024-10-20T05:47:01.919+0000] {processor.py:208} INFO - Processing /usr/local/python/3.12.1/lib/python3.12/site-packages/airflow/example_dags/example_short_circuit_operator.py took 0.066 seconds
[2024-10-20T05:47:53.649+0000] {processor.py:186} INFO - Started process (PID=11736) to work on /usr/local/python/3.12.1/lib/python3.12/site-packages/airflow/example_dags/example_short_circuit_operator.py
[2024-10-20T05:47:53.650+0000] {processor.py:914} INFO - Processing file /usr/local/python/3.12.1/lib/python3.12/site-packages/airflow/example_dags/example_short_circuit_operator.py for tasks to queue
[2024-10-20T05:47:53.651+0000] {logging_mixin.py:190} INFO - [2024-10-20T05:47:53.651+0000] {dagbag.py:588} INFO - Filling up the DagBag from /usr/local/python/3.12.1/lib/python3.12/site-packages/airflow/example_dags/example_short_circuit_operator.py
[2024-10-20T05:47:53.658+0000] {processor.py:925} INFO - DAG(s) 'example_short_circuit_operator' retrieved from /usr/local/python/3.12.1/lib/python3.12/site-packages/airflow/example_dags/example_short_circuit_operator.py
[2024-10-20T05:47:53.671+0000] {logging_mixin.py:190} INFO - [2024-10-20T05:47:53.671+0000] {dag.py:3239} INFO - Sync 1 DAGs
[2024-10-20T05:47:53.681+0000] {logging_mixin.py:190} INFO - [2024-10-20T05:47:53.681+0000] {dag.py:4180} INFO - Setting next_dagrun for example_short_circuit_operator to None, run_after=None
[2024-10-20T05:47:53.712+0000] {processor.py:208} INFO - Processing /usr/local/python/3.12.1/lib/python3.12/site-packages/airflow/example_dags/example_short_circuit_operator.py took 0.066 seconds
[2024-10-20T05:48:45.222+0000] {processor.py:186} INFO - Started process (PID=12224) to work on /usr/local/python/3.12.1/lib/python3.12/site-packages/airflow/example_dags/example_short_circuit_operator.py
[2024-10-20T05:48:45.223+0000] {processor.py:914} INFO - Processing file /usr/local/python/3.12.1/lib/python3.12/site-packages/airflow/example_dags/example_short_circuit_operator.py for tasks to queue
[2024-10-20T05:48:45.224+0000] {logging_mixin.py:190} INFO - [2024-10-20T05:48:45.224+0000] {dagbag.py:588} INFO - Filling up the DagBag from /usr/local/python/3.12.1/lib/python3.12/site-packages/airflow/example_dags/example_short_circuit_operator.py
[2024-10-20T05:48:45.231+0000] {processor.py:925} INFO - DAG(s) 'example_short_circuit_operator' retrieved from /usr/local/python/3.12.1/lib/python3.12/site-packages/airflow/example_dags/example_short_circuit_operator.py
[2024-10-20T05:48:45.244+0000] {logging_mixin.py:190} INFO - [2024-10-20T05:48:45.244+0000] {dag.py:3239} INFO - Sync 1 DAGs
[2024-10-20T05:48:45.254+0000] {logging_mixin.py:190} INFO - [2024-10-20T05:48:45.254+0000] {dag.py:4180} INFO - Setting next_dagrun for example_short_circuit_operator to None, run_after=None
[2024-10-20T05:48:45.286+0000] {processor.py:208} INFO - Processing /usr/local/python/3.12.1/lib/python3.12/site-packages/airflow/example_dags/example_short_circuit_operator.py took 0.069 seconds
[2024-10-20T05:49:39.842+0000] {processor.py:186} INFO - Started process (PID=12683) to work on /usr/local/python/3.12.1/lib/python3.12/site-packages/airflow/example_dags/example_short_circuit_operator.py
[2024-10-20T05:49:39.843+0000] {processor.py:914} INFO - Processing file /usr/local/python/3.12.1/lib/python3.12/site-packages/airflow/example_dags/example_short_circuit_operator.py for tasks to queue
[2024-10-20T05:49:39.844+0000] {logging_mixin.py:190} INFO - [2024-10-20T05:49:39.844+0000] {dagbag.py:588} INFO - Filling up the DagBag from /usr/local/python/3.12.1/lib/python3.12/site-packages/airflow/example_dags/example_short_circuit_operator.py
[2024-10-20T05:49:39.851+0000] {processor.py:925} INFO - DAG(s) 'example_short_circuit_operator' retrieved from /usr/local/python/3.12.1/lib/python3.12/site-packages/airflow/example_dags/example_short_circuit_operator.py
[2024-10-20T05:49:39.865+0000] {logging_mixin.py:190} INFO - [2024-10-20T05:49:39.865+0000] {dag.py:3239} INFO - Sync 1 DAGs
[2024-10-20T05:49:39.874+0000] {logging_mixin.py:190} INFO - [2024-10-20T05:49:39.874+0000] {dag.py:4180} INFO - Setting next_dagrun for example_short_circuit_operator to None, run_after=None
[2024-10-20T05:49:39.979+0000] {processor.py:208} INFO - Processing /usr/local/python/3.12.1/lib/python3.12/site-packages/airflow/example_dags/example_short_circuit_operator.py took 0.141 seconds
