[2024-10-20T05:44:13.115+0000] {processor.py:186} INFO - Started process (PID=9140) to work on /usr/local/python/3.12.1/lib/python3.12/site-packages/airflow/example_dags/example_sensors.py
[2024-10-20T05:44:13.116+0000] {processor.py:914} INFO - Processing file /usr/local/python/3.12.1/lib/python3.12/site-packages/airflow/example_dags/example_sensors.py for tasks to queue
[2024-10-20T05:44:13.117+0000] {logging_mixin.py:190} INFO - [2024-10-20T05:44:13.117+0000] {dagbag.py:588} INFO - Filling up the DagBag from /usr/local/python/3.12.1/lib/python3.12/site-packages/airflow/example_dags/example_sensors.py
[2024-10-20T05:44:13.126+0000] {processor.py:925} INFO - DAG(s) 'example_sensors' retrieved from /usr/local/python/3.12.1/lib/python3.12/site-packages/airflow/example_dags/example_sensors.py
[2024-10-20T05:44:13.268+0000] {logging_mixin.py:190} INFO - [2024-10-20T05:44:13.267+0000] {override.py:1900} INFO - Created Permission View: can delete on DAG:example_sensors
[2024-10-20T05:44:13.297+0000] {logging_mixin.py:190} INFO - [2024-10-20T05:44:13.296+0000] {override.py:1900} INFO - Created Permission View: can edit on DAG:example_sensors
[2024-10-20T05:44:13.323+0000] {logging_mixin.py:190} INFO - [2024-10-20T05:44:13.321+0000] {override.py:1900} INFO - Created Permission View: can read on DAG:example_sensors
[2024-10-20T05:44:13.375+0000] {logging_mixin.py:190} INFO - [2024-10-20T05:44:13.375+0000] {override.py:1900} INFO - Created Permission View: can delete on DAG Run:example_sensors
[2024-10-20T05:44:13.402+0000] {logging_mixin.py:190} INFO - [2024-10-20T05:44:13.401+0000] {override.py:1900} INFO - Created Permission View: can create on DAG Run:example_sensors
[2024-10-20T05:44:13.426+0000] {logging_mixin.py:190} INFO - [2024-10-20T05:44:13.424+0000] {override.py:1900} INFO - Created Permission View: menu access on DAG Run:example_sensors
[2024-10-20T05:44:13.456+0000] {logging_mixin.py:190} INFO - [2024-10-20T05:44:13.456+0000] {override.py:1900} INFO - Created Permission View: can read on DAG Run:example_sensors
[2024-10-20T05:44:13.457+0000] {logging_mixin.py:190} INFO - [2024-10-20T05:44:13.457+0000] {dag.py:3239} INFO - Sync 1 DAGs
[2024-10-20T05:44:13.467+0000] {logging_mixin.py:190} INFO - [2024-10-20T05:44:13.467+0000] {dag.py:3262} INFO - Creating ORM DAG for example_sensors
[2024-10-20T05:44:13.468+0000] {logging_mixin.py:190} INFO - [2024-10-20T05:44:13.468+0000] {dag.py:4180} INFO - Setting next_dagrun for example_sensors to None, run_after=None
[2024-10-20T05:44:13.508+0000] {processor.py:208} INFO - Processing /usr/local/python/3.12.1/lib/python3.12/site-packages/airflow/example_dags/example_sensors.py took 0.400 seconds
[2024-10-20T05:45:21.167+0000] {processor.py:186} INFO - Started process (PID=10394) to work on /usr/local/python/3.12.1/lib/python3.12/site-packages/airflow/example_dags/example_sensors.py
[2024-10-20T05:45:21.168+0000] {processor.py:914} INFO - Processing file /usr/local/python/3.12.1/lib/python3.12/site-packages/airflow/example_dags/example_sensors.py for tasks to queue
[2024-10-20T05:45:21.170+0000] {logging_mixin.py:190} INFO - [2024-10-20T05:45:21.169+0000] {dagbag.py:588} INFO - Filling up the DagBag from /usr/local/python/3.12.1/lib/python3.12/site-packages/airflow/example_dags/example_sensors.py
[2024-10-20T05:45:21.178+0000] {processor.py:925} INFO - DAG(s) 'example_sensors' retrieved from /usr/local/python/3.12.1/lib/python3.12/site-packages/airflow/example_dags/example_sensors.py
[2024-10-20T05:45:21.195+0000] {logging_mixin.py:190} INFO - [2024-10-20T05:45:21.195+0000] {dag.py:3239} INFO - Sync 1 DAGs
[2024-10-20T05:45:21.205+0000] {logging_mixin.py:190} INFO - [2024-10-20T05:45:21.205+0000] {dag.py:4180} INFO - Setting next_dagrun for example_sensors to None, run_after=None
[2024-10-20T05:45:21.247+0000] {processor.py:208} INFO - Processing /usr/local/python/3.12.1/lib/python3.12/site-packages/airflow/example_dags/example_sensors.py took 0.084 seconds
[2024-10-20T05:46:16.357+0000] {processor.py:186} INFO - Started process (PID=10941) to work on /usr/local/python/3.12.1/lib/python3.12/site-packages/airflow/example_dags/example_sensors.py
[2024-10-20T05:46:16.357+0000] {processor.py:914} INFO - Processing file /usr/local/python/3.12.1/lib/python3.12/site-packages/airflow/example_dags/example_sensors.py for tasks to queue
[2024-10-20T05:46:16.359+0000] {logging_mixin.py:190} INFO - [2024-10-20T05:46:16.358+0000] {dagbag.py:588} INFO - Filling up the DagBag from /usr/local/python/3.12.1/lib/python3.12/site-packages/airflow/example_dags/example_sensors.py
[2024-10-20T05:46:16.367+0000] {processor.py:925} INFO - DAG(s) 'example_sensors' retrieved from /usr/local/python/3.12.1/lib/python3.12/site-packages/airflow/example_dags/example_sensors.py
[2024-10-20T05:46:16.383+0000] {logging_mixin.py:190} INFO - [2024-10-20T05:46:16.383+0000] {dag.py:3239} INFO - Sync 1 DAGs
[2024-10-20T05:46:16.392+0000] {logging_mixin.py:190} INFO - [2024-10-20T05:46:16.392+0000] {dag.py:4180} INFO - Setting next_dagrun for example_sensors to None, run_after=None
[2024-10-20T05:46:16.424+0000] {processor.py:208} INFO - Processing /usr/local/python/3.12.1/lib/python3.12/site-packages/airflow/example_dags/example_sensors.py took 0.071 seconds
[2024-10-20T05:47:04.480+0000] {processor.py:186} INFO - Started process (PID=11333) to work on /usr/local/python/3.12.1/lib/python3.12/site-packages/airflow/example_dags/example_sensors.py
[2024-10-20T05:47:04.480+0000] {processor.py:914} INFO - Processing file /usr/local/python/3.12.1/lib/python3.12/site-packages/airflow/example_dags/example_sensors.py for tasks to queue
[2024-10-20T05:47:04.482+0000] {logging_mixin.py:190} INFO - [2024-10-20T05:47:04.481+0000] {dagbag.py:588} INFO - Filling up the DagBag from /usr/local/python/3.12.1/lib/python3.12/site-packages/airflow/example_dags/example_sensors.py
[2024-10-20T05:47:04.490+0000] {processor.py:925} INFO - DAG(s) 'example_sensors' retrieved from /usr/local/python/3.12.1/lib/python3.12/site-packages/airflow/example_dags/example_sensors.py
[2024-10-20T05:47:04.511+0000] {logging_mixin.py:190} INFO - [2024-10-20T05:47:04.511+0000] {dag.py:3239} INFO - Sync 1 DAGs
[2024-10-20T05:47:04.522+0000] {logging_mixin.py:190} INFO - [2024-10-20T05:47:04.522+0000] {dag.py:4180} INFO - Setting next_dagrun for example_sensors to None, run_after=None
[2024-10-20T05:47:04.556+0000] {processor.py:208} INFO - Processing /usr/local/python/3.12.1/lib/python3.12/site-packages/airflow/example_dags/example_sensors.py took 0.080 seconds
[2024-10-20T05:47:56.516+0000] {processor.py:186} INFO - Started process (PID=11751) to work on /usr/local/python/3.12.1/lib/python3.12/site-packages/airflow/example_dags/example_sensors.py
[2024-10-20T05:47:56.516+0000] {processor.py:914} INFO - Processing file /usr/local/python/3.12.1/lib/python3.12/site-packages/airflow/example_dags/example_sensors.py for tasks to queue
[2024-10-20T05:47:56.518+0000] {logging_mixin.py:190} INFO - [2024-10-20T05:47:56.517+0000] {dagbag.py:588} INFO - Filling up the DagBag from /usr/local/python/3.12.1/lib/python3.12/site-packages/airflow/example_dags/example_sensors.py
[2024-10-20T05:47:56.526+0000] {processor.py:925} INFO - DAG(s) 'example_sensors' retrieved from /usr/local/python/3.12.1/lib/python3.12/site-packages/airflow/example_dags/example_sensors.py
[2024-10-20T05:47:56.541+0000] {logging_mixin.py:190} INFO - [2024-10-20T05:47:56.541+0000] {dag.py:3239} INFO - Sync 1 DAGs
[2024-10-20T05:47:56.550+0000] {logging_mixin.py:190} INFO - [2024-10-20T05:47:56.550+0000] {dag.py:4180} INFO - Setting next_dagrun for example_sensors to None, run_after=None
[2024-10-20T05:47:56.583+0000] {processor.py:208} INFO - Processing /usr/local/python/3.12.1/lib/python3.12/site-packages/airflow/example_dags/example_sensors.py took 0.072 seconds
[2024-10-20T05:48:48.087+0000] {processor.py:186} INFO - Started process (PID=12248) to work on /usr/local/python/3.12.1/lib/python3.12/site-packages/airflow/example_dags/example_sensors.py
[2024-10-20T05:48:48.088+0000] {processor.py:914} INFO - Processing file /usr/local/python/3.12.1/lib/python3.12/site-packages/airflow/example_dags/example_sensors.py for tasks to queue
[2024-10-20T05:48:48.090+0000] {logging_mixin.py:190} INFO - [2024-10-20T05:48:48.089+0000] {dagbag.py:588} INFO - Filling up the DagBag from /usr/local/python/3.12.1/lib/python3.12/site-packages/airflow/example_dags/example_sensors.py
[2024-10-20T05:48:48.099+0000] {processor.py:925} INFO - DAG(s) 'example_sensors' retrieved from /usr/local/python/3.12.1/lib/python3.12/site-packages/airflow/example_dags/example_sensors.py
[2024-10-20T05:48:48.118+0000] {logging_mixin.py:190} INFO - [2024-10-20T05:48:48.118+0000] {dag.py:3239} INFO - Sync 1 DAGs
[2024-10-20T05:48:48.127+0000] {logging_mixin.py:190} INFO - [2024-10-20T05:48:48.127+0000] {dag.py:4180} INFO - Setting next_dagrun for example_sensors to None, run_after=None
[2024-10-20T05:48:48.173+0000] {processor.py:208} INFO - Processing /usr/local/python/3.12.1/lib/python3.12/site-packages/airflow/example_dags/example_sensors.py took 0.090 seconds
[2024-10-20T05:49:43.321+0000] {processor.py:186} INFO - Started process (PID=12722) to work on /usr/local/python/3.12.1/lib/python3.12/site-packages/airflow/example_dags/example_sensors.py
[2024-10-20T05:49:43.322+0000] {processor.py:914} INFO - Processing file /usr/local/python/3.12.1/lib/python3.12/site-packages/airflow/example_dags/example_sensors.py for tasks to queue
[2024-10-20T05:49:43.324+0000] {logging_mixin.py:190} INFO - [2024-10-20T05:49:43.323+0000] {dagbag.py:588} INFO - Filling up the DagBag from /usr/local/python/3.12.1/lib/python3.12/site-packages/airflow/example_dags/example_sensors.py
[2024-10-20T05:49:43.333+0000] {processor.py:925} INFO - DAG(s) 'example_sensors' retrieved from /usr/local/python/3.12.1/lib/python3.12/site-packages/airflow/example_dags/example_sensors.py
[2024-10-20T05:49:43.351+0000] {logging_mixin.py:190} INFO - [2024-10-20T05:49:43.351+0000] {dag.py:3239} INFO - Sync 1 DAGs
[2024-10-20T05:49:43.361+0000] {logging_mixin.py:190} INFO - [2024-10-20T05:49:43.361+0000] {dag.py:4180} INFO - Setting next_dagrun for example_sensors to None, run_after=None
[2024-10-20T05:49:43.572+0000] {processor.py:208} INFO - Processing /usr/local/python/3.12.1/lib/python3.12/site-packages/airflow/example_dags/example_sensors.py took 0.256 seconds
