[2024-10-20T05:44:00.038+0000] {processor.py:186} INFO - Started process (PID=9044) to work on /usr/local/python/3.12.1/lib/python3.12/site-packages/airflow/example_dags/example_xcom.py
[2024-10-20T05:44:00.039+0000] {processor.py:914} INFO - Processing file /usr/local/python/3.12.1/lib/python3.12/site-packages/airflow/example_dags/example_xcom.py for tasks to queue
[2024-10-20T05:44:00.040+0000] {logging_mixin.py:190} INFO - [2024-10-20T05:44:00.040+0000] {dagbag.py:588} INFO - Filling up the DagBag from /usr/local/python/3.12.1/lib/python3.12/site-packages/airflow/example_dags/example_xcom.py
[2024-10-20T05:44:00.048+0000] {processor.py:925} INFO - DAG(s) 'example_xcom' retrieved from /usr/local/python/3.12.1/lib/python3.12/site-packages/airflow/example_dags/example_xcom.py
[2024-10-20T05:44:00.197+0000] {logging_mixin.py:190} INFO - [2024-10-20T05:44:00.196+0000] {override.py:1900} INFO - Created Permission View: can delete on DAG:example_xcom
[2024-10-20T05:44:00.225+0000] {logging_mixin.py:190} INFO - [2024-10-20T05:44:00.225+0000] {override.py:1900} INFO - Created Permission View: can edit on DAG:example_xcom
[2024-10-20T05:44:00.248+0000] {logging_mixin.py:190} INFO - [2024-10-20T05:44:00.248+0000] {override.py:1900} INFO - Created Permission View: can read on DAG:example_xcom
[2024-10-20T05:44:00.285+0000] {logging_mixin.py:190} INFO - [2024-10-20T05:44:00.285+0000] {override.py:1900} INFO - Created Permission View: can delete on DAG Run:example_xcom
[2024-10-20T05:44:00.321+0000] {logging_mixin.py:190} INFO - [2024-10-20T05:44:00.321+0000] {override.py:1900} INFO - Created Permission View: can create on DAG Run:example_xcom
[2024-10-20T05:44:00.357+0000] {logging_mixin.py:190} INFO - [2024-10-20T05:44:00.357+0000] {override.py:1900} INFO - Created Permission View: menu access on DAG Run:example_xcom
[2024-10-20T05:44:00.379+0000] {logging_mixin.py:190} INFO - [2024-10-20T05:44:00.378+0000] {override.py:1900} INFO - Created Permission View: can read on DAG Run:example_xcom
[2024-10-20T05:44:00.379+0000] {logging_mixin.py:190} INFO - [2024-10-20T05:44:00.379+0000] {dag.py:3239} INFO - Sync 1 DAGs
[2024-10-20T05:44:00.394+0000] {logging_mixin.py:190} INFO - [2024-10-20T05:44:00.394+0000] {dag.py:3262} INFO - Creating ORM DAG for example_xcom
[2024-10-20T05:44:00.403+0000] {logging_mixin.py:190} INFO - [2024-10-20T05:44:00.403+0000] {dag.py:4180} INFO - Setting next_dagrun for example_xcom to 2021-01-01 00:00:00+00:00, run_after=2021-01-01 00:00:00+00:00
[2024-10-20T05:44:00.467+0000] {processor.py:208} INFO - Processing /usr/local/python/3.12.1/lib/python3.12/site-packages/airflow/example_dags/example_xcom.py took 0.433 seconds
[2024-10-20T05:45:14.391+0000] {processor.py:186} INFO - Started process (PID=9873) to work on /usr/local/python/3.12.1/lib/python3.12/site-packages/airflow/example_dags/example_xcom.py
[2024-10-20T05:45:14.392+0000] {processor.py:914} INFO - Processing file /usr/local/python/3.12.1/lib/python3.12/site-packages/airflow/example_dags/example_xcom.py for tasks to queue
[2024-10-20T05:45:14.393+0000] {logging_mixin.py:190} INFO - [2024-10-20T05:45:14.393+0000] {dagbag.py:588} INFO - Filling up the DagBag from /usr/local/python/3.12.1/lib/python3.12/site-packages/airflow/example_dags/example_xcom.py
[2024-10-20T05:45:14.400+0000] {processor.py:925} INFO - DAG(s) 'example_xcom' retrieved from /usr/local/python/3.12.1/lib/python3.12/site-packages/airflow/example_dags/example_xcom.py
[2024-10-20T05:45:14.412+0000] {logging_mixin.py:190} INFO - [2024-10-20T05:45:14.412+0000] {dag.py:3239} INFO - Sync 1 DAGs
[2024-10-20T05:45:14.427+0000] {logging_mixin.py:190} INFO - [2024-10-20T05:45:14.427+0000] {dag.py:4180} INFO - Setting next_dagrun for example_xcom to 2021-01-01 00:00:00+00:00, run_after=2021-01-01 00:00:00+00:00
[2024-10-20T05:45:14.484+0000] {processor.py:208} INFO - Processing /usr/local/python/3.12.1/lib/python3.12/site-packages/airflow/example_dags/example_xcom.py took 0.097 seconds
[2024-10-20T05:46:06.794+0000] {processor.py:186} INFO - Started process (PID=10878) to work on /usr/local/python/3.12.1/lib/python3.12/site-packages/airflow/example_dags/example_xcom.py
[2024-10-20T05:46:06.795+0000] {processor.py:914} INFO - Processing file /usr/local/python/3.12.1/lib/python3.12/site-packages/airflow/example_dags/example_xcom.py for tasks to queue
[2024-10-20T05:46:06.797+0000] {logging_mixin.py:190} INFO - [2024-10-20T05:46:06.797+0000] {dagbag.py:588} INFO - Filling up the DagBag from /usr/local/python/3.12.1/lib/python3.12/site-packages/airflow/example_dags/example_xcom.py
[2024-10-20T05:46:06.804+0000] {processor.py:925} INFO - DAG(s) 'example_xcom' retrieved from /usr/local/python/3.12.1/lib/python3.12/site-packages/airflow/example_dags/example_xcom.py
[2024-10-20T05:46:06.817+0000] {logging_mixin.py:190} INFO - [2024-10-20T05:46:06.817+0000] {dag.py:3239} INFO - Sync 1 DAGs
[2024-10-20T05:46:06.832+0000] {logging_mixin.py:190} INFO - [2024-10-20T05:46:06.832+0000] {dag.py:4180} INFO - Setting next_dagrun for example_xcom to 2021-01-01 00:00:00+00:00, run_after=2021-01-01 00:00:00+00:00
[2024-10-20T05:46:06.864+0000] {processor.py:208} INFO - Processing /usr/local/python/3.12.1/lib/python3.12/site-packages/airflow/example_dags/example_xcom.py took 0.074 seconds
[2024-10-20T05:46:56.462+0000] {processor.py:186} INFO - Started process (PID=11281) to work on /usr/local/python/3.12.1/lib/python3.12/site-packages/airflow/example_dags/example_xcom.py
[2024-10-20T05:46:56.463+0000] {processor.py:914} INFO - Processing file /usr/local/python/3.12.1/lib/python3.12/site-packages/airflow/example_dags/example_xcom.py for tasks to queue
[2024-10-20T05:46:56.464+0000] {logging_mixin.py:190} INFO - [2024-10-20T05:46:56.464+0000] {dagbag.py:588} INFO - Filling up the DagBag from /usr/local/python/3.12.1/lib/python3.12/site-packages/airflow/example_dags/example_xcom.py
[2024-10-20T05:46:56.471+0000] {processor.py:925} INFO - DAG(s) 'example_xcom' retrieved from /usr/local/python/3.12.1/lib/python3.12/site-packages/airflow/example_dags/example_xcom.py
[2024-10-20T05:46:56.482+0000] {logging_mixin.py:190} INFO - [2024-10-20T05:46:56.482+0000] {dag.py:3239} INFO - Sync 1 DAGs
[2024-10-20T05:46:56.497+0000] {logging_mixin.py:190} INFO - [2024-10-20T05:46:56.497+0000] {dag.py:4180} INFO - Setting next_dagrun for example_xcom to 2021-01-01 00:00:00+00:00, run_after=2021-01-01 00:00:00+00:00
[2024-10-20T05:46:56.747+0000] {processor.py:208} INFO - Processing /usr/local/python/3.12.1/lib/python3.12/site-packages/airflow/example_dags/example_xcom.py took 0.289 seconds
[2024-10-20T05:47:47.355+0000] {processor.py:186} INFO - Started process (PID=11688) to work on /usr/local/python/3.12.1/lib/python3.12/site-packages/airflow/example_dags/example_xcom.py
[2024-10-20T05:47:47.355+0000] {processor.py:914} INFO - Processing file /usr/local/python/3.12.1/lib/python3.12/site-packages/airflow/example_dags/example_xcom.py for tasks to queue
[2024-10-20T05:47:47.357+0000] {logging_mixin.py:190} INFO - [2024-10-20T05:47:47.357+0000] {dagbag.py:588} INFO - Filling up the DagBag from /usr/local/python/3.12.1/lib/python3.12/site-packages/airflow/example_dags/example_xcom.py
[2024-10-20T05:47:47.364+0000] {processor.py:925} INFO - DAG(s) 'example_xcom' retrieved from /usr/local/python/3.12.1/lib/python3.12/site-packages/airflow/example_dags/example_xcom.py
[2024-10-20T05:47:47.376+0000] {logging_mixin.py:190} INFO - [2024-10-20T05:47:47.376+0000] {dag.py:3239} INFO - Sync 1 DAGs
[2024-10-20T05:47:47.395+0000] {logging_mixin.py:190} INFO - [2024-10-20T05:47:47.395+0000] {dag.py:4180} INFO - Setting next_dagrun for example_xcom to 2021-01-01 00:00:00+00:00, run_after=2021-01-01 00:00:00+00:00
[2024-10-20T05:47:47.420+0000] {processor.py:208} INFO - Processing /usr/local/python/3.12.1/lib/python3.12/site-packages/airflow/example_dags/example_xcom.py took 0.069 seconds
[2024-10-20T05:48:38.929+0000] {processor.py:186} INFO - Started process (PID=12171) to work on /usr/local/python/3.12.1/lib/python3.12/site-packages/airflow/example_dags/example_xcom.py
[2024-10-20T05:48:38.930+0000] {processor.py:914} INFO - Processing file /usr/local/python/3.12.1/lib/python3.12/site-packages/airflow/example_dags/example_xcom.py for tasks to queue
[2024-10-20T05:48:38.932+0000] {logging_mixin.py:190} INFO - [2024-10-20T05:48:38.932+0000] {dagbag.py:588} INFO - Filling up the DagBag from /usr/local/python/3.12.1/lib/python3.12/site-packages/airflow/example_dags/example_xcom.py
[2024-10-20T05:48:38.939+0000] {processor.py:925} INFO - DAG(s) 'example_xcom' retrieved from /usr/local/python/3.12.1/lib/python3.12/site-packages/airflow/example_dags/example_xcom.py
[2024-10-20T05:48:38.950+0000] {logging_mixin.py:190} INFO - [2024-10-20T05:48:38.950+0000] {dag.py:3239} INFO - Sync 1 DAGs
[2024-10-20T05:48:38.964+0000] {logging_mixin.py:190} INFO - [2024-10-20T05:48:38.964+0000] {dag.py:4180} INFO - Setting next_dagrun for example_xcom to 2021-01-01 00:00:00+00:00, run_after=2021-01-01 00:00:00+00:00
[2024-10-20T05:48:38.992+0000] {processor.py:208} INFO - Processing /usr/local/python/3.12.1/lib/python3.12/site-packages/airflow/example_dags/example_xcom.py took 0.066 seconds
[2024-10-20T05:49:34.320+0000] {processor.py:186} INFO - Started process (PID=12653) to work on /usr/local/python/3.12.1/lib/python3.12/site-packages/airflow/example_dags/example_xcom.py
[2024-10-20T05:49:34.320+0000] {processor.py:914} INFO - Processing file /usr/local/python/3.12.1/lib/python3.12/site-packages/airflow/example_dags/example_xcom.py for tasks to queue
[2024-10-20T05:49:34.322+0000] {logging_mixin.py:190} INFO - [2024-10-20T05:49:34.322+0000] {dagbag.py:588} INFO - Filling up the DagBag from /usr/local/python/3.12.1/lib/python3.12/site-packages/airflow/example_dags/example_xcom.py
[2024-10-20T05:49:34.329+0000] {processor.py:925} INFO - DAG(s) 'example_xcom' retrieved from /usr/local/python/3.12.1/lib/python3.12/site-packages/airflow/example_dags/example_xcom.py
[2024-10-20T05:49:34.344+0000] {logging_mixin.py:190} INFO - [2024-10-20T05:49:34.344+0000] {dag.py:3239} INFO - Sync 1 DAGs
[2024-10-20T05:49:34.360+0000] {logging_mixin.py:190} INFO - [2024-10-20T05:49:34.360+0000] {dag.py:4180} INFO - Setting next_dagrun for example_xcom to 2021-01-01 00:00:00+00:00, run_after=2021-01-01 00:00:00+00:00
[2024-10-20T05:49:34.392+0000] {processor.py:208} INFO - Processing /usr/local/python/3.12.1/lib/python3.12/site-packages/airflow/example_dags/example_xcom.py took 0.076 seconds
[2024-10-20T05:50:32.694+0000] {processor.py:186} INFO - Started process (PID=13329) to work on /usr/local/python/3.12.1/lib/python3.12/site-packages/airflow/example_dags/example_xcom.py
[2024-10-20T05:50:32.695+0000] {processor.py:914} INFO - Processing file /usr/local/python/3.12.1/lib/python3.12/site-packages/airflow/example_dags/example_xcom.py for tasks to queue
[2024-10-20T05:50:32.696+0000] {logging_mixin.py:190} INFO - [2024-10-20T05:50:32.696+0000] {dagbag.py:588} INFO - Filling up the DagBag from /usr/local/python/3.12.1/lib/python3.12/site-packages/airflow/example_dags/example_xcom.py
[2024-10-20T05:50:32.703+0000] {processor.py:925} INFO - DAG(s) 'example_xcom' retrieved from /usr/local/python/3.12.1/lib/python3.12/site-packages/airflow/example_dags/example_xcom.py
[2024-10-20T05:50:32.716+0000] {logging_mixin.py:190} INFO - [2024-10-20T05:50:32.716+0000] {dag.py:3239} INFO - Sync 1 DAGs
[2024-10-20T05:50:32.732+0000] {logging_mixin.py:190} INFO - [2024-10-20T05:50:32.732+0000] {dag.py:4180} INFO - Setting next_dagrun for example_xcom to 2021-01-01 00:00:00+00:00, run_after=2021-01-01 00:00:00+00:00
[2024-10-20T05:50:32.772+0000] {processor.py:208} INFO - Processing /usr/local/python/3.12.1/lib/python3.12/site-packages/airflow/example_dags/example_xcom.py took 0.082 seconds
