[2024-10-20T05:44:20.718+0000] {processor.py:186} INFO - Started process (PID=9226) to work on /usr/local/python/3.12.1/lib/python3.12/site-packages/airflow/example_dags/example_params_ui_tutorial.py
[2024-10-20T05:44:20.718+0000] {processor.py:914} INFO - Processing file /usr/local/python/3.12.1/lib/python3.12/site-packages/airflow/example_dags/example_params_ui_tutorial.py for tasks to queue
[2024-10-20T05:44:20.720+0000] {logging_mixin.py:190} INFO - [2024-10-20T05:44:20.719+0000] {dagbag.py:588} INFO - Filling up the DagBag from /usr/local/python/3.12.1/lib/python3.12/site-packages/airflow/example_dags/example_params_ui_tutorial.py
[2024-10-20T05:44:20.727+0000] {processor.py:925} INFO - DAG(s) 'example_params_ui_tutorial' retrieved from /usr/local/python/3.12.1/lib/python3.12/site-packages/airflow/example_dags/example_params_ui_tutorial.py
[2024-10-20T05:44:20.870+0000] {logging_mixin.py:190} INFO - [2024-10-20T05:44:20.869+0000] {override.py:1900} INFO - Created Permission View: can delete on DAG:example_params_ui_tutorial
[2024-10-20T05:44:20.896+0000] {logging_mixin.py:190} INFO - [2024-10-20T05:44:20.896+0000] {override.py:1900} INFO - Created Permission View: can edit on DAG:example_params_ui_tutorial
[2024-10-20T05:44:20.917+0000] {logging_mixin.py:190} INFO - [2024-10-20T05:44:20.916+0000] {override.py:1900} INFO - Created Permission View: can read on DAG:example_params_ui_tutorial
[2024-10-20T05:44:20.953+0000] {logging_mixin.py:190} INFO - [2024-10-20T05:44:20.952+0000] {override.py:1900} INFO - Created Permission View: can delete on DAG Run:example_params_ui_tutorial
[2024-10-20T05:44:20.970+0000] {logging_mixin.py:190} INFO - [2024-10-20T05:44:20.969+0000] {override.py:1900} INFO - Created Permission View: can create on DAG Run:example_params_ui_tutorial
[2024-10-20T05:44:21.017+0000] {logging_mixin.py:190} INFO - [2024-10-20T05:44:21.016+0000] {override.py:1900} INFO - Created Permission View: menu access on DAG Run:example_params_ui_tutorial
[2024-10-20T05:44:21.041+0000] {logging_mixin.py:190} INFO - [2024-10-20T05:44:21.040+0000] {override.py:1900} INFO - Created Permission View: can read on DAG Run:example_params_ui_tutorial
[2024-10-20T05:44:21.041+0000] {logging_mixin.py:190} INFO - [2024-10-20T05:44:21.041+0000] {dag.py:3239} INFO - Sync 1 DAGs
[2024-10-20T05:44:21.052+0000] {logging_mixin.py:190} INFO - [2024-10-20T05:44:21.052+0000] {dag.py:3262} INFO - Creating ORM DAG for example_params_ui_tutorial
[2024-10-20T05:44:21.053+0000] {logging_mixin.py:190} INFO - [2024-10-20T05:44:21.053+0000] {dag.py:4180} INFO - Setting next_dagrun for example_params_ui_tutorial to None, run_after=None
[2024-10-20T05:44:21.123+0000] {processor.py:208} INFO - Processing /usr/local/python/3.12.1/lib/python3.12/site-packages/airflow/example_dags/example_params_ui_tutorial.py took 0.410 seconds
[2024-10-20T05:45:28.735+0000] {processor.py:186} INFO - Started process (PID=10555) to work on /usr/local/python/3.12.1/lib/python3.12/site-packages/airflow/example_dags/example_params_ui_tutorial.py
[2024-10-20T05:45:28.736+0000] {processor.py:914} INFO - Processing file /usr/local/python/3.12.1/lib/python3.12/site-packages/airflow/example_dags/example_params_ui_tutorial.py for tasks to queue
[2024-10-20T05:45:28.738+0000] {logging_mixin.py:190} INFO - [2024-10-20T05:45:28.737+0000] {dagbag.py:588} INFO - Filling up the DagBag from /usr/local/python/3.12.1/lib/python3.12/site-packages/airflow/example_dags/example_params_ui_tutorial.py
[2024-10-20T05:45:28.744+0000] {processor.py:925} INFO - DAG(s) 'example_params_ui_tutorial' retrieved from /usr/local/python/3.12.1/lib/python3.12/site-packages/airflow/example_dags/example_params_ui_tutorial.py
[2024-10-20T05:45:28.774+0000] {logging_mixin.py:190} INFO - [2024-10-20T05:45:28.774+0000] {dag.py:3239} INFO - Sync 1 DAGs
[2024-10-20T05:45:28.783+0000] {logging_mixin.py:190} INFO - [2024-10-20T05:45:28.783+0000] {dag.py:4180} INFO - Setting next_dagrun for example_params_ui_tutorial to None, run_after=None
[2024-10-20T05:45:28.811+0000] {processor.py:208} INFO - Processing /usr/local/python/3.12.1/lib/python3.12/site-packages/airflow/example_dags/example_params_ui_tutorial.py took 0.080 seconds
[2024-10-20T05:46:21.317+0000] {processor.py:186} INFO - Started process (PID=11043) to work on /usr/local/python/3.12.1/lib/python3.12/site-packages/airflow/example_dags/example_params_ui_tutorial.py
[2024-10-20T05:46:21.318+0000] {processor.py:914} INFO - Processing file /usr/local/python/3.12.1/lib/python3.12/site-packages/airflow/example_dags/example_params_ui_tutorial.py for tasks to queue
[2024-10-20T05:46:21.319+0000] {logging_mixin.py:190} INFO - [2024-10-20T05:46:21.319+0000] {dagbag.py:588} INFO - Filling up the DagBag from /usr/local/python/3.12.1/lib/python3.12/site-packages/airflow/example_dags/example_params_ui_tutorial.py
[2024-10-20T05:46:21.325+0000] {processor.py:925} INFO - DAG(s) 'example_params_ui_tutorial' retrieved from /usr/local/python/3.12.1/lib/python3.12/site-packages/airflow/example_dags/example_params_ui_tutorial.py
[2024-10-20T05:46:21.363+0000] {logging_mixin.py:190} INFO - [2024-10-20T05:46:21.362+0000] {dag.py:3239} INFO - Sync 1 DAGs
[2024-10-20T05:46:21.374+0000] {logging_mixin.py:190} INFO - [2024-10-20T05:46:21.373+0000] {dag.py:4180} INFO - Setting next_dagrun for example_params_ui_tutorial to None, run_after=None
[2024-10-20T05:46:21.441+0000] {processor.py:208} INFO - Processing /usr/local/python/3.12.1/lib/python3.12/site-packages/airflow/example_dags/example_params_ui_tutorial.py took 0.127 seconds
[2024-10-20T05:47:20.949+0000] {processor.py:186} INFO - Started process (PID=11483) to work on /usr/local/python/3.12.1/lib/python3.12/site-packages/airflow/example_dags/example_params_ui_tutorial.py
[2024-10-20T05:47:20.950+0000] {processor.py:914} INFO - Processing file /usr/local/python/3.12.1/lib/python3.12/site-packages/airflow/example_dags/example_params_ui_tutorial.py for tasks to queue
[2024-10-20T05:47:20.951+0000] {logging_mixin.py:190} INFO - [2024-10-20T05:47:20.951+0000] {dagbag.py:588} INFO - Filling up the DagBag from /usr/local/python/3.12.1/lib/python3.12/site-packages/airflow/example_dags/example_params_ui_tutorial.py
[2024-10-20T05:47:20.958+0000] {processor.py:925} INFO - DAG(s) 'example_params_ui_tutorial' retrieved from /usr/local/python/3.12.1/lib/python3.12/site-packages/airflow/example_dags/example_params_ui_tutorial.py
[2024-10-20T05:47:20.988+0000] {logging_mixin.py:190} INFO - [2024-10-20T05:47:20.988+0000] {dag.py:3239} INFO - Sync 1 DAGs
[2024-10-20T05:47:20.998+0000] {logging_mixin.py:190} INFO - [2024-10-20T05:47:20.998+0000] {dag.py:4180} INFO - Setting next_dagrun for example_params_ui_tutorial to None, run_after=None
[2024-10-20T05:47:21.028+0000] {processor.py:208} INFO - Processing /usr/local/python/3.12.1/lib/python3.12/site-packages/airflow/example_dags/example_params_ui_tutorial.py took 0.083 seconds
[2024-10-20T05:48:14.254+0000] {processor.py:186} INFO - Started process (PID=11879) to work on /usr/local/python/3.12.1/lib/python3.12/site-packages/airflow/example_dags/example_params_ui_tutorial.py
[2024-10-20T05:48:14.254+0000] {processor.py:914} INFO - Processing file /usr/local/python/3.12.1/lib/python3.12/site-packages/airflow/example_dags/example_params_ui_tutorial.py for tasks to queue
[2024-10-20T05:48:14.256+0000] {logging_mixin.py:190} INFO - [2024-10-20T05:48:14.255+0000] {dagbag.py:588} INFO - Filling up the DagBag from /usr/local/python/3.12.1/lib/python3.12/site-packages/airflow/example_dags/example_params_ui_tutorial.py
[2024-10-20T05:48:14.263+0000] {processor.py:925} INFO - DAG(s) 'example_params_ui_tutorial' retrieved from /usr/local/python/3.12.1/lib/python3.12/site-packages/airflow/example_dags/example_params_ui_tutorial.py
[2024-10-20T05:48:14.296+0000] {logging_mixin.py:190} INFO - [2024-10-20T05:48:14.296+0000] {dag.py:3239} INFO - Sync 1 DAGs
[2024-10-20T05:48:14.306+0000] {logging_mixin.py:190} INFO - [2024-10-20T05:48:14.306+0000] {dag.py:4180} INFO - Setting next_dagrun for example_params_ui_tutorial to None, run_after=None
[2024-10-20T05:48:14.334+0000] {processor.py:208} INFO - Processing /usr/local/python/3.12.1/lib/python3.12/site-packages/airflow/example_dags/example_params_ui_tutorial.py took 0.084 seconds
[2024-10-20T05:49:04.713+0000] {processor.py:186} INFO - Started process (PID=12396) to work on /usr/local/python/3.12.1/lib/python3.12/site-packages/airflow/example_dags/example_params_ui_tutorial.py
[2024-10-20T05:49:04.713+0000] {processor.py:914} INFO - Processing file /usr/local/python/3.12.1/lib/python3.12/site-packages/airflow/example_dags/example_params_ui_tutorial.py for tasks to queue
[2024-10-20T05:49:04.715+0000] {logging_mixin.py:190} INFO - [2024-10-20T05:49:04.715+0000] {dagbag.py:588} INFO - Filling up the DagBag from /usr/local/python/3.12.1/lib/python3.12/site-packages/airflow/example_dags/example_params_ui_tutorial.py
[2024-10-20T05:49:04.724+0000] {processor.py:925} INFO - DAG(s) 'example_params_ui_tutorial' retrieved from /usr/local/python/3.12.1/lib/python3.12/site-packages/airflow/example_dags/example_params_ui_tutorial.py
[2024-10-20T05:49:04.756+0000] {logging_mixin.py:190} INFO - [2024-10-20T05:49:04.756+0000] {dag.py:3239} INFO - Sync 1 DAGs
[2024-10-20T05:49:04.766+0000] {logging_mixin.py:190} INFO - [2024-10-20T05:49:04.765+0000] {dag.py:4180} INFO - Setting next_dagrun for example_params_ui_tutorial to None, run_after=None
[2024-10-20T05:49:04.810+0000] {processor.py:208} INFO - Processing /usr/local/python/3.12.1/lib/python3.12/site-packages/airflow/example_dags/example_params_ui_tutorial.py took 0.101 seconds
[2024-10-20T05:50:02.399+0000] {processor.py:186} INFO - Started process (PID=12866) to work on /usr/local/python/3.12.1/lib/python3.12/site-packages/airflow/example_dags/example_params_ui_tutorial.py
[2024-10-20T05:50:02.400+0000] {processor.py:914} INFO - Processing file /usr/local/python/3.12.1/lib/python3.12/site-packages/airflow/example_dags/example_params_ui_tutorial.py for tasks to queue
[2024-10-20T05:50:02.402+0000] {logging_mixin.py:190} INFO - [2024-10-20T05:50:02.401+0000] {dagbag.py:588} INFO - Filling up the DagBag from /usr/local/python/3.12.1/lib/python3.12/site-packages/airflow/example_dags/example_params_ui_tutorial.py
[2024-10-20T05:50:02.409+0000] {processor.py:925} INFO - DAG(s) 'example_params_ui_tutorial' retrieved from /usr/local/python/3.12.1/lib/python3.12/site-packages/airflow/example_dags/example_params_ui_tutorial.py
[2024-10-20T05:50:02.441+0000] {logging_mixin.py:190} INFO - [2024-10-20T05:50:02.441+0000] {dag.py:3239} INFO - Sync 1 DAGs
[2024-10-20T05:50:02.452+0000] {logging_mixin.py:190} INFO - [2024-10-20T05:50:02.452+0000] {dag.py:4180} INFO - Setting next_dagrun for example_params_ui_tutorial to None, run_after=None
[2024-10-20T05:50:02.488+0000] {processor.py:208} INFO - Processing /usr/local/python/3.12.1/lib/python3.12/site-packages/airflow/example_dags/example_params_ui_tutorial.py took 0.093 seconds
