[2024-10-20T05:44:28.413+0000] {processor.py:186} INFO - Started process (PID=9386) to work on /usr/local/python/3.12.1/lib/python3.12/site-packages/airflow/example_dags/example_display_name.py
[2024-10-20T05:44:28.413+0000] {processor.py:914} INFO - Processing file /usr/local/python/3.12.1/lib/python3.12/site-packages/airflow/example_dags/example_display_name.py for tasks to queue
[2024-10-20T05:44:28.415+0000] {logging_mixin.py:190} INFO - [2024-10-20T05:44:28.415+0000] {dagbag.py:588} INFO - Filling up the DagBag from /usr/local/python/3.12.1/lib/python3.12/site-packages/airflow/example_dags/example_display_name.py
[2024-10-20T05:44:28.421+0000] {processor.py:925} INFO - DAG(s) 'example_display_name' retrieved from /usr/local/python/3.12.1/lib/python3.12/site-packages/airflow/example_dags/example_display_name.py
[2024-10-20T05:44:28.546+0000] {logging_mixin.py:190} INFO - [2024-10-20T05:44:28.545+0000] {override.py:1900} INFO - Created Permission View: can delete on DAG:example_display_name
[2024-10-20T05:44:28.572+0000] {logging_mixin.py:190} INFO - [2024-10-20T05:44:28.572+0000] {override.py:1900} INFO - Created Permission View: can edit on DAG:example_display_name
[2024-10-20T05:44:28.598+0000] {logging_mixin.py:190} INFO - [2024-10-20T05:44:28.597+0000] {override.py:1900} INFO - Created Permission View: can read on DAG:example_display_name
[2024-10-20T05:44:28.650+0000] {logging_mixin.py:190} INFO - [2024-10-20T05:44:28.650+0000] {override.py:1900} INFO - Created Permission View: can delete on DAG Run:example_display_name
[2024-10-20T05:44:28.694+0000] {logging_mixin.py:190} INFO - [2024-10-20T05:44:28.694+0000] {override.py:1900} INFO - Created Permission View: can create on DAG Run:example_display_name
[2024-10-20T05:44:28.726+0000] {logging_mixin.py:190} INFO - [2024-10-20T05:44:28.725+0000] {override.py:1900} INFO - Created Permission View: menu access on DAG Run:example_display_name
[2024-10-20T05:44:28.755+0000] {logging_mixin.py:190} INFO - [2024-10-20T05:44:28.754+0000] {override.py:1900} INFO - Created Permission View: can read on DAG Run:example_display_name
[2024-10-20T05:44:28.755+0000] {logging_mixin.py:190} INFO - [2024-10-20T05:44:28.755+0000] {dag.py:3239} INFO - Sync 1 DAGs
[2024-10-20T05:44:28.767+0000] {logging_mixin.py:190} INFO - [2024-10-20T05:44:28.767+0000] {dag.py:3262} INFO - Creating ORM DAG for example_display_name
[2024-10-20T05:44:28.768+0000] {logging_mixin.py:190} INFO - [2024-10-20T05:44:28.768+0000] {dag.py:4180} INFO - Setting next_dagrun for example_display_name to None, run_after=None
[2024-10-20T05:44:28.813+0000] {processor.py:208} INFO - Processing /usr/local/python/3.12.1/lib/python3.12/site-packages/airflow/example_dags/example_display_name.py took 0.404 seconds
[2024-10-20T05:45:33.023+0000] {processor.py:186} INFO - Started process (PID=10602) to work on /usr/local/python/3.12.1/lib/python3.12/site-packages/airflow/example_dags/example_display_name.py
[2024-10-20T05:45:33.024+0000] {processor.py:914} INFO - Processing file /usr/local/python/3.12.1/lib/python3.12/site-packages/airflow/example_dags/example_display_name.py for tasks to queue
[2024-10-20T05:45:33.025+0000] {logging_mixin.py:190} INFO - [2024-10-20T05:45:33.025+0000] {dagbag.py:588} INFO - Filling up the DagBag from /usr/local/python/3.12.1/lib/python3.12/site-packages/airflow/example_dags/example_display_name.py
[2024-10-20T05:45:33.031+0000] {processor.py:925} INFO - DAG(s) 'example_display_name' retrieved from /usr/local/python/3.12.1/lib/python3.12/site-packages/airflow/example_dags/example_display_name.py
[2024-10-20T05:45:33.042+0000] {logging_mixin.py:190} INFO - [2024-10-20T05:45:33.041+0000] {dag.py:3239} INFO - Sync 1 DAGs
[2024-10-20T05:45:33.052+0000] {logging_mixin.py:190} INFO - [2024-10-20T05:45:33.051+0000] {dag.py:4180} INFO - Setting next_dagrun for example_display_name to None, run_after=None
[2024-10-20T05:45:33.096+0000] {processor.py:208} INFO - Processing /usr/local/python/3.12.1/lib/python3.12/site-packages/airflow/example_dags/example_display_name.py took 0.078 seconds
[2024-10-20T05:46:31.450+0000] {processor.py:186} INFO - Started process (PID=11113) to work on /usr/local/python/3.12.1/lib/python3.12/site-packages/airflow/example_dags/example_display_name.py
[2024-10-20T05:46:31.451+0000] {processor.py:914} INFO - Processing file /usr/local/python/3.12.1/lib/python3.12/site-packages/airflow/example_dags/example_display_name.py for tasks to queue
[2024-10-20T05:46:31.453+0000] {logging_mixin.py:190} INFO - [2024-10-20T05:46:31.452+0000] {dagbag.py:588} INFO - Filling up the DagBag from /usr/local/python/3.12.1/lib/python3.12/site-packages/airflow/example_dags/example_display_name.py
[2024-10-20T05:46:31.461+0000] {processor.py:925} INFO - DAG(s) 'example_display_name' retrieved from /usr/local/python/3.12.1/lib/python3.12/site-packages/airflow/example_dags/example_display_name.py
[2024-10-20T05:46:31.473+0000] {logging_mixin.py:190} INFO - [2024-10-20T05:46:31.473+0000] {dag.py:3239} INFO - Sync 1 DAGs
[2024-10-20T05:46:31.487+0000] {logging_mixin.py:190} INFO - [2024-10-20T05:46:31.487+0000] {dag.py:4180} INFO - Setting next_dagrun for example_display_name to None, run_after=None
[2024-10-20T05:46:31.522+0000] {processor.py:208} INFO - Processing /usr/local/python/3.12.1/lib/python3.12/site-packages/airflow/example_dags/example_display_name.py took 0.076 seconds
[2024-10-20T05:47:27.564+0000] {processor.py:186} INFO - Started process (PID=11554) to work on /usr/local/python/3.12.1/lib/python3.12/site-packages/airflow/example_dags/example_display_name.py
[2024-10-20T05:47:27.565+0000] {processor.py:914} INFO - Processing file /usr/local/python/3.12.1/lib/python3.12/site-packages/airflow/example_dags/example_display_name.py for tasks to queue
[2024-10-20T05:47:27.566+0000] {logging_mixin.py:190} INFO - [2024-10-20T05:47:27.566+0000] {dagbag.py:588} INFO - Filling up the DagBag from /usr/local/python/3.12.1/lib/python3.12/site-packages/airflow/example_dags/example_display_name.py
[2024-10-20T05:47:27.572+0000] {processor.py:925} INFO - DAG(s) 'example_display_name' retrieved from /usr/local/python/3.12.1/lib/python3.12/site-packages/airflow/example_dags/example_display_name.py
[2024-10-20T05:47:27.582+0000] {logging_mixin.py:190} INFO - [2024-10-20T05:47:27.582+0000] {dag.py:3239} INFO - Sync 1 DAGs
[2024-10-20T05:47:27.591+0000] {logging_mixin.py:190} INFO - [2024-10-20T05:47:27.591+0000] {dag.py:4180} INFO - Setting next_dagrun for example_display_name to None, run_after=None
[2024-10-20T05:47:27.622+0000] {processor.py:208} INFO - Processing /usr/local/python/3.12.1/lib/python3.12/site-packages/airflow/example_dags/example_display_name.py took 0.062 seconds
[2024-10-20T05:48:19.682+0000] {processor.py:186} INFO - Started process (PID=11909) to work on /usr/local/python/3.12.1/lib/python3.12/site-packages/airflow/example_dags/example_display_name.py
[2024-10-20T05:48:19.683+0000] {processor.py:914} INFO - Processing file /usr/local/python/3.12.1/lib/python3.12/site-packages/airflow/example_dags/example_display_name.py for tasks to queue
[2024-10-20T05:48:19.684+0000] {logging_mixin.py:190} INFO - [2024-10-20T05:48:19.684+0000] {dagbag.py:588} INFO - Filling up the DagBag from /usr/local/python/3.12.1/lib/python3.12/site-packages/airflow/example_dags/example_display_name.py
[2024-10-20T05:48:19.690+0000] {processor.py:925} INFO - DAG(s) 'example_display_name' retrieved from /usr/local/python/3.12.1/lib/python3.12/site-packages/airflow/example_dags/example_display_name.py
[2024-10-20T05:48:19.701+0000] {logging_mixin.py:190} INFO - [2024-10-20T05:48:19.701+0000] {dag.py:3239} INFO - Sync 1 DAGs
[2024-10-20T05:48:19.711+0000] {logging_mixin.py:190} INFO - [2024-10-20T05:48:19.711+0000] {dag.py:4180} INFO - Setting next_dagrun for example_display_name to None, run_after=None
[2024-10-20T05:48:19.740+0000] {processor.py:208} INFO - Processing /usr/local/python/3.12.1/lib/python3.12/site-packages/airflow/example_dags/example_display_name.py took 0.062 seconds
[2024-10-20T05:49:10.992+0000] {processor.py:186} INFO - Started process (PID=12445) to work on /usr/local/python/3.12.1/lib/python3.12/site-packages/airflow/example_dags/example_display_name.py
[2024-10-20T05:49:10.993+0000] {processor.py:914} INFO - Processing file /usr/local/python/3.12.1/lib/python3.12/site-packages/airflow/example_dags/example_display_name.py for tasks to queue
[2024-10-20T05:49:10.994+0000] {logging_mixin.py:190} INFO - [2024-10-20T05:49:10.994+0000] {dagbag.py:588} INFO - Filling up the DagBag from /usr/local/python/3.12.1/lib/python3.12/site-packages/airflow/example_dags/example_display_name.py
[2024-10-20T05:49:11.000+0000] {processor.py:925} INFO - DAG(s) 'example_display_name' retrieved from /usr/local/python/3.12.1/lib/python3.12/site-packages/airflow/example_dags/example_display_name.py
[2024-10-20T05:49:11.012+0000] {logging_mixin.py:190} INFO - [2024-10-20T05:49:11.012+0000] {dag.py:3239} INFO - Sync 1 DAGs
[2024-10-20T05:49:11.023+0000] {logging_mixin.py:190} INFO - [2024-10-20T05:49:11.022+0000] {dag.py:4180} INFO - Setting next_dagrun for example_display_name to None, run_after=None
[2024-10-20T05:49:11.055+0000] {processor.py:208} INFO - Processing /usr/local/python/3.12.1/lib/python3.12/site-packages/airflow/example_dags/example_display_name.py took 0.067 seconds
[2024-10-20T05:50:07.556+0000] {processor.py:186} INFO - Started process (PID=12953) to work on /usr/local/python/3.12.1/lib/python3.12/site-packages/airflow/example_dags/example_display_name.py
[2024-10-20T05:50:07.557+0000] {processor.py:914} INFO - Processing file /usr/local/python/3.12.1/lib/python3.12/site-packages/airflow/example_dags/example_display_name.py for tasks to queue
[2024-10-20T05:50:07.559+0000] {logging_mixin.py:190} INFO - [2024-10-20T05:50:07.558+0000] {dagbag.py:588} INFO - Filling up the DagBag from /usr/local/python/3.12.1/lib/python3.12/site-packages/airflow/example_dags/example_display_name.py
[2024-10-20T05:50:07.566+0000] {processor.py:925} INFO - DAG(s) 'example_display_name' retrieved from /usr/local/python/3.12.1/lib/python3.12/site-packages/airflow/example_dags/example_display_name.py
[2024-10-20T05:50:07.577+0000] {logging_mixin.py:190} INFO - [2024-10-20T05:50:07.577+0000] {dag.py:3239} INFO - Sync 1 DAGs
[2024-10-20T05:50:07.588+0000] {logging_mixin.py:190} INFO - [2024-10-20T05:50:07.588+0000] {dag.py:4180} INFO - Setting next_dagrun for example_display_name to None, run_after=None
[2024-10-20T05:50:07.676+0000] {processor.py:208} INFO - Processing /usr/local/python/3.12.1/lib/python3.12/site-packages/airflow/example_dags/example_display_name.py took 0.125 seconds
