[2024-10-20T05:44:54.832+0000] {processor.py:186} INFO - Started process (PID=9729) to work on /usr/local/python/3.12.1/lib/python3.12/site-packages/airflow/example_dags/example_inlet_event_extra.py
[2024-10-20T05:44:54.833+0000] {processor.py:914} INFO - Processing file /usr/local/python/3.12.1/lib/python3.12/site-packages/airflow/example_dags/example_inlet_event_extra.py for tasks to queue
[2024-10-20T05:44:54.834+0000] {logging_mixin.py:190} INFO - [2024-10-20T05:44:54.834+0000] {dagbag.py:588} INFO - Filling up the DagBag from /usr/local/python/3.12.1/lib/python3.12/site-packages/airflow/example_dags/example_inlet_event_extra.py
[2024-10-20T05:44:54.844+0000] {processor.py:925} INFO - DAG(s) 'read_dataset_event', 'read_dataset_event_from_classic' retrieved from /usr/local/python/3.12.1/lib/python3.12/site-packages/airflow/example_dags/example_inlet_event_extra.py
[2024-10-20T05:44:54.965+0000] {logging_mixin.py:190} INFO - [2024-10-20T05:44:54.964+0000] {override.py:1900} INFO - Created Permission View: can delete on DAG:read_dataset_event
[2024-10-20T05:44:54.994+0000] {logging_mixin.py:190} INFO - [2024-10-20T05:44:54.994+0000] {override.py:1900} INFO - Created Permission View: can edit on DAG:read_dataset_event
[2024-10-20T05:44:55.017+0000] {logging_mixin.py:190} INFO - [2024-10-20T05:44:55.016+0000] {override.py:1900} INFO - Created Permission View: can read on DAG:read_dataset_event
[2024-10-20T05:44:55.084+0000] {logging_mixin.py:190} INFO - [2024-10-20T05:44:55.084+0000] {override.py:1900} INFO - Created Permission View: can delete on DAG Run:read_dataset_event
[2024-10-20T05:44:55.122+0000] {logging_mixin.py:190} INFO - [2024-10-20T05:44:55.122+0000] {override.py:1900} INFO - Created Permission View: can create on DAG Run:read_dataset_event
[2024-10-20T05:44:55.137+0000] {logging_mixin.py:190} INFO - [2024-10-20T05:44:55.137+0000] {override.py:1900} INFO - Created Permission View: menu access on DAG Run:read_dataset_event
[2024-10-20T05:44:55.157+0000] {logging_mixin.py:190} INFO - [2024-10-20T05:44:55.157+0000] {override.py:1900} INFO - Created Permission View: can read on DAG Run:read_dataset_event
[2024-10-20T05:44:55.201+0000] {logging_mixin.py:190} INFO - [2024-10-20T05:44:55.201+0000] {override.py:1900} INFO - Created Permission View: can delete on DAG:read_dataset_event_from_classic
[2024-10-20T05:44:55.217+0000] {logging_mixin.py:190} INFO - [2024-10-20T05:44:55.217+0000] {override.py:1900} INFO - Created Permission View: can edit on DAG:read_dataset_event_from_classic
[2024-10-20T05:44:55.239+0000] {logging_mixin.py:190} INFO - [2024-10-20T05:44:55.239+0000] {override.py:1900} INFO - Created Permission View: can read on DAG:read_dataset_event_from_classic
[2024-10-20T05:44:55.281+0000] {logging_mixin.py:190} INFO - [2024-10-20T05:44:55.281+0000] {override.py:1900} INFO - Created Permission View: can delete on DAG Run:read_dataset_event_from_classic
[2024-10-20T05:44:55.298+0000] {logging_mixin.py:190} INFO - [2024-10-20T05:44:55.298+0000] {override.py:1900} INFO - Created Permission View: can create on DAG Run:read_dataset_event_from_classic
[2024-10-20T05:44:55.317+0000] {logging_mixin.py:190} INFO - [2024-10-20T05:44:55.317+0000] {override.py:1900} INFO - Created Permission View: menu access on DAG Run:read_dataset_event_from_classic
[2024-10-20T05:44:55.336+0000] {logging_mixin.py:190} INFO - [2024-10-20T05:44:55.336+0000] {override.py:1900} INFO - Created Permission View: can read on DAG Run:read_dataset_event_from_classic
[2024-10-20T05:44:55.337+0000] {logging_mixin.py:190} INFO - [2024-10-20T05:44:55.336+0000] {dag.py:3239} INFO - Sync 2 DAGs
[2024-10-20T05:44:55.345+0000] {logging_mixin.py:190} INFO - [2024-10-20T05:44:55.345+0000] {dag.py:3262} INFO - Creating ORM DAG for read_dataset_event
[2024-10-20T05:44:55.346+0000] {logging_mixin.py:190} INFO - [2024-10-20T05:44:55.345+0000] {dag.py:3262} INFO - Creating ORM DAG for read_dataset_event_from_classic
[2024-10-20T05:44:55.353+0000] {logging_mixin.py:190} INFO - [2024-10-20T05:44:55.353+0000] {dag.py:4180} INFO - Setting next_dagrun for read_dataset_event to 2024-10-19 00:00:00+00:00, run_after=2024-10-20 00:00:00+00:00
[2024-10-20T05:44:55.354+0000] {logging_mixin.py:190} INFO - [2024-10-20T05:44:55.354+0000] {dag.py:4180} INFO - Setting next_dagrun for read_dataset_event_from_classic to 2024-10-19 00:00:00+00:00, run_after=2024-10-20 00:00:00+00:00
[2024-10-20T05:44:55.386+0000] {processor.py:208} INFO - Processing /usr/local/python/3.12.1/lib/python3.12/site-packages/airflow/example_dags/example_inlet_event_extra.py took 0.558 seconds
[2024-10-20T05:45:54.463+0000] {processor.py:186} INFO - Started process (PID=10793) to work on /usr/local/python/3.12.1/lib/python3.12/site-packages/airflow/example_dags/example_inlet_event_extra.py
[2024-10-20T05:45:54.464+0000] {processor.py:914} INFO - Processing file /usr/local/python/3.12.1/lib/python3.12/site-packages/airflow/example_dags/example_inlet_event_extra.py for tasks to queue
[2024-10-20T05:45:54.465+0000] {logging_mixin.py:190} INFO - [2024-10-20T05:45:54.465+0000] {dagbag.py:588} INFO - Filling up the DagBag from /usr/local/python/3.12.1/lib/python3.12/site-packages/airflow/example_dags/example_inlet_event_extra.py
[2024-10-20T05:45:54.475+0000] {processor.py:925} INFO - DAG(s) 'read_dataset_event', 'read_dataset_event_from_classic' retrieved from /usr/local/python/3.12.1/lib/python3.12/site-packages/airflow/example_dags/example_inlet_event_extra.py
[2024-10-20T05:45:54.486+0000] {logging_mixin.py:190} INFO - [2024-10-20T05:45:54.486+0000] {dag.py:3239} INFO - Sync 2 DAGs
[2024-10-20T05:45:54.507+0000] {logging_mixin.py:190} INFO - [2024-10-20T05:45:54.507+0000] {dag.py:4180} INFO - Setting next_dagrun for read_dataset_event to 2024-10-19 00:00:00+00:00, run_after=2024-10-20 00:00:00+00:00
[2024-10-20T05:45:54.510+0000] {logging_mixin.py:190} INFO - [2024-10-20T05:45:54.510+0000] {dag.py:4180} INFO - Setting next_dagrun for read_dataset_event_from_classic to 2024-10-19 00:00:00+00:00, run_after=2024-10-20 00:00:00+00:00
[2024-10-20T05:45:54.552+0000] {processor.py:208} INFO - Processing /usr/local/python/3.12.1/lib/python3.12/site-packages/airflow/example_dags/example_inlet_event_extra.py took 0.092 seconds
[2024-10-20T05:47:09.658+0000] {processor.py:186} INFO - Started process (PID=11380) to work on /usr/local/python/3.12.1/lib/python3.12/site-packages/airflow/example_dags/example_inlet_event_extra.py
[2024-10-20T05:47:09.659+0000] {processor.py:914} INFO - Processing file /usr/local/python/3.12.1/lib/python3.12/site-packages/airflow/example_dags/example_inlet_event_extra.py for tasks to queue
[2024-10-20T05:47:09.660+0000] {logging_mixin.py:190} INFO - [2024-10-20T05:47:09.660+0000] {dagbag.py:588} INFO - Filling up the DagBag from /usr/local/python/3.12.1/lib/python3.12/site-packages/airflow/example_dags/example_inlet_event_extra.py
[2024-10-20T05:47:09.669+0000] {processor.py:925} INFO - DAG(s) 'read_dataset_event_from_classic', 'read_dataset_event' retrieved from /usr/local/python/3.12.1/lib/python3.12/site-packages/airflow/example_dags/example_inlet_event_extra.py
[2024-10-20T05:47:09.681+0000] {logging_mixin.py:190} INFO - [2024-10-20T05:47:09.681+0000] {dag.py:3239} INFO - Sync 2 DAGs
[2024-10-20T05:47:09.698+0000] {logging_mixin.py:190} INFO - [2024-10-20T05:47:09.698+0000] {dag.py:4180} INFO - Setting next_dagrun for read_dataset_event to 2024-10-19 00:00:00+00:00, run_after=2024-10-20 00:00:00+00:00
[2024-10-20T05:47:09.701+0000] {logging_mixin.py:190} INFO - [2024-10-20T05:47:09.701+0000] {dag.py:4180} INFO - Setting next_dagrun for read_dataset_event_from_classic to 2024-10-19 00:00:00+00:00, run_after=2024-10-20 00:00:00+00:00
[2024-10-20T05:47:09.733+0000] {processor.py:208} INFO - Processing /usr/local/python/3.12.1/lib/python3.12/site-packages/airflow/example_dags/example_inlet_event_extra.py took 0.079 seconds
[2024-10-20T05:48:05.649+0000] {processor.py:186} INFO - Started process (PID=11820) to work on /usr/local/python/3.12.1/lib/python3.12/site-packages/airflow/example_dags/example_inlet_event_extra.py
[2024-10-20T05:48:05.650+0000] {processor.py:914} INFO - Processing file /usr/local/python/3.12.1/lib/python3.12/site-packages/airflow/example_dags/example_inlet_event_extra.py for tasks to queue
[2024-10-20T05:48:05.651+0000] {logging_mixin.py:190} INFO - [2024-10-20T05:48:05.651+0000] {dagbag.py:588} INFO - Filling up the DagBag from /usr/local/python/3.12.1/lib/python3.12/site-packages/airflow/example_dags/example_inlet_event_extra.py
[2024-10-20T05:48:05.661+0000] {processor.py:925} INFO - DAG(s) 'read_dataset_event_from_classic', 'read_dataset_event' retrieved from /usr/local/python/3.12.1/lib/python3.12/site-packages/airflow/example_dags/example_inlet_event_extra.py
[2024-10-20T05:48:05.673+0000] {logging_mixin.py:190} INFO - [2024-10-20T05:48:05.673+0000] {dag.py:3239} INFO - Sync 2 DAGs
[2024-10-20T05:48:05.689+0000] {logging_mixin.py:190} INFO - [2024-10-20T05:48:05.689+0000] {dag.py:4180} INFO - Setting next_dagrun for read_dataset_event to 2024-10-19 00:00:00+00:00, run_after=2024-10-20 00:00:00+00:00
[2024-10-20T05:48:05.692+0000] {logging_mixin.py:190} INFO - [2024-10-20T05:48:05.692+0000] {dag.py:4180} INFO - Setting next_dagrun for read_dataset_event_from_classic to 2024-10-19 00:00:00+00:00, run_after=2024-10-20 00:00:00+00:00
[2024-10-20T05:48:05.720+0000] {processor.py:208} INFO - Processing /usr/local/python/3.12.1/lib/python3.12/site-packages/airflow/example_dags/example_inlet_event_extra.py took 0.074 seconds
[2024-10-20T05:49:24.433+0000] {processor.py:186} INFO - Started process (PID=12584) to work on /usr/local/python/3.12.1/lib/python3.12/site-packages/airflow/example_dags/example_inlet_event_extra.py
[2024-10-20T05:49:24.433+0000] {processor.py:914} INFO - Processing file /usr/local/python/3.12.1/lib/python3.12/site-packages/airflow/example_dags/example_inlet_event_extra.py for tasks to queue
[2024-10-20T05:49:24.435+0000] {logging_mixin.py:190} INFO - [2024-10-20T05:49:24.435+0000] {dagbag.py:588} INFO - Filling up the DagBag from /usr/local/python/3.12.1/lib/python3.12/site-packages/airflow/example_dags/example_inlet_event_extra.py
[2024-10-20T05:49:24.445+0000] {processor.py:925} INFO - DAG(s) 'read_dataset_event', 'read_dataset_event_from_classic' retrieved from /usr/local/python/3.12.1/lib/python3.12/site-packages/airflow/example_dags/example_inlet_event_extra.py
[2024-10-20T05:49:24.458+0000] {logging_mixin.py:190} INFO - [2024-10-20T05:49:24.458+0000] {dag.py:3239} INFO - Sync 2 DAGs
[2024-10-20T05:49:24.474+0000] {logging_mixin.py:190} INFO - [2024-10-20T05:49:24.474+0000] {dag.py:4180} INFO - Setting next_dagrun for read_dataset_event to 2024-10-19 00:00:00+00:00, run_after=2024-10-20 00:00:00+00:00
[2024-10-20T05:49:24.478+0000] {logging_mixin.py:190} INFO - [2024-10-20T05:49:24.478+0000] {dag.py:4180} INFO - Setting next_dagrun for read_dataset_event_from_classic to 2024-10-19 00:00:00+00:00, run_after=2024-10-20 00:00:00+00:00
[2024-10-20T05:49:24.511+0000] {processor.py:208} INFO - Processing /usr/local/python/3.12.1/lib/python3.12/site-packages/airflow/example_dags/example_inlet_event_extra.py took 0.083 seconds
[2024-10-20T05:50:22.094+0000] {processor.py:186} INFO - Started process (PID=13233) to work on /usr/local/python/3.12.1/lib/python3.12/site-packages/airflow/example_dags/example_inlet_event_extra.py
[2024-10-20T05:50:22.095+0000] {processor.py:914} INFO - Processing file /usr/local/python/3.12.1/lib/python3.12/site-packages/airflow/example_dags/example_inlet_event_extra.py for tasks to queue
[2024-10-20T05:50:22.096+0000] {logging_mixin.py:190} INFO - [2024-10-20T05:50:22.096+0000] {dagbag.py:588} INFO - Filling up the DagBag from /usr/local/python/3.12.1/lib/python3.12/site-packages/airflow/example_dags/example_inlet_event_extra.py
[2024-10-20T05:50:22.108+0000] {processor.py:925} INFO - DAG(s) 'read_dataset_event_from_classic', 'read_dataset_event' retrieved from /usr/local/python/3.12.1/lib/python3.12/site-packages/airflow/example_dags/example_inlet_event_extra.py
[2024-10-20T05:50:22.122+0000] {logging_mixin.py:190} INFO - [2024-10-20T05:50:22.121+0000] {dag.py:3239} INFO - Sync 2 DAGs
[2024-10-20T05:50:22.139+0000] {logging_mixin.py:190} INFO - [2024-10-20T05:50:22.139+0000] {dag.py:4180} INFO - Setting next_dagrun for read_dataset_event to 2024-10-19 00:00:00+00:00, run_after=2024-10-20 00:00:00+00:00
[2024-10-20T05:50:22.143+0000] {logging_mixin.py:190} INFO - [2024-10-20T05:50:22.142+0000] {dag.py:4180} INFO - Setting next_dagrun for read_dataset_event_from_classic to 2024-10-19 00:00:00+00:00, run_after=2024-10-20 00:00:00+00:00
[2024-10-20T05:50:22.187+0000] {processor.py:208} INFO - Processing /usr/local/python/3.12.1/lib/python3.12/site-packages/airflow/example_dags/example_inlet_event_extra.py took 0.098 seconds
