[2024-10-20T05:44:58.063+0000] {processor.py:186} INFO - Started process (PID=9761) to work on /usr/local/python/3.12.1/lib/python3.12/site-packages/airflow/example_dags/example_bash_operator.py
[2024-10-20T05:44:58.064+0000] {processor.py:914} INFO - Processing file /usr/local/python/3.12.1/lib/python3.12/site-packages/airflow/example_dags/example_bash_operator.py for tasks to queue
[2024-10-20T05:44:58.066+0000] {logging_mixin.py:190} INFO - [2024-10-20T05:44:58.065+0000] {dagbag.py:588} INFO - Filling up the DagBag from /usr/local/python/3.12.1/lib/python3.12/site-packages/airflow/example_dags/example_bash_operator.py
[2024-10-20T05:44:58.077+0000] {processor.py:925} INFO - DAG(s) 'example_bash_operator' retrieved from /usr/local/python/3.12.1/lib/python3.12/site-packages/airflow/example_dags/example_bash_operator.py
[2024-10-20T05:44:58.226+0000] {logging_mixin.py:190} INFO - [2024-10-20T05:44:58.225+0000] {override.py:1900} INFO - Created Permission View: can delete on DAG:example_bash_operator
[2024-10-20T05:44:58.253+0000] {logging_mixin.py:190} INFO - [2024-10-20T05:44:58.253+0000] {override.py:1900} INFO - Created Permission View: can edit on DAG:example_bash_operator
[2024-10-20T05:44:58.281+0000] {logging_mixin.py:190} INFO - [2024-10-20T05:44:58.281+0000] {override.py:1900} INFO - Created Permission View: can read on DAG:example_bash_operator
[2024-10-20T05:44:58.318+0000] {logging_mixin.py:190} INFO - [2024-10-20T05:44:58.318+0000] {override.py:1900} INFO - Created Permission View: can delete on DAG Run:example_bash_operator
[2024-10-20T05:44:58.343+0000] {logging_mixin.py:190} INFO - [2024-10-20T05:44:58.342+0000] {override.py:1900} INFO - Created Permission View: can create on DAG Run:example_bash_operator
[2024-10-20T05:44:58.365+0000] {logging_mixin.py:190} INFO - [2024-10-20T05:44:58.364+0000] {override.py:1900} INFO - Created Permission View: menu access on DAG Run:example_bash_operator
[2024-10-20T05:44:58.396+0000] {logging_mixin.py:190} INFO - [2024-10-20T05:44:58.396+0000] {override.py:1900} INFO - Created Permission View: can read on DAG Run:example_bash_operator
[2024-10-20T05:44:58.397+0000] {logging_mixin.py:190} INFO - [2024-10-20T05:44:58.397+0000] {dag.py:3239} INFO - Sync 1 DAGs
[2024-10-20T05:44:58.408+0000] {logging_mixin.py:190} INFO - [2024-10-20T05:44:58.408+0000] {dag.py:3262} INFO - Creating ORM DAG for example_bash_operator
[2024-10-20T05:44:58.421+0000] {logging_mixin.py:190} INFO - [2024-10-20T05:44:58.421+0000] {dag.py:4180} INFO - Setting next_dagrun for example_bash_operator to 2024-10-19 00:00:00+00:00, run_after=2024-10-20 00:00:00+00:00
[2024-10-20T05:44:58.475+0000] {processor.py:208} INFO - Processing /usr/local/python/3.12.1/lib/python3.12/site-packages/airflow/example_dags/example_bash_operator.py took 0.416 seconds
[2024-10-20T05:45:56.740+0000] {processor.py:186} INFO - Started process (PID=10807) to work on /usr/local/python/3.12.1/lib/python3.12/site-packages/airflow/example_dags/example_bash_operator.py
[2024-10-20T05:45:56.741+0000] {processor.py:914} INFO - Processing file /usr/local/python/3.12.1/lib/python3.12/site-packages/airflow/example_dags/example_bash_operator.py for tasks to queue
[2024-10-20T05:45:56.743+0000] {logging_mixin.py:190} INFO - [2024-10-20T05:45:56.742+0000] {dagbag.py:588} INFO - Filling up the DagBag from /usr/local/python/3.12.1/lib/python3.12/site-packages/airflow/example_dags/example_bash_operator.py
[2024-10-20T05:45:56.753+0000] {processor.py:925} INFO - DAG(s) 'example_bash_operator' retrieved from /usr/local/python/3.12.1/lib/python3.12/site-packages/airflow/example_dags/example_bash_operator.py
[2024-10-20T05:45:56.771+0000] {logging_mixin.py:190} INFO - [2024-10-20T05:45:56.771+0000] {dag.py:3239} INFO - Sync 1 DAGs
[2024-10-20T05:45:56.788+0000] {logging_mixin.py:190} INFO - [2024-10-20T05:45:56.788+0000] {dag.py:4180} INFO - Setting next_dagrun for example_bash_operator to 2024-10-19 00:00:00+00:00, run_after=2024-10-20 00:00:00+00:00
[2024-10-20T05:45:56.831+0000] {processor.py:208} INFO - Processing /usr/local/python/3.12.1/lib/python3.12/site-packages/airflow/example_dags/example_bash_operator.py took 0.100 seconds
[2024-10-20T05:47:11.951+0000] {processor.py:186} INFO - Started process (PID=11394) to work on /usr/local/python/3.12.1/lib/python3.12/site-packages/airflow/example_dags/example_bash_operator.py
[2024-10-20T05:47:11.952+0000] {processor.py:914} INFO - Processing file /usr/local/python/3.12.1/lib/python3.12/site-packages/airflow/example_dags/example_bash_operator.py for tasks to queue
[2024-10-20T05:47:11.954+0000] {logging_mixin.py:190} INFO - [2024-10-20T05:47:11.953+0000] {dagbag.py:588} INFO - Filling up the DagBag from /usr/local/python/3.12.1/lib/python3.12/site-packages/airflow/example_dags/example_bash_operator.py
[2024-10-20T05:47:11.965+0000] {processor.py:925} INFO - DAG(s) 'example_bash_operator' retrieved from /usr/local/python/3.12.1/lib/python3.12/site-packages/airflow/example_dags/example_bash_operator.py
[2024-10-20T05:47:11.983+0000] {logging_mixin.py:190} INFO - [2024-10-20T05:47:11.983+0000] {dag.py:3239} INFO - Sync 1 DAGs
[2024-10-20T05:47:12.002+0000] {logging_mixin.py:190} INFO - [2024-10-20T05:47:12.001+0000] {dag.py:4180} INFO - Setting next_dagrun for example_bash_operator to 2024-10-19 00:00:00+00:00, run_after=2024-10-20 00:00:00+00:00
[2024-10-20T05:47:12.027+0000] {processor.py:208} INFO - Processing /usr/local/python/3.12.1/lib/python3.12/site-packages/airflow/example_dags/example_bash_operator.py took 0.081 seconds
[2024-10-20T05:48:28.597+0000] {processor.py:186} INFO - Started process (PID=12095) to work on /usr/local/python/3.12.1/lib/python3.12/site-packages/airflow/example_dags/example_bash_operator.py
[2024-10-20T05:48:28.597+0000] {processor.py:914} INFO - Processing file /usr/local/python/3.12.1/lib/python3.12/site-packages/airflow/example_dags/example_bash_operator.py for tasks to queue
[2024-10-20T05:48:28.599+0000] {logging_mixin.py:190} INFO - [2024-10-20T05:48:28.598+0000] {dagbag.py:588} INFO - Filling up the DagBag from /usr/local/python/3.12.1/lib/python3.12/site-packages/airflow/example_dags/example_bash_operator.py
[2024-10-20T05:48:28.609+0000] {processor.py:925} INFO - DAG(s) 'example_bash_operator' retrieved from /usr/local/python/3.12.1/lib/python3.12/site-packages/airflow/example_dags/example_bash_operator.py
[2024-10-20T05:48:28.632+0000] {logging_mixin.py:190} INFO - [2024-10-20T05:48:28.632+0000] {dag.py:3239} INFO - Sync 1 DAGs
[2024-10-20T05:48:28.648+0000] {logging_mixin.py:190} INFO - [2024-10-20T05:48:28.648+0000] {dag.py:4180} INFO - Setting next_dagrun for example_bash_operator to 2024-10-19 00:00:00+00:00, run_after=2024-10-20 00:00:00+00:00
[2024-10-20T05:48:28.684+0000] {processor.py:208} INFO - Processing /usr/local/python/3.12.1/lib/python3.12/site-packages/airflow/example_dags/example_bash_operator.py took 0.091 seconds
[2024-10-20T05:49:50.979+0000] {processor.py:186} INFO - Started process (PID=12764) to work on /usr/local/python/3.12.1/lib/python3.12/site-packages/airflow/example_dags/example_bash_operator.py
[2024-10-20T05:49:50.980+0000] {processor.py:914} INFO - Processing file /usr/local/python/3.12.1/lib/python3.12/site-packages/airflow/example_dags/example_bash_operator.py for tasks to queue
[2024-10-20T05:49:50.981+0000] {logging_mixin.py:190} INFO - [2024-10-20T05:49:50.981+0000] {dagbag.py:588} INFO - Filling up the DagBag from /usr/local/python/3.12.1/lib/python3.12/site-packages/airflow/example_dags/example_bash_operator.py
[2024-10-20T05:49:50.991+0000] {processor.py:925} INFO - DAG(s) 'example_bash_operator' retrieved from /usr/local/python/3.12.1/lib/python3.12/site-packages/airflow/example_dags/example_bash_operator.py
[2024-10-20T05:49:51.008+0000] {logging_mixin.py:190} INFO - [2024-10-20T05:49:51.008+0000] {dag.py:3239} INFO - Sync 1 DAGs
[2024-10-20T05:49:51.024+0000] {logging_mixin.py:190} INFO - [2024-10-20T05:49:51.024+0000] {dag.py:4180} INFO - Setting next_dagrun for example_bash_operator to 2024-10-19 00:00:00+00:00, run_after=2024-10-20 00:00:00+00:00
[2024-10-20T05:49:51.164+0000] {processor.py:208} INFO - Processing /usr/local/python/3.12.1/lib/python3.12/site-packages/airflow/example_dags/example_bash_operator.py took 0.189 seconds
