[2024-10-20T05:44:14.657+0000] {processor.py:186} INFO - Started process (PID=9147) to work on /usr/local/python/3.12.1/lib/python3.12/site-packages/airflow/example_dags/example_trigger_controller_dag.py
[2024-10-20T05:44:14.658+0000] {processor.py:914} INFO - Processing file /usr/local/python/3.12.1/lib/python3.12/site-packages/airflow/example_dags/example_trigger_controller_dag.py for tasks to queue
[2024-10-20T05:44:14.659+0000] {logging_mixin.py:190} INFO - [2024-10-20T05:44:14.659+0000] {dagbag.py:588} INFO - Filling up the DagBag from /usr/local/python/3.12.1/lib/python3.12/site-packages/airflow/example_dags/example_trigger_controller_dag.py
[2024-10-20T05:44:14.664+0000] {processor.py:925} INFO - DAG(s) 'example_trigger_controller_dag' retrieved from /usr/local/python/3.12.1/lib/python3.12/site-packages/airflow/example_dags/example_trigger_controller_dag.py
[2024-10-20T05:44:14.804+0000] {logging_mixin.py:190} INFO - [2024-10-20T05:44:14.804+0000] {override.py:1900} INFO - Created Permission View: can delete on DAG:example_trigger_controller_dag
[2024-10-20T05:44:14.834+0000] {logging_mixin.py:190} INFO - [2024-10-20T05:44:14.833+0000] {override.py:1900} INFO - Created Permission View: can edit on DAG:example_trigger_controller_dag
[2024-10-20T05:44:14.858+0000] {logging_mixin.py:190} INFO - [2024-10-20T05:44:14.857+0000] {override.py:1900} INFO - Created Permission View: can read on DAG:example_trigger_controller_dag
[2024-10-20T05:44:14.903+0000] {logging_mixin.py:190} INFO - [2024-10-20T05:44:14.902+0000] {override.py:1900} INFO - Created Permission View: can delete on DAG Run:example_trigger_controller_dag
[2024-10-20T05:44:14.943+0000] {logging_mixin.py:190} INFO - [2024-10-20T05:44:14.942+0000] {override.py:1900} INFO - Created Permission View: can create on DAG Run:example_trigger_controller_dag
[2024-10-20T05:44:14.971+0000] {logging_mixin.py:190} INFO - [2024-10-20T05:44:14.970+0000] {override.py:1900} INFO - Created Permission View: menu access on DAG Run:example_trigger_controller_dag
[2024-10-20T05:44:14.998+0000] {logging_mixin.py:190} INFO - [2024-10-20T05:44:14.997+0000] {override.py:1900} INFO - Created Permission View: can read on DAG Run:example_trigger_controller_dag
[2024-10-20T05:44:14.998+0000] {logging_mixin.py:190} INFO - [2024-10-20T05:44:14.998+0000] {dag.py:3239} INFO - Sync 1 DAGs
[2024-10-20T05:44:15.014+0000] {logging_mixin.py:190} INFO - [2024-10-20T05:44:15.014+0000] {dag.py:3262} INFO - Creating ORM DAG for example_trigger_controller_dag
[2024-10-20T05:44:15.027+0000] {logging_mixin.py:190} INFO - [2024-10-20T05:44:15.027+0000] {dag.py:4180} INFO - Setting next_dagrun for example_trigger_controller_dag to 2021-01-01 00:00:00+00:00, run_after=2021-01-01 00:00:00+00:00
[2024-10-20T05:44:15.064+0000] {processor.py:208} INFO - Processing /usr/local/python/3.12.1/lib/python3.12/site-packages/airflow/example_dags/example_trigger_controller_dag.py took 0.412 seconds
[2024-10-20T05:45:22.322+0000] {processor.py:186} INFO - Started process (PID=10400) to work on /usr/local/python/3.12.1/lib/python3.12/site-packages/airflow/example_dags/example_trigger_controller_dag.py
[2024-10-20T05:45:22.323+0000] {processor.py:914} INFO - Processing file /usr/local/python/3.12.1/lib/python3.12/site-packages/airflow/example_dags/example_trigger_controller_dag.py for tasks to queue
[2024-10-20T05:45:22.324+0000] {logging_mixin.py:190} INFO - [2024-10-20T05:45:22.324+0000] {dagbag.py:588} INFO - Filling up the DagBag from /usr/local/python/3.12.1/lib/python3.12/site-packages/airflow/example_dags/example_trigger_controller_dag.py
[2024-10-20T05:45:22.329+0000] {processor.py:925} INFO - DAG(s) 'example_trigger_controller_dag' retrieved from /usr/local/python/3.12.1/lib/python3.12/site-packages/airflow/example_dags/example_trigger_controller_dag.py
[2024-10-20T05:45:22.340+0000] {logging_mixin.py:190} INFO - [2024-10-20T05:45:22.339+0000] {dag.py:3239} INFO - Sync 1 DAGs
[2024-10-20T05:45:22.355+0000] {logging_mixin.py:190} INFO - [2024-10-20T05:45:22.355+0000] {dag.py:4180} INFO - Setting next_dagrun for example_trigger_controller_dag to 2021-01-01 00:00:00+00:00, run_after=2021-01-01 00:00:00+00:00
[2024-10-20T05:45:22.393+0000] {processor.py:208} INFO - Processing /usr/local/python/3.12.1/lib/python3.12/site-packages/airflow/example_dags/example_trigger_controller_dag.py took 0.075 seconds
[2024-10-20T05:46:17.489+0000] {processor.py:186} INFO - Started process (PID=10948) to work on /usr/local/python/3.12.1/lib/python3.12/site-packages/airflow/example_dags/example_trigger_controller_dag.py
[2024-10-20T05:46:17.489+0000] {processor.py:914} INFO - Processing file /usr/local/python/3.12.1/lib/python3.12/site-packages/airflow/example_dags/example_trigger_controller_dag.py for tasks to queue
[2024-10-20T05:46:17.491+0000] {logging_mixin.py:190} INFO - [2024-10-20T05:46:17.490+0000] {dagbag.py:588} INFO - Filling up the DagBag from /usr/local/python/3.12.1/lib/python3.12/site-packages/airflow/example_dags/example_trigger_controller_dag.py
[2024-10-20T05:46:17.496+0000] {processor.py:925} INFO - DAG(s) 'example_trigger_controller_dag' retrieved from /usr/local/python/3.12.1/lib/python3.12/site-packages/airflow/example_dags/example_trigger_controller_dag.py
[2024-10-20T05:46:17.506+0000] {logging_mixin.py:190} INFO - [2024-10-20T05:46:17.506+0000] {dag.py:3239} INFO - Sync 1 DAGs
[2024-10-20T05:46:17.521+0000] {logging_mixin.py:190} INFO - [2024-10-20T05:46:17.521+0000] {dag.py:4180} INFO - Setting next_dagrun for example_trigger_controller_dag to 2021-01-01 00:00:00+00:00, run_after=2021-01-01 00:00:00+00:00
[2024-10-20T05:46:17.580+0000] {processor.py:208} INFO - Processing /usr/local/python/3.12.1/lib/python3.12/site-packages/airflow/example_dags/example_trigger_controller_dag.py took 0.095 seconds
[2024-10-20T05:47:05.658+0000] {processor.py:186} INFO - Started process (PID=11346) to work on /usr/local/python/3.12.1/lib/python3.12/site-packages/airflow/example_dags/example_trigger_controller_dag.py
[2024-10-20T05:47:05.659+0000] {processor.py:914} INFO - Processing file /usr/local/python/3.12.1/lib/python3.12/site-packages/airflow/example_dags/example_trigger_controller_dag.py for tasks to queue
[2024-10-20T05:47:05.660+0000] {logging_mixin.py:190} INFO - [2024-10-20T05:47:05.660+0000] {dagbag.py:588} INFO - Filling up the DagBag from /usr/local/python/3.12.1/lib/python3.12/site-packages/airflow/example_dags/example_trigger_controller_dag.py
[2024-10-20T05:47:05.665+0000] {processor.py:925} INFO - DAG(s) 'example_trigger_controller_dag' retrieved from /usr/local/python/3.12.1/lib/python3.12/site-packages/airflow/example_dags/example_trigger_controller_dag.py
[2024-10-20T05:47:05.675+0000] {logging_mixin.py:190} INFO - [2024-10-20T05:47:05.675+0000] {dag.py:3239} INFO - Sync 1 DAGs
[2024-10-20T05:47:05.690+0000] {logging_mixin.py:190} INFO - [2024-10-20T05:47:05.690+0000] {dag.py:4180} INFO - Setting next_dagrun for example_trigger_controller_dag to 2021-01-01 00:00:00+00:00, run_after=2021-01-01 00:00:00+00:00
[2024-10-20T05:47:05.718+0000] {processor.py:208} INFO - Processing /usr/local/python/3.12.1/lib/python3.12/site-packages/airflow/example_dags/example_trigger_controller_dag.py took 0.064 seconds
[2024-10-20T05:47:57.691+0000] {processor.py:186} INFO - Started process (PID=11758) to work on /usr/local/python/3.12.1/lib/python3.12/site-packages/airflow/example_dags/example_trigger_controller_dag.py
[2024-10-20T05:47:57.692+0000] {processor.py:914} INFO - Processing file /usr/local/python/3.12.1/lib/python3.12/site-packages/airflow/example_dags/example_trigger_controller_dag.py for tasks to queue
[2024-10-20T05:47:57.693+0000] {logging_mixin.py:190} INFO - [2024-10-20T05:47:57.693+0000] {dagbag.py:588} INFO - Filling up the DagBag from /usr/local/python/3.12.1/lib/python3.12/site-packages/airflow/example_dags/example_trigger_controller_dag.py
[2024-10-20T05:47:57.698+0000] {processor.py:925} INFO - DAG(s) 'example_trigger_controller_dag' retrieved from /usr/local/python/3.12.1/lib/python3.12/site-packages/airflow/example_dags/example_trigger_controller_dag.py
[2024-10-20T05:47:57.709+0000] {logging_mixin.py:190} INFO - [2024-10-20T05:47:57.708+0000] {dag.py:3239} INFO - Sync 1 DAGs
[2024-10-20T05:47:57.723+0000] {logging_mixin.py:190} INFO - [2024-10-20T05:47:57.723+0000] {dag.py:4180} INFO - Setting next_dagrun for example_trigger_controller_dag to 2021-01-01 00:00:00+00:00, run_after=2021-01-01 00:00:00+00:00
[2024-10-20T05:47:57.759+0000] {processor.py:208} INFO - Processing /usr/local/python/3.12.1/lib/python3.12/site-packages/airflow/example_dags/example_trigger_controller_dag.py took 0.072 seconds
[2024-10-20T05:48:49.264+0000] {processor.py:186} INFO - Started process (PID=12261) to work on /usr/local/python/3.12.1/lib/python3.12/site-packages/airflow/example_dags/example_trigger_controller_dag.py
[2024-10-20T05:48:49.265+0000] {processor.py:914} INFO - Processing file /usr/local/python/3.12.1/lib/python3.12/site-packages/airflow/example_dags/example_trigger_controller_dag.py for tasks to queue
[2024-10-20T05:48:49.266+0000] {logging_mixin.py:190} INFO - [2024-10-20T05:48:49.266+0000] {dagbag.py:588} INFO - Filling up the DagBag from /usr/local/python/3.12.1/lib/python3.12/site-packages/airflow/example_dags/example_trigger_controller_dag.py
[2024-10-20T05:48:49.271+0000] {processor.py:925} INFO - DAG(s) 'example_trigger_controller_dag' retrieved from /usr/local/python/3.12.1/lib/python3.12/site-packages/airflow/example_dags/example_trigger_controller_dag.py
[2024-10-20T05:48:49.281+0000] {logging_mixin.py:190} INFO - [2024-10-20T05:48:49.281+0000] {dag.py:3239} INFO - Sync 1 DAGs
[2024-10-20T05:48:49.296+0000] {logging_mixin.py:190} INFO - [2024-10-20T05:48:49.295+0000] {dag.py:4180} INFO - Setting next_dagrun for example_trigger_controller_dag to 2021-01-01 00:00:00+00:00, run_after=2021-01-01 00:00:00+00:00
[2024-10-20T05:48:49.336+0000] {processor.py:208} INFO - Processing /usr/local/python/3.12.1/lib/python3.12/site-packages/airflow/example_dags/example_trigger_controller_dag.py took 0.075 seconds
[2024-10-20T05:49:44.656+0000] {processor.py:186} INFO - Started process (PID=12728) to work on /usr/local/python/3.12.1/lib/python3.12/site-packages/airflow/example_dags/example_trigger_controller_dag.py
[2024-10-20T05:49:44.657+0000] {processor.py:914} INFO - Processing file /usr/local/python/3.12.1/lib/python3.12/site-packages/airflow/example_dags/example_trigger_controller_dag.py for tasks to queue
[2024-10-20T05:49:44.658+0000] {logging_mixin.py:190} INFO - [2024-10-20T05:49:44.658+0000] {dagbag.py:588} INFO - Filling up the DagBag from /usr/local/python/3.12.1/lib/python3.12/site-packages/airflow/example_dags/example_trigger_controller_dag.py
[2024-10-20T05:49:44.663+0000] {processor.py:925} INFO - DAG(s) 'example_trigger_controller_dag' retrieved from /usr/local/python/3.12.1/lib/python3.12/site-packages/airflow/example_dags/example_trigger_controller_dag.py
[2024-10-20T05:49:44.675+0000] {logging_mixin.py:190} INFO - [2024-10-20T05:49:44.675+0000] {dag.py:3239} INFO - Sync 1 DAGs
[2024-10-20T05:49:44.690+0000] {logging_mixin.py:190} INFO - [2024-10-20T05:49:44.690+0000] {dag.py:4180} INFO - Setting next_dagrun for example_trigger_controller_dag to 2021-01-01 00:00:00+00:00, run_after=2021-01-01 00:00:00+00:00
[2024-10-20T05:49:44.766+0000] {processor.py:208} INFO - Processing /usr/local/python/3.12.1/lib/python3.12/site-packages/airflow/example_dags/example_trigger_controller_dag.py took 0.115 seconds
