[2024-10-20T05:44:16.438+0000] {processor.py:186} INFO - Started process (PID=9178) to work on /usr/local/python/3.12.1/lib/python3.12/site-packages/airflow/example_dags/tutorial_taskflow_api_virtualenv.py
[2024-10-20T05:44:16.439+0000] {processor.py:914} INFO - Processing file /usr/local/python/3.12.1/lib/python3.12/site-packages/airflow/example_dags/tutorial_taskflow_api_virtualenv.py for tasks to queue
[2024-10-20T05:44:16.440+0000] {logging_mixin.py:190} INFO - [2024-10-20T05:44:16.440+0000] {dagbag.py:588} INFO - Filling up the DagBag from /usr/local/python/3.12.1/lib/python3.12/site-packages/airflow/example_dags/tutorial_taskflow_api_virtualenv.py
[2024-10-20T05:44:16.469+0000] {processor.py:925} INFO - DAG(s) 'tutorial_taskflow_api_virtualenv' retrieved from /usr/local/python/3.12.1/lib/python3.12/site-packages/airflow/example_dags/tutorial_taskflow_api_virtualenv.py
[2024-10-20T05:44:16.609+0000] {logging_mixin.py:190} INFO - [2024-10-20T05:44:16.608+0000] {override.py:1900} INFO - Created Permission View: can delete on DAG:tutorial_taskflow_api_virtualenv
[2024-10-20T05:44:16.656+0000] {logging_mixin.py:190} INFO - [2024-10-20T05:44:16.656+0000] {override.py:1900} INFO - Created Permission View: can edit on DAG:tutorial_taskflow_api_virtualenv
[2024-10-20T05:44:16.676+0000] {logging_mixin.py:190} INFO - [2024-10-20T05:44:16.676+0000] {override.py:1900} INFO - Created Permission View: can read on DAG:tutorial_taskflow_api_virtualenv
[2024-10-20T05:44:16.722+0000] {logging_mixin.py:190} INFO - [2024-10-20T05:44:16.722+0000] {override.py:1900} INFO - Created Permission View: can delete on DAG Run:tutorial_taskflow_api_virtualenv
[2024-10-20T05:44:16.744+0000] {logging_mixin.py:190} INFO - [2024-10-20T05:44:16.744+0000] {override.py:1900} INFO - Created Permission View: can create on DAG Run:tutorial_taskflow_api_virtualenv
[2024-10-20T05:44:16.771+0000] {logging_mixin.py:190} INFO - [2024-10-20T05:44:16.770+0000] {override.py:1900} INFO - Created Permission View: menu access on DAG Run:tutorial_taskflow_api_virtualenv
[2024-10-20T05:44:16.790+0000] {logging_mixin.py:190} INFO - [2024-10-20T05:44:16.790+0000] {override.py:1900} INFO - Created Permission View: can read on DAG Run:tutorial_taskflow_api_virtualenv
[2024-10-20T05:44:16.791+0000] {logging_mixin.py:190} INFO - [2024-10-20T05:44:16.791+0000] {dag.py:3239} INFO - Sync 1 DAGs
[2024-10-20T05:44:16.800+0000] {logging_mixin.py:190} INFO - [2024-10-20T05:44:16.800+0000] {dag.py:3262} INFO - Creating ORM DAG for tutorial_taskflow_api_virtualenv
[2024-10-20T05:44:16.801+0000] {logging_mixin.py:190} INFO - [2024-10-20T05:44:16.801+0000] {dag.py:4180} INFO - Setting next_dagrun for tutorial_taskflow_api_virtualenv to None, run_after=None
[2024-10-20T05:44:16.845+0000] {processor.py:208} INFO - Processing /usr/local/python/3.12.1/lib/python3.12/site-packages/airflow/example_dags/tutorial_taskflow_api_virtualenv.py took 0.416 seconds
[2024-10-20T05:45:24.613+0000] {processor.py:186} INFO - Started process (PID=10440) to work on /usr/local/python/3.12.1/lib/python3.12/site-packages/airflow/example_dags/tutorial_taskflow_api_virtualenv.py
[2024-10-20T05:45:24.613+0000] {processor.py:914} INFO - Processing file /usr/local/python/3.12.1/lib/python3.12/site-packages/airflow/example_dags/tutorial_taskflow_api_virtualenv.py for tasks to queue
[2024-10-20T05:45:24.615+0000] {logging_mixin.py:190} INFO - [2024-10-20T05:45:24.615+0000] {dagbag.py:588} INFO - Filling up the DagBag from /usr/local/python/3.12.1/lib/python3.12/site-packages/airflow/example_dags/tutorial_taskflow_api_virtualenv.py
[2024-10-20T05:45:24.624+0000] {processor.py:925} INFO - DAG(s) 'tutorial_taskflow_api_virtualenv' retrieved from /usr/local/python/3.12.1/lib/python3.12/site-packages/airflow/example_dags/tutorial_taskflow_api_virtualenv.py
[2024-10-20T05:45:24.635+0000] {logging_mixin.py:190} INFO - [2024-10-20T05:45:24.635+0000] {dag.py:3239} INFO - Sync 1 DAGs
[2024-10-20T05:45:24.645+0000] {logging_mixin.py:190} INFO - [2024-10-20T05:45:24.645+0000] {dag.py:4180} INFO - Setting next_dagrun for tutorial_taskflow_api_virtualenv to None, run_after=None
[2024-10-20T05:45:24.686+0000] {processor.py:208} INFO - Processing /usr/local/python/3.12.1/lib/python3.12/site-packages/airflow/example_dags/tutorial_taskflow_api_virtualenv.py took 0.077 seconds
[2024-10-20T05:46:18.526+0000] {processor.py:186} INFO - Started process (PID=10973) to work on /usr/local/python/3.12.1/lib/python3.12/site-packages/airflow/example_dags/tutorial_taskflow_api_virtualenv.py
[2024-10-20T05:46:18.527+0000] {processor.py:914} INFO - Processing file /usr/local/python/3.12.1/lib/python3.12/site-packages/airflow/example_dags/tutorial_taskflow_api_virtualenv.py for tasks to queue
[2024-10-20T05:46:18.529+0000] {logging_mixin.py:190} INFO - [2024-10-20T05:46:18.528+0000] {dagbag.py:588} INFO - Filling up the DagBag from /usr/local/python/3.12.1/lib/python3.12/site-packages/airflow/example_dags/tutorial_taskflow_api_virtualenv.py
[2024-10-20T05:46:18.537+0000] {processor.py:925} INFO - DAG(s) 'tutorial_taskflow_api_virtualenv' retrieved from /usr/local/python/3.12.1/lib/python3.12/site-packages/airflow/example_dags/tutorial_taskflow_api_virtualenv.py
[2024-10-20T05:46:18.548+0000] {logging_mixin.py:190} INFO - [2024-10-20T05:46:18.548+0000] {dag.py:3239} INFO - Sync 1 DAGs
[2024-10-20T05:46:18.557+0000] {logging_mixin.py:190} INFO - [2024-10-20T05:46:18.557+0000] {dag.py:4180} INFO - Setting next_dagrun for tutorial_taskflow_api_virtualenv to None, run_after=None
[2024-10-20T05:46:18.584+0000] {processor.py:208} INFO - Processing /usr/local/python/3.12.1/lib/python3.12/site-packages/airflow/example_dags/tutorial_taskflow_api_virtualenv.py took 0.062 seconds
[2024-10-20T05:47:07.923+0000] {processor.py:186} INFO - Started process (PID=11354) to work on /usr/local/python/3.12.1/lib/python3.12/site-packages/airflow/example_dags/tutorial_taskflow_api_virtualenv.py
[2024-10-20T05:47:07.924+0000] {processor.py:914} INFO - Processing file /usr/local/python/3.12.1/lib/python3.12/site-packages/airflow/example_dags/tutorial_taskflow_api_virtualenv.py for tasks to queue
[2024-10-20T05:47:07.926+0000] {logging_mixin.py:190} INFO - [2024-10-20T05:47:07.925+0000] {dagbag.py:588} INFO - Filling up the DagBag from /usr/local/python/3.12.1/lib/python3.12/site-packages/airflow/example_dags/tutorial_taskflow_api_virtualenv.py
[2024-10-20T05:47:07.934+0000] {processor.py:925} INFO - DAG(s) 'tutorial_taskflow_api_virtualenv' retrieved from /usr/local/python/3.12.1/lib/python3.12/site-packages/airflow/example_dags/tutorial_taskflow_api_virtualenv.py
[2024-10-20T05:47:07.945+0000] {logging_mixin.py:190} INFO - [2024-10-20T05:47:07.945+0000] {dag.py:3239} INFO - Sync 1 DAGs
[2024-10-20T05:47:07.954+0000] {logging_mixin.py:190} INFO - [2024-10-20T05:47:07.954+0000] {dag.py:4180} INFO - Setting next_dagrun for tutorial_taskflow_api_virtualenv to None, run_after=None
[2024-10-20T05:47:07.983+0000] {processor.py:208} INFO - Processing /usr/local/python/3.12.1/lib/python3.12/site-packages/airflow/example_dags/tutorial_taskflow_api_virtualenv.py took 0.063 seconds
[2024-10-20T05:47:59.964+0000] {processor.py:186} INFO - Started process (PID=11790) to work on /usr/local/python/3.12.1/lib/python3.12/site-packages/airflow/example_dags/tutorial_taskflow_api_virtualenv.py
[2024-10-20T05:47:59.965+0000] {processor.py:914} INFO - Processing file /usr/local/python/3.12.1/lib/python3.12/site-packages/airflow/example_dags/tutorial_taskflow_api_virtualenv.py for tasks to queue
[2024-10-20T05:47:59.967+0000] {logging_mixin.py:190} INFO - [2024-10-20T05:47:59.966+0000] {dagbag.py:588} INFO - Filling up the DagBag from /usr/local/python/3.12.1/lib/python3.12/site-packages/airflow/example_dags/tutorial_taskflow_api_virtualenv.py
[2024-10-20T05:47:59.977+0000] {processor.py:925} INFO - DAG(s) 'tutorial_taskflow_api_virtualenv' retrieved from /usr/local/python/3.12.1/lib/python3.12/site-packages/airflow/example_dags/tutorial_taskflow_api_virtualenv.py
[2024-10-20T05:47:59.990+0000] {logging_mixin.py:190} INFO - [2024-10-20T05:47:59.989+0000] {dag.py:3239} INFO - Sync 1 DAGs
[2024-10-20T05:48:00.000+0000] {logging_mixin.py:190} INFO - [2024-10-20T05:48:00.000+0000] {dag.py:4180} INFO - Setting next_dagrun for tutorial_taskflow_api_virtualenv to None, run_after=None
[2024-10-20T05:48:00.037+0000] {processor.py:208} INFO - Processing /usr/local/python/3.12.1/lib/python3.12/site-packages/airflow/example_dags/tutorial_taskflow_api_virtualenv.py took 0.077 seconds
[2024-10-20T05:48:51.189+0000] {processor.py:186} INFO - Started process (PID=12287) to work on /usr/local/python/3.12.1/lib/python3.12/site-packages/airflow/example_dags/tutorial_taskflow_api_virtualenv.py
[2024-10-20T05:48:51.189+0000] {processor.py:914} INFO - Processing file /usr/local/python/3.12.1/lib/python3.12/site-packages/airflow/example_dags/tutorial_taskflow_api_virtualenv.py for tasks to queue
[2024-10-20T05:48:51.191+0000] {logging_mixin.py:190} INFO - [2024-10-20T05:48:51.190+0000] {dagbag.py:588} INFO - Filling up the DagBag from /usr/local/python/3.12.1/lib/python3.12/site-packages/airflow/example_dags/tutorial_taskflow_api_virtualenv.py
[2024-10-20T05:48:51.199+0000] {processor.py:925} INFO - DAG(s) 'tutorial_taskflow_api_virtualenv' retrieved from /usr/local/python/3.12.1/lib/python3.12/site-packages/airflow/example_dags/tutorial_taskflow_api_virtualenv.py
[2024-10-20T05:48:51.210+0000] {logging_mixin.py:190} INFO - [2024-10-20T05:48:51.210+0000] {dag.py:3239} INFO - Sync 1 DAGs
[2024-10-20T05:48:51.219+0000] {logging_mixin.py:190} INFO - [2024-10-20T05:48:51.219+0000] {dag.py:4180} INFO - Setting next_dagrun for tutorial_taskflow_api_virtualenv to None, run_after=None
[2024-10-20T05:48:51.256+0000] {processor.py:208} INFO - Processing /usr/local/python/3.12.1/lib/python3.12/site-packages/airflow/example_dags/tutorial_taskflow_api_virtualenv.py took 0.071 seconds
[2024-10-20T05:49:46.471+0000] {processor.py:186} INFO - Started process (PID=12736) to work on /usr/local/python/3.12.1/lib/python3.12/site-packages/airflow/example_dags/tutorial_taskflow_api_virtualenv.py
[2024-10-20T05:49:46.472+0000] {processor.py:914} INFO - Processing file /usr/local/python/3.12.1/lib/python3.12/site-packages/airflow/example_dags/tutorial_taskflow_api_virtualenv.py for tasks to queue
[2024-10-20T05:49:46.473+0000] {logging_mixin.py:190} INFO - [2024-10-20T05:49:46.473+0000] {dagbag.py:588} INFO - Filling up the DagBag from /usr/local/python/3.12.1/lib/python3.12/site-packages/airflow/example_dags/tutorial_taskflow_api_virtualenv.py
[2024-10-20T05:49:46.483+0000] {processor.py:925} INFO - DAG(s) 'tutorial_taskflow_api_virtualenv' retrieved from /usr/local/python/3.12.1/lib/python3.12/site-packages/airflow/example_dags/tutorial_taskflow_api_virtualenv.py
[2024-10-20T05:49:46.495+0000] {logging_mixin.py:190} INFO - [2024-10-20T05:49:46.495+0000] {dag.py:3239} INFO - Sync 1 DAGs
[2024-10-20T05:49:46.505+0000] {logging_mixin.py:190} INFO - [2024-10-20T05:49:46.505+0000] {dag.py:4180} INFO - Setting next_dagrun for tutorial_taskflow_api_virtualenv to None, run_after=None
[2024-10-20T05:49:46.608+0000] {processor.py:208} INFO - Processing /usr/local/python/3.12.1/lib/python3.12/site-packages/airflow/example_dags/tutorial_taskflow_api_virtualenv.py took 0.141 seconds
[2024-10-20T05:50:46.581+0000] {processor.py:186} INFO - Started process (PID=13477) to work on /usr/local/python/3.12.1/lib/python3.12/site-packages/airflow/example_dags/tutorial_taskflow_api_virtualenv.py
[2024-10-20T05:50:46.582+0000] {processor.py:914} INFO - Processing file /usr/local/python/3.12.1/lib/python3.12/site-packages/airflow/example_dags/tutorial_taskflow_api_virtualenv.py for tasks to queue
[2024-10-20T05:50:46.584+0000] {logging_mixin.py:190} INFO - [2024-10-20T05:50:46.583+0000] {dagbag.py:588} INFO - Filling up the DagBag from /usr/local/python/3.12.1/lib/python3.12/site-packages/airflow/example_dags/tutorial_taskflow_api_virtualenv.py
[2024-10-20T05:50:46.601+0000] {processor.py:925} INFO - DAG(s) 'tutorial_taskflow_api_virtualenv' retrieved from /usr/local/python/3.12.1/lib/python3.12/site-packages/airflow/example_dags/tutorial_taskflow_api_virtualenv.py
[2024-10-20T05:50:46.614+0000] {logging_mixin.py:190} INFO - [2024-10-20T05:50:46.614+0000] {dag.py:3239} INFO - Sync 1 DAGs
[2024-10-20T05:50:46.625+0000] {logging_mixin.py:190} INFO - [2024-10-20T05:50:46.625+0000] {dag.py:4180} INFO - Setting next_dagrun for tutorial_taskflow_api_virtualenv to None, run_after=None
[2024-10-20T05:50:47.237+0000] {processor.py:208} INFO - Processing /usr/local/python/3.12.1/lib/python3.12/site-packages/airflow/example_dags/tutorial_taskflow_api_virtualenv.py took 0.661 seconds
