[2024-10-20T05:43:47.779+0000] {processor.py:186} INFO - Started process (PID=8899) to work on /usr/local/python/3.12.1/lib/python3.12/site-packages/airflow/example_dags/tutorial_dag.py
[2024-10-20T05:43:47.780+0000] {processor.py:914} INFO - Processing file /usr/local/python/3.12.1/lib/python3.12/site-packages/airflow/example_dags/tutorial_dag.py for tasks to queue
[2024-10-20T05:43:47.782+0000] {logging_mixin.py:190} INFO - [2024-10-20T05:43:47.781+0000] {dagbag.py:588} INFO - Filling up the DagBag from /usr/local/python/3.12.1/lib/python3.12/site-packages/airflow/example_dags/tutorial_dag.py
[2024-10-20T05:43:47.788+0000] {processor.py:925} INFO - DAG(s) 'tutorial_dag' retrieved from /usr/local/python/3.12.1/lib/python3.12/site-packages/airflow/example_dags/tutorial_dag.py
[2024-10-20T05:43:47.931+0000] {logging_mixin.py:190} INFO - [2024-10-20T05:43:47.930+0000] {override.py:1900} INFO - Created Permission View: can delete on DAG:tutorial_dag
[2024-10-20T05:43:47.962+0000] {logging_mixin.py:190} INFO - [2024-10-20T05:43:47.961+0000] {override.py:1900} INFO - Created Permission View: can edit on DAG:tutorial_dag
[2024-10-20T05:43:47.997+0000] {logging_mixin.py:190} INFO - [2024-10-20T05:43:47.996+0000] {override.py:1900} INFO - Created Permission View: can read on DAG:tutorial_dag
[2024-10-20T05:43:48.040+0000] {logging_mixin.py:190} INFO - [2024-10-20T05:43:48.040+0000] {override.py:1900} INFO - Created Permission View: can delete on DAG Run:tutorial_dag
[2024-10-20T05:43:48.069+0000] {logging_mixin.py:190} INFO - [2024-10-20T05:43:48.069+0000] {override.py:1900} INFO - Created Permission View: can create on DAG Run:tutorial_dag
[2024-10-20T05:43:48.102+0000] {logging_mixin.py:190} INFO - [2024-10-20T05:43:48.101+0000] {override.py:1900} INFO - Created Permission View: menu access on DAG Run:tutorial_dag
[2024-10-20T05:43:48.125+0000] {logging_mixin.py:190} INFO - [2024-10-20T05:43:48.124+0000] {override.py:1900} INFO - Created Permission View: can read on DAG Run:tutorial_dag
[2024-10-20T05:43:48.125+0000] {logging_mixin.py:190} INFO - [2024-10-20T05:43:48.125+0000] {dag.py:3239} INFO - Sync 1 DAGs
[2024-10-20T05:43:48.135+0000] {logging_mixin.py:190} INFO - [2024-10-20T05:43:48.135+0000] {dag.py:3262} INFO - Creating ORM DAG for tutorial_dag
[2024-10-20T05:43:48.135+0000] {logging_mixin.py:190} INFO - [2024-10-20T05:43:48.135+0000] {dag.py:4180} INFO - Setting next_dagrun for tutorial_dag to None, run_after=None
[2024-10-20T05:43:48.251+0000] {processor.py:208} INFO - Processing /usr/local/python/3.12.1/lib/python3.12/site-packages/airflow/example_dags/tutorial_dag.py took 0.475 seconds
[2024-10-20T05:45:08.609+0000] {processor.py:186} INFO - Started process (PID=9841) to work on /usr/local/python/3.12.1/lib/python3.12/site-packages/airflow/example_dags/tutorial_dag.py
[2024-10-20T05:45:08.610+0000] {processor.py:914} INFO - Processing file /usr/local/python/3.12.1/lib/python3.12/site-packages/airflow/example_dags/tutorial_dag.py for tasks to queue
[2024-10-20T05:45:08.612+0000] {logging_mixin.py:190} INFO - [2024-10-20T05:45:08.611+0000] {dagbag.py:588} INFO - Filling up the DagBag from /usr/local/python/3.12.1/lib/python3.12/site-packages/airflow/example_dags/tutorial_dag.py
[2024-10-20T05:45:08.617+0000] {processor.py:925} INFO - DAG(s) 'tutorial_dag' retrieved from /usr/local/python/3.12.1/lib/python3.12/site-packages/airflow/example_dags/tutorial_dag.py
[2024-10-20T05:45:08.631+0000] {logging_mixin.py:190} INFO - [2024-10-20T05:45:08.630+0000] {dag.py:3239} INFO - Sync 1 DAGs
[2024-10-20T05:45:08.642+0000] {logging_mixin.py:190} INFO - [2024-10-20T05:45:08.642+0000] {dag.py:4180} INFO - Setting next_dagrun for tutorial_dag to None, run_after=None
[2024-10-20T05:45:08.677+0000] {processor.py:208} INFO - Processing /usr/local/python/3.12.1/lib/python3.12/site-packages/airflow/example_dags/tutorial_dag.py took 0.072 seconds
[2024-10-20T05:46:01.768+0000] {processor.py:186} INFO - Started process (PID=10854) to work on /usr/local/python/3.12.1/lib/python3.12/site-packages/airflow/example_dags/tutorial_dag.py
[2024-10-20T05:46:01.769+0000] {processor.py:914} INFO - Processing file /usr/local/python/3.12.1/lib/python3.12/site-packages/airflow/example_dags/tutorial_dag.py for tasks to queue
[2024-10-20T05:46:01.771+0000] {logging_mixin.py:190} INFO - [2024-10-20T05:46:01.770+0000] {dagbag.py:588} INFO - Filling up the DagBag from /usr/local/python/3.12.1/lib/python3.12/site-packages/airflow/example_dags/tutorial_dag.py
[2024-10-20T05:46:01.777+0000] {processor.py:925} INFO - DAG(s) 'tutorial_dag' retrieved from /usr/local/python/3.12.1/lib/python3.12/site-packages/airflow/example_dags/tutorial_dag.py
[2024-10-20T05:46:01.789+0000] {logging_mixin.py:190} INFO - [2024-10-20T05:46:01.789+0000] {dag.py:3239} INFO - Sync 1 DAGs
[2024-10-20T05:46:01.800+0000] {logging_mixin.py:190} INFO - [2024-10-20T05:46:01.800+0000] {dag.py:4180} INFO - Setting next_dagrun for tutorial_dag to None, run_after=None
[2024-10-20T05:46:01.859+0000] {processor.py:208} INFO - Processing /usr/local/python/3.12.1/lib/python3.12/site-packages/airflow/example_dags/tutorial_dag.py took 0.095 seconds
[2024-10-20T05:46:50.584+0000] {processor.py:186} INFO - Started process (PID=11252) to work on /usr/local/python/3.12.1/lib/python3.12/site-packages/airflow/example_dags/tutorial_dag.py
[2024-10-20T05:46:50.584+0000] {processor.py:914} INFO - Processing file /usr/local/python/3.12.1/lib/python3.12/site-packages/airflow/example_dags/tutorial_dag.py for tasks to queue
[2024-10-20T05:46:50.586+0000] {logging_mixin.py:190} INFO - [2024-10-20T05:46:50.586+0000] {dagbag.py:588} INFO - Filling up the DagBag from /usr/local/python/3.12.1/lib/python3.12/site-packages/airflow/example_dags/tutorial_dag.py
[2024-10-20T05:46:50.591+0000] {processor.py:925} INFO - DAG(s) 'tutorial_dag' retrieved from /usr/local/python/3.12.1/lib/python3.12/site-packages/airflow/example_dags/tutorial_dag.py
[2024-10-20T05:46:50.602+0000] {logging_mixin.py:190} INFO - [2024-10-20T05:46:50.602+0000] {dag.py:3239} INFO - Sync 1 DAGs
[2024-10-20T05:46:50.612+0000] {logging_mixin.py:190} INFO - [2024-10-20T05:46:50.612+0000] {dag.py:4180} INFO - Setting next_dagrun for tutorial_dag to None, run_after=None
[2024-10-20T05:46:50.662+0000] {processor.py:208} INFO - Processing /usr/local/python/3.12.1/lib/python3.12/site-packages/airflow/example_dags/tutorial_dag.py took 0.082 seconds
[2024-10-20T05:47:42.454+0000] {processor.py:186} INFO - Started process (PID=11659) to work on /usr/local/python/3.12.1/lib/python3.12/site-packages/airflow/example_dags/tutorial_dag.py
[2024-10-20T05:47:42.455+0000] {processor.py:914} INFO - Processing file /usr/local/python/3.12.1/lib/python3.12/site-packages/airflow/example_dags/tutorial_dag.py for tasks to queue
[2024-10-20T05:47:42.456+0000] {logging_mixin.py:190} INFO - [2024-10-20T05:47:42.456+0000] {dagbag.py:588} INFO - Filling up the DagBag from /usr/local/python/3.12.1/lib/python3.12/site-packages/airflow/example_dags/tutorial_dag.py
[2024-10-20T05:47:42.462+0000] {processor.py:925} INFO - DAG(s) 'tutorial_dag' retrieved from /usr/local/python/3.12.1/lib/python3.12/site-packages/airflow/example_dags/tutorial_dag.py
[2024-10-20T05:47:42.472+0000] {logging_mixin.py:190} INFO - [2024-10-20T05:47:42.472+0000] {dag.py:3239} INFO - Sync 1 DAGs
[2024-10-20T05:47:42.481+0000] {logging_mixin.py:190} INFO - [2024-10-20T05:47:42.481+0000] {dag.py:4180} INFO - Setting next_dagrun for tutorial_dag to None, run_after=None
[2024-10-20T05:47:42.509+0000] {processor.py:208} INFO - Processing /usr/local/python/3.12.1/lib/python3.12/site-packages/airflow/example_dags/tutorial_dag.py took 0.059 seconds
[2024-10-20T05:48:33.772+0000] {processor.py:186} INFO - Started process (PID=12137) to work on /usr/local/python/3.12.1/lib/python3.12/site-packages/airflow/example_dags/tutorial_dag.py
[2024-10-20T05:48:33.773+0000] {processor.py:914} INFO - Processing file /usr/local/python/3.12.1/lib/python3.12/site-packages/airflow/example_dags/tutorial_dag.py for tasks to queue
[2024-10-20T05:48:33.774+0000] {logging_mixin.py:190} INFO - [2024-10-20T05:48:33.774+0000] {dagbag.py:588} INFO - Filling up the DagBag from /usr/local/python/3.12.1/lib/python3.12/site-packages/airflow/example_dags/tutorial_dag.py
[2024-10-20T05:48:33.781+0000] {processor.py:925} INFO - DAG(s) 'tutorial_dag' retrieved from /usr/local/python/3.12.1/lib/python3.12/site-packages/airflow/example_dags/tutorial_dag.py
[2024-10-20T05:48:33.796+0000] {logging_mixin.py:190} INFO - [2024-10-20T05:48:33.795+0000] {dag.py:3239} INFO - Sync 1 DAGs
[2024-10-20T05:48:33.806+0000] {logging_mixin.py:190} INFO - [2024-10-20T05:48:33.805+0000] {dag.py:4180} INFO - Setting next_dagrun for tutorial_dag to None, run_after=None
[2024-10-20T05:48:33.840+0000] {processor.py:208} INFO - Processing /usr/local/python/3.12.1/lib/python3.12/site-packages/airflow/example_dags/tutorial_dag.py took 0.072 seconds
[2024-10-20T05:49:28.973+0000] {processor.py:186} INFO - Started process (PID=12612) to work on /usr/local/python/3.12.1/lib/python3.12/site-packages/airflow/example_dags/tutorial_dag.py
[2024-10-20T05:49:28.973+0000] {processor.py:914} INFO - Processing file /usr/local/python/3.12.1/lib/python3.12/site-packages/airflow/example_dags/tutorial_dag.py for tasks to queue
[2024-10-20T05:49:28.975+0000] {logging_mixin.py:190} INFO - [2024-10-20T05:49:28.975+0000] {dagbag.py:588} INFO - Filling up the DagBag from /usr/local/python/3.12.1/lib/python3.12/site-packages/airflow/example_dags/tutorial_dag.py
[2024-10-20T05:49:28.982+0000] {processor.py:925} INFO - DAG(s) 'tutorial_dag' retrieved from /usr/local/python/3.12.1/lib/python3.12/site-packages/airflow/example_dags/tutorial_dag.py
[2024-10-20T05:49:28.998+0000] {logging_mixin.py:190} INFO - [2024-10-20T05:49:28.998+0000] {dag.py:3239} INFO - Sync 1 DAGs
[2024-10-20T05:49:29.008+0000] {logging_mixin.py:190} INFO - [2024-10-20T05:49:29.008+0000] {dag.py:4180} INFO - Setting next_dagrun for tutorial_dag to None, run_after=None
[2024-10-20T05:49:29.066+0000] {processor.py:208} INFO - Processing /usr/local/python/3.12.1/lib/python3.12/site-packages/airflow/example_dags/tutorial_dag.py took 0.098 seconds
[2024-10-20T05:50:27.537+0000] {processor.py:186} INFO - Started process (PID=13277) to work on /usr/local/python/3.12.1/lib/python3.12/site-packages/airflow/example_dags/tutorial_dag.py
[2024-10-20T05:50:27.538+0000] {processor.py:914} INFO - Processing file /usr/local/python/3.12.1/lib/python3.12/site-packages/airflow/example_dags/tutorial_dag.py for tasks to queue
[2024-10-20T05:50:27.540+0000] {logging_mixin.py:190} INFO - [2024-10-20T05:50:27.539+0000] {dagbag.py:588} INFO - Filling up the DagBag from /usr/local/python/3.12.1/lib/python3.12/site-packages/airflow/example_dags/tutorial_dag.py
[2024-10-20T05:50:27.546+0000] {processor.py:925} INFO - DAG(s) 'tutorial_dag' retrieved from /usr/local/python/3.12.1/lib/python3.12/site-packages/airflow/example_dags/tutorial_dag.py
[2024-10-20T05:50:27.557+0000] {logging_mixin.py:190} INFO - [2024-10-20T05:50:27.557+0000] {dag.py:3239} INFO - Sync 1 DAGs
[2024-10-20T05:50:27.567+0000] {logging_mixin.py:190} INFO - [2024-10-20T05:50:27.567+0000] {dag.py:4180} INFO - Setting next_dagrun for tutorial_dag to None, run_after=None
[2024-10-20T05:50:27.598+0000] {processor.py:208} INFO - Processing /usr/local/python/3.12.1/lib/python3.12/site-packages/airflow/example_dags/tutorial_dag.py took 0.065 seconds
